

================================================================
== Vivado HLS Report for 'processVECT'
================================================================
* Date:           Sat Apr 14 19:39:39 2018

* Version:        2017.2 (Build 1909853 on Thu Jun 15 18:55:24 MDT 2017)
* Project:        hipacc_project
* Solution:       solution1
* Product family: zynq
* Target device:  xc7z020clg484-1


================================================================
== Performance Estimates
================================================================
+ Timing (ns): 
    * Summary: 
    +--------+-------+----------+------------+
    |  Clock | Target| Estimated| Uncertainty|
    +--------+-------+----------+------------+
    |ap_clk  |  10.00|      8.00|        1.25|
    +--------+-------+----------+------------+

+ Latency (clock cycles): 
    * Summary: 
    +-------+-------+-------+-------+---------+
    |    Latency    |    Interval   | Pipeline|
    |  min  |  max  |  min  |  max  |   Type  |
    +-------+-------+-------+-------+---------+
    |  66698|  66698|  66698|  66698|   none  |
    +-------+-------+-------+-------+---------+

    + Detail: 
        * Instance: 
        N/A

        * Loop: 
        +---------------------+-------+-------+----------+-----------+-----------+-------+----------+
        |                     |    Latency    | Iteration|  Initiation Interval  |  Trip |          |
        |      Loop Name      |  min  |  max  |  Latency |  achieved |   target  | Count | Pipelined|
        +---------------------+-------+-------+----------+-----------+-----------+-------+----------+
        |- IMG_ROWS_IMG_COLS  |  66696|  66696|         8|          1|          1|  66690|    yes   |
        +---------------------+-------+-------+----------+-----------+-----------+-------+----------+



================================================================
== Utilization Estimates
================================================================
* Summary: 
+-----------------+---------+-------+--------+-------+
|       Name      | BRAM_18K| DSP48E|   FF   |  LUT  |
+-----------------+---------+-------+--------+-------+
|DSP              |        -|      -|       -|      -|
|Expression       |        -|      -|   13086|  13080|
|FIFO             |        -|      -|       -|      -|
|Instance         |        -|    384|   15840|   4800|
|Memory           |       60|      -|       0|      0|
|Multiplexer      |        -|      -|       -|    102|
|Register         |        -|      -|   18474|     32|
+-----------------+---------+-------+--------+-------+
|Total            |       60|    384|   47400|  18014|
+-----------------+---------+-------+--------+-------+
|Available        |      280|    220|  106400|  53200|
+-----------------+---------+-------+--------+-------+
|Utilization (%)  |       21|    174|      44|     33|
+-----------------+---------+-------+--------+-------+

+ Detail: 
    * Instance: 
    +--------------------------+----------------------+---------+-------+-----+----+
    |         Instance         |        Module        | BRAM_18K| DSP48E|  FF | LUT|
    +--------------------------+----------------------+---------+-------+-----+----+
    |hipaccRun_mul_32sfYi_U1   |hipaccRun_mul_32sfYi  |        0|      4|  165|  50|
    |hipaccRun_mul_32sfYi_U7   |hipaccRun_mul_32sfYi  |        0|      4|  165|  50|
    |hipaccRun_mul_32sfYi_U13  |hipaccRun_mul_32sfYi  |        0|      4|  165|  50|
    |hipaccRun_mul_32sfYi_U19  |hipaccRun_mul_32sfYi  |        0|      4|  165|  50|
    |hipaccRun_mul_32sfYi_U25  |hipaccRun_mul_32sfYi  |        0|      4|  165|  50|
    |hipaccRun_mul_32sfYi_U31  |hipaccRun_mul_32sfYi  |        0|      4|  165|  50|
    |hipaccRun_mul_32sfYi_U37  |hipaccRun_mul_32sfYi  |        0|      4|  165|  50|
    |hipaccRun_mul_32sfYi_U43  |hipaccRun_mul_32sfYi  |        0|      4|  165|  50|
    |hipaccRun_mul_32sfYi_U49  |hipaccRun_mul_32sfYi  |        0|      4|  165|  50|
    |hipaccRun_mul_32sfYi_U55  |hipaccRun_mul_32sfYi  |        0|      4|  165|  50|
    |hipaccRun_mul_32sfYi_U61  |hipaccRun_mul_32sfYi  |        0|      4|  165|  50|
    |hipaccRun_mul_32sfYi_U67  |hipaccRun_mul_32sfYi  |        0|      4|  165|  50|
    |hipaccRun_mul_32sfYi_U73  |hipaccRun_mul_32sfYi  |        0|      4|  165|  50|
    |hipaccRun_mul_32sfYi_U79  |hipaccRun_mul_32sfYi  |        0|      4|  165|  50|
    |hipaccRun_mul_32sfYi_U85  |hipaccRun_mul_32sfYi  |        0|      4|  165|  50|
    |hipaccRun_mul_32sfYi_U91  |hipaccRun_mul_32sfYi  |        0|      4|  165|  50|
    |hipaccRun_mul_32sg8j_U2   |hipaccRun_mul_32sg8j  |        0|      4|  165|  50|
    |hipaccRun_mul_32sg8j_U5   |hipaccRun_mul_32sg8j  |        0|      4|  165|  50|
    |hipaccRun_mul_32sg8j_U8   |hipaccRun_mul_32sg8j  |        0|      4|  165|  50|
    |hipaccRun_mul_32sg8j_U11  |hipaccRun_mul_32sg8j  |        0|      4|  165|  50|
    |hipaccRun_mul_32sg8j_U14  |hipaccRun_mul_32sg8j  |        0|      4|  165|  50|
    |hipaccRun_mul_32sg8j_U17  |hipaccRun_mul_32sg8j  |        0|      4|  165|  50|
    |hipaccRun_mul_32sg8j_U20  |hipaccRun_mul_32sg8j  |        0|      4|  165|  50|
    |hipaccRun_mul_32sg8j_U23  |hipaccRun_mul_32sg8j  |        0|      4|  165|  50|
    |hipaccRun_mul_32sg8j_U26  |hipaccRun_mul_32sg8j  |        0|      4|  165|  50|
    |hipaccRun_mul_32sg8j_U29  |hipaccRun_mul_32sg8j  |        0|      4|  165|  50|
    |hipaccRun_mul_32sg8j_U32  |hipaccRun_mul_32sg8j  |        0|      4|  165|  50|
    |hipaccRun_mul_32sg8j_U35  |hipaccRun_mul_32sg8j  |        0|      4|  165|  50|
    |hipaccRun_mul_32sg8j_U38  |hipaccRun_mul_32sg8j  |        0|      4|  165|  50|
    |hipaccRun_mul_32sg8j_U41  |hipaccRun_mul_32sg8j  |        0|      4|  165|  50|
    |hipaccRun_mul_32sg8j_U44  |hipaccRun_mul_32sg8j  |        0|      4|  165|  50|
    |hipaccRun_mul_32sg8j_U47  |hipaccRun_mul_32sg8j  |        0|      4|  165|  50|
    |hipaccRun_mul_32sg8j_U50  |hipaccRun_mul_32sg8j  |        0|      4|  165|  50|
    |hipaccRun_mul_32sg8j_U53  |hipaccRun_mul_32sg8j  |        0|      4|  165|  50|
    |hipaccRun_mul_32sg8j_U56  |hipaccRun_mul_32sg8j  |        0|      4|  165|  50|
    |hipaccRun_mul_32sg8j_U59  |hipaccRun_mul_32sg8j  |        0|      4|  165|  50|
    |hipaccRun_mul_32sg8j_U62  |hipaccRun_mul_32sg8j  |        0|      4|  165|  50|
    |hipaccRun_mul_32sg8j_U65  |hipaccRun_mul_32sg8j  |        0|      4|  165|  50|
    |hipaccRun_mul_32sg8j_U68  |hipaccRun_mul_32sg8j  |        0|      4|  165|  50|
    |hipaccRun_mul_32sg8j_U71  |hipaccRun_mul_32sg8j  |        0|      4|  165|  50|
    |hipaccRun_mul_32sg8j_U74  |hipaccRun_mul_32sg8j  |        0|      4|  165|  50|
    |hipaccRun_mul_32sg8j_U77  |hipaccRun_mul_32sg8j  |        0|      4|  165|  50|
    |hipaccRun_mul_32sg8j_U80  |hipaccRun_mul_32sg8j  |        0|      4|  165|  50|
    |hipaccRun_mul_32sg8j_U83  |hipaccRun_mul_32sg8j  |        0|      4|  165|  50|
    |hipaccRun_mul_32sg8j_U86  |hipaccRun_mul_32sg8j  |        0|      4|  165|  50|
    |hipaccRun_mul_32sg8j_U89  |hipaccRun_mul_32sg8j  |        0|      4|  165|  50|
    |hipaccRun_mul_32sg8j_U92  |hipaccRun_mul_32sg8j  |        0|      4|  165|  50|
    |hipaccRun_mul_32sg8j_U95  |hipaccRun_mul_32sg8j  |        0|      4|  165|  50|
    |hipaccRun_mul_32shbi_U3   |hipaccRun_mul_32shbi  |        0|      4|  165|  50|
    |hipaccRun_mul_32shbi_U4   |hipaccRun_mul_32shbi  |        0|      4|  165|  50|
    |hipaccRun_mul_32shbi_U9   |hipaccRun_mul_32shbi  |        0|      4|  165|  50|
    |hipaccRun_mul_32shbi_U10  |hipaccRun_mul_32shbi  |        0|      4|  165|  50|
    |hipaccRun_mul_32shbi_U15  |hipaccRun_mul_32shbi  |        0|      4|  165|  50|
    |hipaccRun_mul_32shbi_U16  |hipaccRun_mul_32shbi  |        0|      4|  165|  50|
    |hipaccRun_mul_32shbi_U21  |hipaccRun_mul_32shbi  |        0|      4|  165|  50|
    |hipaccRun_mul_32shbi_U22  |hipaccRun_mul_32shbi  |        0|      4|  165|  50|
    |hipaccRun_mul_32shbi_U27  |hipaccRun_mul_32shbi  |        0|      4|  165|  50|
    |hipaccRun_mul_32shbi_U28  |hipaccRun_mul_32shbi  |        0|      4|  165|  50|
    |hipaccRun_mul_32shbi_U33  |hipaccRun_mul_32shbi  |        0|      4|  165|  50|
    |hipaccRun_mul_32shbi_U34  |hipaccRun_mul_32shbi  |        0|      4|  165|  50|
    |hipaccRun_mul_32shbi_U39  |hipaccRun_mul_32shbi  |        0|      4|  165|  50|
    |hipaccRun_mul_32shbi_U40  |hipaccRun_mul_32shbi  |        0|      4|  165|  50|
    |hipaccRun_mul_32shbi_U45  |hipaccRun_mul_32shbi  |        0|      4|  165|  50|
    |hipaccRun_mul_32shbi_U46  |hipaccRun_mul_32shbi  |        0|      4|  165|  50|
    |hipaccRun_mul_32shbi_U51  |hipaccRun_mul_32shbi  |        0|      4|  165|  50|
    |hipaccRun_mul_32shbi_U52  |hipaccRun_mul_32shbi  |        0|      4|  165|  50|
    |hipaccRun_mul_32shbi_U57  |hipaccRun_mul_32shbi  |        0|      4|  165|  50|
    |hipaccRun_mul_32shbi_U58  |hipaccRun_mul_32shbi  |        0|      4|  165|  50|
    |hipaccRun_mul_32shbi_U63  |hipaccRun_mul_32shbi  |        0|      4|  165|  50|
    |hipaccRun_mul_32shbi_U64  |hipaccRun_mul_32shbi  |        0|      4|  165|  50|
    |hipaccRun_mul_32shbi_U69  |hipaccRun_mul_32shbi  |        0|      4|  165|  50|
    |hipaccRun_mul_32shbi_U70  |hipaccRun_mul_32shbi  |        0|      4|  165|  50|
    |hipaccRun_mul_32shbi_U75  |hipaccRun_mul_32shbi  |        0|      4|  165|  50|
    |hipaccRun_mul_32shbi_U76  |hipaccRun_mul_32shbi  |        0|      4|  165|  50|
    |hipaccRun_mul_32shbi_U81  |hipaccRun_mul_32shbi  |        0|      4|  165|  50|
    |hipaccRun_mul_32shbi_U82  |hipaccRun_mul_32shbi  |        0|      4|  165|  50|
    |hipaccRun_mul_32shbi_U87  |hipaccRun_mul_32shbi  |        0|      4|  165|  50|
    |hipaccRun_mul_32shbi_U88  |hipaccRun_mul_32shbi  |        0|      4|  165|  50|
    |hipaccRun_mul_32shbi_U93  |hipaccRun_mul_32shbi  |        0|      4|  165|  50|
    |hipaccRun_mul_32shbi_U94  |hipaccRun_mul_32shbi  |        0|      4|  165|  50|
    |hipaccRun_mul_32sibs_U6   |hipaccRun_mul_32sibs  |        0|      4|  165|  50|
    |hipaccRun_mul_32sibs_U12  |hipaccRun_mul_32sibs  |        0|      4|  165|  50|
    |hipaccRun_mul_32sibs_U18  |hipaccRun_mul_32sibs  |        0|      4|  165|  50|
    |hipaccRun_mul_32sibs_U24  |hipaccRun_mul_32sibs  |        0|      4|  165|  50|
    |hipaccRun_mul_32sibs_U30  |hipaccRun_mul_32sibs  |        0|      4|  165|  50|
    |hipaccRun_mul_32sibs_U36  |hipaccRun_mul_32sibs  |        0|      4|  165|  50|
    |hipaccRun_mul_32sibs_U42  |hipaccRun_mul_32sibs  |        0|      4|  165|  50|
    |hipaccRun_mul_32sibs_U48  |hipaccRun_mul_32sibs  |        0|      4|  165|  50|
    |hipaccRun_mul_32sibs_U54  |hipaccRun_mul_32sibs  |        0|      4|  165|  50|
    |hipaccRun_mul_32sibs_U60  |hipaccRun_mul_32sibs  |        0|      4|  165|  50|
    |hipaccRun_mul_32sibs_U66  |hipaccRun_mul_32sibs  |        0|      4|  165|  50|
    |hipaccRun_mul_32sibs_U72  |hipaccRun_mul_32sibs  |        0|      4|  165|  50|
    |hipaccRun_mul_32sibs_U78  |hipaccRun_mul_32sibs  |        0|      4|  165|  50|
    |hipaccRun_mul_32sibs_U84  |hipaccRun_mul_32sibs  |        0|      4|  165|  50|
    |hipaccRun_mul_32sibs_U90  |hipaccRun_mul_32sibs  |        0|      4|  165|  50|
    |hipaccRun_mul_32sibs_U96  |hipaccRun_mul_32sibs  |        0|      4|  165|  50|
    +--------------------------+----------------------+---------+-------+-----+----+
    |Total                     |                      |        0|    384|15840|4800|
    +--------------------------+----------------------+---------+-------+-----+----+

    * DSP48: 
    N/A

    * Memory: 
    +----------------+----------------------+---------+---+----+------+-----+------+-------------+
    |     Memory     |        Module        | BRAM_18K| FF| LUT| Words| Bits| Banks| W*Bits*Banks|
    +----------------+----------------------+---------+---+----+------+-----+------+-------------+
    |lineBuff_0_V_U  |processVECT_lineBbkb  |       15|  0|   0|    64|  512|     1|        32768|
    |lineBuff_1_V_U  |processVECT_lineBbkb  |       15|  0|   0|    64|  512|     1|        32768|
    |lineBuff_2_V_U  |processVECT_lineBbkb  |       15|  0|   0|    64|  512|     1|        32768|
    |lineBuff_3_V_U  |processVECT_lineBbkb  |       15|  0|   0|    64|  512|     1|        32768|
    +----------------+----------------------+---------+---+----+------+-----+------+-------------+
    |Total           |                      |       60|  0|   0|   256| 2048|     4|       131072|
    +----------------+----------------------+---------+---+----+------+-----+------+-------------+

    * FIFO: 
    N/A

    * Expression: 
    +----------------------------------+----------+-------+-----+-----+------------+------------+
    |           Variable Name          | Operation| DSP48E|  FF | LUT | Bitwidth P0| Bitwidth P1|
    +----------------------------------+----------+-------+-----+-----+------------+------------+
    |col_fu_874_p2                     |     +    |      0|   38|   16|          11|           5|
    |colv_1_fu_880_p2                  |     +    |      0|   26|   12|           7|           1|
    |indvar_flatten_next_fu_782_p2     |     +    |      0|   56|   22|          17|           1|
    |p_tmp0_10_fu_5522_p2              |     +    |      0|    0|   32|          32|          32|
    |p_tmp0_11_fu_5556_p2              |     +    |      0|    0|   32|          32|          32|
    |p_tmp0_12_fu_5590_p2              |     +    |      0|    0|   32|          32|          32|
    |p_tmp0_13_fu_5624_p2              |     +    |      0|    0|   32|          32|          32|
    |p_tmp0_14_fu_5658_p2              |     +    |      0|    0|   32|          32|          32|
    |p_tmp0_1_fu_5182_p2               |     +    |      0|    0|   32|          32|          32|
    |p_tmp0_2_fu_5216_p2               |     +    |      0|    0|   32|          32|          32|
    |p_tmp0_3_fu_5250_p2               |     +    |      0|    0|   32|          32|          32|
    |p_tmp0_4_fu_5284_p2               |     +    |      0|    0|   32|          32|          32|
    |p_tmp0_5_fu_5318_p2               |     +    |      0|    0|   32|          32|          32|
    |p_tmp0_6_fu_5352_p2               |     +    |      0|    0|   32|          32|          32|
    |p_tmp0_7_fu_5386_p2               |     +    |      0|    0|   32|          32|          32|
    |p_tmp0_8_fu_5420_p2               |     +    |      0|    0|   32|          32|          32|
    |p_tmp0_9_fu_5454_p2               |     +    |      0|    0|   32|          32|          32|
    |p_tmp0_fu_5148_p2                 |     +    |      0|    0|   32|          32|          32|
    |p_tmp0_s_fu_5488_p2               |     +    |      0|    0|   32|          32|          32|
    |row_fu_754_p2                     |     +    |      0|   38|   16|          11|           1|
    |tmp100_fu_3474_p2                 |     +    |      0|    0|   32|          32|          32|
    |tmp101_fu_3480_p2                 |     +    |      0|  101|   37|          32|          32|
    |tmp102_fu_3492_p2                 |     +    |      0|    0|   32|          32|          32|
    |tmp103_fu_3498_p2                 |     +    |      0|  101|   37|          32|          32|
    |tmp104_fu_5300_p2                 |     +    |      0|  101|   37|          32|          32|
    |tmp105_fu_5304_p2                 |     +    |      0|    0|   32|          32|          32|
    |tmp106_fu_5309_p2                 |     +    |      0|    0|   32|          32|          32|
    |tmp107_fu_5313_p2                 |     +    |      0|    0|   32|          32|          32|
    |tmp108_fu_3510_p2                 |     +    |      0|  101|   37|          32|          32|
    |tmp109_fu_3522_p2                 |     +    |      0|    0|   32|          32|          32|
    |tmp10_fu_2904_p2                  |     +    |      0|    0|   32|          32|          32|
    |tmp10_i_10_fu_4134_p2             |     +    |      0|    0|   32|          32|          32|
    |tmp10_i_11_fu_4248_p2             |     +    |      0|    0|   32|          32|          32|
    |tmp10_i_12_fu_4362_p2             |     +    |      0|    0|   32|          32|          32|
    |tmp10_i_13_fu_4476_p2             |     +    |      0|    0|   32|          32|          32|
    |tmp10_i_14_fu_4590_p2             |     +    |      0|    0|   32|          32|          32|
    |tmp10_i_1_fu_2994_p2              |     +    |      0|    0|   32|          32|          32|
    |tmp10_i_2_fu_3108_p2              |     +    |      0|    0|   32|          32|          32|
    |tmp10_i_3_fu_3222_p2              |     +    |      0|    0|   32|          32|          32|
    |tmp10_i_4_fu_3336_p2              |     +    |      0|    0|   32|          32|          32|
    |tmp10_i_5_fu_3450_p2              |     +    |      0|    0|   32|          32|          32|
    |tmp10_i_6_fu_3564_p2              |     +    |      0|    0|   32|          32|          32|
    |tmp10_i_7_fu_3678_p2              |     +    |      0|    0|   32|          32|          32|
    |tmp10_i_8_fu_3792_p2              |     +    |      0|    0|   32|          32|          32|
    |tmp10_i_9_fu_3906_p2              |     +    |      0|    0|   32|          32|          32|
    |tmp10_i_fu_2880_p2                |     +    |      0|    0|   32|          32|          32|
    |tmp10_i_s_fu_4020_p2              |     +    |      0|    0|   32|          32|          32|
    |tmp110_fu_3516_p2                 |     +    |      0|  101|   37|          32|          32|
    |tmp111_fu_3528_p2                 |     +    |      0|    0|   32|          32|          32|
    |tmp112_fu_3540_p2                 |     +    |      0|    0|   32|          32|          32|
    |tmp113_fu_3534_p2                 |     +    |      0|  101|   37|          32|          32|
    |tmp114_fu_3552_p2                 |     +    |      0|    0|   32|          32|          32|
    |tmp115_fu_3558_p2                 |     +    |      0|  101|   37|          32|          32|
    |tmp116_fu_3570_p2                 |     +    |      0|    0|   32|          32|          32|
    |tmp117_fu_3576_p2                 |     +    |      0|  101|   37|          32|          32|
    |tmp118_fu_3588_p2                 |     +    |      0|    0|   32|          32|          32|
    |tmp119_fu_3594_p2                 |     +    |      0|  101|   37|          32|          32|
    |tmp11_fu_2910_p2                  |     +    |      0|  101|   37|          32|          32|
    |tmp120_fu_3606_p2                 |     +    |      0|    0|   32|          32|          32|
    |tmp121_fu_3612_p2                 |     +    |      0|  101|   37|          32|          32|
    |tmp122_fu_5334_p2                 |     +    |      0|  101|   37|          32|          32|
    |tmp123_fu_5338_p2                 |     +    |      0|    0|   32|          32|          32|
    |tmp124_fu_5343_p2                 |     +    |      0|    0|   32|          32|          32|
    |tmp125_fu_5347_p2                 |     +    |      0|    0|   32|          32|          32|
    |tmp126_fu_3624_p2                 |     +    |      0|  101|   37|          32|          32|
    |tmp127_fu_3636_p2                 |     +    |      0|    0|   32|          32|          32|
    |tmp128_fu_3630_p2                 |     +    |      0|  101|   37|          32|          32|
    |tmp129_fu_3642_p2                 |     +    |      0|    0|   32|          32|          32|
    |tmp12_fu_2922_p2                  |     +    |      0|    0|   32|          32|          32|
    |tmp130_fu_3654_p2                 |     +    |      0|    0|   32|          32|          32|
    |tmp131_fu_3648_p2                 |     +    |      0|  101|   37|          32|          32|
    |tmp132_fu_3666_p2                 |     +    |      0|    0|   32|          32|          32|
    |tmp133_fu_3672_p2                 |     +    |      0|  101|   37|          32|          32|
    |tmp134_fu_3684_p2                 |     +    |      0|    0|   32|          32|          32|
    |tmp135_fu_3690_p2                 |     +    |      0|  101|   37|          32|          32|
    |tmp136_fu_3702_p2                 |     +    |      0|    0|   32|          32|          32|
    |tmp137_fu_3708_p2                 |     +    |      0|  101|   37|          32|          32|
    |tmp138_fu_3720_p2                 |     +    |      0|    0|   32|          32|          32|
    |tmp139_fu_3726_p2                 |     +    |      0|  101|   37|          32|          32|
    |tmp13_fu_2928_p2                  |     +    |      0|  101|   37|          32|          32|
    |tmp140_fu_5368_p2                 |     +    |      0|  101|   37|          32|          32|
    |tmp141_fu_5372_p2                 |     +    |      0|    0|   32|          32|          32|
    |tmp142_fu_5377_p2                 |     +    |      0|    0|   32|          32|          32|
    |tmp143_fu_5381_p2                 |     +    |      0|    0|   32|          32|          32|
    |tmp144_fu_3738_p2                 |     +    |      0|  101|   37|          32|          32|
    |tmp145_fu_3750_p2                 |     +    |      0|    0|   32|          32|          32|
    |tmp146_fu_3744_p2                 |     +    |      0|  101|   37|          32|          32|
    |tmp147_fu_3756_p2                 |     +    |      0|    0|   32|          32|          32|
    |tmp148_fu_3768_p2                 |     +    |      0|    0|   32|          32|          32|
    |tmp149_fu_3762_p2                 |     +    |      0|  101|   37|          32|          32|
    |tmp14_fu_5130_p2                  |     +    |      0|  101|   37|          32|          32|
    |tmp14_i_10_fu_4152_p2             |     +    |      0|    0|   32|          32|          32|
    |tmp14_i_11_fu_4266_p2             |     +    |      0|    0|   32|          32|          32|
    |tmp14_i_12_fu_4380_p2             |     +    |      0|    0|   32|          32|          32|
    |tmp14_i_13_fu_4494_p2             |     +    |      0|    0|   32|          32|          32|
    |tmp14_i_14_fu_4608_p2             |     +    |      0|    0|   32|          32|          32|
    |tmp14_i_1_fu_3012_p2              |     +    |      0|    0|   32|          32|          32|
    |tmp14_i_2_fu_3126_p2              |     +    |      0|    0|   32|          32|          32|
    |tmp14_i_3_fu_3240_p2              |     +    |      0|    0|   32|          32|          32|
    |tmp14_i_4_fu_3354_p2              |     +    |      0|    0|   32|          32|          32|
    |tmp14_i_5_fu_3468_p2              |     +    |      0|    0|   32|          32|          32|
    |tmp14_i_6_fu_3582_p2              |     +    |      0|    0|   32|          32|          32|
    |tmp14_i_7_fu_3696_p2              |     +    |      0|    0|   32|          32|          32|
    |tmp14_i_8_fu_3810_p2              |     +    |      0|    0|   32|          32|          32|
    |tmp14_i_9_fu_3924_p2              |     +    |      0|    0|   32|          32|          32|
    |tmp14_i_fu_2898_p2                |     +    |      0|    0|   32|          32|          32|
    |tmp14_i_s_fu_4038_p2              |     +    |      0|    0|   32|          32|          32|
    |tmp150_fu_3780_p2                 |     +    |      0|    0|   32|          32|          32|
    |tmp151_fu_3786_p2                 |     +    |      0|  101|   37|          32|          32|
    |tmp152_fu_3798_p2                 |     +    |      0|    0|   32|          32|          32|
    |tmp153_fu_3804_p2                 |     +    |      0|  101|   37|          32|          32|
    |tmp154_fu_3816_p2                 |     +    |      0|    0|   32|          32|          32|
    |tmp155_fu_3822_p2                 |     +    |      0|  101|   37|          32|          32|
    |tmp156_fu_3834_p2                 |     +    |      0|    0|   32|          32|          32|
    |tmp157_fu_3840_p2                 |     +    |      0|  101|   37|          32|          32|
    |tmp158_fu_5402_p2                 |     +    |      0|  101|   37|          32|          32|
    |tmp159_fu_5406_p2                 |     +    |      0|    0|   32|          32|          32|
    |tmp15_fu_5134_p2                  |     +    |      0|    0|   32|          32|          32|
    |tmp160_fu_5411_p2                 |     +    |      0|    0|   32|          32|          32|
    |tmp161_fu_5415_p2                 |     +    |      0|    0|   32|          32|          32|
    |tmp162_fu_3852_p2                 |     +    |      0|  101|   37|          32|          32|
    |tmp163_fu_3864_p2                 |     +    |      0|    0|   32|          32|          32|
    |tmp164_fu_3858_p2                 |     +    |      0|  101|   37|          32|          32|
    |tmp165_fu_3870_p2                 |     +    |      0|    0|   32|          32|          32|
    |tmp166_fu_3882_p2                 |     +    |      0|    0|   32|          32|          32|
    |tmp167_fu_3876_p2                 |     +    |      0|  101|   37|          32|          32|
    |tmp168_fu_3894_p2                 |     +    |      0|    0|   32|          32|          32|
    |tmp169_fu_3900_p2                 |     +    |      0|  101|   37|          32|          32|
    |tmp16_fu_5139_p2                  |     +    |      0|    0|   32|          32|          32|
    |tmp170_fu_3912_p2                 |     +    |      0|    0|   32|          32|          32|
    |tmp171_fu_3918_p2                 |     +    |      0|  101|   37|          32|          32|
    |tmp172_fu_3930_p2                 |     +    |      0|    0|   32|          32|          32|
    |tmp173_fu_3936_p2                 |     +    |      0|  101|   37|          32|          32|
    |tmp174_fu_3948_p2                 |     +    |      0|    0|   32|          32|          32|
    |tmp175_fu_3954_p2                 |     +    |      0|  101|   37|          32|          32|
    |tmp176_fu_5436_p2                 |     +    |      0|  101|   37|          32|          32|
    |tmp177_fu_5440_p2                 |     +    |      0|    0|   32|          32|          32|
    |tmp178_fu_5445_p2                 |     +    |      0|    0|   32|          32|          32|
    |tmp179_fu_5449_p2                 |     +    |      0|    0|   32|          32|          32|
    |tmp17_fu_5143_p2                  |     +    |      0|    0|   32|          32|          32|
    |tmp180_fu_3966_p2                 |     +    |      0|  101|   37|          32|          32|
    |tmp181_fu_3978_p2                 |     +    |      0|    0|   32|          32|          32|
    |tmp182_fu_3972_p2                 |     +    |      0|  101|   37|          32|          32|
    |tmp183_fu_3984_p2                 |     +    |      0|    0|   32|          32|          32|
    |tmp184_fu_3996_p2                 |     +    |      0|    0|   32|          32|          32|
    |tmp185_fu_3990_p2                 |     +    |      0|  101|   37|          32|          32|
    |tmp186_fu_4008_p2                 |     +    |      0|    0|   32|          32|          32|
    |tmp187_fu_4014_p2                 |     +    |      0|  101|   37|          32|          32|
    |tmp188_fu_4026_p2                 |     +    |      0|    0|   32|          32|          32|
    |tmp189_fu_4032_p2                 |     +    |      0|  101|   37|          32|          32|
    |tmp18_fu_2940_p2                  |     +    |      0|  101|   37|          32|          32|
    |tmp18_i_10_fu_4170_p2             |     +    |      0|    0|   32|          32|          32|
    |tmp18_i_11_fu_4284_p2             |     +    |      0|    0|   32|          32|          32|
    |tmp18_i_12_fu_4398_p2             |     +    |      0|    0|   32|          32|          32|
    |tmp18_i_13_fu_4512_p2             |     +    |      0|    0|   32|          32|          32|
    |tmp18_i_14_fu_4626_p2             |     +    |      0|    0|   32|          32|          32|
    |tmp18_i_1_fu_3030_p2              |     +    |      0|    0|   32|          32|          32|
    |tmp18_i_2_fu_3144_p2              |     +    |      0|    0|   32|          32|          32|
    |tmp18_i_3_fu_3258_p2              |     +    |      0|    0|   32|          32|          32|
    |tmp18_i_4_fu_3372_p2              |     +    |      0|    0|   32|          32|          32|
    |tmp18_i_5_fu_3486_p2              |     +    |      0|    0|   32|          32|          32|
    |tmp18_i_6_fu_3600_p2              |     +    |      0|    0|   32|          32|          32|
    |tmp18_i_7_fu_3714_p2              |     +    |      0|    0|   32|          32|          32|
    |tmp18_i_8_fu_3828_p2              |     +    |      0|    0|   32|          32|          32|
    |tmp18_i_9_fu_3942_p2              |     +    |      0|    0|   32|          32|          32|
    |tmp18_i_fu_2916_p2                |     +    |      0|    0|   32|          32|          32|
    |tmp18_i_s_fu_4056_p2              |     +    |      0|    0|   32|          32|          32|
    |tmp190_fu_4044_p2                 |     +    |      0|    0|   32|          32|          32|
    |tmp191_fu_4050_p2                 |     +    |      0|  101|   37|          32|          32|
    |tmp192_fu_4062_p2                 |     +    |      0|    0|   32|          32|          32|
    |tmp193_fu_4068_p2                 |     +    |      0|  101|   37|          32|          32|
    |tmp194_fu_5470_p2                 |     +    |      0|  101|   37|          32|          32|
    |tmp195_fu_5474_p2                 |     +    |      0|    0|   32|          32|          32|
    |tmp196_fu_5479_p2                 |     +    |      0|    0|   32|          32|          32|
    |tmp197_fu_5483_p2                 |     +    |      0|    0|   32|          32|          32|
    |tmp198_fu_4080_p2                 |     +    |      0|  101|   37|          32|          32|
    |tmp199_fu_4092_p2                 |     +    |      0|    0|   32|          32|          32|
    |tmp19_fu_2952_p2                  |     +    |      0|    0|   32|          32|          32|
    |tmp1_fu_2838_p2                   |     +    |      0|    0|   32|          32|          32|
    |tmp200_fu_4086_p2                 |     +    |      0|  101|   37|          32|          32|
    |tmp201_fu_4098_p2                 |     +    |      0|    0|   32|          32|          32|
    |tmp202_fu_4110_p2                 |     +    |      0|    0|   32|          32|          32|
    |tmp203_fu_4104_p2                 |     +    |      0|  101|   37|          32|          32|
    |tmp204_fu_4122_p2                 |     +    |      0|    0|   32|          32|          32|
    |tmp205_fu_4128_p2                 |     +    |      0|  101|   37|          32|          32|
    |tmp206_fu_4140_p2                 |     +    |      0|    0|   32|          32|          32|
    |tmp207_fu_4146_p2                 |     +    |      0|  101|   37|          32|          32|
    |tmp208_fu_4158_p2                 |     +    |      0|    0|   32|          32|          32|
    |tmp209_fu_4164_p2                 |     +    |      0|  101|   37|          32|          32|
    |tmp20_fu_2946_p2                  |     +    |      0|  101|   37|          32|          32|
    |tmp210_fu_4176_p2                 |     +    |      0|    0|   32|          32|          32|
    |tmp211_fu_4182_p2                 |     +    |      0|  101|   37|          32|          32|
    |tmp212_fu_5504_p2                 |     +    |      0|  101|   37|          32|          32|
    |tmp213_fu_5508_p2                 |     +    |      0|    0|   32|          32|          32|
    |tmp214_fu_5513_p2                 |     +    |      0|    0|   32|          32|          32|
    |tmp215_fu_5517_p2                 |     +    |      0|    0|   32|          32|          32|
    |tmp216_fu_4194_p2                 |     +    |      0|  101|   37|          32|          32|
    |tmp217_fu_4206_p2                 |     +    |      0|    0|   32|          32|          32|
    |tmp218_fu_4200_p2                 |     +    |      0|  101|   37|          32|          32|
    |tmp219_fu_4212_p2                 |     +    |      0|    0|   32|          32|          32|
    |tmp21_fu_2958_p2                  |     +    |      0|    0|   32|          32|          32|
    |tmp220_fu_4224_p2                 |     +    |      0|    0|   32|          32|          32|
    |tmp221_fu_4218_p2                 |     +    |      0|  101|   37|          32|          32|
    |tmp222_fu_4236_p2                 |     +    |      0|    0|   32|          32|          32|
    |tmp223_fu_4242_p2                 |     +    |      0|  101|   37|          32|          32|
    |tmp224_fu_4254_p2                 |     +    |      0|    0|   32|          32|          32|
    |tmp225_fu_4260_p2                 |     +    |      0|  101|   37|          32|          32|
    |tmp226_fu_4272_p2                 |     +    |      0|    0|   32|          32|          32|
    |tmp227_fu_4278_p2                 |     +    |      0|  101|   37|          32|          32|
    |tmp228_fu_4290_p2                 |     +    |      0|    0|   32|          32|          32|
    |tmp229_fu_4296_p2                 |     +    |      0|  101|   37|          32|          32|
    |tmp22_fu_2970_p2                  |     +    |      0|    0|   32|          32|          32|
    |tmp22_i_10_fu_4188_p2             |     +    |      0|    0|   32|          32|          32|
    |tmp22_i_11_fu_4302_p2             |     +    |      0|    0|   32|          32|          32|
    |tmp22_i_12_fu_4416_p2             |     +    |      0|    0|   32|          32|          32|
    |tmp22_i_13_fu_4530_p2             |     +    |      0|    0|   32|          32|          32|
    |tmp22_i_14_fu_4644_p2             |     +    |      0|    0|   32|          32|          32|
    |tmp22_i_1_fu_3048_p2              |     +    |      0|    0|   32|          32|          32|
    |tmp22_i_2_fu_3162_p2              |     +    |      0|    0|   32|          32|          32|
    |tmp22_i_3_fu_3276_p2              |     +    |      0|    0|   32|          32|          32|
    |tmp22_i_4_fu_3390_p2              |     +    |      0|    0|   32|          32|          32|
    |tmp22_i_5_fu_3504_p2              |     +    |      0|    0|   32|          32|          32|
    |tmp22_i_6_fu_3618_p2              |     +    |      0|    0|   32|          32|          32|
    |tmp22_i_7_fu_3732_p2              |     +    |      0|    0|   32|          32|          32|
    |tmp22_i_8_fu_3846_p2              |     +    |      0|    0|   32|          32|          32|
    |tmp22_i_9_fu_3960_p2              |     +    |      0|    0|   32|          32|          32|
    |tmp22_i_fu_2934_p2                |     +    |      0|    0|   32|          32|          32|
    |tmp22_i_s_fu_4074_p2              |     +    |      0|    0|   32|          32|          32|
    |tmp230_fu_5538_p2                 |     +    |      0|  101|   37|          32|          32|
    |tmp231_fu_5542_p2                 |     +    |      0|    0|   32|          32|          32|
    |tmp232_fu_5547_p2                 |     +    |      0|    0|   32|          32|          32|
    |tmp233_fu_5551_p2                 |     +    |      0|    0|   32|          32|          32|
    |tmp234_fu_4308_p2                 |     +    |      0|  101|   37|          32|          32|
    |tmp235_fu_4320_p2                 |     +    |      0|    0|   32|          32|          32|
    |tmp236_fu_4314_p2                 |     +    |      0|  101|   37|          32|          32|
    |tmp237_fu_4326_p2                 |     +    |      0|    0|   32|          32|          32|
    |tmp238_fu_4338_p2                 |     +    |      0|    0|   32|          32|          32|
    |tmp239_fu_4332_p2                 |     +    |      0|  101|   37|          32|          32|
    |tmp23_fu_2964_p2                  |     +    |      0|  101|   37|          32|          32|
    |tmp240_fu_4350_p2                 |     +    |      0|    0|   32|          32|          32|
    |tmp241_fu_4356_p2                 |     +    |      0|  101|   37|          32|          32|
    |tmp242_fu_4368_p2                 |     +    |      0|    0|   32|          32|          32|
    |tmp243_fu_4374_p2                 |     +    |      0|  101|   37|          32|          32|
    |tmp244_fu_4386_p2                 |     +    |      0|    0|   32|          32|          32|
    |tmp245_fu_4392_p2                 |     +    |      0|  101|   37|          32|          32|
    |tmp246_fu_4404_p2                 |     +    |      0|    0|   32|          32|          32|
    |tmp247_fu_4410_p2                 |     +    |      0|  101|   37|          32|          32|
    |tmp248_fu_5572_p2                 |     +    |      0|  101|   37|          32|          32|
    |tmp249_fu_5576_p2                 |     +    |      0|    0|   32|          32|          32|
    |tmp24_fu_2982_p2                  |     +    |      0|    0|   32|          32|          32|
    |tmp250_fu_5581_p2                 |     +    |      0|    0|   32|          32|          32|
    |tmp251_fu_5585_p2                 |     +    |      0|    0|   32|          32|          32|
    |tmp252_fu_4422_p2                 |     +    |      0|  101|   37|          32|          32|
    |tmp253_fu_4434_p2                 |     +    |      0|    0|   32|          32|          32|
    |tmp254_fu_4428_p2                 |     +    |      0|  101|   37|          32|          32|
    |tmp255_fu_4440_p2                 |     +    |      0|    0|   32|          32|          32|
    |tmp256_fu_4452_p2                 |     +    |      0|    0|   32|          32|          32|
    |tmp257_fu_4446_p2                 |     +    |      0|  101|   37|          32|          32|
    |tmp258_fu_4464_p2                 |     +    |      0|    0|   32|          32|          32|
    |tmp259_fu_4470_p2                 |     +    |      0|  101|   37|          32|          32|
    |tmp25_fu_2988_p2                  |     +    |      0|  101|   37|          32|          32|
    |tmp260_fu_4482_p2                 |     +    |      0|    0|   32|          32|          32|
    |tmp261_fu_4488_p2                 |     +    |      0|  101|   37|          32|          32|
    |tmp262_fu_4500_p2                 |     +    |      0|    0|   32|          32|          32|
    |tmp263_fu_4506_p2                 |     +    |      0|  101|   37|          32|          32|
    |tmp264_fu_4518_p2                 |     +    |      0|    0|   32|          32|          32|
    |tmp265_fu_4524_p2                 |     +    |      0|  101|   37|          32|          32|
    |tmp266_fu_5606_p2                 |     +    |      0|  101|   37|          32|          32|
    |tmp267_fu_5610_p2                 |     +    |      0|    0|   32|          32|          32|
    |tmp268_fu_5615_p2                 |     +    |      0|    0|   32|          32|          32|
    |tmp269_fu_5619_p2                 |     +    |      0|    0|   32|          32|          32|
    |tmp26_fu_3000_p2                  |     +    |      0|    0|   32|          32|          32|
    |tmp270_fu_4536_p2                 |     +    |      0|  101|   37|          32|          32|
    |tmp271_fu_4548_p2                 |     +    |      0|    0|   32|          32|          32|
    |tmp272_fu_4542_p2                 |     +    |      0|  101|   37|          32|          32|
    |tmp273_fu_4554_p2                 |     +    |      0|    0|   32|          32|          32|
    |tmp274_fu_4566_p2                 |     +    |      0|    0|   32|          32|          32|
    |tmp275_fu_4560_p2                 |     +    |      0|  101|   37|          32|          32|
    |tmp276_fu_4578_p2                 |     +    |      0|    0|   32|          32|          32|
    |tmp277_fu_4584_p2                 |     +    |      0|  101|   37|          32|          32|
    |tmp278_fu_4596_p2                 |     +    |      0|    0|   32|          32|          32|
    |tmp279_fu_4602_p2                 |     +    |      0|  101|   37|          32|          32|
    |tmp27_fu_3006_p2                  |     +    |      0|  101|   37|          32|          32|
    |tmp280_fu_4614_p2                 |     +    |      0|    0|   32|          32|          32|
    |tmp281_fu_4620_p2                 |     +    |      0|  101|   37|          32|          32|
    |tmp282_fu_4632_p2                 |     +    |      0|    0|   32|          32|          32|
    |tmp283_fu_4638_p2                 |     +    |      0|  101|   37|          32|          32|
    |tmp284_fu_5640_p2                 |     +    |      0|  101|   37|          32|          32|
    |tmp285_fu_5644_p2                 |     +    |      0|    0|   32|          32|          32|
    |tmp286_fu_5649_p2                 |     +    |      0|    0|   32|          32|          32|
    |tmp287_fu_5653_p2                 |     +    |      0|    0|   32|          32|          32|
    |tmp28_fu_3018_p2                  |     +    |      0|    0|   32|          32|          32|
    |tmp29_fu_3024_p2                  |     +    |      0|  101|   37|          32|          32|
    |tmp2_fu_2826_p2                   |     +    |      0|  101|   37|          32|          32|
    |tmp30_fu_3036_p2                  |     +    |      0|    0|   32|          32|          32|
    |tmp31_fu_3042_p2                  |     +    |      0|  101|   37|          32|          32|
    |tmp32_fu_5164_p2                  |     +    |      0|  101|   37|          32|          32|
    |tmp33_fu_5168_p2                  |     +    |      0|    0|   32|          32|          32|
    |tmp34_fu_5173_p2                  |     +    |      0|    0|   32|          32|          32|
    |tmp35_fu_5177_p2                  |     +    |      0|    0|   32|          32|          32|
    |tmp36_fu_3054_p2                  |     +    |      0|  101|   37|          32|          32|
    |tmp37_fu_3066_p2                  |     +    |      0|    0|   32|          32|          32|
    |tmp38_fu_3060_p2                  |     +    |      0|  101|   37|          32|          32|
    |tmp39_fu_3072_p2                  |     +    |      0|    0|   32|          32|          32|
    |tmp3_fu_2832_p2                   |     +    |      0|  101|   37|          32|          32|
    |tmp40_fu_3084_p2                  |     +    |      0|    0|   32|          32|          32|
    |tmp41_fu_3078_p2                  |     +    |      0|  101|   37|          32|          32|
    |tmp42_fu_3096_p2                  |     +    |      0|    0|   32|          32|          32|
    |tmp43_fu_3102_p2                  |     +    |      0|  101|   37|          32|          32|
    |tmp44_fu_3114_p2                  |     +    |      0|    0|   32|          32|          32|
    |tmp45_fu_3120_p2                  |     +    |      0|  101|   37|          32|          32|
    |tmp46_fu_3132_p2                  |     +    |      0|    0|   32|          32|          32|
    |tmp47_fu_3138_p2                  |     +    |      0|  101|   37|          32|          32|
    |tmp48_fu_3150_p2                  |     +    |      0|    0|   32|          32|          32|
    |tmp49_fu_3156_p2                  |     +    |      0|  101|   37|          32|          32|
    |tmp4_fu_2856_p2                   |     +    |      0|    0|   32|          32|          32|
    |tmp50_fu_5198_p2                  |     +    |      0|  101|   37|          32|          32|
    |tmp51_fu_5202_p2                  |     +    |      0|    0|   32|          32|          32|
    |tmp52_fu_5207_p2                  |     +    |      0|    0|   32|          32|          32|
    |tmp53_fu_5211_p2                  |     +    |      0|    0|   32|          32|          32|
    |tmp54_fu_3168_p2                  |     +    |      0|  101|   37|          32|          32|
    |tmp55_fu_3180_p2                  |     +    |      0|    0|   32|          32|          32|
    |tmp56_fu_3174_p2                  |     +    |      0|  101|   37|          32|          32|
    |tmp57_fu_3186_p2                  |     +    |      0|    0|   32|          32|          32|
    |tmp58_fu_3198_p2                  |     +    |      0|    0|   32|          32|          32|
    |tmp59_fu_3192_p2                  |     +    |      0|  101|   37|          32|          32|
    |tmp5_fu_2844_p2                   |     +    |      0|    0|   32|          32|          32|
    |tmp60_fu_3210_p2                  |     +    |      0|    0|   32|          32|          32|
    |tmp61_fu_3216_p2                  |     +    |      0|  101|   37|          32|          32|
    |tmp62_fu_3228_p2                  |     +    |      0|    0|   32|          32|          32|
    |tmp63_fu_3234_p2                  |     +    |      0|  101|   37|          32|          32|
    |tmp64_fu_3246_p2                  |     +    |      0|    0|   32|          32|          32|
    |tmp65_fu_3252_p2                  |     +    |      0|  101|   37|          32|          32|
    |tmp66_fu_3264_p2                  |     +    |      0|    0|   32|          32|          32|
    |tmp67_fu_3270_p2                  |     +    |      0|  101|   37|          32|          32|
    |tmp68_fu_5232_p2                  |     +    |      0|  101|   37|          32|          32|
    |tmp69_fu_5236_p2                  |     +    |      0|    0|   32|          32|          32|
    |tmp6_fu_2850_p2                   |     +    |      0|  101|   37|          32|          32|
    |tmp6_i_10_fu_4116_p2              |     +    |      0|    0|   32|          32|          32|
    |tmp6_i_11_fu_4230_p2              |     +    |      0|    0|   32|          32|          32|
    |tmp6_i_12_fu_4344_p2              |     +    |      0|    0|   32|          32|          32|
    |tmp6_i_13_fu_4458_p2              |     +    |      0|    0|   32|          32|          32|
    |tmp6_i_14_fu_4572_p2              |     +    |      0|    0|   32|          32|          32|
    |tmp6_i_1_fu_2976_p2               |     +    |      0|    0|   32|          32|          32|
    |tmp6_i_2_fu_3090_p2               |     +    |      0|    0|   32|          32|          32|
    |tmp6_i_3_fu_3204_p2               |     +    |      0|    0|   32|          32|          32|
    |tmp6_i_4_fu_3318_p2               |     +    |      0|    0|   32|          32|          32|
    |tmp6_i_5_fu_3432_p2               |     +    |      0|    0|   32|          32|          32|
    |tmp6_i_6_fu_3546_p2               |     +    |      0|    0|   32|          32|          32|
    |tmp6_i_7_fu_3660_p2               |     +    |      0|    0|   32|          32|          32|
    |tmp6_i_8_fu_3774_p2               |     +    |      0|    0|   32|          32|          32|
    |tmp6_i_9_fu_3888_p2               |     +    |      0|    0|   32|          32|          32|
    |tmp6_i_fu_2862_p2                 |     +    |      0|    0|   32|          32|          32|
    |tmp6_i_s_fu_4002_p2               |     +    |      0|    0|   32|          32|          32|
    |tmp70_fu_5241_p2                  |     +    |      0|    0|   32|          32|          32|
    |tmp71_fu_5245_p2                  |     +    |      0|    0|   32|          32|          32|
    |tmp72_fu_3282_p2                  |     +    |      0|  101|   37|          32|          32|
    |tmp73_fu_3294_p2                  |     +    |      0|    0|   32|          32|          32|
    |tmp74_fu_3288_p2                  |     +    |      0|  101|   37|          32|          32|
    |tmp75_fu_3300_p2                  |     +    |      0|    0|   32|          32|          32|
    |tmp76_fu_3312_p2                  |     +    |      0|    0|   32|          32|          32|
    |tmp77_fu_3306_p2                  |     +    |      0|  101|   37|          32|          32|
    |tmp78_fu_3324_p2                  |     +    |      0|    0|   32|          32|          32|
    |tmp79_fu_3330_p2                  |     +    |      0|  101|   37|          32|          32|
    |tmp7_fu_2868_p2                   |     +    |      0|    0|   32|          32|          32|
    |tmp80_fu_3342_p2                  |     +    |      0|    0|   32|          32|          32|
    |tmp81_fu_3348_p2                  |     +    |      0|  101|   37|          32|          32|
    |tmp82_fu_3360_p2                  |     +    |      0|    0|   32|          32|          32|
    |tmp83_fu_3366_p2                  |     +    |      0|  101|   37|          32|          32|
    |tmp84_fu_3378_p2                  |     +    |      0|    0|   32|          32|          32|
    |tmp85_fu_3384_p2                  |     +    |      0|  101|   37|          32|          32|
    |tmp86_fu_5266_p2                  |     +    |      0|  101|   37|          32|          32|
    |tmp87_fu_5270_p2                  |     +    |      0|    0|   32|          32|          32|
    |tmp88_fu_5275_p2                  |     +    |      0|    0|   32|          32|          32|
    |tmp89_fu_5279_p2                  |     +    |      0|    0|   32|          32|          32|
    |tmp8_fu_2874_p2                   |     +    |      0|  101|   37|          32|          32|
    |tmp90_fu_3396_p2                  |     +    |      0|  101|   37|          32|          32|
    |tmp91_fu_3408_p2                  |     +    |      0|    0|   32|          32|          32|
    |tmp92_fu_3402_p2                  |     +    |      0|  101|   37|          32|          32|
    |tmp93_fu_3414_p2                  |     +    |      0|    0|   32|          32|          32|
    |tmp94_fu_3426_p2                  |     +    |      0|    0|   32|          32|          32|
    |tmp95_fu_3420_p2                  |     +    |      0|  101|   37|          32|          32|
    |tmp96_fu_3438_p2                  |     +    |      0|    0|   32|          32|          32|
    |tmp97_fu_3444_p2                  |     +    |      0|  101|   37|          32|          32|
    |tmp98_fu_3456_p2                  |     +    |      0|    0|   32|          32|          32|
    |tmp99_fu_3462_p2                  |     +    |      0|  101|   37|          32|          32|
    |tmp9_fu_2886_p2                   |     +    |      0|    0|   32|          32|          32|
    |tmp_fu_2892_p2                    |     +    |      0|  101|   37|          32|          32|
    |ap_block_state3_pp0_stage0_iter1  |    and   |      0|    0|    2|           1|           1|
    |ap_block_state9_pp0_stage0_iter7  |    and   |      0|    0|    2|           1|           1|
    |or_cond_fu_898_p2                 |    and   |      0|    0|    2|           1|           1|
    |exitcond_flatten_fu_748_p2        |   icmp   |      0|    0|   13|          17|          17|
    |exitcond_fu_798_p2                |   icmp   |      0|    0|    4|           7|           7|
    |icmp1_fu_760_p2                   |   icmp   |      0|    0|    5|          10|           1|
    |icmp2_fu_814_p2                   |   icmp   |      0|    0|    5|          10|           1|
    |icmp_fu_868_p2                    |   icmp   |      0|    0|    5|          10|           1|
    |ap_block_pp0_stage0_flag00001001  |    or    |      0|    0|    2|           1|           1|
    |tmp_5_fu_844_p2                   |    or    |      0|    0|   11|          11|          11|
    |col_assign_1_mid2_fu_828_p3       |  select  |      0|    0|   11|           1|          11|
    |col_assign_mid2_fu_774_p3         |  select  |      0|    0|   11|           1|           1|
    |colv_mid2_fu_766_p3               |  select  |      0|    0|    7|           1|           1|
    |tmp_2_mid2_fu_820_p3              |  select  |      0|    0|    2|           1|           1|
    |ap_enable_pp0                     |    xor   |      0|    0|    2|           1|           2|
    |ap_enable_reg_pp0_iter1           |    xor   |      0|    0|    2|           1|           2|
    +----------------------------------+----------+-------+-----+-----+------------+------------+
    |Total                             |          |      0|13086|13080|       12409|       12356|
    +----------------------------------+----------+-------+-----+-----+------------+------------+

    * Multiplexer: 
    +----------------------------+----+-----------+-----+-----------+
    |            Name            | LUT| Input Size| Bits| Total Bits|
    +----------------------------+----+-----------+-----+-----------+
    |ap_NS_fsm                   |  21|          4|    1|          4|
    |ap_enable_reg_pp0_iter1     |   9|          2|    1|          2|
    |ap_enable_reg_pp0_iter7     |   9|          2|    1|          2|
    |col_assign_1_phi_fu_719_p4  |   9|          2|   11|         22|
    |col_assign_1_reg_715        |   9|          2|   11|         22|
    |col_assign_reg_726          |   9|          2|   11|         22|
    |colv_reg_737                |   9|          2|    7|         14|
    |in_s_V_V_blk_n              |   9|          2|    1|          2|
    |indvar_flatten_reg_704      |   9|          2|   17|         34|
    |out_s_V_V_blk_n             |   9|          2|    1|          2|
    +----------------------------+----+-----------+-----+-----------+
    |Total                       | 102|         22|   62|        126|
    +----------------------------+----+-----------+-----+-----------+

    * Register: 
    +---------------------------------+-----+----+-----+-----------+
    |               Name              |  FF | LUT| Bits| Const Bits|
    +---------------------------------+-----+----+-----+-----------+
    |ap_CS_fsm                        |    3|   0|    3|          0|
    |ap_enable_reg_pp0_iter0          |    1|   0|    1|          0|
    |ap_enable_reg_pp0_iter1          |    1|   0|    1|          0|
    |ap_enable_reg_pp0_iter2          |    1|   0|    1|          0|
    |ap_enable_reg_pp0_iter3          |    1|   0|    1|          0|
    |ap_enable_reg_pp0_iter4          |    1|   0|    1|          0|
    |ap_enable_reg_pp0_iter5          |    1|   0|    1|          0|
    |ap_enable_reg_pp0_iter6          |    1|   0|    1|          0|
    |ap_enable_reg_pp0_iter7          |    1|   0|    1|          0|
    |ap_reg_pp0_iter1_tmp_6_reg_6649  |    1|   0|    1|          0|
    |col_assign_1_mid2_reg_6644       |   11|   0|   11|          0|
    |col_assign_1_reg_715             |   11|   0|   11|          0|
    |col_assign_reg_726               |   11|   0|   11|          0|
    |colv_mid2_reg_6634               |    7|   0|    7|          0|
    |colv_reg_737                     |    7|   0|    7|          0|
    |exitcond_flatten_reg_6625        |    1|   0|    1|          0|
    |icmp_reg_6657                    |    1|   0|    1|          0|
    |indvar_flatten_reg_704           |   17|   0|   17|          0|
    |lineBuff_0_V_addr_reg_6672       |    6|   0|    6|          0|
    |lineBuff_1_V_addr_reg_6678       |    6|   0|    6|          0|
    |lineBuff_2_V_addr_reg_6684       |    6|   0|    6|          0|
    |lineBuff_3_V_addr_reg_6690       |    6|   0|    6|          0|
    |or_cond_reg_6696                 |    1|   0|    1|          0|
    |tmp10_i_10_reg_7060              |   32|   0|   32|          0|
    |tmp10_i_11_reg_7085              |   32|   0|   32|          0|
    |tmp10_i_12_reg_7110              |   32|   0|   32|          0|
    |tmp10_i_13_reg_7135              |   32|   0|   32|          0|
    |tmp10_i_14_reg_7160              |   32|   0|   32|          0|
    |tmp10_i_1_reg_6810               |   32|   0|   32|          0|
    |tmp10_i_2_reg_6835               |   32|   0|   32|          0|
    |tmp10_i_3_reg_6860               |   32|   0|   32|          0|
    |tmp10_i_4_reg_6885               |   32|   0|   32|          0|
    |tmp10_i_5_reg_6910               |   32|   0|   32|          0|
    |tmp10_i_6_reg_6935               |   32|   0|   32|          0|
    |tmp10_i_7_reg_6960               |   32|   0|   32|          0|
    |tmp10_i_8_reg_6985               |   32|   0|   32|          0|
    |tmp10_i_9_reg_7010               |   32|   0|   32|          0|
    |tmp10_i_reg_6785                 |   32|   0|   32|          0|
    |tmp10_i_s_reg_7035               |   32|   0|   32|          0|
    |tmp11_i_10_reg_7520              |   32|   0|   32|          0|
    |tmp11_i_11_reg_7550              |   32|   0|   32|          0|
    |tmp11_i_12_reg_7580              |   32|   0|   32|          0|
    |tmp11_i_13_reg_7610              |   32|   0|   32|          0|
    |tmp11_i_14_reg_7640              |   32|   0|   32|          0|
    |tmp11_i_1_reg_7220               |   32|   0|   32|          0|
    |tmp11_i_2_reg_7250               |   32|   0|   32|          0|
    |tmp11_i_3_reg_7280               |   32|   0|   32|          0|
    |tmp11_i_4_reg_7310               |   32|   0|   32|          0|
    |tmp11_i_5_reg_7340               |   32|   0|   32|          0|
    |tmp11_i_6_reg_7370               |   32|   0|   32|          0|
    |tmp11_i_7_reg_7400               |   32|   0|   32|          0|
    |tmp11_i_8_reg_7430               |   32|   0|   32|          0|
    |tmp11_i_9_reg_7460               |   32|   0|   32|          0|
    |tmp11_i_reg_7190                 |   32|   0|   32|          0|
    |tmp11_i_s_reg_7490               |   32|   0|   32|          0|
    |tmp14_i_10_reg_7065              |   32|   0|   32|          0|
    |tmp14_i_11_reg_7090              |   32|   0|   32|          0|
    |tmp14_i_12_reg_7115              |   32|   0|   32|          0|
    |tmp14_i_13_reg_7140              |   32|   0|   32|          0|
    |tmp14_i_14_reg_7165              |   32|   0|   32|          0|
    |tmp14_i_1_reg_6815               |   32|   0|   32|          0|
    |tmp14_i_2_reg_6840               |   32|   0|   32|          0|
    |tmp14_i_3_reg_6865               |   32|   0|   32|          0|
    |tmp14_i_4_reg_6890               |   32|   0|   32|          0|
    |tmp14_i_5_reg_6915               |   32|   0|   32|          0|
    |tmp14_i_6_reg_6940               |   32|   0|   32|          0|
    |tmp14_i_7_reg_6965               |   32|   0|   32|          0|
    |tmp14_i_8_reg_6990               |   32|   0|   32|          0|
    |tmp14_i_9_reg_7015               |   32|   0|   32|          0|
    |tmp14_i_reg_6790                 |   32|   0|   32|          0|
    |tmp14_i_s_reg_7040               |   32|   0|   32|          0|
    |tmp15_i_10_reg_7525              |   32|   0|   32|          0|
    |tmp15_i_11_reg_7555              |   32|   0|   32|          0|
    |tmp15_i_12_reg_7585              |   32|   0|   32|          0|
    |tmp15_i_13_reg_7615              |   32|   0|   32|          0|
    |tmp15_i_14_reg_7645              |   32|   0|   32|          0|
    |tmp15_i_1_reg_7225               |   32|   0|   32|          0|
    |tmp15_i_2_reg_7255               |   32|   0|   32|          0|
    |tmp15_i_3_reg_7285               |   32|   0|   32|          0|
    |tmp15_i_4_reg_7315               |   32|   0|   32|          0|
    |tmp15_i_5_reg_7345               |   32|   0|   32|          0|
    |tmp15_i_6_reg_7375               |   32|   0|   32|          0|
    |tmp15_i_7_reg_7405               |   32|   0|   32|          0|
    |tmp15_i_8_reg_7435               |   32|   0|   32|          0|
    |tmp15_i_9_reg_7465               |   32|   0|   32|          0|
    |tmp15_i_reg_7195                 |   32|   0|   32|          0|
    |tmp15_i_s_reg_7495               |   32|   0|   32|          0|
    |tmp18_i_10_reg_7070              |   32|   0|   32|          0|
    |tmp18_i_11_reg_7095              |   32|   0|   32|          0|
    |tmp18_i_12_reg_7120              |   32|   0|   32|          0|
    |tmp18_i_13_reg_7145              |   32|   0|   32|          0|
    |tmp18_i_14_reg_7170              |   32|   0|   32|          0|
    |tmp18_i_1_reg_6820               |   32|   0|   32|          0|
    |tmp18_i_2_reg_6845               |   32|   0|   32|          0|
    |tmp18_i_3_reg_6870               |   32|   0|   32|          0|
    |tmp18_i_4_reg_6895               |   32|   0|   32|          0|
    |tmp18_i_5_reg_6920               |   32|   0|   32|          0|
    |tmp18_i_6_reg_6945               |   32|   0|   32|          0|
    |tmp18_i_7_reg_6970               |   32|   0|   32|          0|
    |tmp18_i_8_reg_6995               |   32|   0|   32|          0|
    |tmp18_i_9_reg_7020               |   32|   0|   32|          0|
    |tmp18_i_reg_6795                 |   32|   0|   32|          0|
    |tmp18_i_s_reg_7045               |   32|   0|   32|          0|
    |tmp19_i_10_reg_7530              |   32|   0|   32|          0|
    |tmp19_i_11_reg_7560              |   32|   0|   32|          0|
    |tmp19_i_12_reg_7590              |   32|   0|   32|          0|
    |tmp19_i_13_reg_7620              |   32|   0|   32|          0|
    |tmp19_i_14_reg_7650              |   32|   0|   32|          0|
    |tmp19_i_1_reg_7230               |   32|   0|   32|          0|
    |tmp19_i_2_reg_7260               |   32|   0|   32|          0|
    |tmp19_i_3_reg_7290               |   32|   0|   32|          0|
    |tmp19_i_4_reg_7320               |   32|   0|   32|          0|
    |tmp19_i_5_reg_7350               |   32|   0|   32|          0|
    |tmp19_i_6_reg_7380               |   32|   0|   32|          0|
    |tmp19_i_7_reg_7410               |   32|   0|   32|          0|
    |tmp19_i_8_reg_7440               |   32|   0|   32|          0|
    |tmp19_i_9_reg_7470               |   32|   0|   32|          0|
    |tmp19_i_reg_7200                 |   32|   0|   32|          0|
    |tmp19_i_s_reg_7500               |   32|   0|   32|          0|
    |tmp22_i_10_reg_7075              |   32|   0|   32|          0|
    |tmp22_i_11_reg_7100              |   32|   0|   32|          0|
    |tmp22_i_12_reg_7125              |   32|   0|   32|          0|
    |tmp22_i_13_reg_7150              |   32|   0|   32|          0|
    |tmp22_i_14_reg_7175              |   32|   0|   32|          0|
    |tmp22_i_1_reg_6825               |   32|   0|   32|          0|
    |tmp22_i_2_reg_6850               |   32|   0|   32|          0|
    |tmp22_i_3_reg_6875               |   32|   0|   32|          0|
    |tmp22_i_4_reg_6900               |   32|   0|   32|          0|
    |tmp22_i_5_reg_6925               |   32|   0|   32|          0|
    |tmp22_i_6_reg_6950               |   32|   0|   32|          0|
    |tmp22_i_7_reg_6975               |   32|   0|   32|          0|
    |tmp22_i_8_reg_7000               |   32|   0|   32|          0|
    |tmp22_i_9_reg_7025               |   32|   0|   32|          0|
    |tmp22_i_reg_6800                 |   32|   0|   32|          0|
    |tmp22_i_s_reg_7050               |   32|   0|   32|          0|
    |tmp23_i_10_reg_7535              |   32|   0|   32|          0|
    |tmp23_i_11_reg_7565              |   32|   0|   32|          0|
    |tmp23_i_12_reg_7595              |   32|   0|   32|          0|
    |tmp23_i_13_reg_7625              |   32|   0|   32|          0|
    |tmp23_i_14_reg_7655              |   32|   0|   32|          0|
    |tmp23_i_1_reg_7235               |   32|   0|   32|          0|
    |tmp23_i_2_reg_7265               |   32|   0|   32|          0|
    |tmp23_i_3_reg_7295               |   32|   0|   32|          0|
    |tmp23_i_4_reg_7325               |   32|   0|   32|          0|
    |tmp23_i_5_reg_7355               |   32|   0|   32|          0|
    |tmp23_i_6_reg_7385               |   32|   0|   32|          0|
    |tmp23_i_7_reg_7415               |   32|   0|   32|          0|
    |tmp23_i_8_reg_7445               |   32|   0|   32|          0|
    |tmp23_i_9_reg_7475               |   32|   0|   32|          0|
    |tmp23_i_reg_7205                 |   32|   0|   32|          0|
    |tmp23_i_s_reg_7505               |   32|   0|   32|          0|
    |tmp6_i_10_reg_7055               |   32|   0|   32|          0|
    |tmp6_i_11_reg_7080               |   32|   0|   32|          0|
    |tmp6_i_12_reg_7105               |   32|   0|   32|          0|
    |tmp6_i_13_reg_7130               |   32|   0|   32|          0|
    |tmp6_i_14_reg_7155               |   32|   0|   32|          0|
    |tmp6_i_1_reg_6805                |   32|   0|   32|          0|
    |tmp6_i_2_reg_6830                |   32|   0|   32|          0|
    |tmp6_i_3_reg_6855                |   32|   0|   32|          0|
    |tmp6_i_4_reg_6880                |   32|   0|   32|          0|
    |tmp6_i_5_reg_6905                |   32|   0|   32|          0|
    |tmp6_i_6_reg_6930                |   32|   0|   32|          0|
    |tmp6_i_7_reg_6955                |   32|   0|   32|          0|
    |tmp6_i_8_reg_6980                |   32|   0|   32|          0|
    |tmp6_i_9_reg_7005                |   32|   0|   32|          0|
    |tmp6_i_reg_6780                  |   32|   0|   32|          0|
    |tmp6_i_s_reg_7030                |   32|   0|   32|          0|
    |tmp7_i_10_reg_7515               |   32|   0|   32|          0|
    |tmp7_i_11_reg_7545               |   32|   0|   32|          0|
    |tmp7_i_12_reg_7575               |   32|   0|   32|          0|
    |tmp7_i_13_reg_7605               |   32|   0|   32|          0|
    |tmp7_i_14_reg_7635               |   32|   0|   32|          0|
    |tmp7_i_1_reg_7215                |   32|   0|   32|          0|
    |tmp7_i_2_reg_7245                |   32|   0|   32|          0|
    |tmp7_i_3_reg_7275                |   32|   0|   32|          0|
    |tmp7_i_4_reg_7305                |   32|   0|   32|          0|
    |tmp7_i_5_reg_7335                |   32|   0|   32|          0|
    |tmp7_i_6_reg_7365                |   32|   0|   32|          0|
    |tmp7_i_7_reg_7395                |   32|   0|   32|          0|
    |tmp7_i_8_reg_7425                |   32|   0|   32|          0|
    |tmp7_i_9_reg_7455                |   32|   0|   32|          0|
    |tmp7_i_reg_7185                  |   32|   0|   32|          0|
    |tmp7_i_s_reg_7485                |   32|   0|   32|          0|
    |tmp_10_reg_7675                  |   16|   0|   16|          0|
    |tmp_11_reg_7680                  |   16|   0|   16|          0|
    |tmp_12_reg_7685                  |   16|   0|   16|          0|
    |tmp_13_reg_7690                  |   16|   0|   16|          0|
    |tmp_14_reg_7695                  |   16|   0|   16|          0|
    |tmp_15_reg_7700                  |   16|   0|   16|          0|
    |tmp_16_reg_7705                  |   16|   0|   16|          0|
    |tmp_17_reg_7710                  |   16|   0|   16|          0|
    |tmp_18_reg_7715                  |   16|   0|   16|          0|
    |tmp_19_reg_7720                  |   16|   0|   16|          0|
    |tmp_20_reg_7725                  |   16|   0|   16|          0|
    |tmp_21_reg_7730                  |   16|   0|   16|          0|
    |tmp_22_reg_7735                  |   16|   0|   16|          0|
    |tmp_24_reg_6653                  |    1|   0|    1|          0|
    |tmp_2_mid2_reg_6639              |    1|   0|    1|          0|
    |tmp_3_reg_7180                   |   32|   0|   32|          0|
    |tmp_6_reg_6649                   |    1|   0|    1|          0|
    |tmp_8_reg_7660                   |   16|   0|   16|          0|
    |tmp_93_10_reg_7510               |   32|   0|   32|          0|
    |tmp_93_11_reg_7540               |   32|   0|   32|          0|
    |tmp_93_12_reg_7570               |   32|   0|   32|          0|
    |tmp_93_13_reg_7600               |   32|   0|   32|          0|
    |tmp_93_14_reg_7630               |   32|   0|   32|          0|
    |tmp_93_1_reg_7210                |   32|   0|   32|          0|
    |tmp_93_2_reg_7240                |   32|   0|   32|          0|
    |tmp_93_3_reg_7270                |   32|   0|   32|          0|
    |tmp_93_4_reg_7300                |   32|   0|   32|          0|
    |tmp_93_5_reg_7330                |   32|   0|   32|          0|
    |tmp_93_6_reg_7360                |   32|   0|   32|          0|
    |tmp_93_7_reg_7390                |   32|   0|   32|          0|
    |tmp_93_8_reg_7420                |   32|   0|   32|          0|
    |tmp_93_9_reg_7450                |   32|   0|   32|          0|
    |tmp_93_s_reg_7480                |   32|   0|   32|          0|
    |tmp_9_reg_7665                   |   16|   0|   16|          0|
    |tmp_V_fu_152                     |  512|   0|  512|          0|
    |tmp_s_reg_7670                   |   16|   0|   16|          0|
    |win_0_1_V_fu_204                 |  512|   0|  512|          0|
    |win_0_2_V_fu_200                 |  512|   0|  512|          0|
    |win_1_1_V_fu_216                 |  512|   0|  512|          0|
    |win_1_2_V_fu_212                 |  512|   0|  512|          0|
    |win_2_1_V_fu_228                 |  512|   0|  512|          0|
    |win_2_2_V_fu_224                 |  512|   0|  512|          0|
    |win_3_1_V_fu_240                 |  512|   0|  512|          0|
    |win_3_2_V_fu_236                 |  512|   0|  512|          0|
    |win_4_1_V_fu_252                 |  512|   0|  512|          0|
    |win_4_2_V_fu_248                 |  512|   0|  512|          0|
    |win_tmp_0_3_V_fu_196             |  512|   0|  512|          0|
    |win_tmp_1_3_V_fu_208             |  512|   0|  512|          0|
    |win_tmp_2_3_V_fu_220             |  512|   0|  512|          0|
    |win_tmp_3_3_V_fu_232             |  512|   0|  512|          0|
    |win_tmp_4_3_V_fu_244             |  512|   0|  512|          0|
    |win_tmp_4_4_V_fu_148             |  512|   0|  512|          0|
    |win_vect_0_0_1_fu_256            |   32|   0|   32|          0|
    |win_vect_0_10_1_fu_296           |   32|   0|   32|          0|
    |win_vect_0_11_1_fu_300           |   32|   0|   32|          0|
    |win_vect_0_12_1_fu_304           |   32|   0|   32|          0|
    |win_vect_0_13_1_fu_308           |   32|   0|   32|          0|
    |win_vect_0_14_1_fu_312           |   32|   0|   32|          0|
    |win_vect_0_15_1_fu_316           |   32|   0|   32|          0|
    |win_vect_0_16_1_fu_320           |   32|   0|   32|          0|
    |win_vect_0_17_1_fu_324           |   32|   0|   32|          0|
    |win_vect_0_18_1_fu_328           |   32|   0|   32|          0|
    |win_vect_0_19_1_fu_332           |   32|   0|   32|          0|
    |win_vect_0_1_1_fu_260            |   32|   0|   32|          0|
    |win_vect_0_2_1_fu_264            |   32|   0|   32|          0|
    |win_vect_0_3_1_fu_268            |   32|   0|   32|          0|
    |win_vect_0_4_1_fu_272            |   32|   0|   32|          0|
    |win_vect_0_5_1_fu_276            |   32|   0|   32|          0|
    |win_vect_0_6_1_fu_280            |   32|   0|   32|          0|
    |win_vect_0_7_1_fu_284            |   32|   0|   32|          0|
    |win_vect_0_8_1_fu_288            |   32|   0|   32|          0|
    |win_vect_0_9_1_fu_292            |   32|   0|   32|          0|
    |win_vect_1_0_1_fu_336            |   32|   0|   32|          0|
    |win_vect_1_10_1_fu_376           |   32|   0|   32|          0|
    |win_vect_1_11_1_fu_380           |   32|   0|   32|          0|
    |win_vect_1_12_1_fu_384           |   32|   0|   32|          0|
    |win_vect_1_13_1_fu_388           |   32|   0|   32|          0|
    |win_vect_1_14_1_fu_392           |   32|   0|   32|          0|
    |win_vect_1_15_1_fu_396           |   32|   0|   32|          0|
    |win_vect_1_16_1_fu_400           |   32|   0|   32|          0|
    |win_vect_1_17_1_fu_404           |   32|   0|   32|          0|
    |win_vect_1_18_1_fu_408           |   32|   0|   32|          0|
    |win_vect_1_19_1_fu_412           |   32|   0|   32|          0|
    |win_vect_1_1_1_fu_340            |   32|   0|   32|          0|
    |win_vect_1_2_1_fu_344            |   32|   0|   32|          0|
    |win_vect_1_3_1_fu_348            |   32|   0|   32|          0|
    |win_vect_1_4_1_fu_352            |   32|   0|   32|          0|
    |win_vect_1_5_1_fu_356            |   32|   0|   32|          0|
    |win_vect_1_6_1_fu_360            |   32|   0|   32|          0|
    |win_vect_1_7_1_fu_364            |   32|   0|   32|          0|
    |win_vect_1_8_1_fu_368            |   32|   0|   32|          0|
    |win_vect_1_9_1_fu_372            |   32|   0|   32|          0|
    |win_vect_2_0_1_fu_416            |   32|   0|   32|          0|
    |win_vect_2_10_1_fu_456           |   32|   0|   32|          0|
    |win_vect_2_10_1_lo_reg_6740      |   32|   0|   32|          0|
    |win_vect_2_11_1_fu_460           |   32|   0|   32|          0|
    |win_vect_2_11_1_lo_reg_6745      |   32|   0|   32|          0|
    |win_vect_2_12_1_fu_464           |   32|   0|   32|          0|
    |win_vect_2_12_1_lo_reg_6750      |   32|   0|   32|          0|
    |win_vect_2_13_1_fu_468           |   32|   0|   32|          0|
    |win_vect_2_13_1_lo_reg_6755      |   32|   0|   32|          0|
    |win_vect_2_14_1_fu_472           |   32|   0|   32|          0|
    |win_vect_2_14_1_lo_reg_6760      |   32|   0|   32|          0|
    |win_vect_2_15_1_fu_476           |   32|   0|   32|          0|
    |win_vect_2_15_1_lo_reg_6765      |   32|   0|   32|          0|
    |win_vect_2_16_1_fu_480           |   32|   0|   32|          0|
    |win_vect_2_16_1_lo_reg_6770      |   32|   0|   32|          0|
    |win_vect_2_17_1_fu_484           |   32|   0|   32|          0|
    |win_vect_2_17_1_lo_reg_6775      |   32|   0|   32|          0|
    |win_vect_2_18_1_fu_488           |   32|   0|   32|          0|
    |win_vect_2_19_1_fu_492           |   32|   0|   32|          0|
    |win_vect_2_1_1_fu_420            |   32|   0|   32|          0|
    |win_vect_2_2_1_fu_424            |   32|   0|   32|          0|
    |win_vect_2_2_1_loa_reg_6700      |   32|   0|   32|          0|
    |win_vect_2_3_1_fu_428            |   32|   0|   32|          0|
    |win_vect_2_3_1_loa_reg_6705      |   32|   0|   32|          0|
    |win_vect_2_4_1_fu_432            |   32|   0|   32|          0|
    |win_vect_2_4_1_loa_reg_6710      |   32|   0|   32|          0|
    |win_vect_2_5_1_fu_436            |   32|   0|   32|          0|
    |win_vect_2_5_1_loa_reg_6715      |   32|   0|   32|          0|
    |win_vect_2_6_1_fu_440            |   32|   0|   32|          0|
    |win_vect_2_6_1_loa_reg_6720      |   32|   0|   32|          0|
    |win_vect_2_7_1_fu_444            |   32|   0|   32|          0|
    |win_vect_2_7_1_loa_reg_6725      |   32|   0|   32|          0|
    |win_vect_2_8_1_fu_448            |   32|   0|   32|          0|
    |win_vect_2_8_1_loa_reg_6730      |   32|   0|   32|          0|
    |win_vect_2_9_1_fu_452            |   32|   0|   32|          0|
    |win_vect_2_9_1_loa_reg_6735      |   32|   0|   32|          0|
    |win_vect_3_0_1_fu_496            |   32|   0|   32|          0|
    |win_vect_3_10_1_fu_156           |   32|   0|   32|          0|
    |win_vect_3_11_1_fu_500           |   32|   0|   32|          0|
    |win_vect_3_12_1_fu_504           |   32|   0|   32|          0|
    |win_vect_3_13_1_fu_508           |   32|   0|   32|          0|
    |win_vect_3_14_1_fu_512           |   32|   0|   32|          0|
    |win_vect_3_15_1_fu_516           |   32|   0|   32|          0|
    |win_vect_3_16_1_fu_520           |   32|   0|   32|          0|
    |win_vect_3_17_1_fu_524           |   32|   0|   32|          0|
    |win_vect_3_18_1_fu_528           |   32|   0|   32|          0|
    |win_vect_3_19_1_fu_532           |   32|   0|   32|          0|
    |win_vect_3_1_1_fu_192            |   32|   0|   32|          0|
    |win_vect_3_2_1_fu_188            |   32|   0|   32|          0|
    |win_vect_3_3_1_fu_184            |   32|   0|   32|          0|
    |win_vect_3_4_1_fu_180            |   32|   0|   32|          0|
    |win_vect_3_5_1_fu_176            |   32|   0|   32|          0|
    |win_vect_3_6_1_fu_172            |   32|   0|   32|          0|
    |win_vect_3_7_1_fu_168            |   32|   0|   32|          0|
    |win_vect_3_8_1_fu_164            |   32|   0|   32|          0|
    |win_vect_3_9_1_fu_160            |   32|   0|   32|          0|
    |win_vect_4_0_1_fu_536            |   32|   0|   32|          0|
    |win_vect_4_10_1_fu_576           |   32|   0|   32|          0|
    |win_vect_4_11_1_fu_580           |   32|   0|   32|          0|
    |win_vect_4_12_1_fu_584           |   32|   0|   32|          0|
    |win_vect_4_13_1_fu_588           |   32|   0|   32|          0|
    |win_vect_4_14_1_fu_592           |   32|   0|   32|          0|
    |win_vect_4_15_1_fu_596           |   32|   0|   32|          0|
    |win_vect_4_16_1_fu_600           |   32|   0|   32|          0|
    |win_vect_4_17_1_fu_604           |   32|   0|   32|          0|
    |win_vect_4_18_1_fu_608           |   32|   0|   32|          0|
    |win_vect_4_19_1_fu_612           |   32|   0|   32|          0|
    |win_vect_4_1_1_fu_540            |   32|   0|   32|          0|
    |win_vect_4_2_1_fu_544            |   32|   0|   32|          0|
    |win_vect_4_3_1_fu_548            |   32|   0|   32|          0|
    |win_vect_4_4_1_fu_552            |   32|   0|   32|          0|
    |win_vect_4_5_1_fu_556            |   32|   0|   32|          0|
    |win_vect_4_6_1_fu_560            |   32|   0|   32|          0|
    |win_vect_4_7_1_fu_564            |   32|   0|   32|          0|
    |win_vect_4_8_1_fu_568            |   32|   0|   32|          0|
    |win_vect_4_9_1_fu_572            |   32|   0|   32|          0|
    |or_cond_reg_6696                 |   64|  32|    1|          0|
    +---------------------------------+-----+----+-----+-----------+
    |Total                            |18474|  32|18411|          0|
    +---------------------------------+-----+----+-----+-----------+



================================================================
== Interface
================================================================
* Summary: 
+------------------+-----+-----+------------+--------------+--------------+
|     RTL Ports    | Dir | Bits|  Protocol  | Source Object|    C Type    |
+------------------+-----+-----+------------+--------------+--------------+
|ap_clk            |  in |    1| ap_ctrl_hs |  processVECT | return value |
|ap_rst            |  in |    1| ap_ctrl_hs |  processVECT | return value |
|ap_start          |  in |    1| ap_ctrl_hs |  processVECT | return value |
|ap_done           | out |    1| ap_ctrl_hs |  processVECT | return value |
|ap_idle           | out |    1| ap_ctrl_hs |  processVECT | return value |
|ap_ready          | out |    1| ap_ctrl_hs |  processVECT | return value |
|in_s_V_V_dout     |  in |  512|   ap_fifo  |   in_s_V_V   |    pointer   |
|in_s_V_V_empty_n  |  in |    1|   ap_fifo  |   in_s_V_V   |    pointer   |
|in_s_V_V_read     | out |    1|   ap_fifo  |   in_s_V_V   |    pointer   |
|out_s_V_V_din     | out |  512|   ap_fifo  |   out_s_V_V  |    pointer   |
|out_s_V_V_full_n  |  in |    1|   ap_fifo  |   out_s_V_V  |    pointer   |
|out_s_V_V_write   | out |    1|   ap_fifo  |   out_s_V_V  |    pointer   |
+------------------+-----+-----+------------+--------------+--------------+

