

================================================================
== Vivado HLS Report for 'ccGaussianFilterGKer'
================================================================
* Date:           Sat Apr 14 20:43:37 2018

* Version:        2017.2 (Build 1909853 on Thu Jun 15 18:55:24 MDT 2017)
* Project:        hipacc_project
* Solution:       solution1
* Product family: zynq
* Target device:  xc7z100ffg900-1


================================================================
== Performance Estimates
================================================================
+ Timing (ns): 
    * Summary: 
    +--------+-------+----------+------------+
    |  Clock | Target| Estimated| Uncertainty|
    +--------+-------+----------+------------+
    |ap_clk  |   6.66|      5.70|        0.83|
    +--------+-------+----------+------------+

+ Latency (clock cycles): 
    * Summary: 
    +-------+-------+-------+-------+---------+
    |    Latency    |    Interval   | Pipeline|
    |  min  |  max  |  min  |  max  |   Type  |
    +-------+-------+-------+-------+---------+
    |  66906|  66906|  66906|  66906|   none  |
    +-------+-------+-------+-------+---------+

    + Detail: 
        * Instance: 
        +------------------------+--------------+-------+-------+-------+-------+---------+
        |                        |              |    Latency    |    Interval   | Pipeline|
        |        Instance        |    Module    |  min  |  max  |  min  |  max  |   Type  |
        +------------------------+--------------+-------+-------+-------+-------+---------+
        |grp_processVECTF_fu_18  |processVECTF  |  66905|  66905|  66905|  66905|   none  |
        +------------------------+--------------+-------+-------+-------+-------+---------+

        * Loop: 
        N/A



================================================================
== Utilization Estimates
================================================================
* Summary: 
+-----------------+---------+-------+--------+--------+
|       Name      | BRAM_18K| DSP48E|   FF   |   LUT  |
+-----------------+---------+-------+--------+--------+
|DSP              |        -|      -|       -|       -|
|Expression       |        -|      -|       0|       2|
|FIFO             |        -|      -|       -|       -|
|Instance         |       60|   1610|  254471|  329770|
|Memory           |        -|      -|       -|       -|
|Multiplexer      |        -|      -|       -|      42|
|Register         |        -|      -|       4|       -|
+-----------------+---------+-------+--------+--------+
|Total            |       60|   1610|  254475|  329814|
+-----------------+---------+-------+--------+--------+
|Available        |     1510|   2020|  554800|  277400|
+-----------------+---------+-------+--------+--------+
|Utilization (%)  |        3|     79|      45|     118|
+-----------------+---------+-------+--------+--------+

+ Detail: 
    * Instance: 
    +------------------------+--------------+---------+-------+--------+--------+
    |        Instance        |    Module    | BRAM_18K| DSP48E|   FF   |   LUT  |
    +------------------------+--------------+---------+-------+--------+--------+
    |grp_processVECTF_fu_18  |processVECTF  |       60|   1610|  254471|  329770|
    +------------------------+--------------+---------+-------+--------+--------+
    |Total                   |              |       60|   1610|  254471|  329770|
    +------------------------+--------------+---------+-------+--------+--------+

    * DSP48: 
    N/A

    * Memory: 
    N/A

    * FIFO: 
    N/A

    * Expression: 
    +-----------------+----------+-------+---+----+------------+------------+
    |  Variable Name  | Operation| DSP48E| FF| LUT| Bitwidth P0| Bitwidth P1|
    +-----------------+----------+-------+---+----+------------+------------+
    |ap_block_state1  |    or    |      0|  0|   2|           1|           1|
    +-----------------+----------+-------+---+----+------------+------------+
    |Total            |          |      0|  0|   2|           1|           1|
    +-----------------+----------+-------+---+----+------------+------------+

    * Multiplexer: 
    +------------------+----+-----------+-----+-----------+
    |       Name       | LUT| Input Size| Bits| Total Bits|
    +------------------+----+-----------+-----+-----------+
    |Input_V_V_read    |   9|          2|    1|          2|
    |Output_V_V_write  |   9|          2|    1|          2|
    |ap_NS_fsm         |  15|          3|    1|          3|
    |ap_done           |   9|          2|    1|          2|
    +------------------+----+-----------+-----+-----------+
    |Total             |  42|          9|    4|          9|
    +------------------+----+-----------+-----+-----------+

    * Register: 
    +----------------------------------------+---+----+-----+-----------+
    |                  Name                  | FF| LUT| Bits| Const Bits|
    +----------------------------------------+---+----+-----+-----------+
    |ap_CS_fsm                               |  2|   0|    2|          0|
    |ap_done_reg                             |  1|   0|    1|          0|
    |ap_reg_grp_processVECTF_fu_18_ap_start  |  1|   0|    1|          0|
    +----------------------------------------+---+----+-----+-----------+
    |Total                                   |  4|   0|    4|          0|
    +----------------------------------------+---+----+-----+-----------+



================================================================
== Interface
================================================================
* Summary: 
+-------------------+-----+-----+------------+----------------------+--------------+
|     RTL Ports     | Dir | Bits|  Protocol  |     Source Object    |    C Type    |
+-------------------+-----+-----+------------+----------------------+--------------+
|ap_clk             |  in |    1| ap_ctrl_hs | ccGaussianFilterGKer | return value |
|ap_rst             |  in |    1| ap_ctrl_hs | ccGaussianFilterGKer | return value |
|ap_start           |  in |    1| ap_ctrl_hs | ccGaussianFilterGKer | return value |
|ap_done            | out |    1| ap_ctrl_hs | ccGaussianFilterGKer | return value |
|ap_continue        |  in |    1| ap_ctrl_hs | ccGaussianFilterGKer | return value |
|ap_idle            | out |    1| ap_ctrl_hs | ccGaussianFilterGKer | return value |
|ap_ready           | out |    1| ap_ctrl_hs | ccGaussianFilterGKer | return value |
|Output_V_V_din     | out |  512|   ap_fifo  |      Output_V_V      |    pointer   |
|Output_V_V_full_n  |  in |    1|   ap_fifo  |      Output_V_V      |    pointer   |
|Output_V_V_write   | out |    1|   ap_fifo  |      Output_V_V      |    pointer   |
|Input_V_V_dout     |  in |  512|   ap_fifo  |       Input_V_V      |    pointer   |
|Input_V_V_empty_n  |  in |    1|   ap_fifo  |       Input_V_V      |    pointer   |
|Input_V_V_read     | out |    1|   ap_fifo  |       Input_V_V      |    pointer   |
+-------------------+-----+-----+------------+----------------------+--------------+

