Copyright 1986-2017 Xilinx, Inc. All Rights Reserved.
------------------------------------------------------------------------------------
| Tool Version : Vivado v.2017.2 (lin64) Build 1909853 Thu Jun 15 18:39:10 MDT 2017
| Date         : Sat Apr 14 19:17:55 2018
| Host         : codesign89 running 64-bit Ubuntu 14.04.5 LTS
| Command      : report_timing_summary -file ./report/hipaccRun_timing_routed.rpt
| Design       : hipaccRun
| Device       : 7z020-clg484
| Speed File   : -1  PRODUCTION 1.11 2014-09-11
------------------------------------------------------------------------------------

Timing Summary Report

------------------------------------------------------------------------------------------------
| Timer Settings
| --------------
------------------------------------------------------------------------------------------------

  Enable Multi Corner Analysis               :  Yes
  Enable Pessimism Removal                   :  Yes
  Pessimism Removal Resolution               :  Nearest Common Node
  Enable Input Delay Default Clock           :  No
  Enable Preset / Clear Arcs                 :  No
  Disable Flight Delays                      :  No
  Ignore I/O Paths                           :  No
  Timing Early Launch at Borrowing Latches   :  false

  Corner  Analyze    Analyze    
  Name    Max Paths  Min Paths  
  ------  ---------  ---------  
  Slow    Yes        Yes        
  Fast    Yes        Yes        



check_timing report

Table of Contents
-----------------
1. checking no_clock
2. checking constant_clock
3. checking pulse_width_clock
4. checking unconstrained_internal_endpoints
5. checking no_input_delay
6. checking no_output_delay
7. checking multiple_clock
8. checking generated_clocks
9. checking loops
10. checking partial_input_delay
11. checking partial_output_delay
12. checking latch_loops

1. checking no_clock
--------------------
 There are 0 register/latch pins with no clock.


2. checking constant_clock
--------------------------
 There are 0 register/latch pins with constant_clock.


3. checking pulse_width_clock
-----------------------------
 There are 0 register/latch pins which need pulse_width check


4. checking unconstrained_internal_endpoints
--------------------------------------------
 There are 0 pins that are not constrained for maximum delay.

 There are 0 pins that are not constrained for maximum delay due to constant clock.


5. checking no_input_delay
--------------------------
 There are 36 input ports with no input delay specified. (HIGH)

 There are 0 input ports with no input delay but user has a false path constraint.


6. checking no_output_delay
---------------------------
 There are 37 ports with no output delay specified. (HIGH)

 There are 0 ports with no output delay but user has a false path constraint

 There are 0 ports with no output delay but with a timing clock defined on it or propagating through it


7. checking multiple_clock
--------------------------
 There are 0 register/latch pins with multiple clocks.


8. checking generated_clocks
----------------------------
 There are 0 generated clocks that are not connected to a clock source.


9. checking loops
-----------------
 There are 0 combinational loops in the design.


10. checking partial_input_delay
--------------------------------
 There are 0 input ports with partial input delay specified.


11. checking partial_output_delay
---------------------------------
 There are 0 ports with partial output delay specified.


12. checking latch_loops
------------------------
 There are 0 combinational latch loops in the design through latch input



------------------------------------------------------------------------------------------------
| Design Timing Summary
| ---------------------
------------------------------------------------------------------------------------------------

    WNS(ns)      TNS(ns)  TNS Failing Endpoints  TNS Total Endpoints      WHS(ns)      THS(ns)  THS Failing Endpoints  THS Total Endpoints     WPWS(ns)     TPWS(ns)  TPWS Failing Endpoints  TPWS Total Endpoints  
    -------      -------  ---------------------  -------------------      -------      -------  ---------------------  -------------------     --------     --------  ----------------------  --------------------  
      2.117        0.000                      0                 5252        0.053        0.000                      0                 5252        4.020        0.000                       0                  2292  


All user specified timing constraints are met.


------------------------------------------------------------------------------------------------
| Clock Summary
| -------------
------------------------------------------------------------------------------------------------

Clock   Waveform(ns)       Period(ns)      Frequency(MHz)
-----   ------------       ----------      --------------
ap_clk  {0.000 5.000}      10.000          100.000         


------------------------------------------------------------------------------------------------
| Intra Clock Table
| -----------------
------------------------------------------------------------------------------------------------

Clock             WNS(ns)      TNS(ns)  TNS Failing Endpoints  TNS Total Endpoints      WHS(ns)      THS(ns)  THS Failing Endpoints  THS Total Endpoints     WPWS(ns)     TPWS(ns)  TPWS Failing Endpoints  TPWS Total Endpoints  
-----             -------      -------  ---------------------  -------------------      -------      -------  ---------------------  -------------------     --------     --------  ----------------------  --------------------  
ap_clk              2.117        0.000                      0                 5252        0.053        0.000                      0                 5252        4.020        0.000                       0                  2292  


------------------------------------------------------------------------------------------------
| Inter Clock Table
| -----------------
------------------------------------------------------------------------------------------------

From Clock    To Clock          WNS(ns)      TNS(ns)  TNS Failing Endpoints  TNS Total Endpoints      WHS(ns)      THS(ns)  THS Failing Endpoints  THS Total Endpoints  
----------    --------          -------      -------  ---------------------  -------------------      -------      -------  ---------------------  -------------------  


------------------------------------------------------------------------------------------------
| Other Path Groups Table
| -----------------------
------------------------------------------------------------------------------------------------

Path Group    From Clock    To Clock          WNS(ns)      TNS(ns)  TNS Failing Endpoints  TNS Total Endpoints      WHS(ns)      THS(ns)  THS Failing Endpoints  THS Total Endpoints  
----------    ----------    --------          -------      -------  ---------------------  -------------------      -------      -------  ---------------------  -------------------  


------------------------------------------------------------------------------------------------
| Timing Details
| --------------
------------------------------------------------------------------------------------------------


---------------------------------------------------------------------------------------------------
From Clock:  ap_clk
  To Clock:  ap_clk

Setup :            0  Failing Endpoints,  Worst Slack        2.117ns,  Total Violation        0.000ns
Hold  :            0  Failing Endpoints,  Worst Slack        0.053ns,  Total Violation        0.000ns
PW    :            0  Failing Endpoints,  Worst Slack        4.020ns,  Total Violation        0.000ns
---------------------------------------------------------------------------------------------------


Max Delay Paths
--------------------------------------------------------------------------------------
Slack (MET) :             2.117ns  (required time - arrival time)
  Source:                 ccGaussianFilterGKer_U0/grp_process_r_fu_18/ap_reg_pp0_iter4_win_2_2_load_reg_2231_reg[13]/C
                            (rising edge-triggered cell FDRE clocked by ap_clk  {rise@0.000ns fall@5.000ns period=10.000ns})
  Destination:            ccGaussianFilterGKer_U0/grp_process_r_fu_18/hipaccRun_mul_32shbi_U23/hipaccRun_mul_32shbi_MulnS_1_U/p_reg[9]/D
                            (rising edge-triggered cell FDRE clocked by ap_clk  {rise@0.000ns fall@5.000ns period=10.000ns})
  Path Group:             ap_clk
  Path Type:              Setup (Max at Slow Process Corner)
  Requirement:            10.000ns  (ap_clk rise@10.000ns - ap_clk rise@0.000ns)
  Data Path Delay:        7.742ns  (logic 4.359ns (56.302%)  route 3.383ns (43.698%))
  Logic Levels:           1  (DSP48E1=1)
  Clock Path Skew:        -0.047ns (DCD - SCD + CPR)
    Destination Clock Delay (DCD):    1.549ns = ( 11.549 - 10.000 ) 
    Source Clock Delay      (SCD):    1.711ns
    Clock Pessimism Removal (CPR):    0.115ns
  Clock Uncertainty:      0.035ns  ((TSJ^2 + TIJ^2)^1/2 + DJ) / 2 + PE
    Total System Jitter     (TSJ):    0.071ns
    Total Input Jitter      (TIJ):    0.000ns
    Discrete Jitter          (DJ):    0.000ns
    Phase Error              (PE):    0.000ns

    Location             Delay type                Incr(ns)  Path(ns)    Netlist Resource(s)
  -------------------------------------------------------------------    -------------------
                         (clock ap_clk rise edge)     0.000     0.000 r  
                                                      0.000     0.000 r  ap_clk (IN)
                         net (fo=2291, unset)         1.711     1.711    ccGaussianFilterGKer_U0/grp_process_r_fu_18/ap_clk
    SLICE_X58Y23         FDRE                                         r  ccGaussianFilterGKer_U0/grp_process_r_fu_18/ap_reg_pp0_iter4_win_2_2_load_reg_2231_reg[13]/C
  -------------------------------------------------------------------    -------------------
    SLICE_X58Y23         FDRE (Prop_fdre_C_Q)         0.518     2.229 r  ccGaussianFilterGKer_U0/grp_process_r_fu_18/ap_reg_pp0_iter4_win_2_2_load_reg_2231_reg[13]/Q
                         net (fo=1, routed)           1.623     3.852    ccGaussianFilterGKer_U0/grp_process_r_fu_18/hipaccRun_mul_32shbi_U23/hipaccRun_mul_32shbi_MulnS_1_U/Q[13]
    DSP48_X3Y8           DSP48E1 (Prop_dsp48e1_A[13]_P[9])
                                                      3.841     7.693 r  ccGaussianFilterGKer_U0/grp_process_r_fu_18/hipaccRun_mul_32shbi_U23/hipaccRun_mul_32shbi_MulnS_1_U/tmp_product/P[9]
                         net (fo=1, routed)           1.760     9.453    ccGaussianFilterGKer_U0/grp_process_r_fu_18/hipaccRun_mul_32shbi_U23/hipaccRun_mul_32shbi_MulnS_1_U/tmp_product_n_96
    SLICE_X64Y17         FDRE                                         r  ccGaussianFilterGKer_U0/grp_process_r_fu_18/hipaccRun_mul_32shbi_U23/hipaccRun_mul_32shbi_MulnS_1_U/p_reg[9]/D
  -------------------------------------------------------------------    -------------------

                         (clock ap_clk rise edge)    10.000    10.000 r  
                                                      0.000    10.000 r  ap_clk (IN)
                         net (fo=2291, unset)         1.549    11.549    ccGaussianFilterGKer_U0/grp_process_r_fu_18/hipaccRun_mul_32shbi_U23/hipaccRun_mul_32shbi_MulnS_1_U/ap_clk
    SLICE_X64Y17         FDRE                                         r  ccGaussianFilterGKer_U0/grp_process_r_fu_18/hipaccRun_mul_32shbi_U23/hipaccRun_mul_32shbi_MulnS_1_U/p_reg[9]/C
                         clock pessimism              0.115    11.664    
                         clock uncertainty           -0.035    11.629    
    SLICE_X64Y17         FDRE (Setup_fdre_C_D)       -0.058    11.571    ccGaussianFilterGKer_U0/grp_process_r_fu_18/hipaccRun_mul_32shbi_U23/hipaccRun_mul_32shbi_MulnS_1_U/p_reg[9]
  -------------------------------------------------------------------
                         required time                         11.571    
                         arrival time                          -9.453    
  -------------------------------------------------------------------
                         slack                                  2.117    





Min Delay Paths
--------------------------------------------------------------------------------------
Slack (MET) :             0.053ns  (arrival time - required time)
  Source:                 ccGaussianFilterGKer_U0/grp_process_r_fu_18/hipaccRun_mul_32sibs_U25/hipaccRun_mul_32sibs_MulnS_2_U/p_reg[0]/C
                            (rising edge-triggered cell FDRE clocked by ap_clk  {rise@0.000ns fall@5.000ns period=10.000ns})
  Destination:            ccGaussianFilterGKer_U0/grp_process_r_fu_18/tmp19_i_reg_2344_reg[0]/D
                            (rising edge-triggered cell FDRE clocked by ap_clk  {rise@0.000ns fall@5.000ns period=10.000ns})
  Path Group:             ap_clk
  Path Type:              Hold (Min at Fast Process Corner)
  Requirement:            0.000ns  (ap_clk rise@0.000ns - ap_clk rise@0.000ns)
  Data Path Delay:        0.380ns  (logic 0.141ns (37.080%)  route 0.239ns (62.920%))
  Logic Levels:           0  
  Clock Path Skew:        0.257ns (DCD - SCD - CPR)
    Destination Clock Delay (DCD):    0.820ns
    Source Clock Delay      (SCD):    0.558ns
    Clock Pessimism Removal (CPR):    0.005ns

    Location             Delay type                Incr(ns)  Path(ns)    Netlist Resource(s)
  -------------------------------------------------------------------    -------------------
                         (clock ap_clk rise edge)     0.000     0.000 r  
                                                      0.000     0.000 r  ap_clk (IN)
                         net (fo=2291, unset)         0.558     0.558    ccGaussianFilterGKer_U0/grp_process_r_fu_18/hipaccRun_mul_32sibs_U25/hipaccRun_mul_32sibs_MulnS_2_U/ap_clk
    SLICE_X44Y12         FDRE                                         r  ccGaussianFilterGKer_U0/grp_process_r_fu_18/hipaccRun_mul_32sibs_U25/hipaccRun_mul_32sibs_MulnS_2_U/p_reg[0]/C
  -------------------------------------------------------------------    -------------------
    SLICE_X44Y12         FDRE (Prop_fdre_C_Q)         0.141     0.699 r  ccGaussianFilterGKer_U0/grp_process_r_fu_18/hipaccRun_mul_32sibs_U25/hipaccRun_mul_32sibs_MulnS_2_U/p_reg[0]/Q
                         net (fo=1, routed)           0.239     0.938    ccGaussianFilterGKer_U0/grp_process_r_fu_18/hipaccRun_mul_32sibs_MulnS_2_U/p_reg_1[0]
    SLICE_X53Y12         FDRE                                         r  ccGaussianFilterGKer_U0/grp_process_r_fu_18/tmp19_i_reg_2344_reg[0]/D
  -------------------------------------------------------------------    -------------------

                         (clock ap_clk rise edge)     0.000     0.000 r  
                                                      0.000     0.000 r  ap_clk (IN)
                         net (fo=2291, unset)         0.820     0.820    ccGaussianFilterGKer_U0/grp_process_r_fu_18/ap_clk
    SLICE_X53Y12         FDRE                                         r  ccGaussianFilterGKer_U0/grp_process_r_fu_18/tmp19_i_reg_2344_reg[0]/C
                         clock pessimism             -0.005     0.815    
    SLICE_X53Y12         FDRE (Hold_fdre_C_D)         0.070     0.885    ccGaussianFilterGKer_U0/grp_process_r_fu_18/tmp19_i_reg_2344_reg[0]
  -------------------------------------------------------------------
                         required time                         -0.885    
                         arrival time                           0.938    
  -------------------------------------------------------------------
                         slack                                  0.053    





Pulse Width Checks
--------------------------------------------------------------------------------------
Clock Name:         ap_clk
Waveform(ns):       { 0.000 5.000 }
Period(ns):         10.000
Sources:            { ap_clk }

Check Type        Corner  Lib Pin             Reference Pin  Required(ns)  Actual(ns)  Slack(ns)  Location     Pin
Min Period        n/a     RAMB36E1/CLKARDCLK  n/a            2.944         10.000      7.056      RAMB36_X2Y3  ccGaussianFilterGKer_U0/grp_process_r_fu_18/lineBuff_0_U/process_r_lineBufbkb_ram_U/ram_reg/CLKARDCLK
Low Pulse Width   Fast    SRL16E/CLK          n/a            0.980         5.000       4.020      SLICE_X26Y8  ccGaussianFilterGKer_U0/grp_process_r_fu_18/ap_enable_reg_pp0_iter5_reg_srl2___ccGaussianFilterGKer_U0_grp_process_r_fu_18_ap_enable_reg_pp0_iter5_reg_r/CLK
High Pulse Width  Slow    SRL16E/CLK          n/a            0.980         5.000       4.020      SLICE_X26Y8  ccGaussianFilterGKer_U0/grp_process_r_fu_18/ap_enable_reg_pp0_iter5_reg_srl2___ccGaussianFilterGKer_U0_grp_process_r_fu_18_ap_enable_reg_pp0_iter5_reg_r/CLK



