Copyright 1986-2017 Xilinx, Inc. All Rights Reserved.
------------------------------------------------------------------------------------
| Tool Version : Vivado v.2017.2 (lin64) Build 1909853 Thu Jun 15 18:39:10 MDT 2017
| Date         : Sat Apr 14 19:35:35 2018
| Host         : codesign89 running 64-bit Ubuntu 14.04.5 LTS
| Command      : report_timing_summary -file ./report/hipaccRun_timing_routed.rpt
| Design       : hipaccRun
| Device       : 7z020-clg484
| Speed File   : -1  PRODUCTION 1.11 2014-09-11
------------------------------------------------------------------------------------

Timing Summary Report

------------------------------------------------------------------------------------------------
| Timer Settings
| --------------
------------------------------------------------------------------------------------------------

  Enable Multi Corner Analysis               :  Yes
  Enable Pessimism Removal                   :  Yes
  Pessimism Removal Resolution               :  Nearest Common Node
  Enable Input Delay Default Clock           :  No
  Enable Preset / Clear Arcs                 :  No
  Disable Flight Delays                      :  No
  Ignore I/O Paths                           :  No
  Timing Early Launch at Borrowing Latches   :  false

  Corner  Analyze    Analyze    
  Name    Max Paths  Min Paths  
  ------  ---------  ---------  
  Slow    Yes        Yes        
  Fast    Yes        Yes        



check_timing report

Table of Contents
-----------------
1. checking no_clock
2. checking constant_clock
3. checking pulse_width_clock
4. checking unconstrained_internal_endpoints
5. checking no_input_delay
6. checking no_output_delay
7. checking multiple_clock
8. checking generated_clocks
9. checking loops
10. checking partial_input_delay
11. checking partial_output_delay
12. checking latch_loops

1. checking no_clock
--------------------
 There are 0 register/latch pins with no clock.


2. checking constant_clock
--------------------------
 There are 0 register/latch pins with constant_clock.


3. checking pulse_width_clock
-----------------------------
 There are 0 register/latch pins which need pulse_width check


4. checking unconstrained_internal_endpoints
--------------------------------------------
 There are 0 pins that are not constrained for maximum delay.

 There are 0 pins that are not constrained for maximum delay due to constant clock.


5. checking no_input_delay
--------------------------
 There are 132 input ports with no input delay specified. (HIGH)

 There are 0 input ports with no input delay but user has a false path constraint.


6. checking no_output_delay
---------------------------
 There are 133 ports with no output delay specified. (HIGH)

 There are 0 ports with no output delay but user has a false path constraint

 There are 0 ports with no output delay but with a timing clock defined on it or propagating through it


7. checking multiple_clock
--------------------------
 There are 0 register/latch pins with multiple clocks.


8. checking generated_clocks
----------------------------
 There are 0 generated clocks that are not connected to a clock source.


9. checking loops
-----------------
 There are 0 combinational loops in the design.


10. checking partial_input_delay
--------------------------------
 There are 0 input ports with partial input delay specified.


11. checking partial_output_delay
---------------------------------
 There are 0 ports with partial output delay specified.


12. checking latch_loops
------------------------
 There are 0 combinational latch loops in the design through latch input



------------------------------------------------------------------------------------------------
| Design Timing Summary
| ---------------------
------------------------------------------------------------------------------------------------

    WNS(ns)      TNS(ns)  TNS Failing Endpoints  TNS Total Endpoints      WHS(ns)      THS(ns)  THS Failing Endpoints  THS Total Endpoints     WPWS(ns)     TPWS(ns)  TPWS Failing Endpoints  TPWS Total Endpoints  
    -------      -------  ---------------------  -------------------      -------      -------  ---------------------  -------------------     --------     --------  ----------------------  --------------------  
      1.490        0.000                      0                14075        0.030        0.000                      0                14075        4.020        0.000                       0                  5834  


All user specified timing constraints are met.


------------------------------------------------------------------------------------------------
| Clock Summary
| -------------
------------------------------------------------------------------------------------------------

Clock   Waveform(ns)       Period(ns)      Frequency(MHz)
-----   ------------       ----------      --------------
ap_clk  {0.000 5.000}      10.000          100.000         


------------------------------------------------------------------------------------------------
| Intra Clock Table
| -----------------
------------------------------------------------------------------------------------------------

Clock             WNS(ns)      TNS(ns)  TNS Failing Endpoints  TNS Total Endpoints      WHS(ns)      THS(ns)  THS Failing Endpoints  THS Total Endpoints     WPWS(ns)     TPWS(ns)  TPWS Failing Endpoints  TPWS Total Endpoints  
-----             -------      -------  ---------------------  -------------------      -------      -------  ---------------------  -------------------     --------     --------  ----------------------  --------------------  
ap_clk              1.490        0.000                      0                14075        0.030        0.000                      0                14075        4.020        0.000                       0                  5834  


------------------------------------------------------------------------------------------------
| Inter Clock Table
| -----------------
------------------------------------------------------------------------------------------------

From Clock    To Clock          WNS(ns)      TNS(ns)  TNS Failing Endpoints  TNS Total Endpoints      WHS(ns)      THS(ns)  THS Failing Endpoints  THS Total Endpoints  
----------    --------          -------      -------  ---------------------  -------------------      -------      -------  ---------------------  -------------------  


------------------------------------------------------------------------------------------------
| Other Path Groups Table
| -----------------------
------------------------------------------------------------------------------------------------

Path Group    From Clock    To Clock          WNS(ns)      TNS(ns)  TNS Failing Endpoints  TNS Total Endpoints      WHS(ns)      THS(ns)  THS Failing Endpoints  THS Total Endpoints  
----------    ----------    --------          -------      -------  ---------------------  -------------------      -------      -------  ---------------------  -------------------  


------------------------------------------------------------------------------------------------
| Timing Details
| --------------
------------------------------------------------------------------------------------------------


---------------------------------------------------------------------------------------------------
From Clock:  ap_clk
  To Clock:  ap_clk

Setup :            0  Failing Endpoints,  Worst Slack        1.490ns,  Total Violation        0.000ns
Hold  :            0  Failing Endpoints,  Worst Slack        0.030ns,  Total Violation        0.000ns
PW    :            0  Failing Endpoints,  Worst Slack        4.020ns,  Total Violation        0.000ns
---------------------------------------------------------------------------------------------------


Max Delay Paths
--------------------------------------------------------------------------------------
Slack (MET) :             1.490ns  (required time - arrival time)
  Source:                 ccGaussianFilterGKer_U0/grp_processVECT_fu_18/win_vect_4_2_1_fu_392_reg[3]/C
                            (rising edge-triggered cell FDRE clocked by ap_clk  {rise@0.000ns fall@5.000ns period=10.000ns})
  Destination:            ccGaussianFilterGKer_U0/grp_processVECT_fu_18/tmp6_i_1_reg_4462_reg[29]/D
                            (rising edge-triggered cell FDRE clocked by ap_clk  {rise@0.000ns fall@5.000ns period=10.000ns})
  Path Group:             ap_clk
  Path Type:              Setup (Max at Slow Process Corner)
  Requirement:            10.000ns  (ap_clk rise@10.000ns - ap_clk rise@0.000ns)
  Data Path Delay:        8.284ns  (logic 3.511ns (42.383%)  route 4.773ns (57.617%))
  Logic Levels:           13  (CARRY4=8 LUT3=2 LUT4=1 LUT5=1 LUT6=1)
  Clock Path Skew:        -0.253ns (DCD - SCD + CPR)
    Destination Clock Delay (DCD):    1.478ns = ( 11.478 - 10.000 ) 
    Source Clock Delay      (SCD):    1.731ns
    Clock Pessimism Removal (CPR):    0.000ns
  Clock Uncertainty:      0.035ns  ((TSJ^2 + TIJ^2)^1/2 + DJ) / 2 + PE
    Total System Jitter     (TSJ):    0.071ns
    Total Input Jitter      (TIJ):    0.000ns
    Discrete Jitter          (DJ):    0.000ns
    Phase Error              (PE):    0.000ns

    Location             Delay type                Incr(ns)  Path(ns)    Netlist Resource(s)
  -------------------------------------------------------------------    -------------------
                         (clock ap_clk rise edge)     0.000     0.000 r  
                                                      0.000     0.000 r  ap_clk (IN)
                         net (fo=5833, unset)         1.731     1.731    ccGaussianFilterGKer_U0/grp_processVECT_fu_18/ap_clk
    SLICE_X66Y42         FDRE                                         r  ccGaussianFilterGKer_U0/grp_processVECT_fu_18/win_vect_4_2_1_fu_392_reg[3]/C
  -------------------------------------------------------------------    -------------------
    SLICE_X66Y42         FDRE (Prop_fdre_C_Q)         0.518     2.249 r  ccGaussianFilterGKer_U0/grp_processVECT_fu_18/win_vect_4_2_1_fu_392_reg[3]/Q
                         net (fo=5, routed)           1.887     4.136    ccGaussianFilterGKer_U0/grp_processVECT_fu_18/win_vect_4_2_1_fu_392[3]
    SLICE_X48Y51         LUT3 (Prop_lut3_I2_O)        0.149     4.285 r  ccGaussianFilterGKer_U0/grp_processVECT_fu_18/tmp6_i_1_reg_4462[11]_i_19/O
                         net (fo=2, routed)           0.601     4.886    ccGaussianFilterGKer_U0/grp_processVECT_fu_18/tmp6_i_1_reg_4462[11]_i_19_n_0
    SLICE_X48Y52         LUT4 (Prop_lut4_I3_O)        0.332     5.218 r  ccGaussianFilterGKer_U0/grp_processVECT_fu_18/tmp6_i_1_reg_4462[11]_i_23/O
                         net (fo=1, routed)           0.000     5.218    ccGaussianFilterGKer_U0/grp_processVECT_fu_18/tmp6_i_1_reg_4462[11]_i_23_n_0
    SLICE_X48Y52         CARRY4 (Prop_carry4_S[0]_CO[3])
                                                      0.532     5.750 r  ccGaussianFilterGKer_U0/grp_processVECT_fu_18/tmp6_i_1_reg_4462_reg[11]_i_13/CO[3]
                         net (fo=1, routed)           0.000     5.750    ccGaussianFilterGKer_U0/grp_processVECT_fu_18/tmp6_i_1_reg_4462_reg[11]_i_13_n_0
    SLICE_X48Y53         CARRY4 (Prop_carry4_CI_CO[3])
                                                      0.114     5.864 r  ccGaussianFilterGKer_U0/grp_processVECT_fu_18/tmp6_i_1_reg_4462_reg[15]_i_13/CO[3]
                         net (fo=1, routed)           0.000     5.864    ccGaussianFilterGKer_U0/grp_processVECT_fu_18/tmp6_i_1_reg_4462_reg[15]_i_13_n_0
    SLICE_X48Y54         CARRY4 (Prop_carry4_CI_O[2])
                                                      0.239     6.103 r  ccGaussianFilterGKer_U0/grp_processVECT_fu_18/tmp6_i_1_reg_4462_reg[19]_i_13/O[2]
                         net (fo=3, routed)           1.016     7.119    ccGaussianFilterGKer_U0/grp_processVECT_fu_18/tmp6_i_1_reg_4462_reg[19]_i_13_n_5
    SLICE_X38Y52         LUT3 (Prop_lut3_I2_O)        0.302     7.421 r  ccGaussianFilterGKer_U0/grp_processVECT_fu_18/tmp6_i_1_reg_4462[15]_i_10/O
                         net (fo=2, routed)           0.683     8.104    ccGaussianFilterGKer_U0/grp_processVECT_fu_18/tmp6_i_1_reg_4462[15]_i_10_n_0
    SLICE_X38Y52         LUT5 (Prop_lut5_I1_O)        0.124     8.228 r  ccGaussianFilterGKer_U0/grp_processVECT_fu_18/tmp6_i_1_reg_4462[15]_i_2/O
                         net (fo=2, routed)           0.586     8.814    ccGaussianFilterGKer_U0/grp_processVECT_fu_18/tmp6_i_1_reg_4462[15]_i_2_n_0
    SLICE_X39Y52         LUT6 (Prop_lut6_I0_O)        0.124     8.938 r  ccGaussianFilterGKer_U0/grp_processVECT_fu_18/tmp6_i_1_reg_4462[15]_i_6/O
                         net (fo=1, routed)           0.000     8.938    ccGaussianFilterGKer_U0/grp_processVECT_fu_18/tmp6_i_1_reg_4462[15]_i_6_n_0
    SLICE_X39Y52         CARRY4 (Prop_carry4_S[3]_CO[3])
                                                      0.401     9.339 r  ccGaussianFilterGKer_U0/grp_processVECT_fu_18/tmp6_i_1_reg_4462_reg[15]_i_1/CO[3]
                         net (fo=1, routed)           0.000     9.339    ccGaussianFilterGKer_U0/grp_processVECT_fu_18/tmp6_i_1_reg_4462_reg[15]_i_1_n_0
    SLICE_X39Y53         CARRY4 (Prop_carry4_CI_CO[3])
                                                      0.114     9.453 r  ccGaussianFilterGKer_U0/grp_processVECT_fu_18/tmp6_i_1_reg_4462_reg[19]_i_1/CO[3]
                         net (fo=1, routed)           0.000     9.453    ccGaussianFilterGKer_U0/grp_processVECT_fu_18/tmp6_i_1_reg_4462_reg[19]_i_1_n_0
    SLICE_X39Y54         CARRY4 (Prop_carry4_CI_CO[3])
                                                      0.114     9.567 r  ccGaussianFilterGKer_U0/grp_processVECT_fu_18/tmp6_i_1_reg_4462_reg[23]_i_1/CO[3]
                         net (fo=1, routed)           0.000     9.567    ccGaussianFilterGKer_U0/grp_processVECT_fu_18/tmp6_i_1_reg_4462_reg[23]_i_1_n_0
    SLICE_X39Y55         CARRY4 (Prop_carry4_CI_CO[3])
                                                      0.114     9.681 r  ccGaussianFilterGKer_U0/grp_processVECT_fu_18/tmp6_i_1_reg_4462_reg[27]_i_1/CO[3]
                         net (fo=1, routed)           0.000     9.681    ccGaussianFilterGKer_U0/grp_processVECT_fu_18/tmp6_i_1_reg_4462_reg[27]_i_1_n_0
    SLICE_X39Y56         CARRY4 (Prop_carry4_CI_O[1])
                                                      0.334    10.015 r  ccGaussianFilterGKer_U0/grp_processVECT_fu_18/tmp6_i_1_reg_4462_reg[31]_i_1/O[1]
                         net (fo=1, routed)           0.000    10.015    ccGaussianFilterGKer_U0/grp_processVECT_fu_18/tmp6_i_1_fu_3011_p2[29]
    SLICE_X39Y56         FDRE                                         r  ccGaussianFilterGKer_U0/grp_processVECT_fu_18/tmp6_i_1_reg_4462_reg[29]/D
  -------------------------------------------------------------------    -------------------

                         (clock ap_clk rise edge)    10.000    10.000 r  
                                                      0.000    10.000 r  ap_clk (IN)
                         net (fo=5833, unset)         1.478    11.478    ccGaussianFilterGKer_U0/grp_processVECT_fu_18/ap_clk
    SLICE_X39Y56         FDRE                                         r  ccGaussianFilterGKer_U0/grp_processVECT_fu_18/tmp6_i_1_reg_4462_reg[29]/C
                         clock pessimism              0.000    11.478    
                         clock uncertainty           -0.035    11.443    
    SLICE_X39Y56         FDRE (Setup_fdre_C_D)        0.062    11.505    ccGaussianFilterGKer_U0/grp_processVECT_fu_18/tmp6_i_1_reg_4462_reg[29]
  -------------------------------------------------------------------
                         required time                         11.505    
                         arrival time                         -10.015    
  -------------------------------------------------------------------
                         slack                                  1.490    





Min Delay Paths
--------------------------------------------------------------------------------------
Slack (MET) :             0.030ns  (arrival time - required time)
  Source:                 ccGaussianFilterGKer_U0/grp_processVECT_fu_18/win_1_2_V_fu_184_reg[45]/C
                            (rising edge-triggered cell FDRE clocked by ap_clk  {rise@0.000ns fall@5.000ns period=10.000ns})
  Destination:            ccGaussianFilterGKer_U0/grp_processVECT_fu_18/win_vect_4_3_1_fu_236_reg[18]/D
                            (rising edge-triggered cell FDRE clocked by ap_clk  {rise@0.000ns fall@5.000ns period=10.000ns})
  Path Group:             ap_clk
  Path Type:              Hold (Min at Fast Process Corner)
  Requirement:            0.000ns  (ap_clk rise@0.000ns - ap_clk rise@0.000ns)
  Data Path Delay:        0.384ns  (logic 0.226ns (58.842%)  route 0.158ns (41.158%))
  Logic Levels:           1  (LUT6=1)
  Clock Path Skew:        0.263ns (DCD - SCD - CPR)
    Destination Clock Delay (DCD):    0.848ns
    Source Clock Delay      (SCD):    0.585ns
    Clock Pessimism Removal (CPR):    -0.000ns

    Location             Delay type                Incr(ns)  Path(ns)    Netlist Resource(s)
  -------------------------------------------------------------------    -------------------
                         (clock ap_clk rise edge)     0.000     0.000 r  
                                                      0.000     0.000 r  ap_clk (IN)
                         net (fo=5833, unset)         0.585     0.585    ccGaussianFilterGKer_U0/grp_processVECT_fu_18/ap_clk
    SLICE_X61Y49         FDRE                                         r  ccGaussianFilterGKer_U0/grp_processVECT_fu_18/win_1_2_V_fu_184_reg[45]/C
  -------------------------------------------------------------------    -------------------
    SLICE_X61Y49         FDRE (Prop_fdre_C_Q)         0.128     0.713 r  ccGaussianFilterGKer_U0/grp_processVECT_fu_18/win_1_2_V_fu_184_reg[45]/Q
                         net (fo=3, routed)           0.158     0.871    ccGaussianFilterGKer_U0/grp_processVECT_fu_18/win_1_2_V_fu_184[45]
    SLICE_X63Y50         LUT6 (Prop_lut6_I3_O)        0.098     0.969 r  ccGaussianFilterGKer_U0/grp_processVECT_fu_18/win_vect_4_3_1_fu_236[18]_i_1/O
                         net (fo=1, routed)           0.000     0.969    ccGaussianFilterGKer_U0/grp_processVECT_fu_18/win_4_2_V_1_fu_1559_p3[45]
    SLICE_X63Y50         FDRE                                         r  ccGaussianFilterGKer_U0/grp_processVECT_fu_18/win_vect_4_3_1_fu_236_reg[18]/D
  -------------------------------------------------------------------    -------------------

                         (clock ap_clk rise edge)     0.000     0.000 r  
                                                      0.000     0.000 r  ap_clk (IN)
                         net (fo=5833, unset)         0.848     0.848    ccGaussianFilterGKer_U0/grp_processVECT_fu_18/ap_clk
    SLICE_X63Y50         FDRE                                         r  ccGaussianFilterGKer_U0/grp_processVECT_fu_18/win_vect_4_3_1_fu_236_reg[18]/C
                         clock pessimism              0.000     0.848    
    SLICE_X63Y50         FDRE (Hold_fdre_C_D)         0.091     0.939    ccGaussianFilterGKer_U0/grp_processVECT_fu_18/win_vect_4_3_1_fu_236_reg[18]
  -------------------------------------------------------------------
                         required time                         -0.939    
                         arrival time                           0.969    
  -------------------------------------------------------------------
                         slack                                  0.030    





Pulse Width Checks
--------------------------------------------------------------------------------------
Clock Name:         ap_clk
Waveform(ns):       { 0.000 5.000 }
Period(ns):         10.000
Sources:            { ap_clk }

Check Type        Corner  Lib Pin             Reference Pin  Required(ns)  Actual(ns)  Slack(ns)  Location      Pin
Min Period        n/a     RAMB36E1/CLKARDCLK  n/a            2.944         10.000      7.056      RAMB36_X3Y10  ccGaussianFilterGKer_U0/grp_processVECT_fu_18/lineBuff_0_V_U/processVECT_lineBbkb_ram_U/ram_reg_0/CLKARDCLK
Low Pulse Width   Slow    SRL16E/CLK          n/a            0.980         5.000       4.020      SLICE_X46Y36  ccGaussianFilterGKer_U0/grp_processVECT_fu_18/ap_enable_reg_pp0_iter5_reg_srl2___ccGaussianFilterGKer_U0_grp_processVECT_fu_18_ap_enable_reg_pp0_iter5_reg_r/CLK
High Pulse Width  Slow    SRL16E/CLK          n/a            0.980         5.000       4.020      SLICE_X46Y36  ccGaussianFilterGKer_U0/grp_processVECT_fu_18/ap_enable_reg_pp0_iter5_reg_srl2___ccGaussianFilterGKer_U0_grp_processVECT_fu_18_ap_enable_reg_pp0_iter5_reg_r/CLK



