

================================================================
== Vivado HLS Report for 'processVECT'
================================================================
* Date:           Sat Apr 14 19:32:48 2018

* Version:        2017.2 (Build 1909853 on Thu Jun 15 18:55:24 MDT 2017)
* Project:        hipacc_project
* Solution:       solution1
* Product family: zynq
* Target device:  xc7z020clg484-1


================================================================
== Performance Estimates
================================================================
+ Timing (ns): 
    * Summary: 
    +--------+-------+----------+------------+
    |  Clock | Target| Estimated| Uncertainty|
    +--------+-------+----------+------------+
    |ap_clk  |  10.00|      8.35|        1.25|
    +--------+-------+----------+------------+

+ Latency (clock cycles): 
    * Summary: 
    +--------+--------+--------+--------+---------+
    |     Latency     |     Interval    | Pipeline|
    |   min  |   max  |   min  |   max  |   Type  |
    +--------+--------+--------+--------+---------+
    |  263691|  263691|  263691|  263691|   none  |
    +--------+--------+--------+--------+---------+

    + Detail: 
        * Instance: 
        N/A

        * Loop: 
        +---------------------+--------+--------+----------+-----------+-----------+--------+----------+
        |                     |     Latency     | Iteration|  Initiation Interval  |  Trip  |          |
        |      Loop Name      |   min  |   max  |  Latency |  achieved |   target  |  Count | Pipelined|
        +---------------------+--------+--------+----------+-----------+-----------+--------+----------+
        |- IMG_ROWS_IMG_COLS  |  263689|  263689|         9|          1|          1|  263682|    yes   |
        +---------------------+--------+--------+----------+-----------+-----------+--------+----------+



================================================================
== Utilization Estimates
================================================================
* Summary: 
+-----------------+---------+-------+--------+-------+
|       Name      | BRAM_18K| DSP48E|   FF   |  LUT  |
+-----------------+---------+-------+--------+-------+
|DSP              |        -|      -|       -|      -|
|Expression       |        -|      -|    6807|  13508|
|FIFO             |        -|      -|       -|      -|
|Instance         |        -|     96|    4970|   1470|
|Memory           |       16|      -|       0|      0|
|Multiplexer      |        -|      -|       -|    231|
|Register         |        -|      -|    7456|    160|
+-----------------+---------+-------+--------+-------+
|Total            |       16|     96|   19233|  15369|
+-----------------+---------+-------+--------+-------+
|Available        |      280|    220|  106400|  53200|
+-----------------+---------+-------+--------+-------+
|Utilization (%)  |        5|     43|      18|     28|
+-----------------+---------+-------+--------+-------+

+ Detail: 
    * Instance: 
    +--------------------------+----------------------+---------+-------+-----+----+
    |         Instance         |        Module        | BRAM_18K| DSP48E|  FF | LUT|
    +--------------------------+----------------------+---------+-------+-----+----+
    |hipaccRun_mul_32shbi_U11  |hipaccRun_mul_32shbi  |        0|      4|  165|  50|
    |hipaccRun_mul_32shbi_U12  |hipaccRun_mul_32shbi  |        0|      4|  165|  50|
    |hipaccRun_mul_32shbi_U13  |hipaccRun_mul_32shbi  |        0|      4|  165|  50|
    |hipaccRun_mul_32shbi_U14  |hipaccRun_mul_32shbi  |        0|      4|  165|  50|
    |hipaccRun_mul_32shbi_U17  |hipaccRun_mul_32shbi  |        0|      4|  165|  50|
    |hipaccRun_mul_32shbi_U18  |hipaccRun_mul_32shbi  |        0|      4|  165|  50|
    |hipaccRun_mul_32shbi_U23  |hipaccRun_mul_32shbi  |        0|      4|  165|  50|
    |hipaccRun_mul_32shbi_U24  |hipaccRun_mul_32shbi  |        0|      4|  165|  50|
    |hipaccRun_mul_32sibs_U15  |hipaccRun_mul_32sibs  |        0|      4|  165|  50|
    |hipaccRun_mul_32sibs_U21  |hipaccRun_mul_32sibs  |        0|      4|  165|  50|
    |hipaccRun_mul_32sibs_U27  |hipaccRun_mul_32sibs  |        0|      4|  165|  50|
    |hipaccRun_mul_32sibs_U31  |hipaccRun_mul_32sibs  |        0|      4|  165|  50|
    |hipaccRun_mul_32sjbC_U16  |hipaccRun_mul_32sjbC  |        0|      4|  165|  50|
    |hipaccRun_mul_32sjbC_U19  |hipaccRun_mul_32sjbC  |        0|      4|  165|  50|
    |hipaccRun_mul_32sjbC_U22  |hipaccRun_mul_32sjbC  |        0|      4|  165|  50|
    |hipaccRun_mul_32sjbC_U25  |hipaccRun_mul_32sjbC  |        0|      4|  165|  50|
    |hipaccRun_mul_32sjbC_U28  |hipaccRun_mul_32sjbC  |        0|      4|  165|  50|
    |hipaccRun_mul_32sjbC_U29  |hipaccRun_mul_32sjbC  |        0|      4|  165|  50|
    |hipaccRun_mul_32sjbC_U32  |hipaccRun_mul_32sjbC  |        0|      4|  165|  50|
    |hipaccRun_mul_32sjbC_U33  |hipaccRun_mul_32sjbC  |        0|      4|  165|  50|
    |hipaccRun_mul_32skbM_U20  |hipaccRun_mul_32skbM  |        0|      4|  165|  50|
    |hipaccRun_mul_32skbM_U26  |hipaccRun_mul_32skbM  |        0|      4|  165|  50|
    |hipaccRun_mul_32skbM_U30  |hipaccRun_mul_32skbM  |        0|      4|  165|  50|
    |hipaccRun_mul_32skbM_U34  |hipaccRun_mul_32skbM  |        0|      4|  165|  50|
    |hipaccRun_mux_53_g8j_U6   |hipaccRun_mux_53_g8j  |        0|      0|  101|  27|
    |hipaccRun_mux_53_g8j_U7   |hipaccRun_mux_53_g8j  |        0|      0|  101|  27|
    |hipaccRun_mux_53_g8j_U8   |hipaccRun_mux_53_g8j  |        0|      0|  101|  27|
    |hipaccRun_mux_53_g8j_U9   |hipaccRun_mux_53_g8j  |        0|      0|  101|  27|
    |hipaccRun_mux_53_g8j_U10  |hipaccRun_mux_53_g8j  |        0|      0|  101|  27|
    |hipaccRun_mux_83_fYi_U1   |hipaccRun_mux_83_fYi  |        0|      0|  101|  27|
    |hipaccRun_mux_83_fYi_U2   |hipaccRun_mux_83_fYi  |        0|      0|  101|  27|
    |hipaccRun_mux_83_fYi_U3   |hipaccRun_mux_83_fYi  |        0|      0|  101|  27|
    |hipaccRun_mux_83_fYi_U4   |hipaccRun_mux_83_fYi  |        0|      0|  101|  27|
    |hipaccRun_mux_83_fYi_U5   |hipaccRun_mux_83_fYi  |        0|      0|  101|  27|
    +--------------------------+----------------------+---------+-------+-----+----+
    |Total                     |                      |        0|     96| 4970|1470|
    +--------------------------+----------------------+---------+-------+-----+----+

    * DSP48: 
    N/A

    * Memory: 
    +----------------+----------------------+---------+---+----+------+-----+------+-------------+
    |     Memory     |        Module        | BRAM_18K| FF| LUT| Words| Bits| Banks| W*Bits*Banks|
    +----------------+----------------------+---------+---+----+------+-----+------+-------------+
    |lineBuff_0_V_U  |processVECT_lineBbkb  |        4|  0|   0|   256|  128|     1|        32768|
    |lineBuff_1_V_U  |processVECT_lineBbkb  |        4|  0|   0|   256|  128|     1|        32768|
    |lineBuff_2_V_U  |processVECT_lineBbkb  |        4|  0|   0|   256|  128|     1|        32768|
    |lineBuff_3_V_U  |processVECT_lineBbkb  |        4|  0|   0|   256|  128|     1|        32768|
    +----------------+----------------------+---------+---+----+------+-----+------+-------------+
    |Total           |                      |       16|  0|   0|  1024|  512|     4|       131072|
    +----------------+----------------------+---------+---+----+------+-----+------+-------------+

    * FIFO: 
    N/A

    * Expression: 
    +-----------------------------------+----------+-------+-----+-----+------------+------------+
    |           Variable Name           | Operation| DSP48E|  FF | LUT | Bitwidth P0| Bitwidth P1|
    +-----------------------------------+----------+-------+-----+-----+------------+------------+
    |col_fu_840_p2                      |     +    |      0|   38|   16|          11|           3|
    |colv_1_fu_846_p2                   |     +    |      0|   32|   14|           9|           1|
    |indvar_flatten_next_fu_668_p2      |     +    |      0|   62|   24|           1|          19|
    |p_tmp0_1_fu_3609_p2                |     +    |      0|    0|   32|          32|          32|
    |p_tmp0_2_fu_3547_p2                |     +    |      0|    0|   32|          32|          32|
    |p_tmp0_3_fu_3571_p2                |     +    |      0|    0|   32|          32|          32|
    |p_tmp0_fu_3590_p2                  |     +    |      0|    0|   32|          32|          32|
    |phitmp5_fu_630_p2                  |     +    |      0|   14|    9|           3|           3|
    |phitmp5_mid1_fu_770_p2             |     +    |      0|   14|    9|           3|           3|
    |phitmp_fu_857_p2                   |     +    |      0|    0|   32|           3|           3|
    |phitmp_mid1_fu_926_p2              |     +    |      0|    0|   32|           3|           3|
    |row_fu_696_p2                      |     +    |      0|   38|   16|           1|          11|
    |tmp10_fu_2957_p2                   |     +    |      0|    0|   32|          32|          32|
    |tmp10_i_1_fu_3029_p2               |     +    |      0|    0|   32|          32|          32|
    |tmp10_i_2_fu_3107_p2               |     +    |      0|    0|   32|          32|          32|
    |tmp10_i_3_fu_3221_p2               |     +    |      0|    0|   32|          32|          32|
    |tmp10_i_fu_2951_p2                 |     +    |      0|    0|   32|          32|          32|
    |tmp11_fu_2963_p2                   |     +    |      0|  101|   37|          32|          32|
    |tmp12_fu_3350_p2                   |     +    |      0|    0|   32|          32|          32|
    |tmp13_fu_3355_p2                   |     +    |      0|  101|   37|          32|          32|
    |tmp14_fu_3365_p2                   |     +    |      0|    0|   32|          32|          32|
    |tmp14_i_1_fu_3047_p2               |     +    |      0|    0|   32|          32|          32|
    |tmp14_i_2_fu_3125_p2               |     +    |      0|    0|   32|          32|          32|
    |tmp14_i_3_fu_3239_p2               |     +    |      0|    0|   32|          32|          32|
    |tmp14_i_fu_2969_p2                 |     +    |      0|    0|   32|          32|          32|
    |tmp15_fu_3370_p2                   |     +    |      0|  101|   37|          32|          32|
    |tmp16_fu_3521_p2                   |     +    |      0|  101|   37|          32|          32|
    |tmp17_fu_3577_p2                   |     +    |      0|    0|   32|          32|          32|
    |tmp18_fu_3581_p2                   |     +    |      0|    0|   32|          32|          32|
    |tmp18_i_1_fu_3399_p2               |     +    |      0|    0|   32|          32|          32|
    |tmp18_i_2_fu_3143_p2               |     +    |      0|    0|   32|          32|          32|
    |tmp18_i_3_fu_3257_p2               |     +    |      0|    0|   32|          32|          32|
    |tmp18_i_fu_3359_p2                 |     +    |      0|    0|   32|          32|          32|
    |tmp19_fu_3585_p2                   |     +    |      0|    0|   32|          32|          32|
    |tmp1_fu_852_p2                     |     +    |      0|    0|   32|           2|           3|
    |tmp1_mid1_fu_920_p2                |     +    |      0|    0|   32|           2|           3|
    |tmp20_fu_2975_p2                   |     +    |      0|  101|   37|          32|          32|
    |tmp21_fu_2981_p2                   |     +    |      0|  101|   37|          32|          32|
    |tmp22_fu_2987_p2                   |     +    |      0|    0|   32|          32|          32|
    |tmp22_i_1_fu_3415_p2               |     +    |      0|    0|   32|          32|          32|
    |tmp22_i_2_fu_3161_p2               |     +    |      0|    0|   32|          32|          32|
    |tmp22_i_3_fu_3275_p2               |     +    |      0|    0|   32|          32|          32|
    |tmp22_i_fu_3375_p2                 |     +    |      0|    0|   32|          32|          32|
    |tmp23_fu_2993_p2                   |     +    |      0|    0|   32|          32|          32|
    |tmp24_fu_2999_p2                   |     +    |      0|  101|   37|          32|          32|
    |tmp25_fu_3005_p2                   |     +    |      0|    0|   32|          32|          32|
    |tmp26_fu_3017_p2                   |     +    |      0|    0|   32|          32|          32|
    |tmp27_fu_3023_p2                   |     +    |      0|  101|   37|          32|          32|
    |tmp28_fu_3035_p2                   |     +    |      0|    0|   32|          32|          32|
    |tmp29_fu_3041_p2                   |     +    |      0|  101|   37|          32|          32|
    |tmp2_fu_3302_p2                    |     +    |      0|  101|   37|          32|          32|
    |tmp30_fu_3391_p2                   |     +    |      0|    0|   32|          32|          32|
    |tmp31_fu_3395_p2                   |     +    |      0|  101|   37|          32|          32|
    |tmp32_fu_3405_p2                   |     +    |      0|    0|   32|          32|          32|
    |tmp33_fu_3410_p2                   |     +    |      0|  101|   37|          32|          32|
    |tmp34_fu_3525_p2                   |     +    |      0|  101|   37|          32|          32|
    |tmp35_fu_3596_p2                   |     +    |      0|    0|   32|          32|          32|
    |tmp36_fu_3600_p2                   |     +    |      0|    0|   32|          32|          32|
    |tmp37_fu_3604_p2                   |     +    |      0|    0|   32|          32|          32|
    |tmp38_fu_3053_p2                   |     +    |      0|  101|   37|          32|          32|
    |tmp39_fu_3059_p2                   |     +    |      0|  101|   37|          32|          32|
    |tmp3_fu_3307_p2                    |     +    |      0|  101|   37|          32|          32|
    |tmp40_fu_3065_p2                   |     +    |      0|    0|   32|          32|          32|
    |tmp41_fu_3071_p2                   |     +    |      0|    0|   32|          32|          32|
    |tmp42_fu_3077_p2                   |     +    |      0|  101|   37|          32|          32|
    |tmp43_fu_3083_p2                   |     +    |      0|    0|   32|          32|          32|
    |tmp44_fu_3095_p2                   |     +    |      0|    0|   32|          32|          32|
    |tmp45_fu_3101_p2                   |     +    |      0|  101|   37|          32|          32|
    |tmp46_fu_3113_p2                   |     +    |      0|    0|   32|          32|          32|
    |tmp47_fu_3119_p2                   |     +    |      0|  101|   37|          32|          32|
    |tmp48_fu_3131_p2                   |     +    |      0|    0|   32|          32|          32|
    |tmp49_fu_3137_p2                   |     +    |      0|  101|   37|          32|          32|
    |tmp4_fu_3312_p2                    |     +    |      0|    0|   32|          32|          32|
    |tmp50_fu_3149_p2                   |     +    |      0|    0|   32|          32|          32|
    |tmp51_fu_3155_p2                   |     +    |      0|  101|   37|          32|          32|
    |tmp52_fu_3529_p2                   |     +    |      0|  101|   37|          32|          32|
    |tmp53_fu_3533_p2                   |     +    |      0|    0|   32|          32|          32|
    |tmp54_fu_3538_p2                   |     +    |      0|    0|   32|          32|          32|
    |tmp55_fu_3542_p2                   |     +    |      0|    0|   32|          32|          32|
    |tmp56_fu_3167_p2                   |     +    |      0|  101|   37|          32|          32|
    |tmp57_fu_3173_p2                   |     +    |      0|  101|   37|          32|          32|
    |tmp58_fu_3179_p2                   |     +    |      0|    0|   32|          32|          32|
    |tmp59_fu_3185_p2                   |     +    |      0|    0|   32|          32|          32|
    |tmp5_fu_3318_p2                    |     +    |      0|    0|   32|          32|          32|
    |tmp60_fu_3191_p2                   |     +    |      0|  101|   37|          32|          32|
    |tmp61_fu_3197_p2                   |     +    |      0|    0|   32|          32|          32|
    |tmp62_fu_3209_p2                   |     +    |      0|    0|   32|          32|          32|
    |tmp63_fu_3215_p2                   |     +    |      0|  101|   37|          32|          32|
    |tmp64_fu_3227_p2                   |     +    |      0|    0|   32|          32|          32|
    |tmp65_fu_3233_p2                   |     +    |      0|  101|   37|          32|          32|
    |tmp66_fu_3245_p2                   |     +    |      0|    0|   32|          32|          32|
    |tmp67_fu_3251_p2                   |     +    |      0|  101|   37|          32|          32|
    |tmp68_fu_3263_p2                   |     +    |      0|    0|   32|          32|          32|
    |tmp69_fu_3269_p2                   |     +    |      0|  101|   37|          32|          32|
    |tmp6_fu_3323_p2                    |     +    |      0|  101|   37|          32|          32|
    |tmp6_i_1_fu_3011_p2                |     +    |      0|    0|   32|          32|          32|
    |tmp6_i_2_fu_3089_p2                |     +    |      0|    0|   32|          32|          32|
    |tmp6_i_3_fu_3203_p2                |     +    |      0|    0|   32|          32|          32|
    |tmp6_i_fu_3334_p2                  |     +    |      0|    0|   32|          32|          32|
    |tmp70_fu_3553_p2                   |     +    |      0|  101|   37|          32|          32|
    |tmp71_fu_3557_p2                   |     +    |      0|    0|   32|          32|          32|
    |tmp72_fu_3562_p2                   |     +    |      0|    0|   32|          32|          32|
    |tmp73_fu_3566_p2                   |     +    |      0|    0|   32|          32|          32|
    |tmp7_fu_3328_p2                    |     +    |      0|    0|   32|          32|          32|
    |tmp8_fu_2939_p2                    |     +    |      0|    0|   32|          32|          32|
    |tmp9_fu_2945_p2                    |     +    |      0|  101|   37|          32|          32|
    |border_0_1_fu_1086_p2              |     -    |      0|   38|   16|           3|          11|
    |border_2_0_cast_fu_584_p2          |     -    |      0|   17|    9|           4|           3|
    |border_2_0_cast_mid1_fu_915_p2     |     -    |      0|   17|    9|           4|           3|
    |grp_fu_2454_p2                     |     -    |      0|   29|   13|           8|           8|
    |grp_fu_2543_p2                     |     -    |      0|   29|   13|           8|           8|
    |grp_fu_2650_p2                     |     -    |      0|   29|   13|           8|           8|
    |grp_fu_2739_p2                     |     -    |      0|   29|   13|           8|           8|
    |tmp_115_fu_2765_p2                 |     -    |      0|   29|   13|           7|           8|
    |tmp_40_3_3_fu_636_p2               |     -    |      0|   38|   16|           2|          11|
    |tmp_40_3_3_mid1_fu_776_p2          |     -    |      0|   38|   16|           2|          11|
    |tmp_47_fu_2480_p2                  |     -    |      0|   29|   13|           7|           8|
    |tmp_64_fu_2569_p2                  |     -    |      0|   29|   13|           7|           8|
    |tmp_75_fu_1650_p2                  |     -    |      0|   29|   13|           8|           8|
    |tmp_77_fu_1662_p2                  |     -    |      0|   29|   13|           8|           8|
    |tmp_81_fu_1692_p2                  |     -    |      0|   29|   13|           7|           8|
    |tmp_98_fu_2676_p2                  |     -    |      0|   29|   13|           7|           8|
    |ap_block_state10_pp0_stage0_iter8  |    and   |      0|    0|    2|           1|           1|
    |ap_block_state3_pp0_stage0_iter1   |    and   |      0|    0|    2|           1|           1|
    |ap_condition_2521                  |    and   |      0|    0|    2|           1|           1|
    |ap_predicate_op175_read_state3     |    and   |      0|    0|    2|           1|           1|
    |or_cond1_fu_1107_p2                |    and   |      0|    0|    2|           1|           1|
    |or_cond2_fu_1080_p2                |    and   |      0|    0|    2|           1|           1|
    |or_cond3_fu_574_p2                 |    and   |      0|    0|    2|           1|           1|
    |or_cond3_mid1_fu_742_p2            |    and   |      0|    0|    2|           1|           1|
    |or_cond_fu_1144_p2                 |    and   |      0|    0|    2|           1|           1|
    |tmp_103_fu_2702_p2                 |    and   |      0|    0|  128|         128|         128|
    |tmp_120_fu_2791_p2                 |    and   |      0|    0|  128|         128|         128|
    |tmp_52_fu_2506_p2                  |    and   |      0|    0|  128|         128|         128|
    |tmp_69_fu_2595_p2                  |    and   |      0|    0|  128|         128|         128|
    |tmp_86_fu_2614_p2                  |    and   |      0|    0|  128|         128|         128|
    |exitcond_flatten_fu_662_p2         |   icmp   |      0|    0|   13|          19|          19|
    |exitcond_fu_674_p2                 |   icmp   |      0|    0|    5|           9|           9|
    |icmp1_fu_568_p2                    |   icmp   |      0|    0|    5|           9|           1|
    |icmp2_fu_600_p2                    |   icmp   |      0|    0|    1|           2|           1|
    |icmp3_fu_712_p2                    |   icmp   |      0|    0|    5|          10|           1|
    |icmp4_fu_736_p2                    |   icmp   |      0|    0|    5|           9|           1|
    |icmp5_fu_949_p2                    |   icmp   |      0|    0|    1|           2|           1|
    |icmp6_fu_1059_p2                   |   icmp   |      0|    0|    5|          10|           1|
    |icmp7_fu_1074_p2                   |   icmp   |      0|    0|    5|           9|           1|
    |icmp8_fu_1101_p2                   |   icmp   |      0|    0|    5|          10|           1|
    |icmp9_fu_1138_p2                   |   icmp   |      0|    0|    5|          10|           1|
    |icmp_fu_538_p2                     |   icmp   |      0|    0|    5|          10|           1|
    |phitmp1_fu_656_p2                  |   icmp   |      0|    0|    1|           2|           3|
    |phitmp1_mid1_fu_796_p2             |   icmp   |      0|    0|    1|           2|           3|
    |sel_tmp4_fu_885_p2                 |   icmp   |      0|    0|    1|           3|           2|
    |sel_tmp4_mid1_fu_1012_p2           |   icmp   |      0|    0|    1|           3|           2|
    |sel_tmp6_fu_891_p2                 |   icmp   |      0|    0|    1|           3|           1|
    |sel_tmp6_mid1_fu_1025_p2           |   icmp   |      0|    0|    1|           3|           1|
    |sel_tmp_fu_879_p2                  |   icmp   |      0|    0|    1|           3|           2|
    |sel_tmp_mid1_fu_999_p2             |   icmp   |      0|    0|    1|           3|           2|
    |tmp_105_fu_1728_p2                 |   icmp   |      0|    0|    4|           7|           7|
    |tmp_37_fu_1607_p2                  |   icmp   |      0|    0|    4|           7|           7|
    |tmp_41_3_3_fu_650_p2               |   icmp   |      0|    0|    1|           3|           2|
    |tmp_41_3_3_mid1_fu_790_p2          |   icmp   |      0|    0|    1|           3|           2|
    |tmp_54_fu_1620_p2                  |   icmp   |      0|    0|    4|           7|           7|
    |tmp_71_fu_1626_p2                  |   icmp   |      0|    0|    4|           7|           7|
    |tmp_88_fu_1715_p2                  |   icmp   |      0|    0|    4|           7|           7|
    |tmp_101_fu_2690_p2                 |   lshr   |      0|  291|  423|         128|         128|
    |tmp_102_fu_2696_p2                 |   lshr   |      0|  291|  423|           2|         128|
    |tmp_118_fu_2779_p2                 |   lshr   |      0|  291|  423|         128|         128|
    |tmp_119_fu_2785_p2                 |   lshr   |      0|  291|  423|           2|         128|
    |tmp_50_fu_2494_p2                  |   lshr   |      0|  291|  423|         128|         128|
    |tmp_51_fu_2500_p2                  |   lshr   |      0|  291|  423|           2|         128|
    |tmp_67_fu_2583_p2                  |   lshr   |      0|  291|  423|         128|         128|
    |tmp_68_fu_2589_p2                  |   lshr   |      0|  291|  423|           2|         128|
    |tmp_84_fu_1702_p2                  |   lshr   |      0|  291|  423|         128|         128|
    |tmp_85_fu_2608_p2                  |   lshr   |      0|  291|  423|           2|         128|
    |Lo_assign_fu_1594_p2               |    or    |      0|    0|    7|           7|           5|
    |ap_block_pp0_stage0_flag00001001   |    or    |      0|    0|    2|           1|           1|
    |brmerge2_fu_869_p2                 |    or    |      0|    0|    2|           1|           1|
    |brmerge2_mid1_fu_980_p2            |    or    |      0|    0|    2|           1|           1|
    |brmerge_fu_606_p2                  |    or    |      0|    0|    2|           1|           1|
    |brmerge_mid1_fu_961_p2             |    or    |      0|    0|    2|           1|           1|
    |tmp_11_fu_826_p2                   |    or    |      0|    0|   11|          11|          11|
    |brmerge2_mid2_fu_985_p3            |  select  |      0|    0|    2|           1|           1|
    |col_assign_1_mid2_fu_810_p3        |  select  |      0|    0|   11|           1|          11|
    |col_assign_mid2_fu_680_p3          |  select  |      0|    0|   11|           1|           1|
    |colv_mid2_fu_688_p3                |  select  |      0|    0|    9|           1|           1|
    |iy_0_1_fu_862_p3                   |  select  |      0|    0|    3|           1|           3|
    |iy_0_1_mid1_fu_966_p3              |  select  |      0|    0|    3|           1|           3|
    |iy_0_1_mid2_fu_973_p3              |  select  |      0|    0|    3|           1|           3|
    |jx_0_cast_cast_cast_fu_1213_p3     |  select  |      0|    0|    2|           1|           2|
    |or_cond3_mid2_fu_910_p3            |  select  |      0|    0|    2|           1|           1|
    |p_Val2_1_0_0_phi_fu_1600_p3        |  select  |      0|    0|  128|           1|         128|
    |p_Val2_1_0_1_phi_fu_1613_p3        |  select  |      0|    0|  128|           1|         128|
    |p_Val2_1_0_3_phi_fu_1708_p3        |  select  |      0|    0|  128|           1|         128|
    |p_Val2_1_0_4_phi_fu_1721_p3        |  select  |      0|    0|  128|           1|         128|
    |p_phitmp1_fu_873_p3                |  select  |      0|    0|    4|           1|           4|
    |p_phitmp1_mid1_fu_992_p3           |  select  |      0|    0|    4|           1|           4|
    |p_s_fu_1113_p3                     |  select  |      0|    0|    3|           1|           1|
    |phitmp1_mid2_fu_802_p3             |  select  |      0|    0|    2|           1|           1|
    |phitmp2_fu_1482_p3                 |  select  |      0|    0|  128|           1|         128|
    |phitmp3_fu_1496_p3                 |  select  |      0|    0|  128|           1|         128|
    |phitmp4_fu_1510_p3                 |  select  |      0|    0|  128|           1|         128|
    |phitmp_mid2_fu_932_p3              |  select  |      0|    0|    3|           1|           3|
    |sel_tmp1_fu_1552_p3                |  select  |      0|    0|  128|           1|         128|
    |sel_tmp2_fu_1566_p3                |  select  |      0|    0|  128|           1|         128|
    |sel_tmp3_fu_1524_p3                |  select  |      0|    0|  128|           1|         128|
    |sel_tmp4_mid2_fu_1018_p3           |  select  |      0|    0|    2|           1|           1|
    |sel_tmp5_fu_1531_p3                |  select  |      0|    0|  128|           1|         128|
    |sel_tmp6_mid2_fu_1031_p3           |  select  |      0|    0|    2|           1|           1|
    |sel_tmp7_fu_1573_p3                |  select  |      0|    0|  128|           1|         128|
    |sel_tmp9_fu_1545_p3                |  select  |      0|    0|  128|           1|         128|
    |sel_tmp_mid2_fu_1005_p3            |  select  |      0|    0|    2|           1|           1|
    |tmp_112_fu_2745_p3                 |  select  |      0|    0|    8|           1|           8|
    |tmp_113_fu_2752_p3                 |  select  |      0|    0|  128|           1|         128|
    |tmp_114_fu_2758_p3                 |  select  |      0|    0|    8|           1|           8|
    |tmp_29_1_1_mid2_fu_955_p3          |  select  |      0|    0|    2|           1|           1|
    |tmp_2_mid2_fu_718_p3               |  select  |      0|    0|    2|           1|           1|
    |tmp_44_fu_2460_p3                  |  select  |      0|    0|    8|           1|           8|
    |tmp_45_fu_2467_p3                  |  select  |      0|    0|  128|           1|         128|
    |tmp_46_fu_2473_p3                  |  select  |      0|    0|    8|           1|           8|
    |tmp_61_fu_2549_p3                  |  select  |      0|    0|    8|           1|           8|
    |tmp_62_fu_2556_p3                  |  select  |      0|    0|  128|           1|         128|
    |tmp_63_fu_2562_p3                  |  select  |      0|    0|    8|           1|           8|
    |tmp_78_fu_1668_p3                  |  select  |      0|    0|    8|           1|           8|
    |tmp_79_fu_1676_p3                  |  select  |      0|    0|  128|           1|         128|
    |tmp_80_fu_1684_p3                  |  select  |      0|    0|    8|           1|           8|
    |tmp_95_fu_2656_p3                  |  select  |      0|    0|    8|           1|           8|
    |tmp_96_fu_2663_p3                  |  select  |      0|    0|  128|           1|         128|
    |tmp_97_fu_2669_p3                  |  select  |      0|    0|    8|           1|           8|
    |tmp_fu_1121_p3                     |  select  |      0|    0|    3|           1|           2|
    |win_0_1_V_1_fu_1380_p1             |  select  |      0|    0|  128|           1|         128|
    |win_1_1_V_1_fu_1447_p3             |  select  |      0|    0|  128|           1|         128|
    |win_1_1_V_fu_1271_p3               |  select  |      0|    0|  128|           1|         128|
    |win_1_2_V_1_fu_1461_p3             |  select  |      0|    0|  128|           1|         128|
    |win_1_3_V_1_fu_1475_p3             |  select  |      0|    0|  128|           1|         128|
    |win_2_1_V_1_win_1_fu_1440_p3       |  select  |      0|    0|  128|           1|         128|
    |win_2_1_V_fu_1300_p3               |  select  |      0|    0|  128|           1|         128|
    |win_3_1_V_1_fu_1489_p3             |  select  |      0|    0|  128|           1|         128|
    |win_3_1_V_fu_1329_p3               |  select  |      0|    0|  128|           1|         128|
    |win_3_2_V_1_fu_1503_p3             |  select  |      0|    0|  128|           1|         128|
    |win_3_3_V_1_fu_1517_p3             |  select  |      0|    0|  128|           1|         128|
    |win_4_1_V_1_fu_1538_p3             |  select  |      0|    0|  128|           1|         128|
    |win_4_1_V_fu_1358_p3               |  select  |      0|    0|  128|           1|         128|
    |win_4_2_V_1_fu_1559_p3             |  select  |      0|    0|  128|           1|         128|
    |win_4_3_V_1_fu_1580_p3             |  select  |      0|    0|  128|           1|         128|
    |win_tmp_2_2_V_win_s_fu_1454_p3     |  select  |      0|    0|  128|           1|         128|
    |win_tmp_2_3_V_win_s_fu_1468_p3     |  select  |      0|    0|  128|           1|         128|
    |win_vect_0_1_fu_1754_p3            |  select  |      0|    0|   32|           1|          32|
    |win_vect_1_1_fu_1781_p3            |  select  |      0|    0|   32|           1|          32|
    |win_vect_2_1_fu_1808_p3            |  select  |      0|    0|   32|           1|          32|
    |win_vect_3_1_fu_1835_p3            |  select  |      0|    0|   32|           1|          32|
    |win_vect_4_1_fu_2801_p3            |  select  |      0|    0|   32|           1|          32|
    |ap_enable_pp0                      |    xor   |      0|    0|    2|           1|           2|
    |rev1_fu_904_p2                     |    xor   |      0|    0|    2|           1|           2|
    |rev_fu_552_p2                      |    xor   |      0|    0|    2|           1|           2|
    |tmp_10_mid1_fu_756_p2              |    xor   |      0|    0|    2|           2|           2|
    |tmp_110_fu_2733_p2                 |    xor   |      0|    0|    8|           8|           7|
    |tmp_42_fu_2448_p2                  |    xor   |      0|    0|    8|           8|           7|
    |tmp_59_fu_2537_p2                  |    xor   |      0|    0|    8|           8|           7|
    |tmp_76_fu_1656_p2                  |    xor   |      0|    0|    8|           8|           7|
    |tmp_8_fu_616_p2                    |    xor   |      0|    0|    2|           2|           2|
    |tmp_93_fu_2644_p2                  |    xor   |      0|    0|    8|           8|           7|
    +-----------------------------------+----------+-------+-----+-----+------------+------------+
    |Total                              |          |      0| 6807|13508|        4819|       10105|
    +-----------------------------------+----------+-------+-----+-----+------------+------------+

    * Multiplexer: 
    +----------------------------+----+-----------+-----+-----------+
    |            Name            | LUT| Input Size| Bits| Total Bits|
    +----------------------------+----+-----------+-----+-----------+
    |ap_NS_fsm                   |  21|          4|    1|          4|
    |ap_enable_reg_pp0_iter2     |   9|          2|    1|          2|
    |ap_enable_reg_pp0_iter8     |   9|          2|    1|          2|
    |col_assign_1_phi_fu_499_p4  |   9|          2|   11|         22|
    |col_assign_1_reg_495        |   9|          2|   11|         22|
    |col_assign_reg_506          |   9|          2|   11|         22|
    |colv_reg_517                |   9|          2|    9|         18|
    |grp_fu_2454_p0              |  15|          3|    8|         24|
    |grp_fu_2454_p1              |  15|          3|    8|         24|
    |grp_fu_2543_p0              |  15|          3|    8|         24|
    |grp_fu_2543_p1              |  15|          3|    8|         24|
    |grp_fu_2650_p0              |  15|          3|    8|         24|
    |grp_fu_2650_p1              |  15|          3|    8|         24|
    |grp_fu_2739_p0              |  15|          3|    8|         24|
    |grp_fu_2739_p1              |  15|          3|    8|         24|
    |in_s_V_V_blk_n              |   9|          2|    1|          2|
    |indvar_flatten_reg_484      |   9|          2|   19|         38|
    |out_s_V_V_blk_n             |   9|          2|    1|          2|
    |reg_4368                    |   9|          2|   32|         64|
    +----------------------------+----+-----------+-----+-----------+
    |Total                       | 231|         48|  162|        390|
    +----------------------------+----+-----------+-----+-----------+

    * Register: 
    +----------------------------------------+-----+----+-----+-----------+
    |                  Name                  |  FF | LUT| Bits| Const Bits|
    +----------------------------------------+-----+----+-----+-----------+
    |Hi_assign_reg_4280                      |    2|   0|    7|          5|
    |Lo_assign_reg_4288                      |    2|   0|    7|          5|
    |ap_CS_fsm                               |    3|   0|    3|          0|
    |ap_enable_reg_pp0_iter0                 |    1|   0|    1|          0|
    |ap_enable_reg_pp0_iter1                 |    1|   0|    1|          0|
    |ap_enable_reg_pp0_iter2                 |    1|   0|    1|          0|
    |ap_enable_reg_pp0_iter3                 |    1|   0|    1|          0|
    |ap_enable_reg_pp0_iter4                 |    1|   0|    1|          0|
    |ap_enable_reg_pp0_iter5                 |    1|   0|    1|          0|
    |ap_enable_reg_pp0_iter6                 |    1|   0|    1|          0|
    |ap_enable_reg_pp0_iter7                 |    1|   0|    1|          0|
    |ap_enable_reg_pp0_iter8                 |    1|   0|    1|          0|
    |ap_reg_pp0_iter1_phitmp1_mid2_reg_4139  |    1|   0|    1|          0|
    |ap_reg_pp0_iter2_or_cond1_reg_4253      |    1|   0|    1|          0|
    |ap_reg_pp0_iter7_p_tmp0_2_reg_4682      |   32|   0|   32|          0|
    |ap_reg_pp0_iter7_p_tmp0_3_reg_4687      |   32|   0|   32|          0|
    |border_2_0_cast_reg_4046                |    3|   0|    3|          0|
    |brmerge2_mid2_reg_4196                  |    1|   0|    1|          0|
    |brmerge_reg_4057                        |    1|   0|    1|          0|
    |col_assign_1_mid2_reg_4146              |   11|   0|   11|          0|
    |col_assign_1_reg_495                    |   11|   0|   11|          0|
    |col_assign_mid2_reg_4094                |   11|   0|   11|          0|
    |col_assign_reg_506                      |   11|   0|   11|          0|
    |colv_mid2_reg_4102                      |    9|   0|    9|          0|
    |colv_reg_517                            |    9|   0|    9|          0|
    |exitcond_flatten_reg_4073               |    1|   0|    1|          0|
    |exitcond_reg_4082                       |    1|   0|    1|          0|
    |icmp2_reg_4052                          |    1|   0|    1|          0|
    |indvar_flatten_reg_484                  |   19|   0|   19|          0|
    |iy_0_1_mid2_reg_4189                    |    3|   0|    3|          0|
    |lineBuff_0_V_addr_reg_4224              |    8|   0|    8|          0|
    |lineBuff_1_V_addr_reg_4230              |    8|   0|    8|          0|
    |lineBuff_2_V_addr_reg_4236              |    8|   0|    8|          0|
    |lineBuff_3_V_addr_reg_4242              |    8|   0|    8|          0|
    |or_cond1_reg_4253                       |    1|   0|    1|          0|
    |or_cond2_reg_4248                       |    1|   0|    1|          0|
    |or_cond3_mid1_reg_4117                  |    1|   0|    1|          0|
    |or_cond3_mid2_reg_4169                  |    1|   0|    1|          0|
    |or_cond3_reg_4040                       |    1|   0|    1|          0|
    |or_cond_reg_4276                        |    1|   0|    1|          0|
    |p_Val2_1_0_0_phi_reg_4296               |  128|   0|  128|          0|
    |p_Val2_1_0_1_phi_reg_4309               |  128|   0|  128|          0|
    |p_Val2_1_0_3_phi_reg_4332               |  128|   0|  128|          0|
    |p_Val2_1_0_4_phi_reg_4345               |  128|   0|  128|          0|
    |p_tmp0_1_reg_4697                       |   32|   0|   32|          0|
    |p_tmp0_2_reg_4682                       |   32|   0|   32|          0|
    |p_tmp0_3_reg_4687                       |   32|   0|   32|          0|
    |p_tmp0_reg_4692                         |   32|   0|   32|          0|
    |phitmp1_mid2_reg_4139                   |    1|   0|    1|          0|
    |phitmp5_mid1_reg_4129                   |    2|   0|    3|          1|
    |phitmp5_reg_4063                        |    2|   0|    3|          1|
    |phitmp_mid2_reg_4176                    |    3|   0|    3|          0|
    |reg_4368                                |   32|   0|   32|          0|
    |row_reg_4107                            |   11|   0|   11|          0|
    |sel_tmp4_mid2_reg_4210                  |    1|   0|    1|          0|
    |sel_tmp6_mid2_reg_4217                  |    1|   0|    1|          0|
    |sel_tmp_mid2_reg_4203                   |    1|   0|    1|          0|
    |tmp10_i_1_reg_4467                      |   32|   0|   32|          0|
    |tmp10_i_2_reg_4482                      |   32|   0|   32|          0|
    |tmp10_i_3_reg_4507                      |   32|   0|   32|          0|
    |tmp10_i_reg_4452                        |   32|   0|   32|          0|
    |tmp11_i_1_reg_4562                      |   32|   0|   32|          0|
    |tmp11_i_2_reg_4582                      |   32|   0|   32|          0|
    |tmp11_i_3_reg_4612                      |   32|   0|   32|          0|
    |tmp11_i_reg_4552                        |   32|   0|   32|          0|
    |tmp14_i_1_reg_4472                      |   32|   0|   32|          0|
    |tmp14_i_2_reg_4487                      |   32|   0|   32|          0|
    |tmp14_i_3_reg_4512                      |   32|   0|   32|          0|
    |tmp14_i_reg_4457                        |   32|   0|   32|          0|
    |tmp15_i_1_reg_4567                      |   32|   0|   32|          0|
    |tmp15_i_2_reg_4587                      |   32|   0|   32|          0|
    |tmp15_i_3_reg_4617                      |   32|   0|   32|          0|
    |tmp15_i_reg_4557                        |   32|   0|   32|          0|
    |tmp16_reg_4652                          |   32|   0|   32|          0|
    |tmp18_i_1_reg_4542                      |   32|   0|   32|          0|
    |tmp18_i_2_reg_4492                      |   32|   0|   32|          0|
    |tmp18_i_3_reg_4517                      |   32|   0|   32|          0|
    |tmp18_i_reg_4532                        |   32|   0|   32|          0|
    |tmp19_i_1_reg_4667                      |   32|   0|   32|          0|
    |tmp19_i_2_reg_4592                      |   32|   0|   32|          0|
    |tmp19_i_3_reg_4622                      |   32|   0|   32|          0|
    |tmp19_i_reg_4642                        |   32|   0|   32|          0|
    |tmp22_i_1_reg_4547                      |   32|   0|   32|          0|
    |tmp22_i_2_reg_4497                      |   32|   0|   32|          0|
    |tmp22_i_3_reg_4522                      |   32|   0|   32|          0|
    |tmp22_i_reg_4537                        |   32|   0|   32|          0|
    |tmp23_i_1_reg_4672                      |   32|   0|   32|          0|
    |tmp23_i_2_reg_4597                      |   32|   0|   32|          0|
    |tmp23_i_3_reg_4627                      |   32|   0|   32|          0|
    |tmp23_i_reg_4647                        |   32|   0|   32|          0|
    |tmp34_reg_4677                          |   32|   0|   32|          0|
    |tmp6_i_1_reg_4462                       |   32|   0|   32|          0|
    |tmp6_i_2_reg_4477                       |   32|   0|   32|          0|
    |tmp6_i_3_reg_4502                       |   32|   0|   32|          0|
    |tmp6_i_reg_4527                         |   32|   0|   32|          0|
    |tmp7_i_1_reg_4662                       |   32|   0|   32|          0|
    |tmp7_i_2_reg_4577                       |   32|   0|   32|          0|
    |tmp7_i_3_reg_4607                       |   32|   0|   32|          0|
    |tmp7_i_reg_4637                         |   32|   0|   32|          0|
    |tmp_105_reg_4351                        |    1|   0|    1|          0|
    |tmp_17_reg_4632                         |   32|   0|   32|          0|
    |tmp_27_reg_4124                         |    3|   0|    3|          0|
    |tmp_29_1_1_mid2_reg_4182                |    1|   0|    1|          0|
    |tmp_2_mid2_reg_4112                     |    1|   0|    1|          0|
    |tmp_32_reg_4151                         |    1|   0|    1|          0|
    |tmp_33_reg_4155                         |    1|   0|    1|          0|
    |tmp_37_reg_4302                         |    1|   0|    1|          0|
    |tmp_41_3_3_mid1_reg_4134                |    1|   0|    1|          0|
    |tmp_41_3_3_reg_4068                     |    1|   0|    1|          0|
    |tmp_54_reg_4315                         |    1|   0|    1|          0|
    |tmp_81_reg_4322                         |    7|   0|    8|          1|
    |tmp_84_reg_4327                         |  128|   0|  128|          0|
    |tmp_88_reg_4338                         |    1|   0|    1|          0|
    |tmp_93_1_reg_4657                       |   32|   0|   32|          0|
    |tmp_93_2_reg_4572                       |   32|   0|   32|          0|
    |tmp_93_3_reg_4602                       |   32|   0|   32|          0|
    |tmp_V_fu_152                            |  128|   0|  128|          0|
    |tmp_reg_4271                            |    2|   0|    2|          0|
    |win_0_2_V_fu_164                        |  128|   0|  128|          0|
    |win_0_3_V_fu_160                        |  128|   0|  128|          0|
    |win_1_2_V_fu_184                        |  128|   0|  128|          0|
    |win_1_3_V_fu_180                        |  128|   0|  128|          0|
    |win_2_2_V_fu_204                        |  128|   0|  128|          0|
    |win_2_3_V_fu_200                        |  128|   0|  128|          0|
    |win_3_2_V_fu_224                        |  128|   0|  128|          0|
    |win_3_3_V_fu_220                        |  128|   0|  128|          0|
    |win_4_2_V_fu_244                        |  128|   0|  128|          0|
    |win_4_3_V_fu_240                        |  128|   0|  128|          0|
    |win_4_4_V_fu_148                        |  128|   0|  128|          0|
    |win_tmp_0_0_V_fu_172                    |  128|   0|  128|          0|
    |win_tmp_0_1_V_fu_168                    |  128|   0|  128|          0|
    |win_tmp_1_0_V_fu_192                    |  128|   0|  128|          0|
    |win_tmp_1_1_V_fu_188                    |  128|   0|  128|          0|
    |win_tmp_2_0_V_fu_212                    |  128|   0|  128|          0|
    |win_tmp_2_1_V_fu_208                    |  128|   0|  128|          0|
    |win_tmp_3_0_V_fu_232                    |  128|   0|  128|          0|
    |win_tmp_3_1_V_fu_228                    |  128|   0|  128|          0|
    |win_tmp_4_0_V_fu_252                    |  128|   0|  128|          0|
    |win_tmp_4_1_V_fu_248                    |  128|   0|  128|          0|
    |win_vect_0_0_fu_256                     |   32|   0|   32|          0|
    |win_vect_0_1_1_fu_260                   |   32|   0|   32|          0|
    |win_vect_0_1_reg_4358                   |   32|   0|   32|          0|
    |win_vect_0_2_1_fu_264                   |   32|   0|   32|          0|
    |win_vect_0_2_1_loa_reg_4389             |   32|   0|   32|          0|
    |win_vect_0_3_1_fu_268                   |   32|   0|   32|          0|
    |win_vect_0_3_1_loa_reg_4394             |   32|   0|   32|          0|
    |win_vect_0_4_1_fu_272                   |   32|   0|   32|          0|
    |win_vect_0_4_1_loa_reg_4400             |   32|   0|   32|          0|
    |win_vect_0_5_1_fu_276                   |   32|   0|   32|          0|
    |win_vect_0_5_1_loa_reg_4405             |   32|   0|   32|          0|
    |win_vect_0_6_1_fu_280                   |   32|   0|   32|          0|
    |win_vect_0_7_1_fu_284                   |   32|   0|   32|          0|
    |win_vect_1_0_fu_288                     |   32|   0|   32|          0|
    |win_vect_1_1_1_fu_292                   |   32|   0|   32|          0|
    |win_vect_1_2_1_fu_296                   |   32|   0|   32|          0|
    |win_vect_1_3_1_fu_300                   |   32|   0|   32|          0|
    |win_vect_1_4_1_fu_304                   |   32|   0|   32|          0|
    |win_vect_1_4_1_loa_reg_4410             |   32|   0|   32|          0|
    |win_vect_1_5_1_fu_308                   |   32|   0|   32|          0|
    |win_vect_1_6_1_fu_312                   |   32|   0|   32|          0|
    |win_vect_1_7_1_fu_316                   |   32|   0|   32|          0|
    |win_vect_2_0_fu_320                     |   32|   0|   32|          0|
    |win_vect_2_1_1_fu_324                   |   32|   0|   32|          0|
    |win_vect_2_1_1_loa_reg_4415             |   32|   0|   32|          0|
    |win_vect_2_2_1_fu_328                   |   32|   0|   32|          0|
    |win_vect_2_2_1_loa_reg_4420             |   32|   0|   32|          0|
    |win_vect_2_3_1_fu_332                   |   32|   0|   32|          0|
    |win_vect_2_3_1_loa_reg_4425             |   32|   0|   32|          0|
    |win_vect_2_4_1_fu_336                   |   32|   0|   32|          0|
    |win_vect_2_4_1_loa_reg_4430             |   32|   0|   32|          0|
    |win_vect_2_5_1_fu_340                   |   32|   0|   32|          0|
    |win_vect_2_5_1_loa_reg_4436             |   32|   0|   32|          0|
    |win_vect_2_6_1_fu_344                   |   32|   0|   32|          0|
    |win_vect_2_7_1_fu_348                   |   32|   0|   32|          0|
    |win_vect_3_0_fu_352                     |   32|   0|   32|          0|
    |win_vect_3_1_1_fu_356                   |   32|   0|   32|          0|
    |win_vect_3_2_1_fu_360                   |   32|   0|   32|          0|
    |win_vect_3_3_1_fu_364                   |   32|   0|   32|          0|
    |win_vect_3_4_1_fu_368                   |   32|   0|   32|          0|
    |win_vect_3_4_1_loa_reg_4442             |   32|   0|   32|          0|
    |win_vect_3_5_1_fu_372                   |   32|   0|   32|          0|
    |win_vect_3_6_1_fu_376                   |   32|   0|   32|          0|
    |win_vect_3_7_1_fu_380                   |   32|   0|   32|          0|
    |win_vect_4_0_fu_384                     |   32|   0|   32|          0|
    |win_vect_4_1_1_fu_388                   |   32|   0|   32|          0|
    |win_vect_4_2_1_fu_392                   |   32|   0|   32|          0|
    |win_vect_4_2_1_loa_reg_4447             |   32|   0|   32|          0|
    |win_vect_4_3_1_fu_236                   |   32|   0|   32|          0|
    |win_vect_4_3_1_loa_reg_4383             |   32|   0|   32|          0|
    |win_vect_4_4_1_fu_216                   |   32|   0|   32|          0|
    |win_vect_4_4_1_loa_reg_4378             |   32|   0|   32|          0|
    |win_vect_4_5_1_fu_196                   |   32|   0|   32|          0|
    |win_vect_4_5_1_loa_reg_4373             |   32|   0|   32|          0|
    |win_vect_4_6_1_fu_176                   |   32|   0|   32|          0|
    |win_vect_4_7_1_fu_156                   |   32|   0|   32|          0|
    |or_cond_reg_4276                        |   64|  32|    1|          0|
    |tmp6_i_1_reg_4462                       |   64|  32|   32|          0|
    |tmp_32_reg_4151                         |   64|  32|    1|          0|
    |win_vect_2_2_1_loa_reg_4420             |   64|  32|   32|          0|
    |win_vect_2_3_1_loa_reg_4425             |   64|  32|   32|          0|
    +----------------------------------------+-----+----+-----+-----------+
    |Total                                   | 7456| 160| 7247|         13|
    +----------------------------------------+-----+----+-----+-----------+



================================================================
== Interface
================================================================
* Summary: 
+------------------+-----+-----+------------+--------------+--------------+
|     RTL Ports    | Dir | Bits|  Protocol  | Source Object|    C Type    |
+------------------+-----+-----+------------+--------------+--------------+
|ap_clk            |  in |    1| ap_ctrl_hs |  processVECT | return value |
|ap_rst            |  in |    1| ap_ctrl_hs |  processVECT | return value |
|ap_start          |  in |    1| ap_ctrl_hs |  processVECT | return value |
|ap_done           | out |    1| ap_ctrl_hs |  processVECT | return value |
|ap_idle           | out |    1| ap_ctrl_hs |  processVECT | return value |
|ap_ready          | out |    1| ap_ctrl_hs |  processVECT | return value |
|in_s_V_V_dout     |  in |  128|   ap_fifo  |   in_s_V_V   |    pointer   |
|in_s_V_V_empty_n  |  in |    1|   ap_fifo  |   in_s_V_V   |    pointer   |
|in_s_V_V_read     | out |    1|   ap_fifo  |   in_s_V_V   |    pointer   |
|out_s_V_V_din     | out |  128|   ap_fifo  |   out_s_V_V  |    pointer   |
|out_s_V_V_full_n  |  in |    1|   ap_fifo  |   out_s_V_V  |    pointer   |
|out_s_V_V_write   | out |    1|   ap_fifo  |   out_s_V_V  |    pointer   |
+------------------+-----+-----+------------+--------------+--------------+

