Copyright 1986-2017 Xilinx, Inc. All Rights Reserved.
------------------------------------------------------------------------------------
| Tool Version : Vivado v.2017.2 (lin64) Build 1909853 Thu Jun 15 18:39:10 MDT 2017
| Date         : Sat Apr 14 22:24:12 2018
| Host         : codesign89 running 64-bit Ubuntu 14.04.5 LTS
| Command      : report_timing_summary -file ./report/hipaccRun_timing_routed.rpt
| Design       : hipaccRun
| Device       : 7z100-ffg900
| Speed File   : -1  PRODUCTION 1.11 2014-09-11
------------------------------------------------------------------------------------

Timing Summary Report

------------------------------------------------------------------------------------------------
| Timer Settings
| --------------
------------------------------------------------------------------------------------------------

  Enable Multi Corner Analysis               :  Yes
  Enable Pessimism Removal                   :  Yes
  Pessimism Removal Resolution               :  Nearest Common Node
  Enable Input Delay Default Clock           :  No
  Enable Preset / Clear Arcs                 :  No
  Disable Flight Delays                      :  No
  Ignore I/O Paths                           :  No
  Timing Early Launch at Borrowing Latches   :  false

  Corner  Analyze    Analyze    
  Name    Max Paths  Min Paths  
  ------  ---------  ---------  
  Slow    Yes        Yes        
  Fast    Yes        Yes        



check_timing report

Table of Contents
-----------------
1. checking no_clock
2. checking constant_clock
3. checking pulse_width_clock
4. checking unconstrained_internal_endpoints
5. checking no_input_delay
6. checking no_output_delay
7. checking multiple_clock
8. checking generated_clocks
9. checking loops
10. checking partial_input_delay
11. checking partial_output_delay
12. checking latch_loops

1. checking no_clock
--------------------
 There are 0 register/latch pins with no clock.


2. checking constant_clock
--------------------------
 There are 0 register/latch pins with constant_clock.


3. checking pulse_width_clock
-----------------------------
 There are 0 register/latch pins which need pulse_width check


4. checking unconstrained_internal_endpoints
--------------------------------------------
 There are 0 pins that are not constrained for maximum delay.

 There are 0 pins that are not constrained for maximum delay due to constant clock.


5. checking no_input_delay
--------------------------
 There are 132 input ports with no input delay specified. (HIGH)

 There are 0 input ports with no input delay but user has a false path constraint.


6. checking no_output_delay
---------------------------
 There are 133 ports with no output delay specified. (HIGH)

 There are 0 ports with no output delay but user has a false path constraint

 There are 0 ports with no output delay but with a timing clock defined on it or propagating through it


7. checking multiple_clock
--------------------------
 There are 0 register/latch pins with multiple clocks.


8. checking generated_clocks
----------------------------
 There are 0 generated clocks that are not connected to a clock source.


9. checking loops
-----------------
 There are 0 combinational loops in the design.


10. checking partial_input_delay
--------------------------------
 There are 0 input ports with partial input delay specified.


11. checking partial_output_delay
---------------------------------
 There are 0 ports with partial output delay specified.


12. checking latch_loops
------------------------
 There are 0 combinational latch loops in the design through latch input



------------------------------------------------------------------------------------------------
| Design Timing Summary
| ---------------------
------------------------------------------------------------------------------------------------

    WNS(ns)      TNS(ns)  TNS Failing Endpoints  TNS Total Endpoints      WHS(ns)      THS(ns)  THS Failing Endpoints  THS Total Endpoints     WPWS(ns)     TPWS(ns)  TPWS Failing Endpoints  TPWS Total Endpoints  
    -------      -------  ---------------------  -------------------      -------      -------  ---------------------  -------------------     --------     --------  ----------------------  --------------------  
      0.264        0.000                      0               135815        0.027        0.000                      0               135815        2.550        0.000                       0                 57235  


All user specified timing constraints are met.


------------------------------------------------------------------------------------------------
| Clock Summary
| -------------
------------------------------------------------------------------------------------------------

Clock   Waveform(ns)         Period(ns)      Frequency(MHz)
-----   ------------         ----------      --------------
ap_clk  {0.000 3.330}        6.660           150.150         


------------------------------------------------------------------------------------------------
| Intra Clock Table
| -----------------
------------------------------------------------------------------------------------------------

Clock             WNS(ns)      TNS(ns)  TNS Failing Endpoints  TNS Total Endpoints      WHS(ns)      THS(ns)  THS Failing Endpoints  THS Total Endpoints     WPWS(ns)     TPWS(ns)  TPWS Failing Endpoints  TPWS Total Endpoints  
-----             -------      -------  ---------------------  -------------------      -------      -------  ---------------------  -------------------     --------     --------  ----------------------  --------------------  
ap_clk              0.264        0.000                      0               135815        0.027        0.000                      0               135815        2.550        0.000                       0                 57235  


------------------------------------------------------------------------------------------------
| Inter Clock Table
| -----------------
------------------------------------------------------------------------------------------------

From Clock    To Clock          WNS(ns)      TNS(ns)  TNS Failing Endpoints  TNS Total Endpoints      WHS(ns)      THS(ns)  THS Failing Endpoints  THS Total Endpoints  
----------    --------          -------      -------  ---------------------  -------------------      -------      -------  ---------------------  -------------------  


------------------------------------------------------------------------------------------------
| Other Path Groups Table
| -----------------------
------------------------------------------------------------------------------------------------

Path Group    From Clock    To Clock          WNS(ns)      TNS(ns)  TNS Failing Endpoints  TNS Total Endpoints      WHS(ns)      THS(ns)  THS Failing Endpoints  THS Total Endpoints  
----------    ----------    --------          -------      -------  ---------------------  -------------------      -------      -------  ---------------------  -------------------  


------------------------------------------------------------------------------------------------
| Timing Details
| --------------
------------------------------------------------------------------------------------------------


---------------------------------------------------------------------------------------------------
From Clock:  ap_clk
  To Clock:  ap_clk

Setup :            0  Failing Endpoints,  Worst Slack        0.264ns,  Total Violation        0.000ns
Hold  :            0  Failing Endpoints,  Worst Slack        0.027ns,  Total Violation        0.000ns
PW    :            0  Failing Endpoints,  Worst Slack        2.550ns,  Total Violation        0.000ns
---------------------------------------------------------------------------------------------------


Max Delay Paths
--------------------------------------------------------------------------------------
Slack (MET) :             0.264ns  (required time - arrival time)
  Source:                 ccGaussianFilterGKer_U0/grp_processVECTF_fu_18/ap_reg_pp0_iter4_Lo_assign_reg_4760_reg[5]/C
                            (rising edge-triggered cell FDRE clocked by ap_clk  {rise@0.000ns fall@3.330ns period=6.660ns})
  Destination:            ccGaussianFilterGKer_U0/grp_processVECTF_fu_18/tmp_148_reg_5057_reg[29]/D
                            (rising edge-triggered cell FDRE clocked by ap_clk  {rise@0.000ns fall@3.330ns period=6.660ns})
  Path Group:             ap_clk
  Path Type:              Setup (Max at Slow Process Corner)
  Requirement:            6.660ns  (ap_clk rise@6.660ns - ap_clk rise@0.000ns)
  Data Path Delay:        6.363ns  (logic 0.322ns (5.060%)  route 6.041ns (94.940%))
  Logic Levels:           1  (LUT6=1)
  Clock Path Skew:        -0.033ns (DCD - SCD + CPR)
    Destination Clock Delay (DCD):    1.490ns = ( 8.150 - 6.660 ) 
    Source Clock Delay      (SCD):    1.608ns
    Clock Pessimism Removal (CPR):    0.085ns
  Clock Uncertainty:      0.035ns  ((TSJ^2 + TIJ^2)^1/2 + DJ) / 2 + PE
    Total System Jitter     (TSJ):    0.071ns
    Total Input Jitter      (TIJ):    0.000ns
    Discrete Jitter          (DJ):    0.000ns
    Phase Error              (PE):    0.000ns

    Location             Delay type                Incr(ns)  Path(ns)    Netlist Resource(s)
  -------------------------------------------------------------------    -------------------
                         (clock ap_clk rise edge)     0.000     0.000 r  
                                                      0.000     0.000 r  ap_clk (IN)
                         net (fo=57514, unset)        1.608     1.608    ccGaussianFilterGKer_U0/grp_processVECTF_fu_18/ap_clk
    SLICE_X136Y68        FDRE                                         r  ccGaussianFilterGKer_U0/grp_processVECTF_fu_18/ap_reg_pp0_iter4_Lo_assign_reg_4760_reg[5]/C
  -------------------------------------------------------------------    -------------------
    SLICE_X136Y68        FDRE (Prop_fdre_C_Q)         0.269     1.877 r  ccGaussianFilterGKer_U0/grp_processVECTF_fu_18/ap_reg_pp0_iter4_Lo_assign_reg_4760_reg[5]/Q
                         net (fo=128, routed)         6.041     7.918    ccGaussianFilterGKer_U0/grp_processVECTF_fu_18/ap_reg_pp0_iter4_Lo_assign_reg_4760_reg_n_0_[5]
    SLICE_X117Y55        LUT6 (Prop_lut6_I1_O)        0.053     7.971 r  ccGaussianFilterGKer_U0/grp_processVECTF_fu_18/tmp_148_reg_5057[29]_i_1/O
                         net (fo=1, routed)           0.000     7.971    ccGaussianFilterGKer_U0/grp_processVECTF_fu_18/tmp_148_fu_3352_p2[29]
    SLICE_X117Y55        FDRE                                         r  ccGaussianFilterGKer_U0/grp_processVECTF_fu_18/tmp_148_reg_5057_reg[29]/D
  -------------------------------------------------------------------    -------------------

                         (clock ap_clk rise edge)     6.660     6.660 r  
                                                      0.000     6.660 r  ap_clk (IN)
                         net (fo=57514, unset)        1.490     8.150    ccGaussianFilterGKer_U0/grp_processVECTF_fu_18/ap_clk
    SLICE_X117Y55        FDRE                                         r  ccGaussianFilterGKer_U0/grp_processVECTF_fu_18/tmp_148_reg_5057_reg[29]/C
                         clock pessimism              0.085     8.235    
                         clock uncertainty           -0.035     8.200    
    SLICE_X117Y55        FDRE (Setup_fdre_C_D)        0.035     8.235    ccGaussianFilterGKer_U0/grp_processVECTF_fu_18/tmp_148_reg_5057_reg[29]
  -------------------------------------------------------------------
                         required time                          8.235    
                         arrival time                          -7.971    
  -------------------------------------------------------------------
                         slack                                  0.264    





Min Delay Paths
--------------------------------------------------------------------------------------
Slack (MET) :             0.027ns  (arrival time - required time)
  Source:                 ccGaussianFilterGKer_U0/grp_processVECTF_fu_18/hipaccRun_fadd_32fYi_U25/hipaccRun_ap_fadd_6_full_dsp_32_u/U0/i_synth/ADDSUB_OP.ADDSUB/SPEED_OP.DSP.OP/DSP48E1_BODY.EXP/STATE_DELAY/i_pipe/opt_has_pipe.first_q_reg[0]/C
                            (rising edge-triggered cell FDRE clocked by ap_clk  {rise@0.000ns fall@3.330ns period=6.660ns})
  Destination:            ccGaussianFilterGKer_U0/grp_processVECTF_fu_18/hipaccRun_fadd_32fYi_U25/hipaccRun_ap_fadd_6_full_dsp_32_u/U0/i_synth/ADDSUB_OP.ADDSUB/SPEED_OP.DSP.OP/DSP48E1_BODY.EXP/STATE_DELAY/i_pipe/opt_has_pipe.i_pipe[3].pipe_reg[3][0]_srl2/D
                            (rising edge-triggered cell SRL16E clocked by ap_clk  {rise@0.000ns fall@3.330ns period=6.660ns})
  Path Group:             ap_clk
  Path Type:              Hold (Min at Fast Process Corner)
  Requirement:            0.000ns  (ap_clk rise@0.000ns - ap_clk rise@0.000ns)
  Data Path Delay:        0.262ns  (logic 0.118ns (44.974%)  route 0.144ns (55.026%))
  Logic Levels:           0  
  Clock Path Skew:        0.143ns (DCD - SCD - CPR)
    Destination Clock Delay (DCD):    0.915ns
    Source Clock Delay      (SCD):    0.745ns
    Clock Pessimism Removal (CPR):    0.027ns

    Location             Delay type                Incr(ns)  Path(ns)    Netlist Resource(s)
  -------------------------------------------------------------------    -------------------
                         (clock ap_clk rise edge)     0.000     0.000 r  
                                                      0.000     0.000 r  ap_clk (IN)
                         net (fo=57514, unset)        0.745     0.745    ccGaussianFilterGKer_U0/grp_processVECTF_fu_18/hipaccRun_fadd_32fYi_U25/hipaccRun_ap_fadd_6_full_dsp_32_u/U0/i_synth/ADDSUB_OP.ADDSUB/SPEED_OP.DSP.OP/DSP48E1_BODY.EXP/STATE_DELAY/i_pipe/aclk
    SLICE_X198Y49        FDRE                                         r  ccGaussianFilterGKer_U0/grp_processVECTF_fu_18/hipaccRun_fadd_32fYi_U25/hipaccRun_ap_fadd_6_full_dsp_32_u/U0/i_synth/ADDSUB_OP.ADDSUB/SPEED_OP.DSP.OP/DSP48E1_BODY.EXP/STATE_DELAY/i_pipe/opt_has_pipe.first_q_reg[0]/C
  -------------------------------------------------------------------    -------------------
    SLICE_X198Y49        FDRE (Prop_fdre_C_Q)         0.118     0.863 r  ccGaussianFilterGKer_U0/grp_processVECTF_fu_18/hipaccRun_fadd_32fYi_U25/hipaccRun_ap_fadd_6_full_dsp_32_u/U0/i_synth/ADDSUB_OP.ADDSUB/SPEED_OP.DSP.OP/DSP48E1_BODY.EXP/STATE_DELAY/i_pipe/opt_has_pipe.first_q_reg[0]/Q
                         net (fo=1, routed)           0.144     1.007    ccGaussianFilterGKer_U0/grp_processVECTF_fu_18/hipaccRun_fadd_32fYi_U25/hipaccRun_ap_fadd_6_full_dsp_32_u/U0/i_synth/ADDSUB_OP.ADDSUB/SPEED_OP.DSP.OP/DSP48E1_BODY.EXP/STATE_DELAY/i_pipe/first_q[0]
    SLICE_X198Y50        SRL16E                                       r  ccGaussianFilterGKer_U0/grp_processVECTF_fu_18/hipaccRun_fadd_32fYi_U25/hipaccRun_ap_fadd_6_full_dsp_32_u/U0/i_synth/ADDSUB_OP.ADDSUB/SPEED_OP.DSP.OP/DSP48E1_BODY.EXP/STATE_DELAY/i_pipe/opt_has_pipe.i_pipe[3].pipe_reg[3][0]_srl2/D
  -------------------------------------------------------------------    -------------------

                         (clock ap_clk rise edge)     0.000     0.000 r  
                                                      0.000     0.000 r  ap_clk (IN)
                         net (fo=57514, unset)        0.915     0.915    ccGaussianFilterGKer_U0/grp_processVECTF_fu_18/hipaccRun_fadd_32fYi_U25/hipaccRun_ap_fadd_6_full_dsp_32_u/U0/i_synth/ADDSUB_OP.ADDSUB/SPEED_OP.DSP.OP/DSP48E1_BODY.EXP/STATE_DELAY/i_pipe/aclk
    SLICE_X198Y50        SRL16E                                       r  ccGaussianFilterGKer_U0/grp_processVECTF_fu_18/hipaccRun_fadd_32fYi_U25/hipaccRun_ap_fadd_6_full_dsp_32_u/U0/i_synth/ADDSUB_OP.ADDSUB/SPEED_OP.DSP.OP/DSP48E1_BODY.EXP/STATE_DELAY/i_pipe/opt_has_pipe.i_pipe[3].pipe_reg[3][0]_srl2/CLK
                         clock pessimism             -0.027     0.888    
    SLICE_X198Y50        SRL16E (Hold_srl16e_CLK_D)
                                                      0.092     0.980    ccGaussianFilterGKer_U0/grp_processVECTF_fu_18/hipaccRun_fadd_32fYi_U25/hipaccRun_ap_fadd_6_full_dsp_32_u/U0/i_synth/ADDSUB_OP.ADDSUB/SPEED_OP.DSP.OP/DSP48E1_BODY.EXP/STATE_DELAY/i_pipe/opt_has_pipe.i_pipe[3].pipe_reg[3][0]_srl2
  -------------------------------------------------------------------
                         required time                         -0.980    
                         arrival time                           1.007    
  -------------------------------------------------------------------
                         slack                                  0.027    





Pulse Width Checks
--------------------------------------------------------------------------------------
Clock Name:         ap_clk
Waveform(ns):       { 0.000 3.330 }
Period(ns):         6.660
Sources:            { ap_clk }

Check Type        Corner  Lib Pin             Reference Pin  Required(ns)  Actual(ns)  Slack(ns)  Location       Pin
Min Period        n/a     RAMB36E1/CLKARDCLK  n/a            2.495         6.660       4.165      RAMB36_X6Y11   ccGaussianFilterGKer_U0/grp_processVECTF_fu_18/lineBuff_0_V_U/processVECTF_linebkb_ram_U/ram_reg_0/CLKARDCLK
Low Pulse Width   Slow    SRLC32E/CLK         n/a            0.780         3.330       2.550      SLICE_X98Y26   ccGaussianFilterGKer_U0/grp_processVECTF_fu_18/ap_reg_pp0_iter111_win_vect_2_7_1_loa_reg_5431_reg[23]_srl32/CLK
High Pulse Width  Fast    SRL16E/CLK          n/a            0.780         3.330       2.550      SLICE_X134Y34  ccGaussianFilterGKer_U0/grp_processVECTF_fu_18/ap_enable_reg_pp0_iter28_reg_srl6___ccGaussianFilterGKer_U0_grp_processVECTF_fu_18_ap_enable_reg_pp0_iter52_reg_r/CLK



