

================================================================
== Vivado HLS Report for 'processVECT'
================================================================
* Date:           Sat Apr 14 17:54:35 2018

* Version:        2017.2 (Build 1909853 on Thu Jun 15 18:55:24 MDT 2017)
* Project:        hipacc_project
* Solution:       solution1
* Product family: zynq
* Target device:  xc7z020clg484-1


================================================================
== Performance Estimates
================================================================
+ Timing (ns): 
    * Summary: 
    +--------+-------+----------+------------+
    |  Clock | Target| Estimated| Uncertainty|
    +--------+-------+----------+------------+
    |ap_clk  |  10.00|      8.00|        1.25|
    +--------+-------+----------+------------+

+ Latency (clock cycles): 
    * Summary: 
    +-------+-------+-------+-------+---------+
    |    Latency    |    Interval   | Pipeline|
    |  min  |  max  |  min  |  max  |   Type  |
    +-------+-------+-------+-------+---------+
    |  66438|  66438|  66438|  66438|   none  |
    +-------+-------+-------+-------+---------+

    + Detail: 
        * Instance: 
        N/A

        * Loop: 
        +---------------------+-------+-------+----------+-----------+-----------+-------+----------+
        |                     |    Latency    | Iteration|  Initiation Interval  |  Trip |          |
        |      Loop Name      |  min  |  max  |  Latency |  achieved |   target  | Count | Pipelined|
        +---------------------+-------+-------+----------+-----------+-----------+-------+----------+
        |- IMG_ROWS_IMG_COLS  |  66436|  66436|         8|          1|          1|  66430|    yes   |
        +---------------------+-------+-------+----------+-----------+-----------+-------+----------+



================================================================
== Utilization Estimates
================================================================
* Summary: 
+-----------------+---------+-------+--------+-------+
|       Name      | BRAM_18K| DSP48E|   FF   |  LUT  |
+-----------------+---------+-------+--------+-------+
|DSP              |        -|      -|       -|      -|
|Expression       |        -|      -|   13083|  13083|
|FIFO             |        -|      -|       -|      -|
|Instance         |        -|    384|   15840|   4800|
|Memory           |       60|      -|       0|      0|
|Multiplexer      |        -|      -|       -|     93|
|Register         |        -|      -|   18461|     32|
+-----------------+---------+-------+--------+-------+
|Total            |       60|    384|   47384|  18008|
+-----------------+---------+-------+--------+-------+
|Available        |      280|    220|  106400|  53200|
+-----------------+---------+-------+--------+-------+
|Utilization (%)  |       21|    174|      44|     33|
+-----------------+---------+-------+--------+-------+

+ Detail: 
    * Instance: 
    +--------------------------+----------------------+---------+-------+-----+----+
    |         Instance         |        Module        | BRAM_18K| DSP48E|  FF | LUT|
    +--------------------------+----------------------+---------+-------+-----+----+
    |hipaccRun_mul_32sfYi_U1   |hipaccRun_mul_32sfYi  |        0|      4|  165|  50|
    |hipaccRun_mul_32sfYi_U7   |hipaccRun_mul_32sfYi  |        0|      4|  165|  50|
    |hipaccRun_mul_32sfYi_U13  |hipaccRun_mul_32sfYi  |        0|      4|  165|  50|
    |hipaccRun_mul_32sfYi_U19  |hipaccRun_mul_32sfYi  |        0|      4|  165|  50|
    |hipaccRun_mul_32sfYi_U25  |hipaccRun_mul_32sfYi  |        0|      4|  165|  50|
    |hipaccRun_mul_32sfYi_U31  |hipaccRun_mul_32sfYi  |        0|      4|  165|  50|
    |hipaccRun_mul_32sfYi_U37  |hipaccRun_mul_32sfYi  |        0|      4|  165|  50|
    |hipaccRun_mul_32sfYi_U43  |hipaccRun_mul_32sfYi  |        0|      4|  165|  50|
    |hipaccRun_mul_32sfYi_U49  |hipaccRun_mul_32sfYi  |        0|      4|  165|  50|
    |hipaccRun_mul_32sfYi_U55  |hipaccRun_mul_32sfYi  |        0|      4|  165|  50|
    |hipaccRun_mul_32sfYi_U61  |hipaccRun_mul_32sfYi  |        0|      4|  165|  50|
    |hipaccRun_mul_32sfYi_U67  |hipaccRun_mul_32sfYi  |        0|      4|  165|  50|
    |hipaccRun_mul_32sfYi_U73  |hipaccRun_mul_32sfYi  |        0|      4|  165|  50|
    |hipaccRun_mul_32sfYi_U79  |hipaccRun_mul_32sfYi  |        0|      4|  165|  50|
    |hipaccRun_mul_32sfYi_U85  |hipaccRun_mul_32sfYi  |        0|      4|  165|  50|
    |hipaccRun_mul_32sfYi_U91  |hipaccRun_mul_32sfYi  |        0|      4|  165|  50|
    |hipaccRun_mul_32sg8j_U2   |hipaccRun_mul_32sg8j  |        0|      4|  165|  50|
    |hipaccRun_mul_32sg8j_U5   |hipaccRun_mul_32sg8j  |        0|      4|  165|  50|
    |hipaccRun_mul_32sg8j_U8   |hipaccRun_mul_32sg8j  |        0|      4|  165|  50|
    |hipaccRun_mul_32sg8j_U11  |hipaccRun_mul_32sg8j  |        0|      4|  165|  50|
    |hipaccRun_mul_32sg8j_U14  |hipaccRun_mul_32sg8j  |        0|      4|  165|  50|
    |hipaccRun_mul_32sg8j_U17  |hipaccRun_mul_32sg8j  |        0|      4|  165|  50|
    |hipaccRun_mul_32sg8j_U20  |hipaccRun_mul_32sg8j  |        0|      4|  165|  50|
    |hipaccRun_mul_32sg8j_U23  |hipaccRun_mul_32sg8j  |        0|      4|  165|  50|
    |hipaccRun_mul_32sg8j_U26  |hipaccRun_mul_32sg8j  |        0|      4|  165|  50|
    |hipaccRun_mul_32sg8j_U29  |hipaccRun_mul_32sg8j  |        0|      4|  165|  50|
    |hipaccRun_mul_32sg8j_U32  |hipaccRun_mul_32sg8j  |        0|      4|  165|  50|
    |hipaccRun_mul_32sg8j_U35  |hipaccRun_mul_32sg8j  |        0|      4|  165|  50|
    |hipaccRun_mul_32sg8j_U38  |hipaccRun_mul_32sg8j  |        0|      4|  165|  50|
    |hipaccRun_mul_32sg8j_U41  |hipaccRun_mul_32sg8j  |        0|      4|  165|  50|
    |hipaccRun_mul_32sg8j_U44  |hipaccRun_mul_32sg8j  |        0|      4|  165|  50|
    |hipaccRun_mul_32sg8j_U47  |hipaccRun_mul_32sg8j  |        0|      4|  165|  50|
    |hipaccRun_mul_32sg8j_U50  |hipaccRun_mul_32sg8j  |        0|      4|  165|  50|
    |hipaccRun_mul_32sg8j_U53  |hipaccRun_mul_32sg8j  |        0|      4|  165|  50|
    |hipaccRun_mul_32sg8j_U56  |hipaccRun_mul_32sg8j  |        0|      4|  165|  50|
    |hipaccRun_mul_32sg8j_U59  |hipaccRun_mul_32sg8j  |        0|      4|  165|  50|
    |hipaccRun_mul_32sg8j_U62  |hipaccRun_mul_32sg8j  |        0|      4|  165|  50|
    |hipaccRun_mul_32sg8j_U65  |hipaccRun_mul_32sg8j  |        0|      4|  165|  50|
    |hipaccRun_mul_32sg8j_U68  |hipaccRun_mul_32sg8j  |        0|      4|  165|  50|
    |hipaccRun_mul_32sg8j_U71  |hipaccRun_mul_32sg8j  |        0|      4|  165|  50|
    |hipaccRun_mul_32sg8j_U74  |hipaccRun_mul_32sg8j  |        0|      4|  165|  50|
    |hipaccRun_mul_32sg8j_U77  |hipaccRun_mul_32sg8j  |        0|      4|  165|  50|
    |hipaccRun_mul_32sg8j_U80  |hipaccRun_mul_32sg8j  |        0|      4|  165|  50|
    |hipaccRun_mul_32sg8j_U83  |hipaccRun_mul_32sg8j  |        0|      4|  165|  50|
    |hipaccRun_mul_32sg8j_U86  |hipaccRun_mul_32sg8j  |        0|      4|  165|  50|
    |hipaccRun_mul_32sg8j_U89  |hipaccRun_mul_32sg8j  |        0|      4|  165|  50|
    |hipaccRun_mul_32sg8j_U92  |hipaccRun_mul_32sg8j  |        0|      4|  165|  50|
    |hipaccRun_mul_32sg8j_U95  |hipaccRun_mul_32sg8j  |        0|      4|  165|  50|
    |hipaccRun_mul_32shbi_U3   |hipaccRun_mul_32shbi  |        0|      4|  165|  50|
    |hipaccRun_mul_32shbi_U4   |hipaccRun_mul_32shbi  |        0|      4|  165|  50|
    |hipaccRun_mul_32shbi_U9   |hipaccRun_mul_32shbi  |        0|      4|  165|  50|
    |hipaccRun_mul_32shbi_U10  |hipaccRun_mul_32shbi  |        0|      4|  165|  50|
    |hipaccRun_mul_32shbi_U15  |hipaccRun_mul_32shbi  |        0|      4|  165|  50|
    |hipaccRun_mul_32shbi_U16  |hipaccRun_mul_32shbi  |        0|      4|  165|  50|
    |hipaccRun_mul_32shbi_U21  |hipaccRun_mul_32shbi  |        0|      4|  165|  50|
    |hipaccRun_mul_32shbi_U22  |hipaccRun_mul_32shbi  |        0|      4|  165|  50|
    |hipaccRun_mul_32shbi_U27  |hipaccRun_mul_32shbi  |        0|      4|  165|  50|
    |hipaccRun_mul_32shbi_U28  |hipaccRun_mul_32shbi  |        0|      4|  165|  50|
    |hipaccRun_mul_32shbi_U33  |hipaccRun_mul_32shbi  |        0|      4|  165|  50|
    |hipaccRun_mul_32shbi_U34  |hipaccRun_mul_32shbi  |        0|      4|  165|  50|
    |hipaccRun_mul_32shbi_U39  |hipaccRun_mul_32shbi  |        0|      4|  165|  50|
    |hipaccRun_mul_32shbi_U40  |hipaccRun_mul_32shbi  |        0|      4|  165|  50|
    |hipaccRun_mul_32shbi_U45  |hipaccRun_mul_32shbi  |        0|      4|  165|  50|
    |hipaccRun_mul_32shbi_U46  |hipaccRun_mul_32shbi  |        0|      4|  165|  50|
    |hipaccRun_mul_32shbi_U51  |hipaccRun_mul_32shbi  |        0|      4|  165|  50|
    |hipaccRun_mul_32shbi_U52  |hipaccRun_mul_32shbi  |        0|      4|  165|  50|
    |hipaccRun_mul_32shbi_U57  |hipaccRun_mul_32shbi  |        0|      4|  165|  50|
    |hipaccRun_mul_32shbi_U58  |hipaccRun_mul_32shbi  |        0|      4|  165|  50|
    |hipaccRun_mul_32shbi_U63  |hipaccRun_mul_32shbi  |        0|      4|  165|  50|
    |hipaccRun_mul_32shbi_U64  |hipaccRun_mul_32shbi  |        0|      4|  165|  50|
    |hipaccRun_mul_32shbi_U69  |hipaccRun_mul_32shbi  |        0|      4|  165|  50|
    |hipaccRun_mul_32shbi_U70  |hipaccRun_mul_32shbi  |        0|      4|  165|  50|
    |hipaccRun_mul_32shbi_U75  |hipaccRun_mul_32shbi  |        0|      4|  165|  50|
    |hipaccRun_mul_32shbi_U76  |hipaccRun_mul_32shbi  |        0|      4|  165|  50|
    |hipaccRun_mul_32shbi_U81  |hipaccRun_mul_32shbi  |        0|      4|  165|  50|
    |hipaccRun_mul_32shbi_U82  |hipaccRun_mul_32shbi  |        0|      4|  165|  50|
    |hipaccRun_mul_32shbi_U87  |hipaccRun_mul_32shbi  |        0|      4|  165|  50|
    |hipaccRun_mul_32shbi_U88  |hipaccRun_mul_32shbi  |        0|      4|  165|  50|
    |hipaccRun_mul_32shbi_U93  |hipaccRun_mul_32shbi  |        0|      4|  165|  50|
    |hipaccRun_mul_32shbi_U94  |hipaccRun_mul_32shbi  |        0|      4|  165|  50|
    |hipaccRun_mul_32sibs_U6   |hipaccRun_mul_32sibs  |        0|      4|  165|  50|
    |hipaccRun_mul_32sibs_U12  |hipaccRun_mul_32sibs  |        0|      4|  165|  50|
    |hipaccRun_mul_32sibs_U18  |hipaccRun_mul_32sibs  |        0|      4|  165|  50|
    |hipaccRun_mul_32sibs_U24  |hipaccRun_mul_32sibs  |        0|      4|  165|  50|
    |hipaccRun_mul_32sibs_U30  |hipaccRun_mul_32sibs  |        0|      4|  165|  50|
    |hipaccRun_mul_32sibs_U36  |hipaccRun_mul_32sibs  |        0|      4|  165|  50|
    |hipaccRun_mul_32sibs_U42  |hipaccRun_mul_32sibs  |        0|      4|  165|  50|
    |hipaccRun_mul_32sibs_U48  |hipaccRun_mul_32sibs  |        0|      4|  165|  50|
    |hipaccRun_mul_32sibs_U54  |hipaccRun_mul_32sibs  |        0|      4|  165|  50|
    |hipaccRun_mul_32sibs_U60  |hipaccRun_mul_32sibs  |        0|      4|  165|  50|
    |hipaccRun_mul_32sibs_U66  |hipaccRun_mul_32sibs  |        0|      4|  165|  50|
    |hipaccRun_mul_32sibs_U72  |hipaccRun_mul_32sibs  |        0|      4|  165|  50|
    |hipaccRun_mul_32sibs_U78  |hipaccRun_mul_32sibs  |        0|      4|  165|  50|
    |hipaccRun_mul_32sibs_U84  |hipaccRun_mul_32sibs  |        0|      4|  165|  50|
    |hipaccRun_mul_32sibs_U90  |hipaccRun_mul_32sibs  |        0|      4|  165|  50|
    |hipaccRun_mul_32sibs_U96  |hipaccRun_mul_32sibs  |        0|      4|  165|  50|
    +--------------------------+----------------------+---------+-------+-----+----+
    |Total                     |                      |        0|    384|15840|4800|
    +--------------------------+----------------------+---------+-------+-----+----+

    * DSP48: 
    N/A

    * Memory: 
    +----------------+----------------------+---------+---+----+------+-----+------+-------------+
    |     Memory     |        Module        | BRAM_18K| FF| LUT| Words| Bits| Banks| W*Bits*Banks|
    +----------------+----------------------+---------+---+----+------+-----+------+-------------+
    |lineBuff_0_V_U  |processVECT_lineBbkb  |       15|  0|   0|    64|  512|     1|        32768|
    |lineBuff_1_V_U  |processVECT_lineBbkb  |       15|  0|   0|    64|  512|     1|        32768|
    |lineBuff_2_V_U  |processVECT_lineBbkb  |       15|  0|   0|    64|  512|     1|        32768|
    |lineBuff_3_V_U  |processVECT_lineBbkb  |       15|  0|   0|    64|  512|     1|        32768|
    +----------------+----------------------+---------+---+----+------+-----+------+-------------+
    |Total           |                      |       60|  0|   0|   256| 2048|     4|       131072|
    +----------------+----------------------+---------+---+----+------+-----+------+-------------+

    * FIFO: 
    N/A

    * Expression: 
    +----------------------------------+----------+-------+-----+-----+------------+------------+
    |           Variable Name          | Operation| DSP48E|  FF | LUT | Bitwidth P0| Bitwidth P1|
    +----------------------------------+----------+-------+-----+-----+------------+------------+
    |col_fu_902_p2                     |     +    |      0|   38|   16|          11|           5|
    |colv_1_fu_908_p2                  |     +    |      0|   26|   12|           7|           1|
    |indvar_flatten_next_fu_792_p2     |     +    |      0|   56|   22|          17|           1|
    |p_tmp0_10_fu_5550_p2              |     +    |      0|    0|   32|          32|          32|
    |p_tmp0_11_fu_5584_p2              |     +    |      0|    0|   32|          32|          32|
    |p_tmp0_12_fu_5618_p2              |     +    |      0|    0|   32|          32|          32|
    |p_tmp0_13_fu_5652_p2              |     +    |      0|    0|   32|          32|          32|
    |p_tmp0_14_fu_5686_p2              |     +    |      0|    0|   32|          32|          32|
    |p_tmp0_1_fu_5210_p2               |     +    |      0|    0|   32|          32|          32|
    |p_tmp0_2_fu_5244_p2               |     +    |      0|    0|   32|          32|          32|
    |p_tmp0_3_fu_5278_p2               |     +    |      0|    0|   32|          32|          32|
    |p_tmp0_4_fu_5312_p2               |     +    |      0|    0|   32|          32|          32|
    |p_tmp0_5_fu_5346_p2               |     +    |      0|    0|   32|          32|          32|
    |p_tmp0_6_fu_5380_p2               |     +    |      0|    0|   32|          32|          32|
    |p_tmp0_7_fu_5414_p2               |     +    |      0|    0|   32|          32|          32|
    |p_tmp0_8_fu_5448_p2               |     +    |      0|    0|   32|          32|          32|
    |p_tmp0_9_fu_5482_p2               |     +    |      0|    0|   32|          32|          32|
    |p_tmp0_fu_5176_p2                 |     +    |      0|    0|   32|          32|          32|
    |p_tmp0_s_fu_5516_p2               |     +    |      0|    0|   32|          32|          32|
    |row_fu_764_p2                     |     +    |      0|   35|   15|          10|           1|
    |tmp100_fu_3502_p2                 |     +    |      0|    0|   32|          32|          32|
    |tmp101_fu_3508_p2                 |     +    |      0|  101|   37|          32|          32|
    |tmp102_fu_3520_p2                 |     +    |      0|    0|   32|          32|          32|
    |tmp103_fu_3526_p2                 |     +    |      0|  101|   37|          32|          32|
    |tmp104_fu_5328_p2                 |     +    |      0|  101|   37|          32|          32|
    |tmp105_fu_5332_p2                 |     +    |      0|    0|   32|          32|          32|
    |tmp106_fu_5337_p2                 |     +    |      0|    0|   32|          32|          32|
    |tmp107_fu_5341_p2                 |     +    |      0|    0|   32|          32|          32|
    |tmp108_fu_3538_p2                 |     +    |      0|  101|   37|          32|          32|
    |tmp109_fu_3550_p2                 |     +    |      0|    0|   32|          32|          32|
    |tmp10_fu_2932_p2                  |     +    |      0|    0|   32|          32|          32|
    |tmp10_i_10_fu_4162_p2             |     +    |      0|    0|   32|          32|          32|
    |tmp10_i_11_fu_4276_p2             |     +    |      0|    0|   32|          32|          32|
    |tmp10_i_12_fu_4390_p2             |     +    |      0|    0|   32|          32|          32|
    |tmp10_i_13_fu_4504_p2             |     +    |      0|    0|   32|          32|          32|
    |tmp10_i_14_fu_4618_p2             |     +    |      0|    0|   32|          32|          32|
    |tmp10_i_1_fu_3022_p2              |     +    |      0|    0|   32|          32|          32|
    |tmp10_i_2_fu_3136_p2              |     +    |      0|    0|   32|          32|          32|
    |tmp10_i_3_fu_3250_p2              |     +    |      0|    0|   32|          32|          32|
    |tmp10_i_4_fu_3364_p2              |     +    |      0|    0|   32|          32|          32|
    |tmp10_i_5_fu_3478_p2              |     +    |      0|    0|   32|          32|          32|
    |tmp10_i_6_fu_3592_p2              |     +    |      0|    0|   32|          32|          32|
    |tmp10_i_7_fu_3706_p2              |     +    |      0|    0|   32|          32|          32|
    |tmp10_i_8_fu_3820_p2              |     +    |      0|    0|   32|          32|          32|
    |tmp10_i_9_fu_3934_p2              |     +    |      0|    0|   32|          32|          32|
    |tmp10_i_fu_2908_p2                |     +    |      0|    0|   32|          32|          32|
    |tmp10_i_s_fu_4048_p2              |     +    |      0|    0|   32|          32|          32|
    |tmp110_fu_3544_p2                 |     +    |      0|  101|   37|          32|          32|
    |tmp111_fu_3556_p2                 |     +    |      0|    0|   32|          32|          32|
    |tmp112_fu_3568_p2                 |     +    |      0|    0|   32|          32|          32|
    |tmp113_fu_3562_p2                 |     +    |      0|  101|   37|          32|          32|
    |tmp114_fu_3580_p2                 |     +    |      0|    0|   32|          32|          32|
    |tmp115_fu_3586_p2                 |     +    |      0|  101|   37|          32|          32|
    |tmp116_fu_3598_p2                 |     +    |      0|    0|   32|          32|          32|
    |tmp117_fu_3604_p2                 |     +    |      0|  101|   37|          32|          32|
    |tmp118_fu_3616_p2                 |     +    |      0|    0|   32|          32|          32|
    |tmp119_fu_3622_p2                 |     +    |      0|  101|   37|          32|          32|
    |tmp11_fu_2938_p2                  |     +    |      0|  101|   37|          32|          32|
    |tmp120_fu_3634_p2                 |     +    |      0|    0|   32|          32|          32|
    |tmp121_fu_3640_p2                 |     +    |      0|  101|   37|          32|          32|
    |tmp122_fu_5362_p2                 |     +    |      0|  101|   37|          32|          32|
    |tmp123_fu_5366_p2                 |     +    |      0|    0|   32|          32|          32|
    |tmp124_fu_5371_p2                 |     +    |      0|    0|   32|          32|          32|
    |tmp125_fu_5375_p2                 |     +    |      0|    0|   32|          32|          32|
    |tmp126_fu_3652_p2                 |     +    |      0|  101|   37|          32|          32|
    |tmp127_fu_3664_p2                 |     +    |      0|    0|   32|          32|          32|
    |tmp128_fu_3658_p2                 |     +    |      0|  101|   37|          32|          32|
    |tmp129_fu_3670_p2                 |     +    |      0|    0|   32|          32|          32|
    |tmp12_fu_2950_p2                  |     +    |      0|    0|   32|          32|          32|
    |tmp130_fu_3682_p2                 |     +    |      0|    0|   32|          32|          32|
    |tmp131_fu_3676_p2                 |     +    |      0|  101|   37|          32|          32|
    |tmp132_fu_3694_p2                 |     +    |      0|    0|   32|          32|          32|
    |tmp133_fu_3700_p2                 |     +    |      0|  101|   37|          32|          32|
    |tmp134_fu_3712_p2                 |     +    |      0|    0|   32|          32|          32|
    |tmp135_fu_3718_p2                 |     +    |      0|  101|   37|          32|          32|
    |tmp136_fu_3730_p2                 |     +    |      0|    0|   32|          32|          32|
    |tmp137_fu_3736_p2                 |     +    |      0|  101|   37|          32|          32|
    |tmp138_fu_3748_p2                 |     +    |      0|    0|   32|          32|          32|
    |tmp139_fu_3754_p2                 |     +    |      0|  101|   37|          32|          32|
    |tmp13_fu_2956_p2                  |     +    |      0|  101|   37|          32|          32|
    |tmp140_fu_5396_p2                 |     +    |      0|  101|   37|          32|          32|
    |tmp141_fu_5400_p2                 |     +    |      0|    0|   32|          32|          32|
    |tmp142_fu_5405_p2                 |     +    |      0|    0|   32|          32|          32|
    |tmp143_fu_5409_p2                 |     +    |      0|    0|   32|          32|          32|
    |tmp144_fu_3766_p2                 |     +    |      0|  101|   37|          32|          32|
    |tmp145_fu_3778_p2                 |     +    |      0|    0|   32|          32|          32|
    |tmp146_fu_3772_p2                 |     +    |      0|  101|   37|          32|          32|
    |tmp147_fu_3784_p2                 |     +    |      0|    0|   32|          32|          32|
    |tmp148_fu_3796_p2                 |     +    |      0|    0|   32|          32|          32|
    |tmp149_fu_3790_p2                 |     +    |      0|  101|   37|          32|          32|
    |tmp14_fu_5158_p2                  |     +    |      0|  101|   37|          32|          32|
    |tmp14_i_10_fu_4180_p2             |     +    |      0|    0|   32|          32|          32|
    |tmp14_i_11_fu_4294_p2             |     +    |      0|    0|   32|          32|          32|
    |tmp14_i_12_fu_4408_p2             |     +    |      0|    0|   32|          32|          32|
    |tmp14_i_13_fu_4522_p2             |     +    |      0|    0|   32|          32|          32|
    |tmp14_i_14_fu_4636_p2             |     +    |      0|    0|   32|          32|          32|
    |tmp14_i_1_fu_3040_p2              |     +    |      0|    0|   32|          32|          32|
    |tmp14_i_2_fu_3154_p2              |     +    |      0|    0|   32|          32|          32|
    |tmp14_i_3_fu_3268_p2              |     +    |      0|    0|   32|          32|          32|
    |tmp14_i_4_fu_3382_p2              |     +    |      0|    0|   32|          32|          32|
    |tmp14_i_5_fu_3496_p2              |     +    |      0|    0|   32|          32|          32|
    |tmp14_i_6_fu_3610_p2              |     +    |      0|    0|   32|          32|          32|
    |tmp14_i_7_fu_3724_p2              |     +    |      0|    0|   32|          32|          32|
    |tmp14_i_8_fu_3838_p2              |     +    |      0|    0|   32|          32|          32|
    |tmp14_i_9_fu_3952_p2              |     +    |      0|    0|   32|          32|          32|
    |tmp14_i_fu_2926_p2                |     +    |      0|    0|   32|          32|          32|
    |tmp14_i_s_fu_4066_p2              |     +    |      0|    0|   32|          32|          32|
    |tmp150_fu_3808_p2                 |     +    |      0|    0|   32|          32|          32|
    |tmp151_fu_3814_p2                 |     +    |      0|  101|   37|          32|          32|
    |tmp152_fu_3826_p2                 |     +    |      0|    0|   32|          32|          32|
    |tmp153_fu_3832_p2                 |     +    |      0|  101|   37|          32|          32|
    |tmp154_fu_3844_p2                 |     +    |      0|    0|   32|          32|          32|
    |tmp155_fu_3850_p2                 |     +    |      0|  101|   37|          32|          32|
    |tmp156_fu_3862_p2                 |     +    |      0|    0|   32|          32|          32|
    |tmp157_fu_3868_p2                 |     +    |      0|  101|   37|          32|          32|
    |tmp158_fu_5430_p2                 |     +    |      0|  101|   37|          32|          32|
    |tmp159_fu_5434_p2                 |     +    |      0|    0|   32|          32|          32|
    |tmp15_fu_5162_p2                  |     +    |      0|    0|   32|          32|          32|
    |tmp160_fu_5439_p2                 |     +    |      0|    0|   32|          32|          32|
    |tmp161_fu_5443_p2                 |     +    |      0|    0|   32|          32|          32|
    |tmp162_fu_3880_p2                 |     +    |      0|  101|   37|          32|          32|
    |tmp163_fu_3892_p2                 |     +    |      0|    0|   32|          32|          32|
    |tmp164_fu_3886_p2                 |     +    |      0|  101|   37|          32|          32|
    |tmp165_fu_3898_p2                 |     +    |      0|    0|   32|          32|          32|
    |tmp166_fu_3910_p2                 |     +    |      0|    0|   32|          32|          32|
    |tmp167_fu_3904_p2                 |     +    |      0|  101|   37|          32|          32|
    |tmp168_fu_3922_p2                 |     +    |      0|    0|   32|          32|          32|
    |tmp169_fu_3928_p2                 |     +    |      0|  101|   37|          32|          32|
    |tmp16_fu_5167_p2                  |     +    |      0|    0|   32|          32|          32|
    |tmp170_fu_3940_p2                 |     +    |      0|    0|   32|          32|          32|
    |tmp171_fu_3946_p2                 |     +    |      0|  101|   37|          32|          32|
    |tmp172_fu_3958_p2                 |     +    |      0|    0|   32|          32|          32|
    |tmp173_fu_3964_p2                 |     +    |      0|  101|   37|          32|          32|
    |tmp174_fu_3976_p2                 |     +    |      0|    0|   32|          32|          32|
    |tmp175_fu_3982_p2                 |     +    |      0|  101|   37|          32|          32|
    |tmp176_fu_5464_p2                 |     +    |      0|  101|   37|          32|          32|
    |tmp177_fu_5468_p2                 |     +    |      0|    0|   32|          32|          32|
    |tmp178_fu_5473_p2                 |     +    |      0|    0|   32|          32|          32|
    |tmp179_fu_5477_p2                 |     +    |      0|    0|   32|          32|          32|
    |tmp17_fu_5171_p2                  |     +    |      0|    0|   32|          32|          32|
    |tmp180_fu_3994_p2                 |     +    |      0|  101|   37|          32|          32|
    |tmp181_fu_4006_p2                 |     +    |      0|    0|   32|          32|          32|
    |tmp182_fu_4000_p2                 |     +    |      0|  101|   37|          32|          32|
    |tmp183_fu_4012_p2                 |     +    |      0|    0|   32|          32|          32|
    |tmp184_fu_4024_p2                 |     +    |      0|    0|   32|          32|          32|
    |tmp185_fu_4018_p2                 |     +    |      0|  101|   37|          32|          32|
    |tmp186_fu_4036_p2                 |     +    |      0|    0|   32|          32|          32|
    |tmp187_fu_4042_p2                 |     +    |      0|  101|   37|          32|          32|
    |tmp188_fu_4054_p2                 |     +    |      0|    0|   32|          32|          32|
    |tmp189_fu_4060_p2                 |     +    |      0|  101|   37|          32|          32|
    |tmp18_fu_2968_p2                  |     +    |      0|  101|   37|          32|          32|
    |tmp18_i_10_fu_4198_p2             |     +    |      0|    0|   32|          32|          32|
    |tmp18_i_11_fu_4312_p2             |     +    |      0|    0|   32|          32|          32|
    |tmp18_i_12_fu_4426_p2             |     +    |      0|    0|   32|          32|          32|
    |tmp18_i_13_fu_4540_p2             |     +    |      0|    0|   32|          32|          32|
    |tmp18_i_14_fu_4654_p2             |     +    |      0|    0|   32|          32|          32|
    |tmp18_i_1_fu_3058_p2              |     +    |      0|    0|   32|          32|          32|
    |tmp18_i_2_fu_3172_p2              |     +    |      0|    0|   32|          32|          32|
    |tmp18_i_3_fu_3286_p2              |     +    |      0|    0|   32|          32|          32|
    |tmp18_i_4_fu_3400_p2              |     +    |      0|    0|   32|          32|          32|
    |tmp18_i_5_fu_3514_p2              |     +    |      0|    0|   32|          32|          32|
    |tmp18_i_6_fu_3628_p2              |     +    |      0|    0|   32|          32|          32|
    |tmp18_i_7_fu_3742_p2              |     +    |      0|    0|   32|          32|          32|
    |tmp18_i_8_fu_3856_p2              |     +    |      0|    0|   32|          32|          32|
    |tmp18_i_9_fu_3970_p2              |     +    |      0|    0|   32|          32|          32|
    |tmp18_i_fu_2944_p2                |     +    |      0|    0|   32|          32|          32|
    |tmp18_i_s_fu_4084_p2              |     +    |      0|    0|   32|          32|          32|
    |tmp190_fu_4072_p2                 |     +    |      0|    0|   32|          32|          32|
    |tmp191_fu_4078_p2                 |     +    |      0|  101|   37|          32|          32|
    |tmp192_fu_4090_p2                 |     +    |      0|    0|   32|          32|          32|
    |tmp193_fu_4096_p2                 |     +    |      0|  101|   37|          32|          32|
    |tmp194_fu_5498_p2                 |     +    |      0|  101|   37|          32|          32|
    |tmp195_fu_5502_p2                 |     +    |      0|    0|   32|          32|          32|
    |tmp196_fu_5507_p2                 |     +    |      0|    0|   32|          32|          32|
    |tmp197_fu_5511_p2                 |     +    |      0|    0|   32|          32|          32|
    |tmp198_fu_4108_p2                 |     +    |      0|  101|   37|          32|          32|
    |tmp199_fu_4120_p2                 |     +    |      0|    0|   32|          32|          32|
    |tmp19_fu_2980_p2                  |     +    |      0|    0|   32|          32|          32|
    |tmp1_fu_2866_p2                   |     +    |      0|    0|   32|          32|          32|
    |tmp200_fu_4114_p2                 |     +    |      0|  101|   37|          32|          32|
    |tmp201_fu_4126_p2                 |     +    |      0|    0|   32|          32|          32|
    |tmp202_fu_4138_p2                 |     +    |      0|    0|   32|          32|          32|
    |tmp203_fu_4132_p2                 |     +    |      0|  101|   37|          32|          32|
    |tmp204_fu_4150_p2                 |     +    |      0|    0|   32|          32|          32|
    |tmp205_fu_4156_p2                 |     +    |      0|  101|   37|          32|          32|
    |tmp206_fu_4168_p2                 |     +    |      0|    0|   32|          32|          32|
    |tmp207_fu_4174_p2                 |     +    |      0|  101|   37|          32|          32|
    |tmp208_fu_4186_p2                 |     +    |      0|    0|   32|          32|          32|
    |tmp209_fu_4192_p2                 |     +    |      0|  101|   37|          32|          32|
    |tmp20_fu_2974_p2                  |     +    |      0|  101|   37|          32|          32|
    |tmp210_fu_4204_p2                 |     +    |      0|    0|   32|          32|          32|
    |tmp211_fu_4210_p2                 |     +    |      0|  101|   37|          32|          32|
    |tmp212_fu_5532_p2                 |     +    |      0|  101|   37|          32|          32|
    |tmp213_fu_5536_p2                 |     +    |      0|    0|   32|          32|          32|
    |tmp214_fu_5541_p2                 |     +    |      0|    0|   32|          32|          32|
    |tmp215_fu_5545_p2                 |     +    |      0|    0|   32|          32|          32|
    |tmp216_fu_4222_p2                 |     +    |      0|  101|   37|          32|          32|
    |tmp217_fu_4234_p2                 |     +    |      0|    0|   32|          32|          32|
    |tmp218_fu_4228_p2                 |     +    |      0|  101|   37|          32|          32|
    |tmp219_fu_4240_p2                 |     +    |      0|    0|   32|          32|          32|
    |tmp21_fu_2986_p2                  |     +    |      0|    0|   32|          32|          32|
    |tmp220_fu_4252_p2                 |     +    |      0|    0|   32|          32|          32|
    |tmp221_fu_4246_p2                 |     +    |      0|  101|   37|          32|          32|
    |tmp222_fu_4264_p2                 |     +    |      0|    0|   32|          32|          32|
    |tmp223_fu_4270_p2                 |     +    |      0|  101|   37|          32|          32|
    |tmp224_fu_4282_p2                 |     +    |      0|    0|   32|          32|          32|
    |tmp225_fu_4288_p2                 |     +    |      0|  101|   37|          32|          32|
    |tmp226_fu_4300_p2                 |     +    |      0|    0|   32|          32|          32|
    |tmp227_fu_4306_p2                 |     +    |      0|  101|   37|          32|          32|
    |tmp228_fu_4318_p2                 |     +    |      0|    0|   32|          32|          32|
    |tmp229_fu_4324_p2                 |     +    |      0|  101|   37|          32|          32|
    |tmp22_fu_2998_p2                  |     +    |      0|    0|   32|          32|          32|
    |tmp22_i_10_fu_4216_p2             |     +    |      0|    0|   32|          32|          32|
    |tmp22_i_11_fu_4330_p2             |     +    |      0|    0|   32|          32|          32|
    |tmp22_i_12_fu_4444_p2             |     +    |      0|    0|   32|          32|          32|
    |tmp22_i_13_fu_4558_p2             |     +    |      0|    0|   32|          32|          32|
    |tmp22_i_14_fu_4672_p2             |     +    |      0|    0|   32|          32|          32|
    |tmp22_i_1_fu_3076_p2              |     +    |      0|    0|   32|          32|          32|
    |tmp22_i_2_fu_3190_p2              |     +    |      0|    0|   32|          32|          32|
    |tmp22_i_3_fu_3304_p2              |     +    |      0|    0|   32|          32|          32|
    |tmp22_i_4_fu_3418_p2              |     +    |      0|    0|   32|          32|          32|
    |tmp22_i_5_fu_3532_p2              |     +    |      0|    0|   32|          32|          32|
    |tmp22_i_6_fu_3646_p2              |     +    |      0|    0|   32|          32|          32|
    |tmp22_i_7_fu_3760_p2              |     +    |      0|    0|   32|          32|          32|
    |tmp22_i_8_fu_3874_p2              |     +    |      0|    0|   32|          32|          32|
    |tmp22_i_9_fu_3988_p2              |     +    |      0|    0|   32|          32|          32|
    |tmp22_i_fu_2962_p2                |     +    |      0|    0|   32|          32|          32|
    |tmp22_i_s_fu_4102_p2              |     +    |      0|    0|   32|          32|          32|
    |tmp230_fu_5566_p2                 |     +    |      0|  101|   37|          32|          32|
    |tmp231_fu_5570_p2                 |     +    |      0|    0|   32|          32|          32|
    |tmp232_fu_5575_p2                 |     +    |      0|    0|   32|          32|          32|
    |tmp233_fu_5579_p2                 |     +    |      0|    0|   32|          32|          32|
    |tmp234_fu_4336_p2                 |     +    |      0|  101|   37|          32|          32|
    |tmp235_fu_4348_p2                 |     +    |      0|    0|   32|          32|          32|
    |tmp236_fu_4342_p2                 |     +    |      0|  101|   37|          32|          32|
    |tmp237_fu_4354_p2                 |     +    |      0|    0|   32|          32|          32|
    |tmp238_fu_4366_p2                 |     +    |      0|    0|   32|          32|          32|
    |tmp239_fu_4360_p2                 |     +    |      0|  101|   37|          32|          32|
    |tmp23_fu_2992_p2                  |     +    |      0|  101|   37|          32|          32|
    |tmp240_fu_4378_p2                 |     +    |      0|    0|   32|          32|          32|
    |tmp241_fu_4384_p2                 |     +    |      0|  101|   37|          32|          32|
    |tmp242_fu_4396_p2                 |     +    |      0|    0|   32|          32|          32|
    |tmp243_fu_4402_p2                 |     +    |      0|  101|   37|          32|          32|
    |tmp244_fu_4414_p2                 |     +    |      0|    0|   32|          32|          32|
    |tmp245_fu_4420_p2                 |     +    |      0|  101|   37|          32|          32|
    |tmp246_fu_4432_p2                 |     +    |      0|    0|   32|          32|          32|
    |tmp247_fu_4438_p2                 |     +    |      0|  101|   37|          32|          32|
    |tmp248_fu_5600_p2                 |     +    |      0|  101|   37|          32|          32|
    |tmp249_fu_5604_p2                 |     +    |      0|    0|   32|          32|          32|
    |tmp24_fu_3010_p2                  |     +    |      0|    0|   32|          32|          32|
    |tmp250_fu_5609_p2                 |     +    |      0|    0|   32|          32|          32|
    |tmp251_fu_5613_p2                 |     +    |      0|    0|   32|          32|          32|
    |tmp252_fu_4450_p2                 |     +    |      0|  101|   37|          32|          32|
    |tmp253_fu_4462_p2                 |     +    |      0|    0|   32|          32|          32|
    |tmp254_fu_4456_p2                 |     +    |      0|  101|   37|          32|          32|
    |tmp255_fu_4468_p2                 |     +    |      0|    0|   32|          32|          32|
    |tmp256_fu_4480_p2                 |     +    |      0|    0|   32|          32|          32|
    |tmp257_fu_4474_p2                 |     +    |      0|  101|   37|          32|          32|
    |tmp258_fu_4492_p2                 |     +    |      0|    0|   32|          32|          32|
    |tmp259_fu_4498_p2                 |     +    |      0|  101|   37|          32|          32|
    |tmp25_fu_3016_p2                  |     +    |      0|  101|   37|          32|          32|
    |tmp260_fu_4510_p2                 |     +    |      0|    0|   32|          32|          32|
    |tmp261_fu_4516_p2                 |     +    |      0|  101|   37|          32|          32|
    |tmp262_fu_4528_p2                 |     +    |      0|    0|   32|          32|          32|
    |tmp263_fu_4534_p2                 |     +    |      0|  101|   37|          32|          32|
    |tmp264_fu_4546_p2                 |     +    |      0|    0|   32|          32|          32|
    |tmp265_fu_4552_p2                 |     +    |      0|  101|   37|          32|          32|
    |tmp266_fu_5634_p2                 |     +    |      0|  101|   37|          32|          32|
    |tmp267_fu_5638_p2                 |     +    |      0|    0|   32|          32|          32|
    |tmp268_fu_5643_p2                 |     +    |      0|    0|   32|          32|          32|
    |tmp269_fu_5647_p2                 |     +    |      0|    0|   32|          32|          32|
    |tmp26_fu_3028_p2                  |     +    |      0|    0|   32|          32|          32|
    |tmp270_fu_4564_p2                 |     +    |      0|  101|   37|          32|          32|
    |tmp271_fu_4576_p2                 |     +    |      0|    0|   32|          32|          32|
    |tmp272_fu_4570_p2                 |     +    |      0|  101|   37|          32|          32|
    |tmp273_fu_4582_p2                 |     +    |      0|    0|   32|          32|          32|
    |tmp274_fu_4594_p2                 |     +    |      0|    0|   32|          32|          32|
    |tmp275_fu_4588_p2                 |     +    |      0|  101|   37|          32|          32|
    |tmp276_fu_4606_p2                 |     +    |      0|    0|   32|          32|          32|
    |tmp277_fu_4612_p2                 |     +    |      0|  101|   37|          32|          32|
    |tmp278_fu_4624_p2                 |     +    |      0|    0|   32|          32|          32|
    |tmp279_fu_4630_p2                 |     +    |      0|  101|   37|          32|          32|
    |tmp27_fu_3034_p2                  |     +    |      0|  101|   37|          32|          32|
    |tmp280_fu_4642_p2                 |     +    |      0|    0|   32|          32|          32|
    |tmp281_fu_4648_p2                 |     +    |      0|  101|   37|          32|          32|
    |tmp282_fu_4660_p2                 |     +    |      0|    0|   32|          32|          32|
    |tmp283_fu_4666_p2                 |     +    |      0|  101|   37|          32|          32|
    |tmp284_fu_5668_p2                 |     +    |      0|  101|   37|          32|          32|
    |tmp285_fu_5672_p2                 |     +    |      0|    0|   32|          32|          32|
    |tmp286_fu_5677_p2                 |     +    |      0|    0|   32|          32|          32|
    |tmp287_fu_5681_p2                 |     +    |      0|    0|   32|          32|          32|
    |tmp28_fu_3046_p2                  |     +    |      0|    0|   32|          32|          32|
    |tmp29_fu_3052_p2                  |     +    |      0|  101|   37|          32|          32|
    |tmp2_fu_2854_p2                   |     +    |      0|  101|   37|          32|          32|
    |tmp30_fu_3064_p2                  |     +    |      0|    0|   32|          32|          32|
    |tmp31_fu_3070_p2                  |     +    |      0|  101|   37|          32|          32|
    |tmp32_fu_5192_p2                  |     +    |      0|  101|   37|          32|          32|
    |tmp33_fu_5196_p2                  |     +    |      0|    0|   32|          32|          32|
    |tmp34_fu_5201_p2                  |     +    |      0|    0|   32|          32|          32|
    |tmp35_fu_5205_p2                  |     +    |      0|    0|   32|          32|          32|
    |tmp36_fu_3082_p2                  |     +    |      0|  101|   37|          32|          32|
    |tmp37_fu_3094_p2                  |     +    |      0|    0|   32|          32|          32|
    |tmp38_fu_3088_p2                  |     +    |      0|  101|   37|          32|          32|
    |tmp39_fu_3100_p2                  |     +    |      0|    0|   32|          32|          32|
    |tmp3_fu_2860_p2                   |     +    |      0|  101|   37|          32|          32|
    |tmp40_fu_3112_p2                  |     +    |      0|    0|   32|          32|          32|
    |tmp41_fu_3106_p2                  |     +    |      0|  101|   37|          32|          32|
    |tmp42_fu_3124_p2                  |     +    |      0|    0|   32|          32|          32|
    |tmp43_fu_3130_p2                  |     +    |      0|  101|   37|          32|          32|
    |tmp44_fu_3142_p2                  |     +    |      0|    0|   32|          32|          32|
    |tmp45_fu_3148_p2                  |     +    |      0|  101|   37|          32|          32|
    |tmp46_fu_3160_p2                  |     +    |      0|    0|   32|          32|          32|
    |tmp47_fu_3166_p2                  |     +    |      0|  101|   37|          32|          32|
    |tmp48_fu_3178_p2                  |     +    |      0|    0|   32|          32|          32|
    |tmp49_fu_3184_p2                  |     +    |      0|  101|   37|          32|          32|
    |tmp4_fu_2884_p2                   |     +    |      0|    0|   32|          32|          32|
    |tmp50_fu_5226_p2                  |     +    |      0|  101|   37|          32|          32|
    |tmp51_fu_5230_p2                  |     +    |      0|    0|   32|          32|          32|
    |tmp52_fu_5235_p2                  |     +    |      0|    0|   32|          32|          32|
    |tmp53_fu_5239_p2                  |     +    |      0|    0|   32|          32|          32|
    |tmp54_fu_3196_p2                  |     +    |      0|  101|   37|          32|          32|
    |tmp55_fu_3208_p2                  |     +    |      0|    0|   32|          32|          32|
    |tmp56_fu_3202_p2                  |     +    |      0|  101|   37|          32|          32|
    |tmp57_fu_3214_p2                  |     +    |      0|    0|   32|          32|          32|
    |tmp58_fu_3226_p2                  |     +    |      0|    0|   32|          32|          32|
    |tmp59_fu_3220_p2                  |     +    |      0|  101|   37|          32|          32|
    |tmp5_fu_2872_p2                   |     +    |      0|    0|   32|          32|          32|
    |tmp60_fu_3238_p2                  |     +    |      0|    0|   32|          32|          32|
    |tmp61_fu_3244_p2                  |     +    |      0|  101|   37|          32|          32|
    |tmp62_fu_3256_p2                  |     +    |      0|    0|   32|          32|          32|
    |tmp63_fu_3262_p2                  |     +    |      0|  101|   37|          32|          32|
    |tmp64_fu_3274_p2                  |     +    |      0|    0|   32|          32|          32|
    |tmp65_fu_3280_p2                  |     +    |      0|  101|   37|          32|          32|
    |tmp66_fu_3292_p2                  |     +    |      0|    0|   32|          32|          32|
    |tmp67_fu_3298_p2                  |     +    |      0|  101|   37|          32|          32|
    |tmp68_fu_5260_p2                  |     +    |      0|  101|   37|          32|          32|
    |tmp69_fu_5264_p2                  |     +    |      0|    0|   32|          32|          32|
    |tmp6_fu_2878_p2                   |     +    |      0|  101|   37|          32|          32|
    |tmp6_i_10_fu_4144_p2              |     +    |      0|    0|   32|          32|          32|
    |tmp6_i_11_fu_4258_p2              |     +    |      0|    0|   32|          32|          32|
    |tmp6_i_12_fu_4372_p2              |     +    |      0|    0|   32|          32|          32|
    |tmp6_i_13_fu_4486_p2              |     +    |      0|    0|   32|          32|          32|
    |tmp6_i_14_fu_4600_p2              |     +    |      0|    0|   32|          32|          32|
    |tmp6_i_1_fu_3004_p2               |     +    |      0|    0|   32|          32|          32|
    |tmp6_i_2_fu_3118_p2               |     +    |      0|    0|   32|          32|          32|
    |tmp6_i_3_fu_3232_p2               |     +    |      0|    0|   32|          32|          32|
    |tmp6_i_4_fu_3346_p2               |     +    |      0|    0|   32|          32|          32|
    |tmp6_i_5_fu_3460_p2               |     +    |      0|    0|   32|          32|          32|
    |tmp6_i_6_fu_3574_p2               |     +    |      0|    0|   32|          32|          32|
    |tmp6_i_7_fu_3688_p2               |     +    |      0|    0|   32|          32|          32|
    |tmp6_i_8_fu_3802_p2               |     +    |      0|    0|   32|          32|          32|
    |tmp6_i_9_fu_3916_p2               |     +    |      0|    0|   32|          32|          32|
    |tmp6_i_fu_2890_p2                 |     +    |      0|    0|   32|          32|          32|
    |tmp6_i_s_fu_4030_p2               |     +    |      0|    0|   32|          32|          32|
    |tmp70_fu_5269_p2                  |     +    |      0|    0|   32|          32|          32|
    |tmp71_fu_5273_p2                  |     +    |      0|    0|   32|          32|          32|
    |tmp72_fu_3310_p2                  |     +    |      0|  101|   37|          32|          32|
    |tmp73_fu_3322_p2                  |     +    |      0|    0|   32|          32|          32|
    |tmp74_fu_3316_p2                  |     +    |      0|  101|   37|          32|          32|
    |tmp75_fu_3328_p2                  |     +    |      0|    0|   32|          32|          32|
    |tmp76_fu_3340_p2                  |     +    |      0|    0|   32|          32|          32|
    |tmp77_fu_3334_p2                  |     +    |      0|  101|   37|          32|          32|
    |tmp78_fu_3352_p2                  |     +    |      0|    0|   32|          32|          32|
    |tmp79_fu_3358_p2                  |     +    |      0|  101|   37|          32|          32|
    |tmp7_fu_2896_p2                   |     +    |      0|    0|   32|          32|          32|
    |tmp80_fu_3370_p2                  |     +    |      0|    0|   32|          32|          32|
    |tmp81_fu_3376_p2                  |     +    |      0|  101|   37|          32|          32|
    |tmp82_fu_3388_p2                  |     +    |      0|    0|   32|          32|          32|
    |tmp83_fu_3394_p2                  |     +    |      0|  101|   37|          32|          32|
    |tmp84_fu_3406_p2                  |     +    |      0|    0|   32|          32|          32|
    |tmp85_fu_3412_p2                  |     +    |      0|  101|   37|          32|          32|
    |tmp86_fu_5294_p2                  |     +    |      0|  101|   37|          32|          32|
    |tmp87_fu_5298_p2                  |     +    |      0|    0|   32|          32|          32|
    |tmp88_fu_5303_p2                  |     +    |      0|    0|   32|          32|          32|
    |tmp89_fu_5307_p2                  |     +    |      0|    0|   32|          32|          32|
    |tmp8_fu_2902_p2                   |     +    |      0|  101|   37|          32|          32|
    |tmp90_fu_3424_p2                  |     +    |      0|  101|   37|          32|          32|
    |tmp91_fu_3436_p2                  |     +    |      0|    0|   32|          32|          32|
    |tmp92_fu_3430_p2                  |     +    |      0|  101|   37|          32|          32|
    |tmp93_fu_3442_p2                  |     +    |      0|    0|   32|          32|          32|
    |tmp94_fu_3454_p2                  |     +    |      0|    0|   32|          32|          32|
    |tmp95_fu_3448_p2                  |     +    |      0|  101|   37|          32|          32|
    |tmp96_fu_3466_p2                  |     +    |      0|    0|   32|          32|          32|
    |tmp97_fu_3472_p2                  |     +    |      0|  101|   37|          32|          32|
    |tmp98_fu_3484_p2                  |     +    |      0|    0|   32|          32|          32|
    |tmp99_fu_3490_p2                  |     +    |      0|  101|   37|          32|          32|
    |tmp9_fu_2914_p2                   |     +    |      0|    0|   32|          32|          32|
    |tmp_fu_2920_p2                    |     +    |      0|  101|   37|          32|          32|
    |ap_block_state3_pp0_stage0_iter1  |    and   |      0|    0|    2|           1|           1|
    |ap_block_state9_pp0_stage0_iter7  |    and   |      0|    0|    2|           1|           1|
    |or_cond_fu_880_p2                 |    and   |      0|    0|    2|           1|           1|
    |tmp_6_fu_926_p2                   |    and   |      0|    0|    2|           1|           1|
    |exitcond_flatten_fu_758_p2        |   icmp   |      0|    0|   13|          17|          17|
    |exitcond_fu_808_p2                |   icmp   |      0|    0|    4|           7|           7|
    |icmp1_fu_770_p2                   |   icmp   |      0|    0|    5|           9|           1|
    |icmp2_fu_824_p2                   |   icmp   |      0|    0|    5|           9|           1|
    |icmp_fu_896_p2                    |   icmp   |      0|    0|    5|          10|           1|
    |tmp_5_mid1_fu_838_p2              |   icmp   |      0|    0|    5|          10|           4|
    |tmp_s_fu_844_p2                   |   icmp   |      0|    0|    5|          10|           4|
    |ap_block_pp0_stage0_flag00001001  |    or    |      0|    0|    2|           1|           1|
    |col_assign_1_mid2_fu_858_p3       |  select  |      0|    0|   10|           1|          10|
    |col_assign_mid2_fu_784_p3         |  select  |      0|    0|   11|           1|           1|
    |colv_mid2_fu_776_p3               |  select  |      0|    0|    7|           1|           1|
    |tmp_2_mid2_fu_830_p3              |  select  |      0|    0|    2|           1|           1|
    |tmp_5_mid2_fu_850_p3              |  select  |      0|    0|    2|           1|           1|
    |ap_enable_pp0                     |    xor   |      0|    0|    2|           1|           2|
    |ap_enable_reg_pp0_iter1           |    xor   |      0|    0|    2|           1|           2|
    |rev_fu_874_p2                     |    xor   |      0|    0|    2|           1|           2|
    +----------------------------------+----------+-------+-----+-----+------------+------------+
    |Total                             |          |      0|13083|13083|       12418|       12356|
    +----------------------------------+----------+-------+-----+-----+------------+------------+

    * Multiplexer: 
    +-------------------------+----+-----------+-----+-----------+
    |           Name          | LUT| Input Size| Bits| Total Bits|
    +-------------------------+----+-----------+-----+-----------+
    |ap_NS_fsm                |  21|          4|    1|          4|
    |ap_enable_reg_pp0_iter1  |   9|          2|    1|          2|
    |ap_enable_reg_pp0_iter7  |   9|          2|    1|          2|
    |col_assign_1_reg_725     |   9|          2|   10|         20|
    |col_assign_reg_736       |   9|          2|   11|         22|
    |colv_reg_747             |   9|          2|    7|         14|
    |in_s_V_V_blk_n           |   9|          2|    1|          2|
    |indvar_flatten_reg_714   |   9|          2|   17|         34|
    |out_s_V_V_blk_n          |   9|          2|    1|          2|
    +-------------------------+----+-----------+-----+-----------+
    |Total                    |  93|         20|   50|        102|
    +-------------------------+----+-----------+-----+-----------+

    * Register: 
    +---------------------------------+-----+----+-----+-----------+
    |               Name              |  FF | LUT| Bits| Const Bits|
    +---------------------------------+-----+----+-----+-----------+
    |ap_CS_fsm                        |    3|   0|    3|          0|
    |ap_enable_reg_pp0_iter0          |    1|   0|    1|          0|
    |ap_enable_reg_pp0_iter1          |    1|   0|    1|          0|
    |ap_enable_reg_pp0_iter2          |    1|   0|    1|          0|
    |ap_enable_reg_pp0_iter3          |    1|   0|    1|          0|
    |ap_enable_reg_pp0_iter4          |    1|   0|    1|          0|
    |ap_enable_reg_pp0_iter5          |    1|   0|    1|          0|
    |ap_enable_reg_pp0_iter6          |    1|   0|    1|          0|
    |ap_enable_reg_pp0_iter7          |    1|   0|    1|          0|
    |ap_reg_pp0_iter1_tmp_5_reg_6677  |    1|   0|    1|          0|
    |col_assign_1_reg_725             |   10|   0|   10|          0|
    |col_assign_reg_736               |   11|   0|   11|          0|
    |colv_mid2_reg_6662               |    7|   0|    7|          0|
    |colv_reg_747                     |    7|   0|    7|          0|
    |icmp_reg_6685                    |    1|   0|    1|          0|
    |indvar_flatten_reg_714           |   17|   0|   17|          0|
    |lineBuff_0_V_addr_reg_6700       |    6|   0|    6|          0|
    |lineBuff_1_V_addr_reg_6706       |    6|   0|    6|          0|
    |lineBuff_2_V_addr_reg_6712       |    6|   0|    6|          0|
    |lineBuff_3_V_addr_reg_6718       |    6|   0|    6|          0|
    |or_cond_reg_6724                 |    1|   0|    1|          0|
    |tmp10_i_10_reg_7088              |   32|   0|   32|          0|
    |tmp10_i_11_reg_7113              |   32|   0|   32|          0|
    |tmp10_i_12_reg_7138              |   32|   0|   32|          0|
    |tmp10_i_13_reg_7163              |   32|   0|   32|          0|
    |tmp10_i_14_reg_7188              |   32|   0|   32|          0|
    |tmp10_i_1_reg_6838               |   32|   0|   32|          0|
    |tmp10_i_2_reg_6863               |   32|   0|   32|          0|
    |tmp10_i_3_reg_6888               |   32|   0|   32|          0|
    |tmp10_i_4_reg_6913               |   32|   0|   32|          0|
    |tmp10_i_5_reg_6938               |   32|   0|   32|          0|
    |tmp10_i_6_reg_6963               |   32|   0|   32|          0|
    |tmp10_i_7_reg_6988               |   32|   0|   32|          0|
    |tmp10_i_8_reg_7013               |   32|   0|   32|          0|
    |tmp10_i_9_reg_7038               |   32|   0|   32|          0|
    |tmp10_i_reg_6813                 |   32|   0|   32|          0|
    |tmp10_i_s_reg_7063               |   32|   0|   32|          0|
    |tmp11_i_10_reg_7548              |   32|   0|   32|          0|
    |tmp11_i_11_reg_7578              |   32|   0|   32|          0|
    |tmp11_i_12_reg_7608              |   32|   0|   32|          0|
    |tmp11_i_13_reg_7638              |   32|   0|   32|          0|
    |tmp11_i_14_reg_7668              |   32|   0|   32|          0|
    |tmp11_i_1_reg_7248               |   32|   0|   32|          0|
    |tmp11_i_2_reg_7278               |   32|   0|   32|          0|
    |tmp11_i_3_reg_7308               |   32|   0|   32|          0|
    |tmp11_i_4_reg_7338               |   32|   0|   32|          0|
    |tmp11_i_5_reg_7368               |   32|   0|   32|          0|
    |tmp11_i_6_reg_7398               |   32|   0|   32|          0|
    |tmp11_i_7_reg_7428               |   32|   0|   32|          0|
    |tmp11_i_8_reg_7458               |   32|   0|   32|          0|
    |tmp11_i_9_reg_7488               |   32|   0|   32|          0|
    |tmp11_i_reg_7218                 |   32|   0|   32|          0|
    |tmp11_i_s_reg_7518               |   32|   0|   32|          0|
    |tmp14_i_10_reg_7093              |   32|   0|   32|          0|
    |tmp14_i_11_reg_7118              |   32|   0|   32|          0|
    |tmp14_i_12_reg_7143              |   32|   0|   32|          0|
    |tmp14_i_13_reg_7168              |   32|   0|   32|          0|
    |tmp14_i_14_reg_7193              |   32|   0|   32|          0|
    |tmp14_i_1_reg_6843               |   32|   0|   32|          0|
    |tmp14_i_2_reg_6868               |   32|   0|   32|          0|
    |tmp14_i_3_reg_6893               |   32|   0|   32|          0|
    |tmp14_i_4_reg_6918               |   32|   0|   32|          0|
    |tmp14_i_5_reg_6943               |   32|   0|   32|          0|
    |tmp14_i_6_reg_6968               |   32|   0|   32|          0|
    |tmp14_i_7_reg_6993               |   32|   0|   32|          0|
    |tmp14_i_8_reg_7018               |   32|   0|   32|          0|
    |tmp14_i_9_reg_7043               |   32|   0|   32|          0|
    |tmp14_i_reg_6818                 |   32|   0|   32|          0|
    |tmp14_i_s_reg_7068               |   32|   0|   32|          0|
    |tmp15_i_10_reg_7553              |   32|   0|   32|          0|
    |tmp15_i_11_reg_7583              |   32|   0|   32|          0|
    |tmp15_i_12_reg_7613              |   32|   0|   32|          0|
    |tmp15_i_13_reg_7643              |   32|   0|   32|          0|
    |tmp15_i_14_reg_7673              |   32|   0|   32|          0|
    |tmp15_i_1_reg_7253               |   32|   0|   32|          0|
    |tmp15_i_2_reg_7283               |   32|   0|   32|          0|
    |tmp15_i_3_reg_7313               |   32|   0|   32|          0|
    |tmp15_i_4_reg_7343               |   32|   0|   32|          0|
    |tmp15_i_5_reg_7373               |   32|   0|   32|          0|
    |tmp15_i_6_reg_7403               |   32|   0|   32|          0|
    |tmp15_i_7_reg_7433               |   32|   0|   32|          0|
    |tmp15_i_8_reg_7463               |   32|   0|   32|          0|
    |tmp15_i_9_reg_7493               |   32|   0|   32|          0|
    |tmp15_i_reg_7223                 |   32|   0|   32|          0|
    |tmp15_i_s_reg_7523               |   32|   0|   32|          0|
    |tmp18_i_10_reg_7098              |   32|   0|   32|          0|
    |tmp18_i_11_reg_7123              |   32|   0|   32|          0|
    |tmp18_i_12_reg_7148              |   32|   0|   32|          0|
    |tmp18_i_13_reg_7173              |   32|   0|   32|          0|
    |tmp18_i_14_reg_7198              |   32|   0|   32|          0|
    |tmp18_i_1_reg_6848               |   32|   0|   32|          0|
    |tmp18_i_2_reg_6873               |   32|   0|   32|          0|
    |tmp18_i_3_reg_6898               |   32|   0|   32|          0|
    |tmp18_i_4_reg_6923               |   32|   0|   32|          0|
    |tmp18_i_5_reg_6948               |   32|   0|   32|          0|
    |tmp18_i_6_reg_6973               |   32|   0|   32|          0|
    |tmp18_i_7_reg_6998               |   32|   0|   32|          0|
    |tmp18_i_8_reg_7023               |   32|   0|   32|          0|
    |tmp18_i_9_reg_7048               |   32|   0|   32|          0|
    |tmp18_i_reg_6823                 |   32|   0|   32|          0|
    |tmp18_i_s_reg_7073               |   32|   0|   32|          0|
    |tmp19_i_10_reg_7558              |   32|   0|   32|          0|
    |tmp19_i_11_reg_7588              |   32|   0|   32|          0|
    |tmp19_i_12_reg_7618              |   32|   0|   32|          0|
    |tmp19_i_13_reg_7648              |   32|   0|   32|          0|
    |tmp19_i_14_reg_7678              |   32|   0|   32|          0|
    |tmp19_i_1_reg_7258               |   32|   0|   32|          0|
    |tmp19_i_2_reg_7288               |   32|   0|   32|          0|
    |tmp19_i_3_reg_7318               |   32|   0|   32|          0|
    |tmp19_i_4_reg_7348               |   32|   0|   32|          0|
    |tmp19_i_5_reg_7378               |   32|   0|   32|          0|
    |tmp19_i_6_reg_7408               |   32|   0|   32|          0|
    |tmp19_i_7_reg_7438               |   32|   0|   32|          0|
    |tmp19_i_8_reg_7468               |   32|   0|   32|          0|
    |tmp19_i_9_reg_7498               |   32|   0|   32|          0|
    |tmp19_i_reg_7228                 |   32|   0|   32|          0|
    |tmp19_i_s_reg_7528               |   32|   0|   32|          0|
    |tmp22_i_10_reg_7103              |   32|   0|   32|          0|
    |tmp22_i_11_reg_7128              |   32|   0|   32|          0|
    |tmp22_i_12_reg_7153              |   32|   0|   32|          0|
    |tmp22_i_13_reg_7178              |   32|   0|   32|          0|
    |tmp22_i_14_reg_7203              |   32|   0|   32|          0|
    |tmp22_i_1_reg_6853               |   32|   0|   32|          0|
    |tmp22_i_2_reg_6878               |   32|   0|   32|          0|
    |tmp22_i_3_reg_6903               |   32|   0|   32|          0|
    |tmp22_i_4_reg_6928               |   32|   0|   32|          0|
    |tmp22_i_5_reg_6953               |   32|   0|   32|          0|
    |tmp22_i_6_reg_6978               |   32|   0|   32|          0|
    |tmp22_i_7_reg_7003               |   32|   0|   32|          0|
    |tmp22_i_8_reg_7028               |   32|   0|   32|          0|
    |tmp22_i_9_reg_7053               |   32|   0|   32|          0|
    |tmp22_i_reg_6828                 |   32|   0|   32|          0|
    |tmp22_i_s_reg_7078               |   32|   0|   32|          0|
    |tmp23_i_10_reg_7563              |   32|   0|   32|          0|
    |tmp23_i_11_reg_7593              |   32|   0|   32|          0|
    |tmp23_i_12_reg_7623              |   32|   0|   32|          0|
    |tmp23_i_13_reg_7653              |   32|   0|   32|          0|
    |tmp23_i_14_reg_7683              |   32|   0|   32|          0|
    |tmp23_i_1_reg_7263               |   32|   0|   32|          0|
    |tmp23_i_2_reg_7293               |   32|   0|   32|          0|
    |tmp23_i_3_reg_7323               |   32|   0|   32|          0|
    |tmp23_i_4_reg_7353               |   32|   0|   32|          0|
    |tmp23_i_5_reg_7383               |   32|   0|   32|          0|
    |tmp23_i_6_reg_7413               |   32|   0|   32|          0|
    |tmp23_i_7_reg_7443               |   32|   0|   32|          0|
    |tmp23_i_8_reg_7473               |   32|   0|   32|          0|
    |tmp23_i_9_reg_7503               |   32|   0|   32|          0|
    |tmp23_i_reg_7233                 |   32|   0|   32|          0|
    |tmp23_i_s_reg_7533               |   32|   0|   32|          0|
    |tmp6_i_10_reg_7083               |   32|   0|   32|          0|
    |tmp6_i_11_reg_7108               |   32|   0|   32|          0|
    |tmp6_i_12_reg_7133               |   32|   0|   32|          0|
    |tmp6_i_13_reg_7158               |   32|   0|   32|          0|
    |tmp6_i_14_reg_7183               |   32|   0|   32|          0|
    |tmp6_i_1_reg_6833                |   32|   0|   32|          0|
    |tmp6_i_2_reg_6858                |   32|   0|   32|          0|
    |tmp6_i_3_reg_6883                |   32|   0|   32|          0|
    |tmp6_i_4_reg_6908                |   32|   0|   32|          0|
    |tmp6_i_5_reg_6933                |   32|   0|   32|          0|
    |tmp6_i_6_reg_6958                |   32|   0|   32|          0|
    |tmp6_i_7_reg_6983                |   32|   0|   32|          0|
    |tmp6_i_8_reg_7008                |   32|   0|   32|          0|
    |tmp6_i_9_reg_7033                |   32|   0|   32|          0|
    |tmp6_i_reg_6808                  |   32|   0|   32|          0|
    |tmp6_i_s_reg_7058                |   32|   0|   32|          0|
    |tmp7_i_10_reg_7543               |   32|   0|   32|          0|
    |tmp7_i_11_reg_7573               |   32|   0|   32|          0|
    |tmp7_i_12_reg_7603               |   32|   0|   32|          0|
    |tmp7_i_13_reg_7633               |   32|   0|   32|          0|
    |tmp7_i_14_reg_7663               |   32|   0|   32|          0|
    |tmp7_i_1_reg_7243                |   32|   0|   32|          0|
    |tmp7_i_2_reg_7273                |   32|   0|   32|          0|
    |tmp7_i_3_reg_7303                |   32|   0|   32|          0|
    |tmp7_i_4_reg_7333                |   32|   0|   32|          0|
    |tmp7_i_5_reg_7363                |   32|   0|   32|          0|
    |tmp7_i_6_reg_7393                |   32|   0|   32|          0|
    |tmp7_i_7_reg_7423                |   32|   0|   32|          0|
    |tmp7_i_8_reg_7453                |   32|   0|   32|          0|
    |tmp7_i_9_reg_7483                |   32|   0|   32|          0|
    |tmp7_i_reg_7213                  |   32|   0|   32|          0|
    |tmp7_i_s_reg_7513                |   32|   0|   32|          0|
    |tmp_10_reg_7698                  |   16|   0|   16|          0|
    |tmp_11_reg_7703                  |   16|   0|   16|          0|
    |tmp_12_reg_7708                  |   16|   0|   16|          0|
    |tmp_13_reg_7713                  |   16|   0|   16|          0|
    |tmp_14_reg_7718                  |   16|   0|   16|          0|
    |tmp_15_reg_7723                  |   16|   0|   16|          0|
    |tmp_16_reg_7728                  |   16|   0|   16|          0|
    |tmp_17_reg_7733                  |   16|   0|   16|          0|
    |tmp_18_reg_7738                  |   16|   0|   16|          0|
    |tmp_19_reg_7743                  |   16|   0|   16|          0|
    |tmp_20_reg_7748                  |   16|   0|   16|          0|
    |tmp_21_reg_7753                  |   16|   0|   16|          0|
    |tmp_22_reg_7758                  |   16|   0|   16|          0|
    |tmp_23_reg_7763                  |   16|   0|   16|          0|
    |tmp_2_mid2_reg_6667              |    1|   0|    1|          0|
    |tmp_3_reg_7208                   |   32|   0|   32|          0|
    |tmp_5_reg_6677                   |    1|   0|    1|          0|
    |tmp_6_reg_6681                   |    1|   0|    1|          0|
    |tmp_8_reg_7688                   |   16|   0|   16|          0|
    |tmp_93_10_reg_7538               |   32|   0|   32|          0|
    |tmp_93_11_reg_7568               |   32|   0|   32|          0|
    |tmp_93_12_reg_7598               |   32|   0|   32|          0|
    |tmp_93_13_reg_7628               |   32|   0|   32|          0|
    |tmp_93_14_reg_7658               |   32|   0|   32|          0|
    |tmp_93_1_reg_7238                |   32|   0|   32|          0|
    |tmp_93_2_reg_7268                |   32|   0|   32|          0|
    |tmp_93_3_reg_7298                |   32|   0|   32|          0|
    |tmp_93_4_reg_7328                |   32|   0|   32|          0|
    |tmp_93_5_reg_7358                |   32|   0|   32|          0|
    |tmp_93_6_reg_7388                |   32|   0|   32|          0|
    |tmp_93_7_reg_7418                |   32|   0|   32|          0|
    |tmp_93_8_reg_7448                |   32|   0|   32|          0|
    |tmp_93_9_reg_7478                |   32|   0|   32|          0|
    |tmp_93_s_reg_7508                |   32|   0|   32|          0|
    |tmp_9_reg_7693                   |   16|   0|   16|          0|
    |tmp_V_fu_162                     |  512|   0|  512|          0|
    |win_0_1_V_fu_214                 |  512|   0|  512|          0|
    |win_0_2_V_fu_210                 |  512|   0|  512|          0|
    |win_1_1_V_fu_226                 |  512|   0|  512|          0|
    |win_1_2_V_fu_222                 |  512|   0|  512|          0|
    |win_2_1_V_fu_238                 |  512|   0|  512|          0|
    |win_2_2_V_fu_234                 |  512|   0|  512|          0|
    |win_3_1_V_fu_250                 |  512|   0|  512|          0|
    |win_3_2_V_fu_246                 |  512|   0|  512|          0|
    |win_4_1_V_fu_262                 |  512|   0|  512|          0|
    |win_4_2_V_fu_258                 |  512|   0|  512|          0|
    |win_tmp_0_3_V_fu_206             |  512|   0|  512|          0|
    |win_tmp_1_3_V_fu_218             |  512|   0|  512|          0|
    |win_tmp_2_3_V_fu_230             |  512|   0|  512|          0|
    |win_tmp_3_3_V_fu_242             |  512|   0|  512|          0|
    |win_tmp_4_3_V_fu_254             |  512|   0|  512|          0|
    |win_tmp_4_4_V_fu_158             |  512|   0|  512|          0|
    |win_vect_0_0_1_fu_266            |   32|   0|   32|          0|
    |win_vect_0_10_1_fu_306           |   32|   0|   32|          0|
    |win_vect_0_11_1_fu_310           |   32|   0|   32|          0|
    |win_vect_0_12_1_fu_314           |   32|   0|   32|          0|
    |win_vect_0_13_1_fu_318           |   32|   0|   32|          0|
    |win_vect_0_14_1_fu_322           |   32|   0|   32|          0|
    |win_vect_0_15_1_fu_326           |   32|   0|   32|          0|
    |win_vect_0_16_1_fu_330           |   32|   0|   32|          0|
    |win_vect_0_17_1_fu_334           |   32|   0|   32|          0|
    |win_vect_0_18_1_fu_338           |   32|   0|   32|          0|
    |win_vect_0_19_1_fu_342           |   32|   0|   32|          0|
    |win_vect_0_1_1_fu_270            |   32|   0|   32|          0|
    |win_vect_0_2_1_fu_274            |   32|   0|   32|          0|
    |win_vect_0_3_1_fu_278            |   32|   0|   32|          0|
    |win_vect_0_4_1_fu_282            |   32|   0|   32|          0|
    |win_vect_0_5_1_fu_286            |   32|   0|   32|          0|
    |win_vect_0_6_1_fu_290            |   32|   0|   32|          0|
    |win_vect_0_7_1_fu_294            |   32|   0|   32|          0|
    |win_vect_0_8_1_fu_298            |   32|   0|   32|          0|
    |win_vect_0_9_1_fu_302            |   32|   0|   32|          0|
    |win_vect_1_0_1_fu_346            |   32|   0|   32|          0|
    |win_vect_1_10_1_fu_386           |   32|   0|   32|          0|
    |win_vect_1_11_1_fu_390           |   32|   0|   32|          0|
    |win_vect_1_12_1_fu_394           |   32|   0|   32|          0|
    |win_vect_1_13_1_fu_398           |   32|   0|   32|          0|
    |win_vect_1_14_1_fu_402           |   32|   0|   32|          0|
    |win_vect_1_15_1_fu_406           |   32|   0|   32|          0|
    |win_vect_1_16_1_fu_410           |   32|   0|   32|          0|
    |win_vect_1_17_1_fu_414           |   32|   0|   32|          0|
    |win_vect_1_18_1_fu_418           |   32|   0|   32|          0|
    |win_vect_1_19_1_fu_422           |   32|   0|   32|          0|
    |win_vect_1_1_1_fu_350            |   32|   0|   32|          0|
    |win_vect_1_2_1_fu_354            |   32|   0|   32|          0|
    |win_vect_1_3_1_fu_358            |   32|   0|   32|          0|
    |win_vect_1_4_1_fu_362            |   32|   0|   32|          0|
    |win_vect_1_5_1_fu_366            |   32|   0|   32|          0|
    |win_vect_1_6_1_fu_370            |   32|   0|   32|          0|
    |win_vect_1_7_1_fu_374            |   32|   0|   32|          0|
    |win_vect_1_8_1_fu_378            |   32|   0|   32|          0|
    |win_vect_1_9_1_fu_382            |   32|   0|   32|          0|
    |win_vect_2_0_1_fu_426            |   32|   0|   32|          0|
    |win_vect_2_10_1_fu_466           |   32|   0|   32|          0|
    |win_vect_2_10_1_lo_reg_6768      |   32|   0|   32|          0|
    |win_vect_2_11_1_fu_470           |   32|   0|   32|          0|
    |win_vect_2_11_1_lo_reg_6773      |   32|   0|   32|          0|
    |win_vect_2_12_1_fu_474           |   32|   0|   32|          0|
    |win_vect_2_12_1_lo_reg_6778      |   32|   0|   32|          0|
    |win_vect_2_13_1_fu_478           |   32|   0|   32|          0|
    |win_vect_2_13_1_lo_reg_6783      |   32|   0|   32|          0|
    |win_vect_2_14_1_fu_482           |   32|   0|   32|          0|
    |win_vect_2_14_1_lo_reg_6788      |   32|   0|   32|          0|
    |win_vect_2_15_1_fu_486           |   32|   0|   32|          0|
    |win_vect_2_15_1_lo_reg_6793      |   32|   0|   32|          0|
    |win_vect_2_16_1_fu_490           |   32|   0|   32|          0|
    |win_vect_2_16_1_lo_reg_6798      |   32|   0|   32|          0|
    |win_vect_2_17_1_fu_494           |   32|   0|   32|          0|
    |win_vect_2_17_1_lo_reg_6803      |   32|   0|   32|          0|
    |win_vect_2_18_1_fu_498           |   32|   0|   32|          0|
    |win_vect_2_19_1_fu_502           |   32|   0|   32|          0|
    |win_vect_2_1_1_fu_430            |   32|   0|   32|          0|
    |win_vect_2_2_1_fu_434            |   32|   0|   32|          0|
    |win_vect_2_2_1_loa_reg_6728      |   32|   0|   32|          0|
    |win_vect_2_3_1_fu_438            |   32|   0|   32|          0|
    |win_vect_2_3_1_loa_reg_6733      |   32|   0|   32|          0|
    |win_vect_2_4_1_fu_442            |   32|   0|   32|          0|
    |win_vect_2_4_1_loa_reg_6738      |   32|   0|   32|          0|
    |win_vect_2_5_1_fu_446            |   32|   0|   32|          0|
    |win_vect_2_5_1_loa_reg_6743      |   32|   0|   32|          0|
    |win_vect_2_6_1_fu_450            |   32|   0|   32|          0|
    |win_vect_2_6_1_loa_reg_6748      |   32|   0|   32|          0|
    |win_vect_2_7_1_fu_454            |   32|   0|   32|          0|
    |win_vect_2_7_1_loa_reg_6753      |   32|   0|   32|          0|
    |win_vect_2_8_1_fu_458            |   32|   0|   32|          0|
    |win_vect_2_8_1_loa_reg_6758      |   32|   0|   32|          0|
    |win_vect_2_9_1_fu_462            |   32|   0|   32|          0|
    |win_vect_2_9_1_loa_reg_6763      |   32|   0|   32|          0|
    |win_vect_3_0_1_fu_506            |   32|   0|   32|          0|
    |win_vect_3_10_1_fu_166           |   32|   0|   32|          0|
    |win_vect_3_11_1_fu_510           |   32|   0|   32|          0|
    |win_vect_3_12_1_fu_514           |   32|   0|   32|          0|
    |win_vect_3_13_1_fu_518           |   32|   0|   32|          0|
    |win_vect_3_14_1_fu_522           |   32|   0|   32|          0|
    |win_vect_3_15_1_fu_526           |   32|   0|   32|          0|
    |win_vect_3_16_1_fu_530           |   32|   0|   32|          0|
    |win_vect_3_17_1_fu_534           |   32|   0|   32|          0|
    |win_vect_3_18_1_fu_538           |   32|   0|   32|          0|
    |win_vect_3_19_1_fu_542           |   32|   0|   32|          0|
    |win_vect_3_1_1_fu_202            |   32|   0|   32|          0|
    |win_vect_3_2_1_fu_198            |   32|   0|   32|          0|
    |win_vect_3_3_1_fu_194            |   32|   0|   32|          0|
    |win_vect_3_4_1_fu_190            |   32|   0|   32|          0|
    |win_vect_3_5_1_fu_186            |   32|   0|   32|          0|
    |win_vect_3_6_1_fu_182            |   32|   0|   32|          0|
    |win_vect_3_7_1_fu_178            |   32|   0|   32|          0|
    |win_vect_3_8_1_fu_174            |   32|   0|   32|          0|
    |win_vect_3_9_1_fu_170            |   32|   0|   32|          0|
    |win_vect_4_0_1_fu_546            |   32|   0|   32|          0|
    |win_vect_4_10_1_fu_586           |   32|   0|   32|          0|
    |win_vect_4_11_1_fu_590           |   32|   0|   32|          0|
    |win_vect_4_12_1_fu_594           |   32|   0|   32|          0|
    |win_vect_4_13_1_fu_598           |   32|   0|   32|          0|
    |win_vect_4_14_1_fu_602           |   32|   0|   32|          0|
    |win_vect_4_15_1_fu_606           |   32|   0|   32|          0|
    |win_vect_4_16_1_fu_610           |   32|   0|   32|          0|
    |win_vect_4_17_1_fu_614           |   32|   0|   32|          0|
    |win_vect_4_18_1_fu_618           |   32|   0|   32|          0|
    |win_vect_4_19_1_fu_622           |   32|   0|   32|          0|
    |win_vect_4_1_1_fu_550            |   32|   0|   32|          0|
    |win_vect_4_2_1_fu_554            |   32|   0|   32|          0|
    |win_vect_4_3_1_fu_558            |   32|   0|   32|          0|
    |win_vect_4_4_1_fu_562            |   32|   0|   32|          0|
    |win_vect_4_5_1_fu_566            |   32|   0|   32|          0|
    |win_vect_4_6_1_fu_570            |   32|   0|   32|          0|
    |win_vect_4_7_1_fu_574            |   32|   0|   32|          0|
    |win_vect_4_8_1_fu_578            |   32|   0|   32|          0|
    |win_vect_4_9_1_fu_582            |   32|   0|   32|          0|
    |or_cond_reg_6724                 |   64|  32|    1|          0|
    +---------------------------------+-----+----+-----+-----------+
    |Total                            |18461|  32|18398|          0|
    +---------------------------------+-----+----+-----+-----------+



================================================================
== Interface
================================================================
* Summary: 
+------------------+-----+-----+------------+--------------+--------------+
|     RTL Ports    | Dir | Bits|  Protocol  | Source Object|    C Type    |
+------------------+-----+-----+------------+--------------+--------------+
|ap_clk            |  in |    1| ap_ctrl_hs |  processVECT | return value |
|ap_rst            |  in |    1| ap_ctrl_hs |  processVECT | return value |
|ap_start          |  in |    1| ap_ctrl_hs |  processVECT | return value |
|ap_done           | out |    1| ap_ctrl_hs |  processVECT | return value |
|ap_idle           | out |    1| ap_ctrl_hs |  processVECT | return value |
|ap_ready          | out |    1| ap_ctrl_hs |  processVECT | return value |
|in_s_V_V_dout     |  in |  512|   ap_fifo  |   in_s_V_V   |    pointer   |
|in_s_V_V_empty_n  |  in |    1|   ap_fifo  |   in_s_V_V   |    pointer   |
|in_s_V_V_read     | out |    1|   ap_fifo  |   in_s_V_V   |    pointer   |
|out_s_V_V_din     | out |  512|   ap_fifo  |   out_s_V_V  |    pointer   |
|out_s_V_V_full_n  |  in |    1|   ap_fifo  |   out_s_V_V  |    pointer   |
|out_s_V_V_write   | out |    1|   ap_fifo  |   out_s_V_V  |    pointer   |
+------------------+-----+-----+------------+--------------+--------------+

