Copyright 1986-2017 Xilinx, Inc. All Rights Reserved.
------------------------------------------------------------------------------------
| Tool Version : Vivado v.2017.2 (lin64) Build 1909853 Thu Jun 15 18:39:10 MDT 2017
| Date         : Sat Apr 14 17:00:08 2018
| Host         : codesign89 running 64-bit Ubuntu 14.04.5 LTS
| Command      : report_timing_summary -file ./report/hipaccRun_timing_routed.rpt
| Design       : hipaccRun
| Device       : 7z020-clg484
| Speed File   : -1  PRODUCTION 1.11 2014-09-11
------------------------------------------------------------------------------------

Timing Summary Report

------------------------------------------------------------------------------------------------
| Timer Settings
| --------------
------------------------------------------------------------------------------------------------

  Enable Multi Corner Analysis               :  Yes
  Enable Pessimism Removal                   :  Yes
  Pessimism Removal Resolution               :  Nearest Common Node
  Enable Input Delay Default Clock           :  No
  Enable Preset / Clear Arcs                 :  No
  Disable Flight Delays                      :  No
  Ignore I/O Paths                           :  No
  Timing Early Launch at Borrowing Latches   :  false

  Corner  Analyze    Analyze    
  Name    Max Paths  Min Paths  
  ------  ---------  ---------  
  Slow    Yes        Yes        
  Fast    Yes        Yes        



check_timing report

Table of Contents
-----------------
1. checking no_clock
2. checking constant_clock
3. checking pulse_width_clock
4. checking unconstrained_internal_endpoints
5. checking no_input_delay
6. checking no_output_delay
7. checking multiple_clock
8. checking generated_clocks
9. checking loops
10. checking partial_input_delay
11. checking partial_output_delay
12. checking latch_loops

1. checking no_clock
--------------------
 There are 0 register/latch pins with no clock.


2. checking constant_clock
--------------------------
 There are 0 register/latch pins with constant_clock.


3. checking pulse_width_clock
-----------------------------
 There are 0 register/latch pins which need pulse_width check


4. checking unconstrained_internal_endpoints
--------------------------------------------
 There are 0 pins that are not constrained for maximum delay.

 There are 0 pins that are not constrained for maximum delay due to constant clock.


5. checking no_input_delay
--------------------------
 There are 36 input ports with no input delay specified. (HIGH)

 There are 0 input ports with no input delay but user has a false path constraint.


6. checking no_output_delay
---------------------------
 There are 37 ports with no output delay specified. (HIGH)

 There are 0 ports with no output delay but user has a false path constraint

 There are 0 ports with no output delay but with a timing clock defined on it or propagating through it


7. checking multiple_clock
--------------------------
 There are 0 register/latch pins with multiple clocks.


8. checking generated_clocks
----------------------------
 There are 0 generated clocks that are not connected to a clock source.


9. checking loops
-----------------
 There are 0 combinational loops in the design.


10. checking partial_input_delay
--------------------------------
 There are 0 input ports with partial input delay specified.


11. checking partial_output_delay
---------------------------------
 There are 0 ports with partial output delay specified.


12. checking latch_loops
------------------------
 There are 0 combinational latch loops in the design through latch input



------------------------------------------------------------------------------------------------
| Design Timing Summary
| ---------------------
------------------------------------------------------------------------------------------------

    WNS(ns)      TNS(ns)  TNS Failing Endpoints  TNS Total Endpoints      WHS(ns)      THS(ns)  THS Failing Endpoints  THS Total Endpoints     WPWS(ns)     TPWS(ns)  TPWS Failing Endpoints  TPWS Total Endpoints  
    -------      -------  ---------------------  -------------------      -------      -------  ---------------------  -------------------     --------     --------  ----------------------  --------------------  
      0.953        0.000                      0                26159        0.022        0.000                      0                26159        4.020        0.000                       0                 10921  


All user specified timing constraints are met.


------------------------------------------------------------------------------------------------
| Clock Summary
| -------------
------------------------------------------------------------------------------------------------

Clock   Waveform(ns)       Period(ns)      Frequency(MHz)
-----   ------------       ----------      --------------
ap_clk  {0.000 5.000}      10.000          100.000         


------------------------------------------------------------------------------------------------
| Intra Clock Table
| -----------------
------------------------------------------------------------------------------------------------

Clock             WNS(ns)      TNS(ns)  TNS Failing Endpoints  TNS Total Endpoints      WHS(ns)      THS(ns)  THS Failing Endpoints  THS Total Endpoints     WPWS(ns)     TPWS(ns)  TPWS Failing Endpoints  TPWS Total Endpoints  
-----             -------      -------  ---------------------  -------------------      -------      -------  ---------------------  -------------------     --------     --------  ----------------------  --------------------  
ap_clk              0.953        0.000                      0                26159        0.022        0.000                      0                26159        4.020        0.000                       0                 10921  


------------------------------------------------------------------------------------------------
| Inter Clock Table
| -----------------
------------------------------------------------------------------------------------------------

From Clock    To Clock          WNS(ns)      TNS(ns)  TNS Failing Endpoints  TNS Total Endpoints      WHS(ns)      THS(ns)  THS Failing Endpoints  THS Total Endpoints  
----------    --------          -------      -------  ---------------------  -------------------      -------      -------  ---------------------  -------------------  


------------------------------------------------------------------------------------------------
| Other Path Groups Table
| -----------------------
------------------------------------------------------------------------------------------------

Path Group    From Clock    To Clock          WNS(ns)      TNS(ns)  TNS Failing Endpoints  TNS Total Endpoints      WHS(ns)      THS(ns)  THS Failing Endpoints  THS Total Endpoints  
----------    ----------    --------          -------      -------  ---------------------  -------------------      -------      -------  ---------------------  -------------------  


------------------------------------------------------------------------------------------------
| Timing Details
| --------------
------------------------------------------------------------------------------------------------


---------------------------------------------------------------------------------------------------
From Clock:  ap_clk
  To Clock:  ap_clk

Setup :            0  Failing Endpoints,  Worst Slack        0.953ns,  Total Violation        0.000ns
Hold  :            0  Failing Endpoints,  Worst Slack        0.022ns,  Total Violation        0.000ns
PW    :            0  Failing Endpoints,  Worst Slack        4.020ns,  Total Violation        0.000ns
---------------------------------------------------------------------------------------------------


Max Delay Paths
--------------------------------------------------------------------------------------
Slack (MET) :             0.953ns  (required time - arrival time)
  Source:                 ccGaussianFilterGKer_U0/grp_process_r_fu_18/hipaccRun_fadd_32fYi_U10/hipaccRun_ap_fadd_3_full_dsp_32_u/U0/i_synth/ADDSUB_OP.ADDSUB/SPEED_OP.DSP.OP/DSP48E1_BODY.EXP/BMA_EXP_DELAY/i_pipe/opt_has_pipe.first_q_reg[3]/C
                            (rising edge-triggered cell FDRE clocked by ap_clk  {rise@0.000ns fall@5.000ns period=10.000ns})
  Destination:            ccGaussianFilterGKer_U0/grp_process_r_fu_18/hipaccRun_fadd_32fYi_U10/hipaccRun_ap_fadd_3_full_dsp_32_u/U0/i_synth/ADDSUB_OP.ADDSUB/SPEED_OP.DSP.OP/DSP48E1_BODY.ALIGN_ADD/DSP2/DSP/INMODE[2]
                            (rising edge-triggered cell DSP48E1 clocked by ap_clk  {rise@0.000ns fall@5.000ns period=10.000ns})
  Path Group:             ap_clk
  Path Type:              Setup (Max at Slow Process Corner)
  Requirement:            10.000ns  (ap_clk rise@10.000ns - ap_clk rise@0.000ns)
  Data Path Delay:        3.326ns  (logic 0.642ns (19.304%)  route 2.684ns (80.696%))
  Logic Levels:           1  (LUT6=1)
  Clock Path Skew:        -0.128ns (DCD - SCD + CPR)
    Destination Clock Delay (DCD):    1.568ns = ( 11.568 - 10.000 ) 
    Source Clock Delay      (SCD):    1.710ns
    Clock Pessimism Removal (CPR):    0.014ns
  Clock Uncertainty:      0.035ns  ((TSJ^2 + TIJ^2)^1/2 + DJ) / 2 + PE
    Total System Jitter     (TSJ):    0.071ns
    Total Input Jitter      (TIJ):    0.000ns
    Discrete Jitter          (DJ):    0.000ns
    Phase Error              (PE):    0.000ns

    Location             Delay type                Incr(ns)  Path(ns)    Netlist Resource(s)
  -------------------------------------------------------------------    -------------------
                         (clock ap_clk rise edge)     0.000     0.000 r  
                                                      0.000     0.000 r  ap_clk (IN)
                         net (fo=10995, unset)        1.710     1.710    ccGaussianFilterGKer_U0/grp_process_r_fu_18/hipaccRun_fadd_32fYi_U10/hipaccRun_ap_fadd_3_full_dsp_32_u/U0/i_synth/ADDSUB_OP.ADDSUB/SPEED_OP.DSP.OP/DSP48E1_BODY.EXP/BMA_EXP_DELAY/i_pipe/aclk
    SLICE_X62Y87         FDRE                                         r  ccGaussianFilterGKer_U0/grp_process_r_fu_18/hipaccRun_fadd_32fYi_U10/hipaccRun_ap_fadd_3_full_dsp_32_u/U0/i_synth/ADDSUB_OP.ADDSUB/SPEED_OP.DSP.OP/DSP48E1_BODY.EXP/BMA_EXP_DELAY/i_pipe/opt_has_pipe.first_q_reg[3]/C
  -------------------------------------------------------------------    -------------------
    SLICE_X62Y87         FDRE (Prop_fdre_C_Q)         0.518     2.228 r  ccGaussianFilterGKer_U0/grp_process_r_fu_18/hipaccRun_fadd_32fYi_U10/hipaccRun_ap_fadd_3_full_dsp_32_u/U0/i_synth/ADDSUB_OP.ADDSUB/SPEED_OP.DSP.OP/DSP48E1_BODY.EXP/BMA_EXP_DELAY/i_pipe/opt_has_pipe.first_q_reg[3]/Q
                         net (fo=20, routed)          1.802     4.030    ccGaussianFilterGKer_U0/grp_process_r_fu_18/hipaccRun_fadd_32fYi_U10/hipaccRun_ap_fadd_3_full_dsp_32_u/U0/i_synth/ADDSUB_OP.ADDSUB/SPEED_OP.DSP.OP/DSP48E1_BODY.EXP/BMA_EXP_DELAY/i_pipe/opt_has_pipe.first_q_reg_n_0_[3]
    SLICE_X43Y91         LUT6 (Prop_lut6_I3_O)        0.124     4.154 r  ccGaussianFilterGKer_U0/grp_process_r_fu_18/hipaccRun_fadd_32fYi_U10/hipaccRun_ap_fadd_3_full_dsp_32_u/U0/i_synth/ADDSUB_OP.ADDSUB/SPEED_OP.DSP.OP/DSP48E1_BODY.EXP/BMA_EXP_DELAY/i_pipe/DSP_i_64/O
                         net (fo=2, routed)           0.882     5.036    ccGaussianFilterGKer_U0/grp_process_r_fu_18/hipaccRun_fadd_32fYi_U10/hipaccRun_ap_fadd_3_full_dsp_32_u/U0/i_synth/ADDSUB_OP.ADDSUB/SPEED_OP.DSP.OP/DSP48E1_BODY.ALIGN_ADD/DSP2/INMODE[0]
    DSP48_X2Y36          DSP48E1                                      r  ccGaussianFilterGKer_U0/grp_process_r_fu_18/hipaccRun_fadd_32fYi_U10/hipaccRun_ap_fadd_3_full_dsp_32_u/U0/i_synth/ADDSUB_OP.ADDSUB/SPEED_OP.DSP.OP/DSP48E1_BODY.ALIGN_ADD/DSP2/DSP/INMODE[2]
  -------------------------------------------------------------------    -------------------

                         (clock ap_clk rise edge)    10.000    10.000 r  
                                                      0.000    10.000 r  ap_clk (IN)
                         net (fo=10995, unset)        1.568    11.568    ccGaussianFilterGKer_U0/grp_process_r_fu_18/hipaccRun_fadd_32fYi_U10/hipaccRun_ap_fadd_3_full_dsp_32_u/U0/i_synth/ADDSUB_OP.ADDSUB/SPEED_OP.DSP.OP/DSP48E1_BODY.ALIGN_ADD/DSP2/aclk
    DSP48_X2Y36          DSP48E1                                      r  ccGaussianFilterGKer_U0/grp_process_r_fu_18/hipaccRun_fadd_32fYi_U10/hipaccRun_ap_fadd_3_full_dsp_32_u/U0/i_synth/ADDSUB_OP.ADDSUB/SPEED_OP.DSP.OP/DSP48E1_BODY.ALIGN_ADD/DSP2/DSP/CLK
                         clock pessimism              0.014    11.582    
                         clock uncertainty           -0.035    11.546    
    DSP48_X2Y36          DSP48E1 (Setup_dsp48e1_CLK_INMODE[2])
                                                     -5.557     5.989    ccGaussianFilterGKer_U0/grp_process_r_fu_18/hipaccRun_fadd_32fYi_U10/hipaccRun_ap_fadd_3_full_dsp_32_u/U0/i_synth/ADDSUB_OP.ADDSUB/SPEED_OP.DSP.OP/DSP48E1_BODY.ALIGN_ADD/DSP2/DSP
  -------------------------------------------------------------------
                         required time                          5.989    
                         arrival time                          -5.036    
  -------------------------------------------------------------------
                         slack                                  0.953    





Min Delay Paths
--------------------------------------------------------------------------------------
Slack (MET) :             0.022ns  (arrival time - required time)
  Source:                 ccGaussianFilterGKer_U0/grp_process_r_fu_18/p_tmp0_11_reg_1341_reg[28]/C
                            (rising edge-triggered cell FDRE clocked by ap_clk  {rise@0.000ns fall@5.000ns period=10.000ns})
  Destination:            ccGaussianFilterGKer_U0/grp_process_r_fu_18/hipaccRun_fadd_32fYi_U13/din0_buf1_reg[28]/D
                            (rising edge-triggered cell FDRE clocked by ap_clk  {rise@0.000ns fall@5.000ns period=10.000ns})
  Path Group:             ap_clk
  Path Type:              Hold (Min at Fast Process Corner)
  Requirement:            0.000ns  (ap_clk rise@0.000ns - ap_clk rise@0.000ns)
  Data Path Delay:        0.338ns  (logic 0.164ns (48.500%)  route 0.174ns (51.500%))
  Logic Levels:           0  
  Clock Path Skew:        0.257ns (DCD - SCD - CPR)
    Destination Clock Delay (DCD):    0.807ns
    Source Clock Delay      (SCD):    0.545ns
    Clock Pessimism Removal (CPR):    0.005ns

    Location             Delay type                Incr(ns)  Path(ns)    Netlist Resource(s)
  -------------------------------------------------------------------    -------------------
                         (clock ap_clk rise edge)     0.000     0.000 r  
                                                      0.000     0.000 r  ap_clk (IN)
                         net (fo=10995, unset)        0.545     0.545    ccGaussianFilterGKer_U0/grp_process_r_fu_18/ap_clk
    SLICE_X46Y71         FDRE                                         r  ccGaussianFilterGKer_U0/grp_process_r_fu_18/p_tmp0_11_reg_1341_reg[28]/C
  -------------------------------------------------------------------    -------------------
    SLICE_X46Y71         FDRE (Prop_fdre_C_Q)         0.164     0.709 r  ccGaussianFilterGKer_U0/grp_process_r_fu_18/p_tmp0_11_reg_1341_reg[28]/Q
                         net (fo=1, routed)           0.174     0.883    ccGaussianFilterGKer_U0/grp_process_r_fu_18/hipaccRun_fadd_32fYi_U13/Q[28]
    SLICE_X50Y71         FDRE                                         r  ccGaussianFilterGKer_U0/grp_process_r_fu_18/hipaccRun_fadd_32fYi_U13/din0_buf1_reg[28]/D
  -------------------------------------------------------------------    -------------------

                         (clock ap_clk rise edge)     0.000     0.000 r  
                                                      0.000     0.000 r  ap_clk (IN)
                         net (fo=10995, unset)        0.807     0.807    ccGaussianFilterGKer_U0/grp_process_r_fu_18/hipaccRun_fadd_32fYi_U13/ap_clk
    SLICE_X50Y71         FDRE                                         r  ccGaussianFilterGKer_U0/grp_process_r_fu_18/hipaccRun_fadd_32fYi_U13/din0_buf1_reg[28]/C
                         clock pessimism             -0.005     0.802    
    SLICE_X50Y71         FDRE (Hold_fdre_C_D)         0.059     0.861    ccGaussianFilterGKer_U0/grp_process_r_fu_18/hipaccRun_fadd_32fYi_U13/din0_buf1_reg[28]
  -------------------------------------------------------------------
                         required time                         -0.861    
                         arrival time                           0.883    
  -------------------------------------------------------------------
                         slack                                  0.022    





Pulse Width Checks
--------------------------------------------------------------------------------------
Clock Name:         ap_clk
Waveform(ns):       { 0.000 5.000 }
Period(ns):         10.000
Sources:            { ap_clk }

Check Type        Corner  Lib Pin             Reference Pin  Required(ns)  Actual(ns)  Slack(ns)  Location      Pin
Min Period        n/a     RAMB36E1/CLKARDCLK  n/a            2.944         10.000      7.056      RAMB36_X4Y7   ccGaussianFilterGKer_U0/grp_process_r_fu_18/lineBuff_0_U/process_r_lineBufbkb_ram_U/ram_reg/CLKARDCLK
Low Pulse Width   Slow    SRLC32E/CLK         n/a            0.980         5.000       4.020      SLICE_X66Y40  ccGaussianFilterGKer_U0/grp_process_r_fu_18/ap_enable_reg_pp0_iter127_reg_srl28___ccGaussianFilterGKer_U0_grp_process_r_fu_18_ap_enable_reg_pp0_iter127_reg_r/CLK
High Pulse Width  Slow    SRL16E/CLK          n/a            0.980         5.000       4.020      SLICE_X18Y36  ccGaussianFilterGKer_U0/grp_process_r_fu_18/ap_reg_pp0_iter100_win_tmp_4_0_load_reg_1012_reg[23]_srl3/CLK



