Copyright 1986-2017 Xilinx, Inc. All Rights Reserved.
------------------------------------------------------------------------------------
| Tool Version : Vivado v.2017.2 (lin64) Build 1909853 Thu Jun 15 18:39:10 MDT 2017
| Date         : Sun Apr 15 01:39:20 2018
| Host         : codesign89 running 64-bit Ubuntu 14.04.5 LTS
| Command      : report_timing -file ./report/hipaccRun_timing_synth.rpt
| Design       : hipaccRun
| Device       : 7z100-ffg900
| Speed File   : -1  PRODUCTION 1.11 2014-09-11
------------------------------------------------------------------------------------

Timing Report

Slack (MET) :             1.974ns  (required time - arrival time)
  Source:                 ccGaussianFilterGKer_U0/grp_process_r_fu_18/hipaccRun_fmul_32g8j_U26/hipaccRun_ap_fmul_2_max_dsp_32_u/U0/i_synth/MULT.OP/MULT/DSP48E1_SPD_SGL_VARIANT.FIX_MULT/DSP2/DSP/CLK
                            (rising edge-triggered cell DSP48E1 clocked by ap_clk  {rise@0.000ns fall@3.330ns period=6.660ns})
  Destination:            ccGaussianFilterGKer_U0/grp_process_r_fu_18/hipaccRun_fmul_32g8j_U26/hipaccRun_ap_fmul_2_max_dsp_32_u/U0/i_synth/MULT.OP/OP/RESULT_REG.NORMAL.exp_op_reg[1]/D
                            (rising edge-triggered cell FDRE clocked by ap_clk  {rise@0.000ns fall@3.330ns period=6.660ns})
  Path Group:             ap_clk
  Path Type:              Setup (Max at Slow Process Corner)
  Requirement:            6.660ns  (ap_clk rise@6.660ns - ap_clk rise@0.000ns)
  Data Path Delay:        4.596ns  (logic 3.510ns (76.373%)  route 1.086ns (23.627%))
  Logic Levels:           3  (DSP48E1=1 LUT4=1 LUT6=1)
  Clock Path Skew:        -0.034ns (DCD - SCD + CPR)
    Destination Clock Delay (DCD):    0.638ns = ( 7.298 - 6.660 ) 
    Source Clock Delay      (SCD):    0.672ns
    Clock Pessimism Removal (CPR):    0.000ns
  Clock Uncertainty:      0.035ns  ((TSJ^2 + TIJ^2)^1/2 + DJ) / 2 + PE
    Total System Jitter     (TSJ):    0.071ns
    Total Input Jitter      (TIJ):    0.000ns
    Discrete Jitter          (DJ):    0.000ns
    Phase Error              (PE):    0.000ns

    Location             Delay type                Incr(ns)  Path(ns)    Netlist Resource(s)
  -------------------------------------------------------------------    -------------------
                         (clock ap_clk rise edge)     0.000     0.000 r  
                                                      0.000     0.000 r  ap_clk (IN)
                         net (fo=16506, unset)        0.672     0.672    ccGaussianFilterGKer_U0/grp_process_r_fu_18/hipaccRun_fmul_32g8j_U26/hipaccRun_ap_fmul_2_max_dsp_32_u/U0/i_synth/MULT.OP/MULT/DSP48E1_SPD_SGL_VARIANT.FIX_MULT/DSP2/aclk
                         DSP48E1                                      r  ccGaussianFilterGKer_U0/grp_process_r_fu_18/hipaccRun_fmul_32g8j_U26/hipaccRun_ap_fmul_2_max_dsp_32_u/U0/i_synth/MULT.OP/MULT/DSP48E1_SPD_SGL_VARIANT.FIX_MULT/DSP2/DSP/CLK
  -------------------------------------------------------------------    -------------------
                         DSP48E1 (Prop_dsp48e1_CLK_PCOUT[47])
                                                      2.118     2.790 r  ccGaussianFilterGKer_U0/grp_process_r_fu_18/hipaccRun_fmul_32g8j_U26/hipaccRun_ap_fmul_2_max_dsp_32_u/U0/i_synth/MULT.OP/MULT/DSP48E1_SPD_SGL_VARIANT.FIX_MULT/DSP2/DSP/PCOUT[47]
                         net (fo=1, unplaced)         0.000     2.790    ccGaussianFilterGKer_U0/grp_process_r_fu_18/hipaccRun_fmul_32g8j_U26/hipaccRun_ap_fmul_2_max_dsp_32_u/U0/i_synth/MULT.OP/R_AND_R/LAT_OPT.FULL.R_AND_R/DSP48E1_SGL_EXP_IP.OLD_ADD.ADD/RESULT_CASC[47]
                         DSP48E1 (Prop_dsp48e1_PCIN[47]_P[30])
                                                      1.286     4.076 r  ccGaussianFilterGKer_U0/grp_process_r_fu_18/hipaccRun_fmul_32g8j_U26/hipaccRun_ap_fmul_2_max_dsp_32_u/U0/i_synth/MULT.OP/R_AND_R/LAT_OPT.FULL.R_AND_R/DSP48E1_SGL_EXP_IP.OLD_ADD.ADD/DSP/P[30]
                         net (fo=2, unplaced)         0.530     4.606    ccGaussianFilterGKer_U0/grp_process_r_fu_18/hipaccRun_fmul_32g8j_U26/hipaccRun_ap_fmul_2_max_dsp_32_u/U0/i_synth/MULT.OP/MULT/DSP48E1_SPD_SGL_VARIANT.FIX_MULT/DSP2/DSP_0[23]
                         LUT4 (Prop_lut4_I0_O)        0.053     4.659 r  ccGaussianFilterGKer_U0/grp_process_r_fu_18/hipaccRun_fmul_32g8j_U26/hipaccRun_ap_fmul_2_max_dsp_32_u/U0/i_synth/MULT.OP/MULT/DSP48E1_SPD_SGL_VARIANT.FIX_MULT/DSP2/RESULT_REG.NORMAL.exp_op[7]_i_8/O
                         net (fo=7, unplaced)         0.556     5.215    ccGaussianFilterGKer_U0/grp_process_r_fu_18/hipaccRun_fmul_32g8j_U26/hipaccRun_ap_fmul_2_max_dsp_32_u/U0/i_synth/MULT.OP/R_AND_R/LAT_OPT.FULL.R_AND_R/DSP48E1_SGL_EXP_IP.OLD_ADD.ADD/round_exp_inc_op
                         LUT6 (Prop_lut6_I4_O)        0.053     5.268 r  ccGaussianFilterGKer_U0/grp_process_r_fu_18/hipaccRun_fmul_32g8j_U26/hipaccRun_ap_fmul_2_max_dsp_32_u/U0/i_synth/MULT.OP/R_AND_R/LAT_OPT.FULL.R_AND_R/DSP48E1_SGL_EXP_IP.OLD_ADD.ADD/RESULT_REG.NORMAL.exp_op[1]_i_1/O
                         net (fo=1, unplaced)         0.000     5.268    ccGaussianFilterGKer_U0/grp_process_r_fu_18/hipaccRun_fmul_32g8j_U26/hipaccRun_ap_fmul_2_max_dsp_32_u/U0/i_synth/MULT.OP/OP/RESULT_REG.NORMAL.exp_op_reg[1]_0
                         FDRE                                         r  ccGaussianFilterGKer_U0/grp_process_r_fu_18/hipaccRun_fmul_32g8j_U26/hipaccRun_ap_fmul_2_max_dsp_32_u/U0/i_synth/MULT.OP/OP/RESULT_REG.NORMAL.exp_op_reg[1]/D
  -------------------------------------------------------------------    -------------------

                         (clock ap_clk rise edge)     6.660     6.660 r  
                                                      0.000     6.660 r  ap_clk (IN)
                         net (fo=16506, unset)        0.638     7.298    ccGaussianFilterGKer_U0/grp_process_r_fu_18/hipaccRun_fmul_32g8j_U26/hipaccRun_ap_fmul_2_max_dsp_32_u/U0/i_synth/MULT.OP/OP/aclk
                         FDRE                                         r  ccGaussianFilterGKer_U0/grp_process_r_fu_18/hipaccRun_fmul_32g8j_U26/hipaccRun_ap_fmul_2_max_dsp_32_u/U0/i_synth/MULT.OP/OP/RESULT_REG.NORMAL.exp_op_reg[1]/C
                         clock pessimism              0.000     7.298    
                         clock uncertainty           -0.035     7.263    
                         FDRE (Setup_fdre_C_D)       -0.021     7.242    ccGaussianFilterGKer_U0/grp_process_r_fu_18/hipaccRun_fmul_32g8j_U26/hipaccRun_ap_fmul_2_max_dsp_32_u/U0/i_synth/MULT.OP/OP/RESULT_REG.NORMAL.exp_op_reg[1]
  -------------------------------------------------------------------
                         required time                          7.242    
                         arrival time                          -5.268    
  -------------------------------------------------------------------
                         slack                                  1.974    




