Copyright 1986-2017 Xilinx, Inc. All Rights Reserved.
------------------------------------------------------------------------------------
| Tool Version : Vivado v.2017.2 (lin64) Build 1909853 Thu Jun 15 18:39:10 MDT 2017
| Date         : Sun Apr 15 01:44:32 2018
| Host         : codesign89 running 64-bit Ubuntu 14.04.5 LTS
| Command      : report_timing_summary -file ./report/hipaccRun_timing_routed.rpt
| Design       : hipaccRun
| Device       : 7z100-ffg900
| Speed File   : -1  PRODUCTION 1.11 2014-09-11
------------------------------------------------------------------------------------

Timing Summary Report

------------------------------------------------------------------------------------------------
| Timer Settings
| --------------
------------------------------------------------------------------------------------------------

  Enable Multi Corner Analysis               :  Yes
  Enable Pessimism Removal                   :  Yes
  Pessimism Removal Resolution               :  Nearest Common Node
  Enable Input Delay Default Clock           :  No
  Enable Preset / Clear Arcs                 :  No
  Disable Flight Delays                      :  No
  Ignore I/O Paths                           :  No
  Timing Early Launch at Borrowing Latches   :  false

  Corner  Analyze    Analyze    
  Name    Max Paths  Min Paths  
  ------  ---------  ---------  
  Slow    Yes        Yes        
  Fast    Yes        Yes        



check_timing report

Table of Contents
-----------------
1. checking no_clock
2. checking constant_clock
3. checking pulse_width_clock
4. checking unconstrained_internal_endpoints
5. checking no_input_delay
6. checking no_output_delay
7. checking multiple_clock
8. checking generated_clocks
9. checking loops
10. checking partial_input_delay
11. checking partial_output_delay
12. checking latch_loops

1. checking no_clock
--------------------
 There are 0 register/latch pins with no clock.


2. checking constant_clock
--------------------------
 There are 0 register/latch pins with constant_clock.


3. checking pulse_width_clock
-----------------------------
 There are 0 register/latch pins which need pulse_width check


4. checking unconstrained_internal_endpoints
--------------------------------------------
 There are 0 pins that are not constrained for maximum delay.

 There are 0 pins that are not constrained for maximum delay due to constant clock.


5. checking no_input_delay
--------------------------
 There are 36 input ports with no input delay specified. (HIGH)

 There are 0 input ports with no input delay but user has a false path constraint.


6. checking no_output_delay
---------------------------
 There are 37 ports with no output delay specified. (HIGH)

 There are 0 ports with no output delay but user has a false path constraint

 There are 0 ports with no output delay but with a timing clock defined on it or propagating through it


7. checking multiple_clock
--------------------------
 There are 0 register/latch pins with multiple clocks.


8. checking generated_clocks
----------------------------
 There are 0 generated clocks that are not connected to a clock source.


9. checking loops
-----------------
 There are 0 combinational loops in the design.


10. checking partial_input_delay
--------------------------------
 There are 0 input ports with partial input delay specified.


11. checking partial_output_delay
---------------------------------
 There are 0 ports with partial output delay specified.


12. checking latch_loops
------------------------
 There are 0 combinational latch loops in the design through latch input



------------------------------------------------------------------------------------------------
| Design Timing Summary
| ---------------------
------------------------------------------------------------------------------------------------

    WNS(ns)      TNS(ns)  TNS Failing Endpoints  TNS Total Endpoints      WHS(ns)      THS(ns)  THS Failing Endpoints  THS Total Endpoints     WPWS(ns)     TPWS(ns)  TPWS Failing Endpoints  TPWS Total Endpoints  
    -------      -------  ---------------------  -------------------      -------      -------  ---------------------  -------------------     --------     --------  ----------------------  --------------------  
      0.338        0.000                      0                37886        0.032        0.000                      0                37886        2.550        0.000                       0                 16198  


All user specified timing constraints are met.


------------------------------------------------------------------------------------------------
| Clock Summary
| -------------
------------------------------------------------------------------------------------------------

Clock   Waveform(ns)         Period(ns)      Frequency(MHz)
-----   ------------         ----------      --------------
ap_clk  {0.000 3.330}        6.660           150.150         


------------------------------------------------------------------------------------------------
| Intra Clock Table
| -----------------
------------------------------------------------------------------------------------------------

Clock             WNS(ns)      TNS(ns)  TNS Failing Endpoints  TNS Total Endpoints      WHS(ns)      THS(ns)  THS Failing Endpoints  THS Total Endpoints     WPWS(ns)     TPWS(ns)  TPWS Failing Endpoints  TPWS Total Endpoints  
-----             -------      -------  ---------------------  -------------------      -------      -------  ---------------------  -------------------     --------     --------  ----------------------  --------------------  
ap_clk              0.338        0.000                      0                37886        0.032        0.000                      0                37886        2.550        0.000                       0                 16198  


------------------------------------------------------------------------------------------------
| Inter Clock Table
| -----------------
------------------------------------------------------------------------------------------------

From Clock    To Clock          WNS(ns)      TNS(ns)  TNS Failing Endpoints  TNS Total Endpoints      WHS(ns)      THS(ns)  THS Failing Endpoints  THS Total Endpoints  
----------    --------          -------      -------  ---------------------  -------------------      -------      -------  ---------------------  -------------------  


------------------------------------------------------------------------------------------------
| Other Path Groups Table
| -----------------------
------------------------------------------------------------------------------------------------

Path Group    From Clock    To Clock          WNS(ns)      TNS(ns)  TNS Failing Endpoints  TNS Total Endpoints      WHS(ns)      THS(ns)  THS Failing Endpoints  THS Total Endpoints  
----------    ----------    --------          -------      -------  ---------------------  -------------------      -------      -------  ---------------------  -------------------  


------------------------------------------------------------------------------------------------
| Timing Details
| --------------
------------------------------------------------------------------------------------------------


---------------------------------------------------------------------------------------------------
From Clock:  ap_clk
  To Clock:  ap_clk

Setup :            0  Failing Endpoints,  Worst Slack        0.338ns,  Total Violation        0.000ns
Hold  :            0  Failing Endpoints,  Worst Slack        0.032ns,  Total Violation        0.000ns
PW    :            0  Failing Endpoints,  Worst Slack        2.550ns,  Total Violation        0.000ns
---------------------------------------------------------------------------------------------------


Max Delay Paths
--------------------------------------------------------------------------------------
Slack (MET) :             0.338ns  (required time - arrival time)
  Source:                 ccGaussianFilterGKer_U0/grp_process_r_fu_18/ap_reg_pp0_iter3_phitmp1_reg_2360_reg[0]/C
                            (rising edge-triggered cell FDRE clocked by ap_clk  {rise@0.000ns fall@3.330ns period=6.660ns})
  Destination:            ccGaussianFilterGKer_U0/grp_process_r_fu_18/win_3_3_reg_2788_reg[19]/D
                            (rising edge-triggered cell FDRE clocked by ap_clk  {rise@0.000ns fall@3.330ns period=6.660ns})
  Path Group:             ap_clk
  Path Type:              Setup (Max at Slow Process Corner)
  Requirement:            6.660ns  (ap_clk rise@6.660ns - ap_clk rise@0.000ns)
  Data Path Delay:        6.248ns  (logic 0.322ns (5.154%)  route 5.926ns (94.846%))
  Logic Levels:           1  (LUT5=1)
  Clock Path Skew:        -0.111ns (DCD - SCD + CPR)
    Destination Clock Delay (DCD):    1.288ns = ( 7.948 - 6.660 ) 
    Source Clock Delay      (SCD):    1.399ns
    Clock Pessimism Removal (CPR):    0.000ns
  Clock Uncertainty:      0.035ns  ((TSJ^2 + TIJ^2)^1/2 + DJ) / 2 + PE
    Total System Jitter     (TSJ):    0.071ns
    Total Input Jitter      (TIJ):    0.000ns
    Discrete Jitter          (DJ):    0.000ns
    Phase Error              (PE):    0.000ns

    Location             Delay type                Incr(ns)  Path(ns)    Netlist Resource(s)
  -------------------------------------------------------------------    -------------------
                         (clock ap_clk rise edge)     0.000     0.000 r  
                                                      0.000     0.000 r  ap_clk (IN)
                         net (fo=16272, unset)        1.399     1.399    ccGaussianFilterGKer_U0/grp_process_r_fu_18/ap_clk
    SLICE_X100Y140       FDRE                                         r  ccGaussianFilterGKer_U0/grp_process_r_fu_18/ap_reg_pp0_iter3_phitmp1_reg_2360_reg[0]/C
  -------------------------------------------------------------------    -------------------
    SLICE_X100Y140       FDRE (Prop_fdre_C_Q)         0.269     1.668 r  ccGaussianFilterGKer_U0/grp_process_r_fu_18/ap_reg_pp0_iter3_phitmp1_reg_2360_reg[0]/Q
                         net (fo=160, routed)         5.926     7.594    ccGaussianFilterGKer_U0/grp_process_r_fu_18/ap_reg_pp0_iter3_phitmp1_reg_2360
    SLICE_X82Y152        LUT5 (Prop_lut5_I3_O)        0.053     7.647 r  ccGaussianFilterGKer_U0/grp_process_r_fu_18/win_3_3_reg_2788[19]_i_1/O
                         net (fo=1, routed)           0.000     7.647    ccGaussianFilterGKer_U0/grp_process_r_fu_18/win_3_3_fu_1654_p3[19]
    SLICE_X82Y152        FDRE                                         r  ccGaussianFilterGKer_U0/grp_process_r_fu_18/win_3_3_reg_2788_reg[19]/D
  -------------------------------------------------------------------    -------------------

                         (clock ap_clk rise edge)     6.660     6.660 r  
                                                      0.000     6.660 r  ap_clk (IN)
                         net (fo=16272, unset)        1.288     7.948    ccGaussianFilterGKer_U0/grp_process_r_fu_18/ap_clk
    SLICE_X82Y152        FDRE                                         r  ccGaussianFilterGKer_U0/grp_process_r_fu_18/win_3_3_reg_2788_reg[19]/C
                         clock pessimism              0.000     7.948    
                         clock uncertainty           -0.035     7.913    
    SLICE_X82Y152        FDRE (Setup_fdre_C_D)        0.072     7.985    ccGaussianFilterGKer_U0/grp_process_r_fu_18/win_3_3_reg_2788_reg[19]
  -------------------------------------------------------------------
                         required time                          7.985    
                         arrival time                          -7.647    
  -------------------------------------------------------------------
                         slack                                  0.338    





Min Delay Paths
--------------------------------------------------------------------------------------
Slack (MET) :             0.032ns  (arrival time - required time)
  Source:                 ccGaussianFilterGKer_U0/grp_process_r_fu_18/win_tmp_3_0_fu_150_reg[11]/C
                            (rising edge-triggered cell FDRE clocked by ap_clk  {rise@0.000ns fall@3.330ns period=6.660ns})
  Destination:            ccGaussianFilterGKer_U0/grp_process_r_fu_18/win_tmp_3_0_load_reg_2540_reg[11]/D
                            (rising edge-triggered cell FDRE clocked by ap_clk  {rise@0.000ns fall@3.330ns period=6.660ns})
  Path Group:             ap_clk
  Path Type:              Hold (Min at Fast Process Corner)
  Requirement:            0.000ns  (ap_clk rise@0.000ns - ap_clk rise@0.000ns)
  Data Path Delay:        0.289ns  (logic 0.100ns (34.547%)  route 0.189ns (65.453%))
  Logic Levels:           0  
  Clock Path Skew:        0.219ns (DCD - SCD - CPR)
    Destination Clock Delay (DCD):    0.746ns
    Source Clock Delay      (SCD):    0.527ns
    Clock Pessimism Removal (CPR):    -0.000ns

    Location             Delay type                Incr(ns)  Path(ns)    Netlist Resource(s)
  -------------------------------------------------------------------    -------------------
                         (clock ap_clk rise edge)     0.000     0.000 r  
                                                      0.000     0.000 r  ap_clk (IN)
                         net (fo=16272, unset)        0.527     0.527    ccGaussianFilterGKer_U0/grp_process_r_fu_18/ap_clk
    SLICE_X101Y150       FDRE                                         r  ccGaussianFilterGKer_U0/grp_process_r_fu_18/win_tmp_3_0_fu_150_reg[11]/C
  -------------------------------------------------------------------    -------------------
    SLICE_X101Y150       FDRE (Prop_fdre_C_Q)         0.100     0.627 r  ccGaussianFilterGKer_U0/grp_process_r_fu_18/win_tmp_3_0_fu_150_reg[11]/Q
                         net (fo=1, routed)           0.189     0.816    ccGaussianFilterGKer_U0/grp_process_r_fu_18/win_tmp_3_0_fu_150[11]
    SLICE_X101Y149       FDRE                                         r  ccGaussianFilterGKer_U0/grp_process_r_fu_18/win_tmp_3_0_load_reg_2540_reg[11]/D
  -------------------------------------------------------------------    -------------------

                         (clock ap_clk rise edge)     0.000     0.000 r  
                                                      0.000     0.000 r  ap_clk (IN)
                         net (fo=16272, unset)        0.746     0.746    ccGaussianFilterGKer_U0/grp_process_r_fu_18/ap_clk
    SLICE_X101Y149       FDRE                                         r  ccGaussianFilterGKer_U0/grp_process_r_fu_18/win_tmp_3_0_load_reg_2540_reg[11]/C
                         clock pessimism              0.000     0.746    
    SLICE_X101Y149       FDRE (Hold_fdre_C_D)         0.038     0.784    ccGaussianFilterGKer_U0/grp_process_r_fu_18/win_tmp_3_0_load_reg_2540_reg[11]
  -------------------------------------------------------------------
                         required time                         -0.784    
                         arrival time                           0.816    
  -------------------------------------------------------------------
                         slack                                  0.032    





Pulse Width Checks
--------------------------------------------------------------------------------------
Clock Name:         ap_clk
Waveform(ns):       { 0.000 3.330 }
Period(ns):         6.660
Sources:            { ap_clk }

Check Type        Corner  Lib Pin             Reference Pin  Required(ns)  Actual(ns)  Slack(ns)  Location       Pin
Min Period        n/a     RAMB36E1/CLKARDCLK  n/a            2.495         6.660       4.165      RAMB36_X5Y30   ccGaussianFilterGKer_U0/grp_process_r_fu_18/lineBuff_0_U/process_r_lineBufbkb_ram_U/ram_reg/CLKARDCLK
Low Pulse Width   Slow    SRLC32E/CLK         n/a            0.780         3.330       2.550      SLICE_X94Y152  ccGaussianFilterGKer_U0/grp_process_r_fu_18/ap_reg_pp0_iter100_win_2_2_load_reg_2527_reg[0]_srl32/CLK
High Pulse Width  Fast    SRLC32E/CLK         n/a            0.780         3.330       2.550      SLICE_X90Y167  ccGaussianFilterGKer_U0/grp_process_r_fu_18/ap_reg_pp0_iter100_win_2_2_load_reg_2527_reg[25]_srl32/CLK



