Copyright 1986-2017 Xilinx, Inc. All Rights Reserved.
------------------------------------------------------------------------------------
| Tool Version : Vivado v.2017.2 (lin64) Build 1909853 Thu Jun 15 18:39:10 MDT 2017
| Date         : Sat Apr 14 23:34:58 2018
| Host         : codesign89 running 64-bit Ubuntu 14.04.5 LTS
| Command      : report_timing_summary -file ./report/hipaccRun_timing_routed.rpt
| Design       : hipaccRun
| Device       : 7z100-ffg900
| Speed File   : -1  PRODUCTION 1.11 2014-09-11
------------------------------------------------------------------------------------

Timing Summary Report

------------------------------------------------------------------------------------------------
| Timer Settings
| --------------
------------------------------------------------------------------------------------------------

  Enable Multi Corner Analysis               :  Yes
  Enable Pessimism Removal                   :  Yes
  Pessimism Removal Resolution               :  Nearest Common Node
  Enable Input Delay Default Clock           :  No
  Enable Preset / Clear Arcs                 :  No
  Disable Flight Delays                      :  No
  Ignore I/O Paths                           :  No
  Timing Early Launch at Borrowing Latches   :  false

  Corner  Analyze    Analyze    
  Name    Max Paths  Min Paths  
  ------  ---------  ---------  
  Slow    Yes        Yes        
  Fast    Yes        Yes        



check_timing report

Table of Contents
-----------------
1. checking no_clock
2. checking constant_clock
3. checking pulse_width_clock
4. checking unconstrained_internal_endpoints
5. checking no_input_delay
6. checking no_output_delay
7. checking multiple_clock
8. checking generated_clocks
9. checking loops
10. checking partial_input_delay
11. checking partial_output_delay
12. checking latch_loops

1. checking no_clock
--------------------
 There are 0 register/latch pins with no clock.


2. checking constant_clock
--------------------------
 There are 0 register/latch pins with constant_clock.


3. checking pulse_width_clock
-----------------------------
 There are 0 register/latch pins which need pulse_width check


4. checking unconstrained_internal_endpoints
--------------------------------------------
 There are 0 pins that are not constrained for maximum delay.

 There are 0 pins that are not constrained for maximum delay due to constant clock.


5. checking no_input_delay
--------------------------
 There are 516 input ports with no input delay specified. (HIGH)

 There are 0 input ports with no input delay but user has a false path constraint.


6. checking no_output_delay
---------------------------
 There are 517 ports with no output delay specified. (HIGH)

 There are 0 ports with no output delay but user has a false path constraint

 There are 0 ports with no output delay but with a timing clock defined on it or propagating through it


7. checking multiple_clock
--------------------------
 There are 0 register/latch pins with multiple clocks.


8. checking generated_clocks
----------------------------
 There are 0 generated clocks that are not connected to a clock source.


9. checking loops
-----------------
 There are 0 combinational loops in the design.


10. checking partial_input_delay
--------------------------------
 There are 0 input ports with partial input delay specified.


11. checking partial_output_delay
---------------------------------
 There are 0 ports with partial output delay specified.


12. checking latch_loops
------------------------
 There are 0 combinational latch loops in the design through latch input



------------------------------------------------------------------------------------------------
| Design Timing Summary
| ---------------------
------------------------------------------------------------------------------------------------

    WNS(ns)      TNS(ns)  TNS Failing Endpoints  TNS Total Endpoints      WHS(ns)      THS(ns)  THS Failing Endpoints  THS Total Endpoints     WPWS(ns)     TPWS(ns)  TPWS Failing Endpoints  TPWS Total Endpoints  
    -------      -------  ---------------------  -------------------      -------      -------  ---------------------  -------------------     --------     --------  ----------------------  --------------------  
      0.242        0.000                      0               439228        0.033        0.000                      0               439228        2.550        0.000                       0                178935  


All user specified timing constraints are met.


------------------------------------------------------------------------------------------------
| Clock Summary
| -------------
------------------------------------------------------------------------------------------------

Clock   Waveform(ns)         Period(ns)      Frequency(MHz)
-----   ------------         ----------      --------------
ap_clk  {0.000 3.330}        6.660           150.150         


------------------------------------------------------------------------------------------------
| Intra Clock Table
| -----------------
------------------------------------------------------------------------------------------------

Clock             WNS(ns)      TNS(ns)  TNS Failing Endpoints  TNS Total Endpoints      WHS(ns)      THS(ns)  THS Failing Endpoints  THS Total Endpoints     WPWS(ns)     TPWS(ns)  TPWS Failing Endpoints  TPWS Total Endpoints  
-----             -------      -------  ---------------------  -------------------      -------      -------  ---------------------  -------------------     --------     --------  ----------------------  --------------------  
ap_clk              0.242        0.000                      0               439228        0.033        0.000                      0               439228        2.550        0.000                       0                178935  


------------------------------------------------------------------------------------------------
| Inter Clock Table
| -----------------
------------------------------------------------------------------------------------------------

From Clock    To Clock          WNS(ns)      TNS(ns)  TNS Failing Endpoints  TNS Total Endpoints      WHS(ns)      THS(ns)  THS Failing Endpoints  THS Total Endpoints  
----------    --------          -------      -------  ---------------------  -------------------      -------      -------  ---------------------  -------------------  


------------------------------------------------------------------------------------------------
| Other Path Groups Table
| -----------------------
------------------------------------------------------------------------------------------------

Path Group    From Clock    To Clock          WNS(ns)      TNS(ns)  TNS Failing Endpoints  TNS Total Endpoints      WHS(ns)      THS(ns)  THS Failing Endpoints  THS Total Endpoints  
----------    ----------    --------          -------      -------  ---------------------  -------------------      -------      -------  ---------------------  -------------------  


------------------------------------------------------------------------------------------------
| Timing Details
| --------------
------------------------------------------------------------------------------------------------


---------------------------------------------------------------------------------------------------
From Clock:  ap_clk
  To Clock:  ap_clk

Setup :            0  Failing Endpoints,  Worst Slack        0.242ns,  Total Violation        0.000ns
Hold  :            0  Failing Endpoints,  Worst Slack        0.033ns,  Total Violation        0.000ns
PW    :            0  Failing Endpoints,  Worst Slack        2.550ns,  Total Violation        0.000ns
---------------------------------------------------------------------------------------------------


Max Delay Paths
--------------------------------------------------------------------------------------
Slack (MET) :             0.242ns  (required time - arrival time)
  Source:                 ccGaussianFilterGKer_U0/grp_processVECTF_fu_18/hipaccRun_fmul_32g8j_U653/din0_buf1_reg[3]/C
                            (rising edge-triggered cell FDRE clocked by ap_clk  {rise@0.000ns fall@3.330ns period=6.660ns})
  Destination:            ccGaussianFilterGKer_U0/grp_processVECTF_fu_18/hipaccRun_fmul_32g8j_U653/hipaccRun_ap_fmul_2_max_dsp_32_u/U0/i_synth/MULT.OP/MULT/DSP48E1_SPD_SGL_VARIANT.FIX_MULT/DSP1/DSP/A[3]
                            (rising edge-triggered cell DSP48E1 clocked by ap_clk  {rise@0.000ns fall@3.330ns period=6.660ns})
  Path Group:             ap_clk
  Path Type:              Setup (Max at Slow Process Corner)
  Requirement:            6.660ns  (ap_clk rise@6.660ns - ap_clk rise@0.000ns)
  Data Path Delay:        2.682ns  (logic 0.308ns (11.485%)  route 2.374ns (88.515%))
  Logic Levels:           0  
  Clock Path Skew:        -0.214ns (DCD - SCD + CPR)
    Destination Clock Delay (DCD):    1.442ns = ( 8.102 - 6.660 ) 
    Source Clock Delay      (SCD):    1.656ns
    Clock Pessimism Removal (CPR):    0.000ns
  Clock Uncertainty:      0.035ns  ((TSJ^2 + TIJ^2)^1/2 + DJ) / 2 + PE
    Total System Jitter     (TSJ):    0.071ns
    Total Input Jitter      (TIJ):    0.000ns
    Discrete Jitter          (DJ):    0.000ns
    Phase Error              (PE):    0.000ns

    Location             Delay type                Incr(ns)  Path(ns)    Netlist Resource(s)
  -------------------------------------------------------------------    -------------------
                         (clock ap_clk rise edge)     0.000     0.000 r  
                                                      0.000     0.000 r  ap_clk (IN)
                         net (fo=179874, unset)       1.656     1.656    ccGaussianFilterGKer_U0/grp_processVECTF_fu_18/hipaccRun_fmul_32g8j_U653/ap_clk
    SLICE_X48Y219        FDRE                                         r  ccGaussianFilterGKer_U0/grp_processVECTF_fu_18/hipaccRun_fmul_32g8j_U653/din0_buf1_reg[3]/C
  -------------------------------------------------------------------    -------------------
    SLICE_X48Y219        FDRE (Prop_fdre_C_Q)         0.308     1.964 r  ccGaussianFilterGKer_U0/grp_processVECTF_fu_18/hipaccRun_fmul_32g8j_U653/din0_buf1_reg[3]/Q
                         net (fo=2, routed)           2.374     4.338    ccGaussianFilterGKer_U0/grp_processVECTF_fu_18/hipaccRun_fmul_32g8j_U653/hipaccRun_ap_fmul_2_max_dsp_32_u/U0/i_synth/MULT.OP/MULT/DSP48E1_SPD_SGL_VARIANT.FIX_MULT/DSP1/s_axis_a_tdata[3]
    DSP48_X2Y52          DSP48E1                                      r  ccGaussianFilterGKer_U0/grp_processVECTF_fu_18/hipaccRun_fmul_32g8j_U653/hipaccRun_ap_fmul_2_max_dsp_32_u/U0/i_synth/MULT.OP/MULT/DSP48E1_SPD_SGL_VARIANT.FIX_MULT/DSP1/DSP/A[3]
  -------------------------------------------------------------------    -------------------

                         (clock ap_clk rise edge)     6.660     6.660 r  
                                                      0.000     6.660 r  ap_clk (IN)
                         net (fo=179874, unset)       1.442     8.102    ccGaussianFilterGKer_U0/grp_processVECTF_fu_18/hipaccRun_fmul_32g8j_U653/hipaccRun_ap_fmul_2_max_dsp_32_u/U0/i_synth/MULT.OP/MULT/DSP48E1_SPD_SGL_VARIANT.FIX_MULT/DSP1/aclk
    DSP48_X2Y52          DSP48E1                                      r  ccGaussianFilterGKer_U0/grp_processVECTF_fu_18/hipaccRun_fmul_32g8j_U653/hipaccRun_ap_fmul_2_max_dsp_32_u/U0/i_synth/MULT.OP/MULT/DSP48E1_SPD_SGL_VARIANT.FIX_MULT/DSP1/DSP/CLK
                         clock pessimism              0.000     8.102    
                         clock uncertainty           -0.035     8.067    
    DSP48_X2Y52          DSP48E1 (Setup_dsp48e1_CLK_A[3])
                                                     -3.487     4.580    ccGaussianFilterGKer_U0/grp_processVECTF_fu_18/hipaccRun_fmul_32g8j_U653/hipaccRun_ap_fmul_2_max_dsp_32_u/U0/i_synth/MULT.OP/MULT/DSP48E1_SPD_SGL_VARIANT.FIX_MULT/DSP1/DSP
  -------------------------------------------------------------------
                         required time                          4.580    
                         arrival time                          -4.338    
  -------------------------------------------------------------------
                         slack                                  0.242    





Min Delay Paths
--------------------------------------------------------------------------------------
Slack (MET) :             0.033ns  (arrival time - required time)
  Source:                 ccGaussianFilterGKer_U0/grp_processVECTF_fu_18/hipaccRun_fadd_32fYi_U22/din0_buf1_reg[27]/C
                            (rising edge-triggered cell FDRE clocked by ap_clk  {rise@0.000ns fall@3.330ns period=6.660ns})
  Destination:            ccGaussianFilterGKer_U0/grp_processVECTF_fu_18/hipaccRun_fadd_32fYi_U22/hipaccRun_ap_fadd_6_full_dsp_32_u/U0/i_synth/ADDSUB_OP.ADDSUB/SPEED_OP.DSP.OP/DSP48E1_BODY.EXP/BMA_EXP_DELAY/i_pipe/opt_has_pipe.first_q_reg[4]/D
                            (rising edge-triggered cell FDRE clocked by ap_clk  {rise@0.000ns fall@3.330ns period=6.660ns})
  Path Group:             ap_clk
  Path Type:              Hold (Min at Fast Process Corner)
  Requirement:            0.000ns  (ap_clk rise@0.000ns - ap_clk rise@0.000ns)
  Data Path Delay:        0.390ns  (logic 0.196ns (50.263%)  route 0.194ns (49.737%))
  Logic Levels:           2  (CARRY4=1 LUT2=1)
  Clock Path Skew:        0.265ns (DCD - SCD - CPR)
    Destination Clock Delay (DCD):    0.836ns
    Source Clock Delay      (SCD):    0.564ns
    Clock Pessimism Removal (CPR):    0.007ns

    Location             Delay type                Incr(ns)  Path(ns)    Netlist Resource(s)
  -------------------------------------------------------------------    -------------------
                         (clock ap_clk rise edge)     0.000     0.000 r  
                                                      0.000     0.000 r  ap_clk (IN)
                         net (fo=179874, unset)       0.564     0.564    ccGaussianFilterGKer_U0/grp_processVECTF_fu_18/hipaccRun_fadd_32fYi_U22/ap_clk
    SLICE_X134Y100       FDRE                                         r  ccGaussianFilterGKer_U0/grp_processVECTF_fu_18/hipaccRun_fadd_32fYi_U22/din0_buf1_reg[27]/C
  -------------------------------------------------------------------    -------------------
    SLICE_X134Y100       FDRE (Prop_fdre_C_Q)         0.118     0.682 r  ccGaussianFilterGKer_U0/grp_processVECTF_fu_18/hipaccRun_fadd_32fYi_U22/din0_buf1_reg[27]/Q
                         net (fo=6, routed)           0.194     0.876    ccGaussianFilterGKer_U0/grp_processVECTF_fu_18/hipaccRun_fadd_32fYi_U22/hipaccRun_ap_fadd_6_full_dsp_32_u/U0/i_synth/ADDSUB_OP.ADDSUB/SPEED_OP.DSP.OP/DSP48E1_BODY.EXP/s_axis_a_tdata[27]
    SLICE_X134Y99        LUT2 (Prop_lut2_I1_O)        0.028     0.904 r  ccGaussianFilterGKer_U0/grp_processVECTF_fu_18/hipaccRun_fadd_32fYi_U22/hipaccRun_ap_fadd_6_full_dsp_32_u/U0/i_synth/ADDSUB_OP.ADDSUB/SPEED_OP.DSP.OP/DSP48E1_BODY.EXP/merged_sub_mux.gen_luts[4].sub_lut/O
                         net (fo=1, routed)           0.000     0.904    ccGaussianFilterGKer_U0/grp_processVECTF_fu_18/hipaccRun_fadd_32fYi_U22/hipaccRun_ap_fadd_6_full_dsp_32_u/U0/i_synth/ADDSUB_OP.ADDSUB/SPEED_OP.DSP.OP/DSP48E1_BODY.EXP/merged_sub_mux.STRUCT_ADD/A[4]
    SLICE_X134Y99        CARRY4 (Prop_carry4_S[0]_O[0])
                                                      0.050     0.954 r  ccGaussianFilterGKer_U0/grp_processVECTF_fu_18/hipaccRun_fadd_32fYi_U22/hipaccRun_ap_fadd_6_full_dsp_32_u/U0/i_synth/ADDSUB_OP.ADDSUB/SPEED_OP.DSP.OP/DSP48E1_BODY.EXP/merged_sub_mux.STRUCT_ADD/CHAIN_GEN[4].C_MUX.CARRY_MUX_CARRY4/O[0]
                         net (fo=1, routed)           0.000     0.954    ccGaussianFilterGKer_U0/grp_processVECTF_fu_18/hipaccRun_fadd_32fYi_U22/hipaccRun_ap_fadd_6_full_dsp_32_u/U0/i_synth/ADDSUB_OP.ADDSUB/SPEED_OP.DSP.OP/DSP48E1_BODY.EXP/BMA_EXP_DELAY/i_pipe/Q[4]
    SLICE_X134Y99        FDRE                                         r  ccGaussianFilterGKer_U0/grp_processVECTF_fu_18/hipaccRun_fadd_32fYi_U22/hipaccRun_ap_fadd_6_full_dsp_32_u/U0/i_synth/ADDSUB_OP.ADDSUB/SPEED_OP.DSP.OP/DSP48E1_BODY.EXP/BMA_EXP_DELAY/i_pipe/opt_has_pipe.first_q_reg[4]/D
  -------------------------------------------------------------------    -------------------

                         (clock ap_clk rise edge)     0.000     0.000 r  
                                                      0.000     0.000 r  ap_clk (IN)
                         net (fo=179874, unset)       0.836     0.836    ccGaussianFilterGKer_U0/grp_processVECTF_fu_18/hipaccRun_fadd_32fYi_U22/hipaccRun_ap_fadd_6_full_dsp_32_u/U0/i_synth/ADDSUB_OP.ADDSUB/SPEED_OP.DSP.OP/DSP48E1_BODY.EXP/BMA_EXP_DELAY/i_pipe/aclk
    SLICE_X134Y99        FDRE                                         r  ccGaussianFilterGKer_U0/grp_processVECTF_fu_18/hipaccRun_fadd_32fYi_U22/hipaccRun_ap_fadd_6_full_dsp_32_u/U0/i_synth/ADDSUB_OP.ADDSUB/SPEED_OP.DSP.OP/DSP48E1_BODY.EXP/BMA_EXP_DELAY/i_pipe/opt_has_pipe.first_q_reg[4]/C
                         clock pessimism             -0.007     0.829    
    SLICE_X134Y99        FDRE (Hold_fdre_C_D)         0.092     0.921    ccGaussianFilterGKer_U0/grp_processVECTF_fu_18/hipaccRun_fadd_32fYi_U22/hipaccRun_ap_fadd_6_full_dsp_32_u/U0/i_synth/ADDSUB_OP.ADDSUB/SPEED_OP.DSP.OP/DSP48E1_BODY.EXP/BMA_EXP_DELAY/i_pipe/opt_has_pipe.first_q_reg[4]
  -------------------------------------------------------------------
                         required time                         -0.921    
                         arrival time                           0.954    
  -------------------------------------------------------------------
                         slack                                  0.033    





Pulse Width Checks
--------------------------------------------------------------------------------------
Clock Name:         ap_clk
Waveform(ns):       { 0.000 3.330 }
Period(ns):         6.660
Sources:            { ap_clk }

Check Type        Corner  Lib Pin             Reference Pin  Required(ns)  Actual(ns)  Slack(ns)  Location       Pin
Min Period        n/a     RAMB36E1/CLKARDCLK  n/a            2.495         6.660       4.165      RAMB36_X6Y18   ccGaussianFilterGKer_U0/grp_processVECTF_fu_18/lineBuff_0_V_U/processVECTF_linebkb_ram_U/ram_reg_0/CLKARDCLK
Low Pulse Width   Slow    SRL16E/CLK          n/a            0.780         3.330       2.550      SLICE_X96Y115  ccGaussianFilterGKer_U0/grp_processVECTF_fu_18/ap_enable_reg_pp0_iter16_reg_srl6___ccGaussianFilterGKer_U0_grp_processVECTF_fu_18_ap_enable_reg_pp0_iter168_reg_r/CLK
High Pulse Width  Fast    SRL16E/CLK          n/a            0.780         3.330       2.550      SLICE_X96Y172  ccGaussianFilterGKer_U0/grp_processVECTF_fu_18/ap_enable_reg_pp0_iter112_reg_srl6___ccGaussianFilterGKer_U0_grp_processVECTF_fu_18_ap_enable_reg_pp0_iter168_reg_r/CLK



