Copyright 1986-2017 Xilinx, Inc. All Rights Reserved.
------------------------------------------------------------------------------------
| Tool Version : Vivado v.2017.2 (lin64) Build 1909853 Thu Jun 15 18:39:10 MDT 2017
| Date         : Sat Apr 14 19:38:30 2018
| Host         : codesign89 running 64-bit Ubuntu 14.04.5 LTS
| Command      : report_timing_summary -file ./report/hipaccRun_timing_routed.rpt
| Design       : hipaccRun
| Device       : 7z020-clg484
| Speed File   : -1  PRODUCTION 1.11 2014-09-11
------------------------------------------------------------------------------------

Timing Summary Report

------------------------------------------------------------------------------------------------
| Timer Settings
| --------------
------------------------------------------------------------------------------------------------

  Enable Multi Corner Analysis               :  Yes
  Enable Pessimism Removal                   :  Yes
  Pessimism Removal Resolution               :  Nearest Common Node
  Enable Input Delay Default Clock           :  No
  Enable Preset / Clear Arcs                 :  No
  Disable Flight Delays                      :  No
  Ignore I/O Paths                           :  No
  Timing Early Launch at Borrowing Latches   :  false

  Corner  Analyze    Analyze    
  Name    Max Paths  Min Paths  
  ------  ---------  ---------  
  Slow    Yes        Yes        
  Fast    Yes        Yes        



check_timing report

Table of Contents
-----------------
1. checking no_clock
2. checking constant_clock
3. checking pulse_width_clock
4. checking unconstrained_internal_endpoints
5. checking no_input_delay
6. checking no_output_delay
7. checking multiple_clock
8. checking generated_clocks
9. checking loops
10. checking partial_input_delay
11. checking partial_output_delay
12. checking latch_loops

1. checking no_clock
--------------------
 There are 0 register/latch pins with no clock.


2. checking constant_clock
--------------------------
 There are 0 register/latch pins with constant_clock.


3. checking pulse_width_clock
-----------------------------
 There are 0 register/latch pins which need pulse_width check


4. checking unconstrained_internal_endpoints
--------------------------------------------
 There are 0 pins that are not constrained for maximum delay.

 There are 0 pins that are not constrained for maximum delay due to constant clock.


5. checking no_input_delay
--------------------------
 There are 36 input ports with no input delay specified. (HIGH)

 There are 0 input ports with no input delay but user has a false path constraint.


6. checking no_output_delay
---------------------------
 There are 37 ports with no output delay specified. (HIGH)

 There are 0 ports with no output delay but user has a false path constraint

 There are 0 ports with no output delay but with a timing clock defined on it or propagating through it


7. checking multiple_clock
--------------------------
 There are 0 register/latch pins with multiple clocks.


8. checking generated_clocks
----------------------------
 There are 0 generated clocks that are not connected to a clock source.


9. checking loops
-----------------
 There are 0 combinational loops in the design.


10. checking partial_input_delay
--------------------------------
 There are 0 input ports with partial input delay specified.


11. checking partial_output_delay
---------------------------------
 There are 0 ports with partial output delay specified.


12. checking latch_loops
------------------------
 There are 0 combinational latch loops in the design through latch input



------------------------------------------------------------------------------------------------
| Design Timing Summary
| ---------------------
------------------------------------------------------------------------------------------------

    WNS(ns)      TNS(ns)  TNS Failing Endpoints  TNS Total Endpoints      WHS(ns)      THS(ns)  THS Failing Endpoints  THS Total Endpoints     WPWS(ns)     TPWS(ns)  TPWS Failing Endpoints  TPWS Total Endpoints  
    -------      -------  ---------------------  -------------------      -------      -------  ---------------------  -------------------     --------     --------  ----------------------  --------------------  
      1.908        0.000                      0                 3845        0.022        0.000                      0                 3845        4.500        0.000                       0                  1577  


All user specified timing constraints are met.


------------------------------------------------------------------------------------------------
| Clock Summary
| -------------
------------------------------------------------------------------------------------------------

Clock   Waveform(ns)       Period(ns)      Frequency(MHz)
-----   ------------       ----------      --------------
ap_clk  {0.000 5.000}      10.000          100.000         


------------------------------------------------------------------------------------------------
| Intra Clock Table
| -----------------
------------------------------------------------------------------------------------------------

Clock             WNS(ns)      TNS(ns)  TNS Failing Endpoints  TNS Total Endpoints      WHS(ns)      THS(ns)  THS Failing Endpoints  THS Total Endpoints     WPWS(ns)     TPWS(ns)  TPWS Failing Endpoints  TPWS Total Endpoints  
-----             -------      -------  ---------------------  -------------------      -------      -------  ---------------------  -------------------     --------     --------  ----------------------  --------------------  
ap_clk              1.908        0.000                      0                 3845        0.022        0.000                      0                 3845        4.500        0.000                       0                  1577  


------------------------------------------------------------------------------------------------
| Inter Clock Table
| -----------------
------------------------------------------------------------------------------------------------

From Clock    To Clock          WNS(ns)      TNS(ns)  TNS Failing Endpoints  TNS Total Endpoints      WHS(ns)      THS(ns)  THS Failing Endpoints  THS Total Endpoints  
----------    --------          -------      -------  ---------------------  -------------------      -------      -------  ---------------------  -------------------  


------------------------------------------------------------------------------------------------
| Other Path Groups Table
| -----------------------
------------------------------------------------------------------------------------------------

Path Group    From Clock    To Clock          WNS(ns)      TNS(ns)  TNS Failing Endpoints  TNS Total Endpoints      WHS(ns)      THS(ns)  THS Failing Endpoints  THS Total Endpoints  
----------    ----------    --------          -------      -------  ---------------------  -------------------      -------      -------  ---------------------  -------------------  


------------------------------------------------------------------------------------------------
| Timing Details
| --------------
------------------------------------------------------------------------------------------------


---------------------------------------------------------------------------------------------------
From Clock:  ap_clk
  To Clock:  ap_clk

Setup :            0  Failing Endpoints,  Worst Slack        1.908ns,  Total Violation        0.000ns
Hold  :            0  Failing Endpoints,  Worst Slack        0.022ns,  Total Violation        0.000ns
PW    :            0  Failing Endpoints,  Worst Slack        4.500ns,  Total Violation        0.000ns
---------------------------------------------------------------------------------------------------


Max Delay Paths
--------------------------------------------------------------------------------------
Slack (MET) :             1.908ns  (required time - arrival time)
  Source:                 ccGaussianFilterGKer_U0/grp_process_r_fu_18/win_tmp_4_1_fu_130_reg[2]/C
                            (rising edge-triggered cell FDRE clocked by ap_clk  {rise@0.000ns fall@5.000ns period=10.000ns})
  Destination:            ccGaussianFilterGKer_U0/grp_process_r_fu_18/tmp6_i_reg_994_reg[29]/D
                            (rising edge-triggered cell FDRE clocked by ap_clk  {rise@0.000ns fall@5.000ns period=10.000ns})
  Path Group:             ap_clk
  Path Type:              Setup (Max at Slow Process Corner)
  Requirement:            10.000ns  (ap_clk rise@10.000ns - ap_clk rise@0.000ns)
  Data Path Delay:        8.100ns  (logic 3.817ns (47.124%)  route 4.283ns (52.876%))
  Logic Levels:           14  (CARRY4=9 LUT3=2 LUT4=1 LUT5=1 LUT6=1)
  Clock Path Skew:        -0.019ns (DCD - SCD + CPR)
    Destination Clock Delay (DCD):    1.518ns = ( 11.518 - 10.000 ) 
    Source Clock Delay      (SCD):    1.652ns
    Clock Pessimism Removal (CPR):    0.115ns
  Clock Uncertainty:      0.035ns  ((TSJ^2 + TIJ^2)^1/2 + DJ) / 2 + PE
    Total System Jitter     (TSJ):    0.071ns
    Total Input Jitter      (TIJ):    0.000ns
    Discrete Jitter          (DJ):    0.000ns
    Phase Error              (PE):    0.000ns

    Location             Delay type                Incr(ns)  Path(ns)    Netlist Resource(s)
  -------------------------------------------------------------------    -------------------
                         (clock ap_clk rise edge)     0.000     0.000 r  
                                                      0.000     0.000 r  ap_clk (IN)
                         net (fo=1576, unset)         1.652     1.652    ccGaussianFilterGKer_U0/grp_process_r_fu_18/ap_clk
    SLICE_X34Y53         FDRE                                         r  ccGaussianFilterGKer_U0/grp_process_r_fu_18/win_tmp_4_1_fu_130_reg[2]/C
  -------------------------------------------------------------------    -------------------
    SLICE_X34Y53         FDRE (Prop_fdre_C_Q)         0.518     2.170 r  ccGaussianFilterGKer_U0/grp_process_r_fu_18/win_tmp_4_1_fu_130_reg[2]/Q
                         net (fo=3, routed)           1.033     3.203    ccGaussianFilterGKer_U0/grp_process_r_fu_18/win_tmp_4_1_fu_130[2]
    SLICE_X37Y58         LUT3 (Prop_lut3_I2_O)        0.154     3.357 r  ccGaussianFilterGKer_U0/grp_process_r_fu_18/tmp6_i_fu_629_p2__0_carry_i_1/O
                         net (fo=2, routed)           0.690     4.047    ccGaussianFilterGKer_U0/grp_process_r_fu_18/tmp6_i_fu_629_p2__0_carry_i_1_n_0
    SLICE_X37Y58         LUT4 (Prop_lut4_I3_O)        0.327     4.374 r  ccGaussianFilterGKer_U0/grp_process_r_fu_18/tmp6_i_fu_629_p2__0_carry_i_4/O
                         net (fo=1, routed)           0.000     4.374    ccGaussianFilterGKer_U0/grp_process_r_fu_18/tmp6_i_fu_629_p2__0_carry_i_4_n_0
    SLICE_X37Y58         CARRY4 (Prop_carry4_S[3]_CO[3])
                                                      0.401     4.775 r  ccGaussianFilterGKer_U0/grp_process_r_fu_18/tmp6_i_fu_629_p2__0_carry/CO[3]
                         net (fo=1, routed)           0.000     4.775    ccGaussianFilterGKer_U0/grp_process_r_fu_18/tmp6_i_fu_629_p2__0_carry_n_0
    SLICE_X37Y59         CARRY4 (Prop_carry4_CI_CO[3])
                                                      0.114     4.889 r  ccGaussianFilterGKer_U0/grp_process_r_fu_18/tmp6_i_fu_629_p2__0_carry__0/CO[3]
                         net (fo=1, routed)           0.000     4.889    ccGaussianFilterGKer_U0/grp_process_r_fu_18/tmp6_i_fu_629_p2__0_carry__0_n_0
    SLICE_X37Y60         CARRY4 (Prop_carry4_CI_CO[3])
                                                      0.114     5.003 r  ccGaussianFilterGKer_U0/grp_process_r_fu_18/tmp6_i_fu_629_p2__0_carry__1/CO[3]
                         net (fo=1, routed)           0.000     5.003    ccGaussianFilterGKer_U0/grp_process_r_fu_18/tmp6_i_fu_629_p2__0_carry__1_n_0
    SLICE_X37Y61         CARRY4 (Prop_carry4_CI_O[1])
                                                      0.334     5.337 r  ccGaussianFilterGKer_U0/grp_process_r_fu_18/tmp6_i_fu_629_p2__0_carry__2/O[1]
                         net (fo=3, routed)           1.471     6.808    ccGaussianFilterGKer_U0/grp_process_r_fu_18/tmp6_i_fu_629_p2__0_carry__2_n_6
    SLICE_X26Y61         LUT3 (Prop_lut3_I2_O)        0.329     7.137 r  ccGaussianFilterGKer_U0/grp_process_r_fu_18/tmp6_i_fu_629_p2__190_carry__2_i_10/O
                         net (fo=2, routed)           0.595     7.731    ccGaussianFilterGKer_U0/grp_process_r_fu_18/tmp6_i_fu_629_p2__190_carry__2_i_10_n_0
    SLICE_X27Y61         LUT5 (Prop_lut5_I1_O)        0.328     8.059 r  ccGaussianFilterGKer_U0/grp_process_r_fu_18/tmp6_i_fu_629_p2__190_carry__2_i_2/O
                         net (fo=2, routed)           0.495     8.554    ccGaussianFilterGKer_U0/grp_process_r_fu_18/tmp6_i_fu_629_p2__190_carry__2_i_2_n_0
    SLICE_X29Y61         LUT6 (Prop_lut6_I0_O)        0.124     8.678 r  ccGaussianFilterGKer_U0/grp_process_r_fu_18/tmp6_i_fu_629_p2__190_carry__2_i_6/O
                         net (fo=1, routed)           0.000     8.678    ccGaussianFilterGKer_U0/grp_process_r_fu_18/tmp6_i_fu_629_p2__190_carry__2_i_6_n_0
    SLICE_X29Y61         CARRY4 (Prop_carry4_S[2]_CO[3])
                                                      0.398     9.076 r  ccGaussianFilterGKer_U0/grp_process_r_fu_18/tmp6_i_fu_629_p2__190_carry__2/CO[3]
                         net (fo=1, routed)           0.000     9.076    ccGaussianFilterGKer_U0/grp_process_r_fu_18/tmp6_i_fu_629_p2__190_carry__2_n_0
    SLICE_X29Y62         CARRY4 (Prop_carry4_CI_CO[3])
                                                      0.114     9.190 r  ccGaussianFilterGKer_U0/grp_process_r_fu_18/tmp6_i_fu_629_p2__190_carry__3/CO[3]
                         net (fo=1, routed)           0.000     9.190    ccGaussianFilterGKer_U0/grp_process_r_fu_18/tmp6_i_fu_629_p2__190_carry__3_n_0
    SLICE_X29Y63         CARRY4 (Prop_carry4_CI_CO[3])
                                                      0.114     9.304 r  ccGaussianFilterGKer_U0/grp_process_r_fu_18/tmp6_i_fu_629_p2__190_carry__4/CO[3]
                         net (fo=1, routed)           0.000     9.304    ccGaussianFilterGKer_U0/grp_process_r_fu_18/tmp6_i_fu_629_p2__190_carry__4_n_0
    SLICE_X29Y64         CARRY4 (Prop_carry4_CI_CO[3])
                                                      0.114     9.418 r  ccGaussianFilterGKer_U0/grp_process_r_fu_18/tmp6_i_fu_629_p2__190_carry__5/CO[3]
                         net (fo=1, routed)           0.000     9.418    ccGaussianFilterGKer_U0/grp_process_r_fu_18/tmp6_i_fu_629_p2__190_carry__5_n_0
    SLICE_X29Y65         CARRY4 (Prop_carry4_CI_O[1])
                                                      0.334     9.752 r  ccGaussianFilterGKer_U0/grp_process_r_fu_18/tmp6_i_fu_629_p2__190_carry__6/O[1]
                         net (fo=1, routed)           0.000     9.752    ccGaussianFilterGKer_U0/grp_process_r_fu_18/tmp6_i_fu_629_p2[29]
    SLICE_X29Y65         FDRE                                         r  ccGaussianFilterGKer_U0/grp_process_r_fu_18/tmp6_i_reg_994_reg[29]/D
  -------------------------------------------------------------------    -------------------

                         (clock ap_clk rise edge)    10.000    10.000 r  
                                                      0.000    10.000 r  ap_clk (IN)
                         net (fo=1576, unset)         1.518    11.518    ccGaussianFilterGKer_U0/grp_process_r_fu_18/ap_clk
    SLICE_X29Y65         FDRE                                         r  ccGaussianFilterGKer_U0/grp_process_r_fu_18/tmp6_i_reg_994_reg[29]/C
                         clock pessimism              0.115    11.633    
                         clock uncertainty           -0.035    11.598    
    SLICE_X29Y65         FDRE (Setup_fdre_C_D)        0.062    11.660    ccGaussianFilterGKer_U0/grp_process_r_fu_18/tmp6_i_reg_994_reg[29]
  -------------------------------------------------------------------
                         required time                         11.660    
                         arrival time                          -9.752    
  -------------------------------------------------------------------
                         slack                                  1.908    





Min Delay Paths
--------------------------------------------------------------------------------------
Slack (MET) :             0.022ns  (arrival time - required time)
  Source:                 ccGaussianFilterGKer_U0/grp_process_r_fu_18/hipaccRun_mul_32sg8j_U3/hipaccRun_mul_32sg8j_MulnS_1_U/p_reg[1]/C
                            (rising edge-triggered cell FDRE clocked by ap_clk  {rise@0.000ns fall@5.000ns period=10.000ns})
  Destination:            ccGaussianFilterGKer_U0/grp_process_r_fu_18/tmp_8_reg_1059_reg[1]/D
                            (rising edge-triggered cell FDRE clocked by ap_clk  {rise@0.000ns fall@5.000ns period=10.000ns})
  Path Group:             ap_clk
  Path Type:              Hold (Min at Fast Process Corner)
  Requirement:            0.000ns  (ap_clk rise@0.000ns - ap_clk rise@0.000ns)
  Data Path Delay:        0.354ns  (logic 0.141ns (39.823%)  route 0.213ns (60.177%))
  Logic Levels:           0  
  Clock Path Skew:        0.260ns (DCD - SCD - CPR)
    Destination Clock Delay (DCD):    0.820ns
    Source Clock Delay      (SCD):    0.555ns
    Clock Pessimism Removal (CPR):    0.005ns

    Location             Delay type                Incr(ns)  Path(ns)    Netlist Resource(s)
  -------------------------------------------------------------------    -------------------
                         (clock ap_clk rise edge)     0.000     0.000 r  
                                                      0.000     0.000 r  ap_clk (IN)
                         net (fo=1576, unset)         0.555     0.555    ccGaussianFilterGKer_U0/grp_process_r_fu_18/hipaccRun_mul_32sg8j_U3/hipaccRun_mul_32sg8j_MulnS_1_U/ap_clk
    SLICE_X49Y51         FDRE                                         r  ccGaussianFilterGKer_U0/grp_process_r_fu_18/hipaccRun_mul_32sg8j_U3/hipaccRun_mul_32sg8j_MulnS_1_U/p_reg[1]/C
  -------------------------------------------------------------------    -------------------
    SLICE_X49Y51         FDRE (Prop_fdre_C_Q)         0.141     0.696 r  ccGaussianFilterGKer_U0/grp_process_r_fu_18/hipaccRun_mul_32sg8j_U3/hipaccRun_mul_32sg8j_MulnS_1_U/p_reg[1]/Q
                         net (fo=1, routed)           0.213     0.909    ccGaussianFilterGKer_U0/grp_process_r_fu_18/hipaccRun_mul_32sg8j_MulnS_1_U/p_reg[1]
    SLICE_X51Y52         FDRE                                         r  ccGaussianFilterGKer_U0/grp_process_r_fu_18/tmp_8_reg_1059_reg[1]/D
  -------------------------------------------------------------------    -------------------

                         (clock ap_clk rise edge)     0.000     0.000 r  
                                                      0.000     0.000 r  ap_clk (IN)
                         net (fo=1576, unset)         0.820     0.820    ccGaussianFilterGKer_U0/grp_process_r_fu_18/ap_clk
    SLICE_X51Y52         FDRE                                         r  ccGaussianFilterGKer_U0/grp_process_r_fu_18/tmp_8_reg_1059_reg[1]/C
                         clock pessimism             -0.005     0.815    
    SLICE_X51Y52         FDRE (Hold_fdre_C_D)         0.072     0.887    ccGaussianFilterGKer_U0/grp_process_r_fu_18/tmp_8_reg_1059_reg[1]
  -------------------------------------------------------------------
                         required time                         -0.887    
                         arrival time                           0.909    
  -------------------------------------------------------------------
                         slack                                  0.022    





Pulse Width Checks
--------------------------------------------------------------------------------------
Clock Name:         ap_clk
Waveform(ns):       { 0.000 5.000 }
Period(ns):         10.000
Sources:            { ap_clk }

Check Type        Corner  Lib Pin             Reference Pin  Required(ns)  Actual(ns)  Slack(ns)  Location      Pin
Min Period        n/a     RAMB36E1/CLKARDCLK  n/a            2.944         10.000      7.056      RAMB36_X1Y9   ccGaussianFilterGKer_U0/grp_process_r_fu_18/lineBuff_0_U/process_r_lineBufbkb_ram_U/ram_reg/CLKARDCLK
Low Pulse Width   Slow    FDRE/C              n/a            0.500         5.000       4.500      SLICE_X46Y68  ccGaussianFilterGKer_U0/grp_process_r_fu_18/hipaccRun_mul_32sfYi_U1/hipaccRun_mul_32sfYi_MulnS_0_U/p_reg[0]/C
High Pulse Width  Fast    FDRE/C              n/a            0.500         5.000       4.500      SLICE_X34Y60  ccGaussianFilterGKer_U0/grp_process_r_fu_18/ap_reg_pp0_iter3_tmp18_i_reg_1039_reg[29]/C



