

================================================================
== Vivado HLS Report for 'processVECTF'
================================================================
* Date:           Sat Apr 14 18:37:27 2018

* Version:        2017.2 (Build 1909853 on Thu Jun 15 18:55:24 MDT 2017)
* Project:        hipacc_project
* Solution:       solution1
* Product family: zynq
* Target device:  xc7z020clg484-1


================================================================
== Performance Estimates
================================================================
+ Timing (ns): 
    * Summary: 
    +--------+-------+----------+------------+
    |  Clock | Target| Estimated| Uncertainty|
    +--------+-------+----------+------------+
    |ap_clk  |  10.00|      8.35|        1.25|
    +--------+-------+----------+------------+

+ Latency (clock cycles): 
    * Summary: 
    +--------+--------+--------+--------+---------+
    |     Latency     |     Interval    | Pipeline|
    |   min  |   max  |   min  |   max  |   Type  |
    +--------+--------+--------+--------+---------+
    |  263816|  263816|  263816|  263816|   none  |
    +--------+--------+--------+--------+---------+

    + Detail: 
        * Instance: 
        N/A

        * Loop: 
        +---------------------+--------+--------+----------+-----------+-----------+--------+----------+
        |                     |     Latency     | Iteration|  Initiation Interval  |  Trip  |          |
        |      Loop Name      |   min  |   max  |  Latency |  achieved |   target  |  Count | Pipelined|
        +---------------------+--------+--------+----------+-----------+-----------+--------+----------+
        |- IMG_ROWS_IMG_COLS  |  263814|  263814|       134|          1|          1|  263682|    yes   |
        +---------------------+--------+--------+----------+-----------+-----------+--------+----------+



================================================================
== Utilization Estimates
================================================================
* Summary: 
+-----------------+---------+-------+--------+-------+
|       Name      | BRAM_18K| DSP48E|   FF   |  LUT  |
+-----------------+---------+-------+--------+-------+
|DSP              |        -|      -|       -|      -|
|Expression       |        -|      -|    3662|  10207|
|FIFO             |        -|      -|       -|      -|
|Instance         |        -|    470|   34380|  68160|
|Memory           |       16|      -|       0|      0|
|Multiplexer      |        -|      -|       -|    132|
|Register         |        -|      -|   19792|   4070|
+-----------------+---------+-------+--------+-------+
|Total            |       16|    470|   57834|  82569|
+-----------------+---------+-------+--------+-------+
|Available        |      280|    220|  106400|  53200|
+-----------------+---------+-------+--------+-------+
|Utilization (%)  |        5|    213|      54|    155|
+-----------------+---------+-------+--------+-------+

+ Detail: 
    * Instance: 
    +---------------------------+----------------------+---------+-------+-----+-----+
    |          Instance         |        Module        | BRAM_18K| DSP48E|  FF | LUT |
    +---------------------------+----------------------+---------+-------+-----+-----+
    |hipaccRun_fadd_32fYi_U1    |hipaccRun_fadd_32fYi  |        0|      2|  205|  390|
    |hipaccRun_fadd_32fYi_U2    |hipaccRun_fadd_32fYi  |        0|      2|  205|  390|
    |hipaccRun_fadd_32fYi_U3    |hipaccRun_fadd_32fYi  |        0|      2|  205|  390|
    |hipaccRun_fadd_32fYi_U4    |hipaccRun_fadd_32fYi  |        0|      2|  205|  390|
    |hipaccRun_fadd_32fYi_U5    |hipaccRun_fadd_32fYi  |        0|      2|  205|  390|
    |hipaccRun_fadd_32fYi_U6    |hipaccRun_fadd_32fYi  |        0|      2|  205|  390|
    |hipaccRun_fadd_32fYi_U7    |hipaccRun_fadd_32fYi  |        0|      2|  205|  390|
    |hipaccRun_fadd_32fYi_U8    |hipaccRun_fadd_32fYi  |        0|      2|  205|  390|
    |hipaccRun_fadd_32fYi_U9    |hipaccRun_fadd_32fYi  |        0|      2|  205|  390|
    |hipaccRun_fadd_32fYi_U10   |hipaccRun_fadd_32fYi  |        0|      2|  205|  390|
    |hipaccRun_fadd_32fYi_U11   |hipaccRun_fadd_32fYi  |        0|      2|  205|  390|
    |hipaccRun_fadd_32fYi_U12   |hipaccRun_fadd_32fYi  |        0|      2|  205|  390|
    |hipaccRun_fadd_32fYi_U13   |hipaccRun_fadd_32fYi  |        0|      2|  205|  390|
    |hipaccRun_fadd_32fYi_U14   |hipaccRun_fadd_32fYi  |        0|      2|  205|  390|
    |hipaccRun_fadd_32fYi_U15   |hipaccRun_fadd_32fYi  |        0|      2|  205|  390|
    |hipaccRun_fadd_32fYi_U16   |hipaccRun_fadd_32fYi  |        0|      2|  205|  390|
    |hipaccRun_fadd_32fYi_U17   |hipaccRun_fadd_32fYi  |        0|      2|  205|  390|
    |hipaccRun_fadd_32fYi_U18   |hipaccRun_fadd_32fYi  |        0|      2|  205|  390|
    |hipaccRun_fadd_32fYi_U19   |hipaccRun_fadd_32fYi  |        0|      2|  205|  390|
    |hipaccRun_fadd_32fYi_U20   |hipaccRun_fadd_32fYi  |        0|      2|  205|  390|
    |hipaccRun_fadd_32fYi_U21   |hipaccRun_fadd_32fYi  |        0|      2|  205|  390|
    |hipaccRun_fadd_32fYi_U22   |hipaccRun_fadd_32fYi  |        0|      2|  205|  390|
    |hipaccRun_fadd_32fYi_U23   |hipaccRun_fadd_32fYi  |        0|      2|  205|  390|
    |hipaccRun_fadd_32fYi_U24   |hipaccRun_fadd_32fYi  |        0|      2|  205|  390|
    |hipaccRun_fadd_32fYi_U25   |hipaccRun_fadd_32fYi  |        0|      2|  205|  390|
    |hipaccRun_fadd_32fYi_U26   |hipaccRun_fadd_32fYi  |        0|      2|  205|  390|
    |hipaccRun_fadd_32fYi_U27   |hipaccRun_fadd_32fYi  |        0|      2|  205|  390|
    |hipaccRun_fadd_32fYi_U28   |hipaccRun_fadd_32fYi  |        0|      2|  205|  390|
    |hipaccRun_fadd_32fYi_U29   |hipaccRun_fadd_32fYi  |        0|      2|  205|  390|
    |hipaccRun_fadd_32fYi_U30   |hipaccRun_fadd_32fYi  |        0|      2|  205|  390|
    |hipaccRun_fadd_32fYi_U31   |hipaccRun_fadd_32fYi  |        0|      2|  205|  390|
    |hipaccRun_fadd_32fYi_U32   |hipaccRun_fadd_32fYi  |        0|      2|  205|  390|
    |hipaccRun_fadd_32fYi_U33   |hipaccRun_fadd_32fYi  |        0|      2|  205|  390|
    |hipaccRun_fadd_32fYi_U34   |hipaccRun_fadd_32fYi  |        0|      2|  205|  390|
    |hipaccRun_fadd_32fYi_U35   |hipaccRun_fadd_32fYi  |        0|      2|  205|  390|
    |hipaccRun_fadd_32fYi_U36   |hipaccRun_fadd_32fYi  |        0|      2|  205|  390|
    |hipaccRun_fadd_32fYi_U37   |hipaccRun_fadd_32fYi  |        0|      2|  205|  390|
    |hipaccRun_fadd_32fYi_U38   |hipaccRun_fadd_32fYi  |        0|      2|  205|  390|
    |hipaccRun_fadd_32fYi_U39   |hipaccRun_fadd_32fYi  |        0|      2|  205|  390|
    |hipaccRun_fadd_32fYi_U40   |hipaccRun_fadd_32fYi  |        0|      2|  205|  390|
    |hipaccRun_fadd_32fYi_U41   |hipaccRun_fadd_32fYi  |        0|      2|  205|  390|
    |hipaccRun_fadd_32fYi_U42   |hipaccRun_fadd_32fYi  |        0|      2|  205|  390|
    |hipaccRun_fadd_32fYi_U43   |hipaccRun_fadd_32fYi  |        0|      2|  205|  390|
    |hipaccRun_fadd_32fYi_U44   |hipaccRun_fadd_32fYi  |        0|      2|  205|  390|
    |hipaccRun_fadd_32fYi_U45   |hipaccRun_fadd_32fYi  |        0|      2|  205|  390|
    |hipaccRun_fadd_32fYi_U46   |hipaccRun_fadd_32fYi  |        0|      2|  205|  390|
    |hipaccRun_fadd_32fYi_U47   |hipaccRun_fadd_32fYi  |        0|      2|  205|  390|
    |hipaccRun_fadd_32fYi_U48   |hipaccRun_fadd_32fYi  |        0|      2|  205|  390|
    |hipaccRun_fadd_32fYi_U49   |hipaccRun_fadd_32fYi  |        0|      2|  205|  390|
    |hipaccRun_fadd_32fYi_U50   |hipaccRun_fadd_32fYi  |        0|      2|  205|  390|
    |hipaccRun_fadd_32fYi_U51   |hipaccRun_fadd_32fYi  |        0|      2|  205|  390|
    |hipaccRun_fadd_32fYi_U52   |hipaccRun_fadd_32fYi  |        0|      2|  205|  390|
    |hipaccRun_fadd_32fYi_U53   |hipaccRun_fadd_32fYi  |        0|      2|  205|  390|
    |hipaccRun_fadd_32fYi_U54   |hipaccRun_fadd_32fYi  |        0|      2|  205|  390|
    |hipaccRun_fadd_32fYi_U55   |hipaccRun_fadd_32fYi  |        0|      2|  205|  390|
    |hipaccRun_fadd_32fYi_U56   |hipaccRun_fadd_32fYi  |        0|      2|  205|  390|
    |hipaccRun_fadd_32fYi_U57   |hipaccRun_fadd_32fYi  |        0|      2|  205|  390|
    |hipaccRun_fadd_32fYi_U58   |hipaccRun_fadd_32fYi  |        0|      2|  205|  390|
    |hipaccRun_fadd_32fYi_U59   |hipaccRun_fadd_32fYi  |        0|      2|  205|  390|
    |hipaccRun_fadd_32fYi_U60   |hipaccRun_fadd_32fYi  |        0|      2|  205|  390|
    |hipaccRun_fadd_32fYi_U61   |hipaccRun_fadd_32fYi  |        0|      2|  205|  390|
    |hipaccRun_fadd_32fYi_U62   |hipaccRun_fadd_32fYi  |        0|      2|  205|  390|
    |hipaccRun_fadd_32fYi_U63   |hipaccRun_fadd_32fYi  |        0|      2|  205|  390|
    |hipaccRun_fadd_32fYi_U64   |hipaccRun_fadd_32fYi  |        0|      2|  205|  390|
    |hipaccRun_fadd_32fYi_U65   |hipaccRun_fadd_32fYi  |        0|      2|  205|  390|
    |hipaccRun_fadd_32fYi_U66   |hipaccRun_fadd_32fYi  |        0|      2|  205|  390|
    |hipaccRun_fadd_32fYi_U67   |hipaccRun_fadd_32fYi  |        0|      2|  205|  390|
    |hipaccRun_fadd_32fYi_U68   |hipaccRun_fadd_32fYi  |        0|      2|  205|  390|
    |hipaccRun_fadd_32fYi_U69   |hipaccRun_fadd_32fYi  |        0|      2|  205|  390|
    |hipaccRun_fadd_32fYi_U70   |hipaccRun_fadd_32fYi  |        0|      2|  205|  390|
    |hipaccRun_fadd_32fYi_U71   |hipaccRun_fadd_32fYi  |        0|      2|  205|  390|
    |hipaccRun_fadd_32fYi_U72   |hipaccRun_fadd_32fYi  |        0|      2|  205|  390|
    |hipaccRun_fadd_32fYi_U73   |hipaccRun_fadd_32fYi  |        0|      2|  205|  390|
    |hipaccRun_fadd_32fYi_U74   |hipaccRun_fadd_32fYi  |        0|      2|  205|  390|
    |hipaccRun_fadd_32fYi_U75   |hipaccRun_fadd_32fYi  |        0|      2|  205|  390|
    |hipaccRun_fadd_32fYi_U76   |hipaccRun_fadd_32fYi  |        0|      2|  205|  390|
    |hipaccRun_fadd_32fYi_U77   |hipaccRun_fadd_32fYi  |        0|      2|  205|  390|
    |hipaccRun_fadd_32fYi_U78   |hipaccRun_fadd_32fYi  |        0|      2|  205|  390|
    |hipaccRun_fadd_32fYi_U79   |hipaccRun_fadd_32fYi  |        0|      2|  205|  390|
    |hipaccRun_fadd_32fYi_U80   |hipaccRun_fadd_32fYi  |        0|      2|  205|  390|
    |hipaccRun_fadd_32fYi_U81   |hipaccRun_fadd_32fYi  |        0|      2|  205|  390|
    |hipaccRun_fadd_32fYi_U82   |hipaccRun_fadd_32fYi  |        0|      2|  205|  390|
    |hipaccRun_fadd_32fYi_U83   |hipaccRun_fadd_32fYi  |        0|      2|  205|  390|
    |hipaccRun_fadd_32fYi_U84   |hipaccRun_fadd_32fYi  |        0|      2|  205|  390|
    |hipaccRun_fadd_32fYi_U85   |hipaccRun_fadd_32fYi  |        0|      2|  205|  390|
    |hipaccRun_fadd_32fYi_U86   |hipaccRun_fadd_32fYi  |        0|      2|  205|  390|
    |hipaccRun_fadd_32fYi_U87   |hipaccRun_fadd_32fYi  |        0|      2|  205|  390|
    |hipaccRun_fadd_32fYi_U88   |hipaccRun_fadd_32fYi  |        0|      2|  205|  390|
    |hipaccRun_fadd_32fYi_U89   |hipaccRun_fadd_32fYi  |        0|      2|  205|  390|
    |hipaccRun_fadd_32fYi_U90   |hipaccRun_fadd_32fYi  |        0|      2|  205|  390|
    |hipaccRun_fadd_32fYi_U91   |hipaccRun_fadd_32fYi  |        0|      2|  205|  390|
    |hipaccRun_fadd_32fYi_U92   |hipaccRun_fadd_32fYi  |        0|      2|  205|  390|
    |hipaccRun_fadd_32fYi_U93   |hipaccRun_fadd_32fYi  |        0|      2|  205|  390|
    |hipaccRun_fadd_32fYi_U94   |hipaccRun_fadd_32fYi  |        0|      2|  205|  390|
    |hipaccRun_fadd_32fYi_U95   |hipaccRun_fadd_32fYi  |        0|      2|  205|  390|
    |hipaccRun_fadd_32fYi_U96   |hipaccRun_fadd_32fYi  |        0|      2|  205|  390|
    |hipaccRun_fadd_32fYi_U97   |hipaccRun_fadd_32fYi  |        0|      2|  205|  390|
    |hipaccRun_fadd_32fYi_U98   |hipaccRun_fadd_32fYi  |        0|      2|  205|  390|
    |hipaccRun_fadd_32fYi_U99   |hipaccRun_fadd_32fYi  |        0|      2|  205|  390|
    |hipaccRun_fadd_32fYi_U100  |hipaccRun_fadd_32fYi  |        0|      2|  205|  390|
    |hipaccRun_fmul_32g8j_U101  |hipaccRun_fmul_32g8j  |        0|      3|  143|  321|
    |hipaccRun_fmul_32g8j_U102  |hipaccRun_fmul_32g8j  |        0|      3|  143|  321|
    |hipaccRun_fmul_32g8j_U103  |hipaccRun_fmul_32g8j  |        0|      3|  143|  321|
    |hipaccRun_fmul_32g8j_U104  |hipaccRun_fmul_32g8j  |        0|      3|  143|  321|
    |hipaccRun_fmul_32g8j_U105  |hipaccRun_fmul_32g8j  |        0|      3|  143|  321|
    |hipaccRun_fmul_32g8j_U106  |hipaccRun_fmul_32g8j  |        0|      3|  143|  321|
    |hipaccRun_fmul_32g8j_U107  |hipaccRun_fmul_32g8j  |        0|      3|  143|  321|
    |hipaccRun_fmul_32g8j_U108  |hipaccRun_fmul_32g8j  |        0|      3|  143|  321|
    |hipaccRun_fmul_32g8j_U109  |hipaccRun_fmul_32g8j  |        0|      3|  143|  321|
    |hipaccRun_fmul_32g8j_U110  |hipaccRun_fmul_32g8j  |        0|      3|  143|  321|
    |hipaccRun_fmul_32g8j_U111  |hipaccRun_fmul_32g8j  |        0|      3|  143|  321|
    |hipaccRun_fmul_32g8j_U112  |hipaccRun_fmul_32g8j  |        0|      3|  143|  321|
    |hipaccRun_fmul_32g8j_U113  |hipaccRun_fmul_32g8j  |        0|      3|  143|  321|
    |hipaccRun_fmul_32g8j_U114  |hipaccRun_fmul_32g8j  |        0|      3|  143|  321|
    |hipaccRun_fmul_32g8j_U115  |hipaccRun_fmul_32g8j  |        0|      3|  143|  321|
    |hipaccRun_fmul_32g8j_U116  |hipaccRun_fmul_32g8j  |        0|      3|  143|  321|
    |hipaccRun_fmul_32g8j_U117  |hipaccRun_fmul_32g8j  |        0|      3|  143|  321|
    |hipaccRun_fmul_32g8j_U118  |hipaccRun_fmul_32g8j  |        0|      3|  143|  321|
    |hipaccRun_fmul_32g8j_U119  |hipaccRun_fmul_32g8j  |        0|      3|  143|  321|
    |hipaccRun_fmul_32g8j_U120  |hipaccRun_fmul_32g8j  |        0|      3|  143|  321|
    |hipaccRun_fmul_32g8j_U121  |hipaccRun_fmul_32g8j  |        0|      3|  143|  321|
    |hipaccRun_fmul_32g8j_U122  |hipaccRun_fmul_32g8j  |        0|      3|  143|  321|
    |hipaccRun_fmul_32g8j_U123  |hipaccRun_fmul_32g8j  |        0|      3|  143|  321|
    |hipaccRun_fmul_32g8j_U124  |hipaccRun_fmul_32g8j  |        0|      3|  143|  321|
    |hipaccRun_fmul_32g8j_U125  |hipaccRun_fmul_32g8j  |        0|      3|  143|  321|
    |hipaccRun_fmul_32g8j_U126  |hipaccRun_fmul_32g8j  |        0|      3|  143|  321|
    |hipaccRun_fmul_32g8j_U127  |hipaccRun_fmul_32g8j  |        0|      3|  143|  321|
    |hipaccRun_fmul_32g8j_U128  |hipaccRun_fmul_32g8j  |        0|      3|  143|  321|
    |hipaccRun_fmul_32g8j_U129  |hipaccRun_fmul_32g8j  |        0|      3|  143|  321|
    |hipaccRun_fmul_32g8j_U130  |hipaccRun_fmul_32g8j  |        0|      3|  143|  321|
    |hipaccRun_fmul_32g8j_U131  |hipaccRun_fmul_32g8j  |        0|      3|  143|  321|
    |hipaccRun_fmul_32g8j_U132  |hipaccRun_fmul_32g8j  |        0|      3|  143|  321|
    |hipaccRun_fmul_32g8j_U133  |hipaccRun_fmul_32g8j  |        0|      3|  143|  321|
    |hipaccRun_fmul_32g8j_U134  |hipaccRun_fmul_32g8j  |        0|      3|  143|  321|
    |hipaccRun_fmul_32g8j_U135  |hipaccRun_fmul_32g8j  |        0|      3|  143|  321|
    |hipaccRun_fmul_32g8j_U136  |hipaccRun_fmul_32g8j  |        0|      3|  143|  321|
    |hipaccRun_fmul_32g8j_U137  |hipaccRun_fmul_32g8j  |        0|      3|  143|  321|
    |hipaccRun_fmul_32g8j_U138  |hipaccRun_fmul_32g8j  |        0|      3|  143|  321|
    |hipaccRun_fmul_32g8j_U139  |hipaccRun_fmul_32g8j  |        0|      3|  143|  321|
    |hipaccRun_fmul_32g8j_U140  |hipaccRun_fmul_32g8j  |        0|      3|  143|  321|
    |hipaccRun_fmul_32g8j_U141  |hipaccRun_fmul_32g8j  |        0|      3|  143|  321|
    |hipaccRun_fmul_32g8j_U142  |hipaccRun_fmul_32g8j  |        0|      3|  143|  321|
    |hipaccRun_fmul_32g8j_U143  |hipaccRun_fmul_32g8j  |        0|      3|  143|  321|
    |hipaccRun_fmul_32g8j_U144  |hipaccRun_fmul_32g8j  |        0|      3|  143|  321|
    |hipaccRun_fmul_32g8j_U145  |hipaccRun_fmul_32g8j  |        0|      3|  143|  321|
    |hipaccRun_fmul_32g8j_U146  |hipaccRun_fmul_32g8j  |        0|      3|  143|  321|
    |hipaccRun_fmul_32g8j_U147  |hipaccRun_fmul_32g8j  |        0|      3|  143|  321|
    |hipaccRun_fmul_32g8j_U148  |hipaccRun_fmul_32g8j  |        0|      3|  143|  321|
    |hipaccRun_fmul_32g8j_U149  |hipaccRun_fmul_32g8j  |        0|      3|  143|  321|
    |hipaccRun_fmul_32g8j_U150  |hipaccRun_fmul_32g8j  |        0|      3|  143|  321|
    |hipaccRun_fmul_32g8j_U151  |hipaccRun_fmul_32g8j  |        0|      3|  143|  321|
    |hipaccRun_fmul_32g8j_U152  |hipaccRun_fmul_32g8j  |        0|      3|  143|  321|
    |hipaccRun_fmul_32g8j_U153  |hipaccRun_fmul_32g8j  |        0|      3|  143|  321|
    |hipaccRun_fmul_32g8j_U154  |hipaccRun_fmul_32g8j  |        0|      3|  143|  321|
    |hipaccRun_fmul_32g8j_U155  |hipaccRun_fmul_32g8j  |        0|      3|  143|  321|
    |hipaccRun_fmul_32g8j_U156  |hipaccRun_fmul_32g8j  |        0|      3|  143|  321|
    |hipaccRun_fmul_32g8j_U157  |hipaccRun_fmul_32g8j  |        0|      3|  143|  321|
    |hipaccRun_fmul_32g8j_U158  |hipaccRun_fmul_32g8j  |        0|      3|  143|  321|
    |hipaccRun_fmul_32g8j_U159  |hipaccRun_fmul_32g8j  |        0|      3|  143|  321|
    |hipaccRun_fmul_32g8j_U160  |hipaccRun_fmul_32g8j  |        0|      3|  143|  321|
    |hipaccRun_fmul_32g8j_U161  |hipaccRun_fmul_32g8j  |        0|      3|  143|  321|
    |hipaccRun_fmul_32g8j_U162  |hipaccRun_fmul_32g8j  |        0|      3|  143|  321|
    |hipaccRun_fmul_32g8j_U163  |hipaccRun_fmul_32g8j  |        0|      3|  143|  321|
    |hipaccRun_fmul_32g8j_U164  |hipaccRun_fmul_32g8j  |        0|      3|  143|  321|
    |hipaccRun_fmul_32g8j_U165  |hipaccRun_fmul_32g8j  |        0|      3|  143|  321|
    |hipaccRun_fmul_32g8j_U166  |hipaccRun_fmul_32g8j  |        0|      3|  143|  321|
    |hipaccRun_fmul_32g8j_U167  |hipaccRun_fmul_32g8j  |        0|      3|  143|  321|
    |hipaccRun_fmul_32g8j_U168  |hipaccRun_fmul_32g8j  |        0|      3|  143|  321|
    |hipaccRun_fmul_32g8j_U169  |hipaccRun_fmul_32g8j  |        0|      3|  143|  321|
    |hipaccRun_fmul_32g8j_U170  |hipaccRun_fmul_32g8j  |        0|      3|  143|  321|
    |hipaccRun_fmul_32g8j_U171  |hipaccRun_fmul_32g8j  |        0|      3|  143|  321|
    |hipaccRun_fmul_32g8j_U172  |hipaccRun_fmul_32g8j  |        0|      3|  143|  321|
    |hipaccRun_fmul_32g8j_U173  |hipaccRun_fmul_32g8j  |        0|      3|  143|  321|
    |hipaccRun_fmul_32g8j_U174  |hipaccRun_fmul_32g8j  |        0|      3|  143|  321|
    |hipaccRun_fmul_32g8j_U175  |hipaccRun_fmul_32g8j  |        0|      3|  143|  321|
    |hipaccRun_fmul_32g8j_U176  |hipaccRun_fmul_32g8j  |        0|      3|  143|  321|
    |hipaccRun_fmul_32g8j_U177  |hipaccRun_fmul_32g8j  |        0|      3|  143|  321|
    |hipaccRun_fmul_32g8j_U178  |hipaccRun_fmul_32g8j  |        0|      3|  143|  321|
    |hipaccRun_fmul_32g8j_U179  |hipaccRun_fmul_32g8j  |        0|      3|  143|  321|
    |hipaccRun_fmul_32g8j_U180  |hipaccRun_fmul_32g8j  |        0|      3|  143|  321|
    |hipaccRun_fmul_32g8j_U181  |hipaccRun_fmul_32g8j  |        0|      3|  143|  321|
    |hipaccRun_fmul_32g8j_U182  |hipaccRun_fmul_32g8j  |        0|      3|  143|  321|
    |hipaccRun_fmul_32g8j_U183  |hipaccRun_fmul_32g8j  |        0|      3|  143|  321|
    |hipaccRun_fmul_32g8j_U184  |hipaccRun_fmul_32g8j  |        0|      3|  143|  321|
    |hipaccRun_fmul_32g8j_U185  |hipaccRun_fmul_32g8j  |        0|      3|  143|  321|
    |hipaccRun_fmul_32g8j_U186  |hipaccRun_fmul_32g8j  |        0|      3|  143|  321|
    |hipaccRun_fmul_32g8j_U187  |hipaccRun_fmul_32g8j  |        0|      3|  143|  321|
    |hipaccRun_fmul_32g8j_U188  |hipaccRun_fmul_32g8j  |        0|      3|  143|  321|
    |hipaccRun_fmul_32g8j_U189  |hipaccRun_fmul_32g8j  |        0|      3|  143|  321|
    |hipaccRun_fmul_32g8j_U190  |hipaccRun_fmul_32g8j  |        0|      3|  143|  321|
    |hipaccRun_mux_53_ibs_U196  |hipaccRun_mux_53_ibs  |        0|      0|  101|   27|
    |hipaccRun_mux_53_ibs_U197  |hipaccRun_mux_53_ibs  |        0|      0|  101|   27|
    |hipaccRun_mux_53_ibs_U198  |hipaccRun_mux_53_ibs  |        0|      0|  101|   27|
    |hipaccRun_mux_53_ibs_U199  |hipaccRun_mux_53_ibs  |        0|      0|  101|   27|
    |hipaccRun_mux_53_ibs_U200  |hipaccRun_mux_53_ibs  |        0|      0|  101|   27|
    |hipaccRun_mux_83_hbi_U191  |hipaccRun_mux_83_hbi  |        0|      0|  101|   27|
    |hipaccRun_mux_83_hbi_U192  |hipaccRun_mux_83_hbi  |        0|      0|  101|   27|
    |hipaccRun_mux_83_hbi_U193  |hipaccRun_mux_83_hbi  |        0|      0|  101|   27|
    |hipaccRun_mux_83_hbi_U194  |hipaccRun_mux_83_hbi  |        0|      0|  101|   27|
    |hipaccRun_mux_83_hbi_U195  |hipaccRun_mux_83_hbi  |        0|      0|  101|   27|
    +---------------------------+----------------------+---------+-------+-----+-----+
    |Total                      |                      |        0|    470|34380|68160|
    +---------------------------+----------------------+---------+-------+-----+-----+

    * DSP48: 
    N/A

    * Memory: 
    +----------------+----------------------+---------+---+----+------+-----+------+-------------+
    |     Memory     |        Module        | BRAM_18K| FF| LUT| Words| Bits| Banks| W*Bits*Banks|
    +----------------+----------------------+---------+---+----+------+-----+------+-------------+
    |lineBuff_0_V_U  |processVECTF_linebkb  |        4|  0|   0|   256|  128|     1|        32768|
    |lineBuff_1_V_U  |processVECTF_linebkb  |        4|  0|   0|   256|  128|     1|        32768|
    |lineBuff_2_V_U  |processVECTF_linebkb  |        4|  0|   0|   256|  128|     1|        32768|
    |lineBuff_3_V_U  |processVECTF_linebkb  |        4|  0|   0|   256|  128|     1|        32768|
    +----------------+----------------------+---------+---+----+------+-----+------+-------------+
    |Total           |                      |       16|  0|   0|  1024|  512|     4|       131072|
    +----------------+----------------------+---------+---+----+------+-----+------+-------------+

    * FIFO: 
    N/A

    * Expression: 
    +--------------------------------------+----------+-------+-----+-----+------------+------------+
    |             Variable Name            | Operation| DSP48E|  FF | LUT | Bitwidth P0| Bitwidth P1|
    +--------------------------------------+----------+-------+-----+-----+------------+------------+
    |col_fu_1696_p2                        |     +    |      0|   38|   16|          11|           3|
    |colv_1_fu_1702_p2                     |     +    |      0|   32|   14|           9|           1|
    |indvar_flatten_next_fu_1524_p2        |     +    |      0|   62|   24|           1|          19|
    |phitmp5_fu_1486_p2                    |     +    |      0|   14|    9|           3|           3|
    |phitmp5_mid1_fu_1626_p2               |     +    |      0|   14|    9|           3|           3|
    |phitmp_fu_1713_p2                     |     +    |      0|    0|    5|           3|           3|
    |phitmp_mid1_fu_1782_p2                |     +    |      0|    0|    5|           3|           3|
    |row_fu_1552_p2                        |     +    |      0|   38|   16|           1|          11|
    |tmp1_fu_1708_p2                       |     +    |      0|    0|    5|           2|           3|
    |tmp1_mid1_fu_1776_p2                  |     +    |      0|    0|    5|           2|           3|
    |border_0_1_fu_1942_p2                 |     -    |      0|   38|   16|           3|          11|
    |border_2_0_cast_fu_1440_p2            |     -    |      0|   17|    9|           4|           3|
    |border_2_0_cast_mid1_fu_1771_p2       |     -    |      0|   17|    9|           4|           3|
    |grp_fu_3039_p2                        |     -    |      0|   29|   13|           8|           8|
    |tmp_105_fu_2486_p2                    |     -    |      0|   29|   13|           8|           8|
    |tmp_107_fu_2498_p2                    |     -    |      0|   29|   13|           8|           8|
    |tmp_111_fu_2528_p2                    |     -    |      0|   29|   13|           7|           8|
    |tmp_122_fu_3231_p2                    |     -    |      0|   29|   13|           8|           8|
    |tmp_124_fu_3243_p2                    |     -    |      0|   29|   13|           8|           8|
    |tmp_128_fu_3273_p2                    |     -    |      0|   29|   13|           7|           8|
    |tmp_139_fu_3315_p2                    |     -    |      0|   29|   13|           8|           8|
    |tmp_141_fu_3327_p2                    |     -    |      0|   29|   13|           8|           8|
    |tmp_145_fu_3357_p2                    |     -    |      0|   29|   13|           7|           8|
    |tmp_40_3_3_fu_1492_p2                 |     -    |      0|   38|   16|           2|          11|
    |tmp_40_3_3_mid1_fu_1632_p2            |     -    |      0|   38|   16|           2|          11|
    |tmp_77_fu_3065_p2                     |     -    |      0|   29|   13|           7|           8|
    |tmp_88_fu_3130_p2                     |     -    |      0|   29|   13|           8|           8|
    |tmp_90_fu_3142_p2                     |     -    |      0|   29|   13|           8|           8|
    |tmp_94_fu_3172_p2                     |     -    |      0|   29|   13|           7|           8|
    |ap_block_state135_pp0_stage0_iter133  |    and   |      0|    0|    2|           1|           1|
    |ap_block_state3_pp0_stage0_iter1      |    and   |      0|    0|    2|           1|           1|
    |ap_condition_8335                     |    and   |      0|    0|    2|           1|           1|
    |ap_predicate_op300_read_state3        |    and   |      0|    0|    2|           1|           1|
    |or_cond1_fu_1963_p2                   |    and   |      0|    0|    2|           1|           1|
    |or_cond2_fu_1936_p2                   |    and   |      0|    0|    2|           1|           1|
    |or_cond3_fu_1430_p2                   |    and   |      0|    0|    2|           1|           1|
    |or_cond3_mid1_fu_1598_p2              |    and   |      0|    0|    2|           1|           1|
    |or_cond_fu_2000_p2                    |    and   |      0|    0|    2|           1|           1|
    |tmp_116_fu_3197_p2                    |    and   |      0|    0|  128|         128|         128|
    |tmp_133_fu_3506_p2                    |    and   |      0|    0|  128|         128|         128|
    |tmp_150_fu_3524_p2                    |    and   |      0|    0|  128|         128|         128|
    |tmp_82_fu_3091_p2                     |    and   |      0|    0|  128|         128|         128|
    |tmp_99_fu_3488_p2                     |    and   |      0|    0|  128|         128|         128|
    |exitcond_flatten_fu_1518_p2           |   icmp   |      0|    0|   13|          19|          19|
    |exitcond_fu_1530_p2                   |   icmp   |      0|    0|    5|           9|           9|
    |icmp1_fu_1424_p2                      |   icmp   |      0|    0|    5|           9|           1|
    |icmp2_fu_1456_p2                      |   icmp   |      0|    0|    1|           2|           1|
    |icmp3_fu_1568_p2                      |   icmp   |      0|    0|    5|          10|           1|
    |icmp4_fu_1592_p2                      |   icmp   |      0|    0|    5|           9|           1|
    |icmp5_fu_1805_p2                      |   icmp   |      0|    0|    1|           2|           1|
    |icmp6_fu_1915_p2                      |   icmp   |      0|    0|    5|          10|           1|
    |icmp7_fu_1930_p2                      |   icmp   |      0|    0|    5|           9|           1|
    |icmp8_fu_1957_p2                      |   icmp   |      0|    0|    5|          10|           1|
    |icmp9_fu_1994_p2                      |   icmp   |      0|    0|    5|          10|           1|
    |icmp_fu_1394_p2                       |   icmp   |      0|    0|    5|          10|           1|
    |phitmp1_fu_1512_p2                    |   icmp   |      0|    0|    1|           2|           3|
    |phitmp1_mid1_fu_1652_p2               |   icmp   |      0|    0|    1|           2|           3|
    |sel_tmp4_fu_1741_p2                   |   icmp   |      0|    0|    1|           3|           2|
    |sel_tmp4_mid1_fu_1868_p2              |   icmp   |      0|    0|    1|           3|           2|
    |sel_tmp6_fu_1747_p2                   |   icmp   |      0|    0|    1|           3|           1|
    |sel_tmp6_mid1_fu_1881_p2              |   icmp   |      0|    0|    1|           3|           1|
    |sel_tmp_fu_1735_p2                    |   icmp   |      0|    0|    1|           3|           2|
    |sel_tmp_mid1_fu_1855_p2               |   icmp   |      0|    0|    1|           3|           2|
    |tmp_101_fu_2462_p2                    |   icmp   |      0|    0|    4|           7|           7|
    |tmp_118_fu_3211_p2                    |   icmp   |      0|    0|    4|           7|           7|
    |tmp_135_fu_3295_p2                    |   icmp   |      0|    0|    4|           7|           7|
    |tmp_41_3_3_fu_1506_p2                 |   icmp   |      0|    0|    1|           3|           2|
    |tmp_41_3_3_mid1_fu_1646_p2            |   icmp   |      0|    0|    1|           3|           2|
    |tmp_67_fu_2456_p2                     |   icmp   |      0|    0|    4|           7|           7|
    |tmp_84_fu_3110_p2                     |   icmp   |      0|    0|    4|           7|           7|
    |tmp_114_fu_2538_p2                    |   lshr   |      0|  291|  423|         128|         128|
    |tmp_115_fu_3191_p2                    |   lshr   |      0|  291|  423|           2|         128|
    |tmp_131_fu_3283_p2                    |   lshr   |      0|  291|  423|         128|         128|
    |tmp_132_fu_3500_p2                    |   lshr   |      0|  291|  423|           2|         128|
    |tmp_148_fu_3367_p2                    |   lshr   |      0|  291|  423|         128|         128|
    |tmp_149_fu_3518_p2                    |   lshr   |      0|  291|  423|           2|         128|
    |tmp_80_fu_3079_p2                     |   lshr   |      0|  291|  423|         128|         128|
    |tmp_81_fu_3085_p2                     |   lshr   |      0|  291|  423|           2|         128|
    |tmp_97_fu_3182_p2                     |   lshr   |      0|  291|  423|         128|         128|
    |tmp_98_fu_3482_p2                     |   lshr   |      0|  291|  423|           2|         128|
    |Lo_assign_fu_2443_p2                  |    or    |      0|    0|    7|           7|           5|
    |ap_block_pp0_stage0_flag00001001      |    or    |      0|    0|    2|           1|           1|
    |brmerge2_fu_1725_p2                   |    or    |      0|    0|    2|           1|           1|
    |brmerge2_mid1_fu_1836_p2              |    or    |      0|    0|    2|           1|           1|
    |brmerge_fu_1462_p2                    |    or    |      0|    0|    2|           1|           1|
    |brmerge_mid1_fu_1817_p2               |    or    |      0|    0|    2|           1|           1|
    |tmp_11_fu_1682_p2                     |    or    |      0|    0|   11|          11|          11|
    |brmerge2_mid2_fu_1841_p3              |  select  |      0|    0|    2|           1|           1|
    |col_assign_1_mid2_fu_1666_p3          |  select  |      0|    0|   11|           1|          11|
    |col_assign_mid2_fu_1536_p3            |  select  |      0|    0|   11|           1|           1|
    |colv_mid2_fu_1544_p3                  |  select  |      0|    0|    9|           1|           1|
    |iy_0_1_fu_1718_p3                     |  select  |      0|    0|    3|           1|           3|
    |iy_0_1_mid1_fu_1822_p3                |  select  |      0|    0|    3|           1|           3|
    |iy_0_1_mid2_fu_1829_p3                |  select  |      0|    0|    3|           1|           3|
    |jx_0_cast_cast_cast_fu_2069_p3        |  select  |      0|    0|    2|           1|           2|
    |or_cond3_mid2_fu_1766_p3              |  select  |      0|    0|    2|           1|           1|
    |p_Val2_1_0_0_phi_fu_2449_p3           |  select  |      0|    0|  128|           1|         128|
    |p_Val2_1_0_1_phi_fu_3105_p3           |  select  |      0|    0|  128|           1|         128|
    |p_Val2_1_0_3_phi_fu_3206_p3           |  select  |      0|    0|  128|           1|         128|
    |p_Val2_1_0_4_phi_fu_3289_p3           |  select  |      0|    0|  128|           1|         128|
    |p_phitmp1_fu_1729_p3                  |  select  |      0|    0|    4|           1|           4|
    |p_phitmp1_mid1_fu_1848_p3             |  select  |      0|    0|    4|           1|           4|
    |p_s_fu_1969_p3                        |  select  |      0|    0|    3|           1|           1|
    |phitmp1_mid2_fu_1658_p3               |  select  |      0|    0|    2|           1|           1|
    |phitmp2_fu_2338_p3                    |  select  |      0|    0|  128|           1|         128|
    |phitmp3_fu_2352_p3                    |  select  |      0|    0|  128|           1|         128|
    |phitmp4_fu_2366_p3                    |  select  |      0|    0|  128|           1|         128|
    |phitmp_mid2_fu_1788_p3                |  select  |      0|    0|    3|           1|           3|
    |sel_tmp1_fu_2401_p3                   |  select  |      0|    0|  128|           1|         128|
    |sel_tmp2_fu_2415_p3                   |  select  |      0|    0|  128|           1|         128|
    |sel_tmp3_fu_2380_p3                   |  select  |      0|    0|  128|           1|         128|
    |sel_tmp4_mid2_fu_1874_p3              |  select  |      0|    0|    2|           1|           1|
    |sel_tmp5_fu_2387_p3                   |  select  |      0|    0|  128|           1|         128|
    |sel_tmp6_mid2_fu_1887_p3              |  select  |      0|    0|    2|           1|           1|
    |sel_tmp7_fu_2422_p3                   |  select  |      0|    0|  128|           1|         128|
    |sel_tmp9_fu_2394_p3                   |  select  |      0|    0|  128|           1|         128|
    |sel_tmp_mid2_fu_1861_p3               |  select  |      0|    0|    2|           1|           1|
    |tmp_108_fu_2504_p3                    |  select  |      0|    0|    8|           1|           8|
    |tmp_109_fu_2512_p3                    |  select  |      0|    0|  128|           1|         128|
    |tmp_110_fu_2520_p3                    |  select  |      0|    0|    8|           1|           8|
    |tmp_125_fu_3249_p3                    |  select  |      0|    0|    8|           1|           8|
    |tmp_126_fu_3257_p3                    |  select  |      0|    0|  128|           1|         128|
    |tmp_127_fu_3265_p3                    |  select  |      0|    0|    8|           1|           8|
    |tmp_142_fu_3333_p3                    |  select  |      0|    0|    8|           1|           8|
    |tmp_143_fu_3341_p3                    |  select  |      0|    0|  128|           1|         128|
    |tmp_144_fu_3349_p3                    |  select  |      0|    0|    8|           1|           8|
    |tmp_20_fu_2564_p3                     |  select  |      0|    0|   32|           1|          32|
    |tmp_23_fu_3393_p3                     |  select  |      0|    0|   32|           1|          32|
    |tmp_26_fu_2595_p3                     |  select  |      0|    0|   32|           1|          32|
    |tmp_29_1_1_mid2_fu_1811_p3            |  select  |      0|    0|    2|           1|           1|
    |tmp_29_fu_3420_p3                     |  select  |      0|    0|   32|           1|          32|
    |tmp_2_mid2_fu_1574_p3                 |  select  |      0|    0|    2|           1|           1|
    |tmp_32_fu_3447_p3                     |  select  |      0|    0|   32|           1|          32|
    |tmp_74_fu_3045_p3                     |  select  |      0|    0|    8|           1|           8|
    |tmp_75_fu_3052_p3                     |  select  |      0|    0|  128|           1|         128|
    |tmp_76_fu_3058_p3                     |  select  |      0|    0|    8|           1|           8|
    |tmp_91_fu_3148_p3                     |  select  |      0|    0|    8|           1|           8|
    |tmp_92_fu_3156_p3                     |  select  |      0|    0|  128|           1|         128|
    |tmp_93_fu_3164_p3                     |  select  |      0|    0|    8|           1|           8|
    |tmp_fu_1977_p3                        |  select  |      0|    0|    3|           1|           2|
    |win_0_1_V_1_fu_2236_p1                |  select  |      0|    0|  128|           1|         128|
    |win_1_1_V_1_fu_2303_p3                |  select  |      0|    0|  128|           1|         128|
    |win_1_1_V_fu_2127_p3                  |  select  |      0|    0|  128|           1|         128|
    |win_1_2_V_1_fu_2317_p3                |  select  |      0|    0|  128|           1|         128|
    |win_1_3_V_1_fu_2331_p3                |  select  |      0|    0|  128|           1|         128|
    |win_2_1_V_1_win_1_fu_2296_p3          |  select  |      0|    0|  128|           1|         128|
    |win_2_1_V_fu_2156_p3                  |  select  |      0|    0|  128|           1|         128|
    |win_3_1_V_1_fu_2345_p3                |  select  |      0|    0|  128|           1|         128|
    |win_3_1_V_fu_2185_p3                  |  select  |      0|    0|  128|           1|         128|
    |win_3_2_V_1_fu_2359_p3                |  select  |      0|    0|  128|           1|         128|
    |win_3_3_V_1_fu_2373_p3                |  select  |      0|    0|  128|           1|         128|
    |win_4_1_V_1_fu_3007_p3                |  select  |      0|    0|  128|           1|         128|
    |win_4_1_V_fu_2214_p3                  |  select  |      0|    0|  128|           1|         128|
    |win_4_2_V_1_fu_2408_p3                |  select  |      0|    0|  128|           1|         128|
    |win_4_3_V_1_fu_2429_p3                |  select  |      0|    0|  128|           1|         128|
    |win_tmp_2_2_V_win_s_fu_2310_p3        |  select  |      0|    0|  128|           1|         128|
    |win_tmp_2_3_V_win_s_fu_2324_p3        |  select  |      0|    0|  128|           1|         128|
    |ap_enable_pp0                         |    xor   |      0|    0|    2|           1|           2|
    |rev1_fu_1760_p2                       |    xor   |      0|    0|    2|           1|           2|
    |rev_fu_1408_p2                        |    xor   |      0|    0|    2|           1|           2|
    |tmp_106_fu_2492_p2                    |    xor   |      0|    0|    8|           8|           7|
    |tmp_10_mid1_fu_1612_p2                |    xor   |      0|    0|    2|           2|           2|
    |tmp_123_fu_3237_p2                    |    xor   |      0|    0|    8|           8|           7|
    |tmp_140_fu_3321_p2                    |    xor   |      0|    0|    8|           8|           7|
    |tmp_72_fu_3033_p2                     |    xor   |      0|    0|    8|           8|           7|
    |tmp_89_fu_3136_p2                     |    xor   |      0|    0|    8|           8|           7|
    |tmp_8_fu_1472_p2                      |    xor   |      0|    0|    2|           2|           2|
    +--------------------------------------+----------+-------+-----+-----+------------+------------+
    |Total                                 |          |      0| 3662|10207|        1771|        7057|
    +--------------------------------------+----------+-------+-----+-----+------------+------------+

    * Multiplexer: 
    +----------------------------+----+-----------+-----+-----------+
    |            Name            | LUT| Input Size| Bits| Total Bits|
    +----------------------------+----+-----------+-----+-----------+
    |ap_NS_fsm                   |  21|          4|    1|          4|
    |ap_enable_reg_pp0_iter133   |   9|          2|    1|          2|
    |ap_enable_reg_pp0_iter2     |   9|          2|    1|          2|
    |col_assign_1_phi_fu_501_p4  |   9|          2|   11|         22|
    |col_assign_1_reg_497        |   9|          2|   11|         22|
    |col_assign_reg_508          |   9|          2|   11|         22|
    |colv_reg_519                |   9|          2|    9|         18|
    |grp_fu_3039_p0              |  15|          3|    8|         24|
    |grp_fu_3039_p1              |  15|          3|    8|         24|
    |in_s_V_V_blk_n              |   9|          2|    1|          2|
    |indvar_flatten_reg_486      |   9|          2|   19|         38|
    |out_s_V_V_blk_n             |   9|          2|    1|          2|
    +----------------------------+----+-----------+-----+-----------+
    |Total                       | 132|         28|   82|        182|
    +----------------------------+----+-----------+-----+-----------+

    * Register: 
    +-----------------------------------------+-----+-----+-----+-----------+
    |                   Name                  |  FF | LUT | Bits| Const Bits|
    +-----------------------------------------+-----+-----+-----+-----------+
    |Hi_assign_reg_4661                       |    2|    0|    7|          5|
    |Lo_assign_reg_4672                       |    2|    0|    7|          5|
    |ap_CS_fsm                                |    3|    0|    3|          0|
    |ap_enable_reg_pp0_iter0                  |    1|    0|    1|          0|
    |ap_enable_reg_pp0_iter1                  |    1|    0|    1|          0|
    |ap_enable_reg_pp0_iter10                 |    1|    0|    1|          0|
    |ap_enable_reg_pp0_iter100                |    1|    0|    1|          0|
    |ap_enable_reg_pp0_iter101                |    1|    0|    1|          0|
    |ap_enable_reg_pp0_iter102                |    1|    0|    1|          0|
    |ap_enable_reg_pp0_iter103                |    1|    0|    1|          0|
    |ap_enable_reg_pp0_iter104                |    1|    0|    1|          0|
    |ap_enable_reg_pp0_iter105                |    1|    0|    1|          0|
    |ap_enable_reg_pp0_iter106                |    1|    0|    1|          0|
    |ap_enable_reg_pp0_iter107                |    1|    0|    1|          0|
    |ap_enable_reg_pp0_iter108                |    1|    0|    1|          0|
    |ap_enable_reg_pp0_iter109                |    1|    0|    1|          0|
    |ap_enable_reg_pp0_iter11                 |    1|    0|    1|          0|
    |ap_enable_reg_pp0_iter110                |    1|    0|    1|          0|
    |ap_enable_reg_pp0_iter111                |    1|    0|    1|          0|
    |ap_enable_reg_pp0_iter112                |    1|    0|    1|          0|
    |ap_enable_reg_pp0_iter113                |    1|    0|    1|          0|
    |ap_enable_reg_pp0_iter114                |    1|    0|    1|          0|
    |ap_enable_reg_pp0_iter115                |    1|    0|    1|          0|
    |ap_enable_reg_pp0_iter116                |    1|    0|    1|          0|
    |ap_enable_reg_pp0_iter117                |    1|    0|    1|          0|
    |ap_enable_reg_pp0_iter118                |    1|    0|    1|          0|
    |ap_enable_reg_pp0_iter119                |    1|    0|    1|          0|
    |ap_enable_reg_pp0_iter12                 |    1|    0|    1|          0|
    |ap_enable_reg_pp0_iter120                |    1|    0|    1|          0|
    |ap_enable_reg_pp0_iter121                |    1|    0|    1|          0|
    |ap_enable_reg_pp0_iter122                |    1|    0|    1|          0|
    |ap_enable_reg_pp0_iter123                |    1|    0|    1|          0|
    |ap_enable_reg_pp0_iter124                |    1|    0|    1|          0|
    |ap_enable_reg_pp0_iter125                |    1|    0|    1|          0|
    |ap_enable_reg_pp0_iter126                |    1|    0|    1|          0|
    |ap_enable_reg_pp0_iter127                |    1|    0|    1|          0|
    |ap_enable_reg_pp0_iter128                |    1|    0|    1|          0|
    |ap_enable_reg_pp0_iter129                |    1|    0|    1|          0|
    |ap_enable_reg_pp0_iter13                 |    1|    0|    1|          0|
    |ap_enable_reg_pp0_iter130                |    1|    0|    1|          0|
    |ap_enable_reg_pp0_iter131                |    1|    0|    1|          0|
    |ap_enable_reg_pp0_iter132                |    1|    0|    1|          0|
    |ap_enable_reg_pp0_iter133                |    1|    0|    1|          0|
    |ap_enable_reg_pp0_iter14                 |    1|    0|    1|          0|
    |ap_enable_reg_pp0_iter15                 |    1|    0|    1|          0|
    |ap_enable_reg_pp0_iter16                 |    1|    0|    1|          0|
    |ap_enable_reg_pp0_iter17                 |    1|    0|    1|          0|
    |ap_enable_reg_pp0_iter18                 |    1|    0|    1|          0|
    |ap_enable_reg_pp0_iter19                 |    1|    0|    1|          0|
    |ap_enable_reg_pp0_iter2                  |    1|    0|    1|          0|
    |ap_enable_reg_pp0_iter20                 |    1|    0|    1|          0|
    |ap_enable_reg_pp0_iter21                 |    1|    0|    1|          0|
    |ap_enable_reg_pp0_iter22                 |    1|    0|    1|          0|
    |ap_enable_reg_pp0_iter23                 |    1|    0|    1|          0|
    |ap_enable_reg_pp0_iter24                 |    1|    0|    1|          0|
    |ap_enable_reg_pp0_iter25                 |    1|    0|    1|          0|
    |ap_enable_reg_pp0_iter26                 |    1|    0|    1|          0|
    |ap_enable_reg_pp0_iter27                 |    1|    0|    1|          0|
    |ap_enable_reg_pp0_iter28                 |    1|    0|    1|          0|
    |ap_enable_reg_pp0_iter29                 |    1|    0|    1|          0|
    |ap_enable_reg_pp0_iter3                  |    1|    0|    1|          0|
    |ap_enable_reg_pp0_iter30                 |    1|    0|    1|          0|
    |ap_enable_reg_pp0_iter31                 |    1|    0|    1|          0|
    |ap_enable_reg_pp0_iter32                 |    1|    0|    1|          0|
    |ap_enable_reg_pp0_iter33                 |    1|    0|    1|          0|
    |ap_enable_reg_pp0_iter34                 |    1|    0|    1|          0|
    |ap_enable_reg_pp0_iter35                 |    1|    0|    1|          0|
    |ap_enable_reg_pp0_iter36                 |    1|    0|    1|          0|
    |ap_enable_reg_pp0_iter37                 |    1|    0|    1|          0|
    |ap_enable_reg_pp0_iter38                 |    1|    0|    1|          0|
    |ap_enable_reg_pp0_iter39                 |    1|    0|    1|          0|
    |ap_enable_reg_pp0_iter4                  |    1|    0|    1|          0|
    |ap_enable_reg_pp0_iter40                 |    1|    0|    1|          0|
    |ap_enable_reg_pp0_iter41                 |    1|    0|    1|          0|
    |ap_enable_reg_pp0_iter42                 |    1|    0|    1|          0|
    |ap_enable_reg_pp0_iter43                 |    1|    0|    1|          0|
    |ap_enable_reg_pp0_iter44                 |    1|    0|    1|          0|
    |ap_enable_reg_pp0_iter45                 |    1|    0|    1|          0|
    |ap_enable_reg_pp0_iter46                 |    1|    0|    1|          0|
    |ap_enable_reg_pp0_iter47                 |    1|    0|    1|          0|
    |ap_enable_reg_pp0_iter48                 |    1|    0|    1|          0|
    |ap_enable_reg_pp0_iter49                 |    1|    0|    1|          0|
    |ap_enable_reg_pp0_iter5                  |    1|    0|    1|          0|
    |ap_enable_reg_pp0_iter50                 |    1|    0|    1|          0|
    |ap_enable_reg_pp0_iter51                 |    1|    0|    1|          0|
    |ap_enable_reg_pp0_iter52                 |    1|    0|    1|          0|
    |ap_enable_reg_pp0_iter53                 |    1|    0|    1|          0|
    |ap_enable_reg_pp0_iter54                 |    1|    0|    1|          0|
    |ap_enable_reg_pp0_iter55                 |    1|    0|    1|          0|
    |ap_enable_reg_pp0_iter56                 |    1|    0|    1|          0|
    |ap_enable_reg_pp0_iter57                 |    1|    0|    1|          0|
    |ap_enable_reg_pp0_iter58                 |    1|    0|    1|          0|
    |ap_enable_reg_pp0_iter59                 |    1|    0|    1|          0|
    |ap_enable_reg_pp0_iter6                  |    1|    0|    1|          0|
    |ap_enable_reg_pp0_iter60                 |    1|    0|    1|          0|
    |ap_enable_reg_pp0_iter61                 |    1|    0|    1|          0|
    |ap_enable_reg_pp0_iter62                 |    1|    0|    1|          0|
    |ap_enable_reg_pp0_iter63                 |    1|    0|    1|          0|
    |ap_enable_reg_pp0_iter64                 |    1|    0|    1|          0|
    |ap_enable_reg_pp0_iter65                 |    1|    0|    1|          0|
    |ap_enable_reg_pp0_iter66                 |    1|    0|    1|          0|
    |ap_enable_reg_pp0_iter67                 |    1|    0|    1|          0|
    |ap_enable_reg_pp0_iter68                 |    1|    0|    1|          0|
    |ap_enable_reg_pp0_iter69                 |    1|    0|    1|          0|
    |ap_enable_reg_pp0_iter7                  |    1|    0|    1|          0|
    |ap_enable_reg_pp0_iter70                 |    1|    0|    1|          0|
    |ap_enable_reg_pp0_iter71                 |    1|    0|    1|          0|
    |ap_enable_reg_pp0_iter72                 |    1|    0|    1|          0|
    |ap_enable_reg_pp0_iter73                 |    1|    0|    1|          0|
    |ap_enable_reg_pp0_iter74                 |    1|    0|    1|          0|
    |ap_enable_reg_pp0_iter75                 |    1|    0|    1|          0|
    |ap_enable_reg_pp0_iter76                 |    1|    0|    1|          0|
    |ap_enable_reg_pp0_iter77                 |    1|    0|    1|          0|
    |ap_enable_reg_pp0_iter78                 |    1|    0|    1|          0|
    |ap_enable_reg_pp0_iter79                 |    1|    0|    1|          0|
    |ap_enable_reg_pp0_iter8                  |    1|    0|    1|          0|
    |ap_enable_reg_pp0_iter80                 |    1|    0|    1|          0|
    |ap_enable_reg_pp0_iter81                 |    1|    0|    1|          0|
    |ap_enable_reg_pp0_iter82                 |    1|    0|    1|          0|
    |ap_enable_reg_pp0_iter83                 |    1|    0|    1|          0|
    |ap_enable_reg_pp0_iter84                 |    1|    0|    1|          0|
    |ap_enable_reg_pp0_iter85                 |    1|    0|    1|          0|
    |ap_enable_reg_pp0_iter86                 |    1|    0|    1|          0|
    |ap_enable_reg_pp0_iter87                 |    1|    0|    1|          0|
    |ap_enable_reg_pp0_iter88                 |    1|    0|    1|          0|
    |ap_enable_reg_pp0_iter89                 |    1|    0|    1|          0|
    |ap_enable_reg_pp0_iter9                  |    1|    0|    1|          0|
    |ap_enable_reg_pp0_iter90                 |    1|    0|    1|          0|
    |ap_enable_reg_pp0_iter91                 |    1|    0|    1|          0|
    |ap_enable_reg_pp0_iter92                 |    1|    0|    1|          0|
    |ap_enable_reg_pp0_iter93                 |    1|    0|    1|          0|
    |ap_enable_reg_pp0_iter94                 |    1|    0|    1|          0|
    |ap_enable_reg_pp0_iter95                 |    1|    0|    1|          0|
    |ap_enable_reg_pp0_iter96                 |    1|    0|    1|          0|
    |ap_enable_reg_pp0_iter97                 |    1|    0|    1|          0|
    |ap_enable_reg_pp0_iter98                 |    1|    0|    1|          0|
    |ap_enable_reg_pp0_iter99                 |    1|    0|    1|          0|
    |ap_reg_pp0_iter132_p_tmp0_25_1_reg_6116  |   32|    0|   32|          0|
    |ap_reg_pp0_iter1_phitmp1_mid2_reg_4489   |    1|    0|    1|          0|
    |ap_reg_pp0_iter2_or_cond1_reg_4603       |    1|    0|    1|          0|
    |ap_reg_pp0_iter2_sel_tmp6_mid2_reg_4567  |    1|    0|    1|          0|
    |border_2_0_cast_reg_4396                 |    3|    0|    3|          0|
    |brmerge2_mid2_reg_4546                   |    1|    0|    1|          0|
    |brmerge_reg_4407                         |    1|    0|    1|          0|
    |col_assign_1_mid2_reg_4496               |   11|    0|   11|          0|
    |col_assign_1_reg_497                     |   11|    0|   11|          0|
    |col_assign_mid2_reg_4444                 |   11|    0|   11|          0|
    |col_assign_reg_508                       |   11|    0|   11|          0|
    |colv_mid2_reg_4452                       |    9|    0|    9|          0|
    |colv_reg_519                             |    9|    0|    9|          0|
    |exitcond_flatten_reg_4423                |    1|    0|    1|          0|
    |exitcond_reg_4432                        |    1|    0|    1|          0|
    |icmp2_reg_4402                           |    1|    0|    1|          0|
    |indvar_flatten_reg_486                   |   19|    0|   19|          0|
    |iy_0_1_mid2_reg_4539                     |    3|    0|    3|          0|
    |lineBuff_0_V_addr_reg_4574               |    8|    0|    8|          0|
    |lineBuff_1_V_addr_reg_4580               |    8|    0|    8|          0|
    |lineBuff_2_V_addr_reg_4586               |    8|    0|    8|          0|
    |lineBuff_3_V_addr_reg_4592               |    8|    0|    8|          0|
    |or_cond1_reg_4603                        |    1|    0|    1|          0|
    |or_cond2_reg_4598                        |    1|    0|    1|          0|
    |or_cond3_mid1_reg_4467                   |    1|    0|    1|          0|
    |or_cond3_mid2_reg_4519                   |    1|    0|    1|          0|
    |or_cond3_reg_4390                        |    1|    0|    1|          0|
    |or_cond_reg_4626                         |    1|    0|    1|          0|
    |p_Result_1_0_1_reg_4791                  |   32|    0|   32|          0|
    |p_Result_1_0_2_reg_4796                  |   32|    0|   32|          0|
    |p_Result_1_0_3_reg_4801                  |   32|    0|   32|          0|
    |p_Result_1_0_4_reg_4806                  |   32|    0|   32|          0|
    |p_Result_1_1_1_reg_4816                  |   32|    0|   32|          0|
    |p_Result_1_1_2_reg_4821                  |   32|    0|   32|          0|
    |p_Result_1_1_3_reg_4826                  |   32|    0|   32|          0|
    |p_Result_1_1_4_reg_4831                  |   32|    0|   32|          0|
    |p_Result_1_1_reg_4811                    |   32|    0|   32|          0|
    |p_Result_1_2_1_reg_4841                  |   32|    0|   32|          0|
    |p_Result_1_2_2_reg_4846                  |   32|    0|   32|          0|
    |p_Result_1_2_3_reg_4851                  |   32|    0|   32|          0|
    |p_Result_1_2_4_reg_4856                  |   32|    0|   32|          0|
    |p_Result_1_2_reg_4836                    |   32|    0|   32|          0|
    |p_Result_1_reg_4736                      |   32|    0|   32|          0|
    |p_Result_2_1_reg_4716                    |   32|    0|   32|          0|
    |p_Result_2_2_reg_4721                    |   32|    0|   32|          0|
    |p_Result_2_3_reg_4726                    |   32|    0|   32|          0|
    |p_Result_2_4_reg_4731                    |   32|    0|   32|          0|
    |p_Result_2_reg_4711                      |   32|    0|   32|          0|
    |p_Result_344_1_reg_4741                  |   32|    0|   32|          0|
    |p_Result_344_2_reg_4746                  |   32|    0|   32|          0|
    |p_Result_344_3_reg_4751                  |   32|    0|   32|          0|
    |p_Result_344_4_reg_4756                  |   32|    0|   32|          0|
    |p_Result_4_1_reg_4766                    |   32|    0|   32|          0|
    |p_Result_4_2_reg_4771                    |   32|    0|   32|          0|
    |p_Result_4_3_reg_4776                    |   32|    0|   32|          0|
    |p_Result_4_4_reg_4781                    |   32|    0|   32|          0|
    |p_Result_4_reg_4761                      |   32|    0|   32|          0|
    |p_Result_s_reg_4786                      |   32|    0|   32|          0|
    |p_Val2_1_0_0_phi_reg_4683                |  128|    0|  128|          0|
    |p_tmp0_10_1_reg_5580                     |   32|    0|   32|          0|
    |p_tmp0_10_2_reg_5612                     |   32|    0|   32|          0|
    |p_tmp0_10_3_reg_5617                     |   32|    0|   32|          0|
    |p_tmp0_10_reg_5590                       |   32|    0|   32|          0|
    |p_tmp0_11_1_reg_5622                     |   32|    0|   32|          0|
    |p_tmp0_11_2_reg_5642                     |   32|    0|   32|          0|
    |p_tmp0_11_3_reg_5652                     |   32|    0|   32|          0|
    |p_tmp0_11_reg_5632                       |   32|    0|   32|          0|
    |p_tmp0_12_1_reg_5662                     |   32|    0|   32|          0|
    |p_tmp0_12_2_reg_5672                     |   32|    0|   32|          0|
    |p_tmp0_12_3_reg_5682                     |   32|    0|   32|          0|
    |p_tmp0_12_reg_5667                       |   32|    0|   32|          0|
    |p_tmp0_13_1_reg_5692                     |   32|    0|   32|          0|
    |p_tmp0_13_2_reg_5712                     |   32|    0|   32|          0|
    |p_tmp0_13_3_reg_5722                     |   32|    0|   32|          0|
    |p_tmp0_13_reg_5702                       |   32|    0|   32|          0|
    |p_tmp0_14_1_reg_5732                     |   32|    0|   32|          0|
    |p_tmp0_14_2_reg_5752                     |   32|    0|   32|          0|
    |p_tmp0_14_3_reg_5762                     |   32|    0|   32|          0|
    |p_tmp0_14_reg_5742                       |   32|    0|   32|          0|
    |p_tmp0_15_1_reg_5772                     |   32|    0|   32|          0|
    |p_tmp0_15_2_reg_5804                     |   32|    0|   32|          0|
    |p_tmp0_15_3_reg_5809                     |   32|    0|   32|          0|
    |p_tmp0_15_reg_5782                       |   32|    0|   32|          0|
    |p_tmp0_16_1_reg_5814                     |   32|    0|   32|          0|
    |p_tmp0_16_2_reg_5834                     |   32|    0|   32|          0|
    |p_tmp0_16_3_reg_5844                     |   32|    0|   32|          0|
    |p_tmp0_16_reg_5824                       |   32|    0|   32|          0|
    |p_tmp0_17_1_reg_5854                     |   32|    0|   32|          0|
    |p_tmp0_17_2_reg_5864                     |   32|    0|   32|          0|
    |p_tmp0_17_3_reg_5874                     |   32|    0|   32|          0|
    |p_tmp0_17_reg_5859                       |   32|    0|   32|          0|
    |p_tmp0_18_1_reg_5884                     |   32|    0|   32|          0|
    |p_tmp0_18_2_reg_5904                     |   32|    0|   32|          0|
    |p_tmp0_18_3_reg_5914                     |   32|    0|   32|          0|
    |p_tmp0_18_reg_5894                       |   32|    0|   32|          0|
    |p_tmp0_19_1_reg_5924                     |   32|    0|   32|          0|
    |p_tmp0_19_2_reg_5944                     |   32|    0|   32|          0|
    |p_tmp0_19_3_reg_5954                     |   32|    0|   32|          0|
    |p_tmp0_19_reg_5934                       |   32|    0|   32|          0|
    |p_tmp0_1_1_reg_5027                      |   32|    0|   32|          0|
    |p_tmp0_1_2_reg_5047                      |   32|    0|   32|          0|
    |p_tmp0_1_3_reg_5057                      |   32|    0|   32|          0|
    |p_tmp0_1_reg_5037                        |   32|    0|   32|          0|
    |p_tmp0_20_1_reg_5964                     |   32|    0|   32|          0|
    |p_tmp0_20_2_reg_5996                     |   32|    0|   32|          0|
    |p_tmp0_20_3_reg_6001                     |   32|    0|   32|          0|
    |p_tmp0_20_reg_5974                       |   32|    0|   32|          0|
    |p_tmp0_21_1_reg_6006                     |   32|    0|   32|          0|
    |p_tmp0_21_2_reg_6026                     |   32|    0|   32|          0|
    |p_tmp0_21_3_reg_6036                     |   32|    0|   32|          0|
    |p_tmp0_21_reg_6016                       |   32|    0|   32|          0|
    |p_tmp0_22_1_reg_6046                     |   32|    0|   32|          0|
    |p_tmp0_22_2_reg_6056                     |   32|    0|   32|          0|
    |p_tmp0_22_3_reg_6066                     |   32|    0|   32|          0|
    |p_tmp0_22_reg_6051                       |   32|    0|   32|          0|
    |p_tmp0_23_1_reg_6076                     |   32|    0|   32|          0|
    |p_tmp0_23_2_reg_6096                     |   32|    0|   32|          0|
    |p_tmp0_23_3_reg_6106                     |   32|    0|   32|          0|
    |p_tmp0_23_reg_6086                       |   32|    0|   32|          0|
    |p_tmp0_24_reg_5010                       |   32|    0|   32|          0|
    |p_tmp0_25_1_reg_6116                     |   32|    0|   32|          0|
    |p_tmp0_25_2_reg_6126                     |   32|    0|   32|          0|
    |p_tmp0_25_3_reg_6131                     |   32|    0|   32|          0|
    |p_tmp0_25_reg_6121                       |   32|    0|   32|          0|
    |p_tmp0_26_reg_5015                       |   32|    0|   32|          0|
    |p_tmp0_2_1_reg_5073                      |   32|    0|   32|          0|
    |p_tmp0_2_2_reg_5083                      |   32|    0|   32|          0|
    |p_tmp0_2_3_reg_5093                      |   32|    0|   32|          0|
    |p_tmp0_2_reg_5078                        |   32|    0|   32|          0|
    |p_tmp0_3_1_reg_5108                      |   32|    0|   32|          0|
    |p_tmp0_3_2_reg_5128                      |   32|    0|   32|          0|
    |p_tmp0_3_3_reg_5138                      |   32|    0|   32|          0|
    |p_tmp0_3_reg_5118                        |   32|    0|   32|          0|
    |p_tmp0_4_1_reg_5348                      |   32|    0|   32|          0|
    |p_tmp0_4_2_reg_5368                      |   32|    0|   32|          0|
    |p_tmp0_4_3_reg_5378                      |   32|    0|   32|          0|
    |p_tmp0_4_reg_5358                        |   32|    0|   32|          0|
    |p_tmp0_5_1_reg_5388                      |   32|    0|   32|          0|
    |p_tmp0_5_2_reg_5420                      |   32|    0|   32|          0|
    |p_tmp0_5_3_reg_5425                      |   32|    0|   32|          0|
    |p_tmp0_5_reg_5398                        |   32|    0|   32|          0|
    |p_tmp0_6_1_reg_5430                      |   32|    0|   32|          0|
    |p_tmp0_6_2_reg_5450                      |   32|    0|   32|          0|
    |p_tmp0_6_3_reg_5460                      |   32|    0|   32|          0|
    |p_tmp0_6_reg_5440                        |   32|    0|   32|          0|
    |p_tmp0_7_1_reg_5470                      |   32|    0|   32|          0|
    |p_tmp0_7_2_reg_5480                      |   32|    0|   32|          0|
    |p_tmp0_7_3_reg_5490                      |   32|    0|   32|          0|
    |p_tmp0_7_reg_5475                        |   32|    0|   32|          0|
    |p_tmp0_8_1_reg_5500                      |   32|    0|   32|          0|
    |p_tmp0_8_2_reg_5520                      |   32|    0|   32|          0|
    |p_tmp0_8_3_reg_5530                      |   32|    0|   32|          0|
    |p_tmp0_8_reg_5510                        |   32|    0|   32|          0|
    |p_tmp0_9_1_reg_5540                      |   32|    0|   32|          0|
    |p_tmp0_9_2_reg_5560                      |   32|    0|   32|          0|
    |p_tmp0_9_3_reg_5570                      |   32|    0|   32|          0|
    |p_tmp0_9_reg_5550                        |   32|    0|   32|          0|
    |p_tmp0_reg_4988                          |   32|    0|   32|          0|
    |p_tmp0_s_reg_4978                        |   32|    0|   32|          0|
    |phitmp1_mid2_reg_4489                    |    1|    0|    1|          0|
    |phitmp5_mid1_reg_4479                    |    2|    0|    3|          1|
    |phitmp5_reg_4413                         |    2|    0|    3|          1|
    |phitmp_mid2_reg_4526                     |    3|    0|    3|          0|
    |row_reg_4457                             |   11|    0|   11|          0|
    |sel_tmp4_mid2_reg_4560                   |    1|    0|    1|          0|
    |sel_tmp5_reg_4651                        |  128|    0|  128|          0|
    |sel_tmp6_mid2_reg_4567                   |    1|    0|    1|          0|
    |sel_tmp_mid2_reg_4553                    |    1|    0|    1|          0|
    |tmp_100_1_reg_5435                       |   32|    0|   32|          0|
    |tmp_100_2_reg_5455                       |   32|    0|   32|          0|
    |tmp_100_3_reg_5465                       |   32|    0|   32|          0|
    |tmp_100_reg_4917                         |   32|    0|   32|          0|
    |tmp_101_1_reg_5414                       |   32|    0|   32|          0|
    |tmp_101_2_reg_5485                       |   32|    0|   32|          0|
    |tmp_101_3_reg_5495                       |   32|    0|   32|          0|
    |tmp_102_1_reg_5505                       |   32|    0|   32|          0|
    |tmp_102_2_reg_5525                       |   32|    0|   32|          0|
    |tmp_102_3_reg_5535                       |   32|    0|   32|          0|
    |tmp_103_1_reg_5545                       |   32|    0|   32|          0|
    |tmp_103_2_reg_5565                       |   32|    0|   32|          0|
    |tmp_103_3_reg_5575                       |   32|    0|   32|          0|
    |tmp_104_1_reg_5585                       |   32|    0|   32|          0|
    |tmp_105_1_reg_5627                       |   32|    0|   32|          0|
    |tmp_105_2_reg_5647                       |   32|    0|   32|          0|
    |tmp_105_3_reg_5657                       |   32|    0|   32|          0|
    |tmp_106_1_reg_5606                       |   32|    0|   32|          0|
    |tmp_106_2_reg_5677                       |   32|    0|   32|          0|
    |tmp_106_3_reg_5687                       |   32|    0|   32|          0|
    |tmp_107_1_reg_5697                       |   32|    0|   32|          0|
    |tmp_107_2_reg_5717                       |   32|    0|   32|          0|
    |tmp_107_3_reg_5727                       |   32|    0|   32|          0|
    |tmp_108_1_reg_5737                       |   32|    0|   32|          0|
    |tmp_108_2_reg_5757                       |   32|    0|   32|          0|
    |tmp_108_3_reg_5767                       |   32|    0|   32|          0|
    |tmp_109_1_reg_5777                       |   32|    0|   32|          0|
    |tmp_110_1_reg_5819                       |   32|    0|   32|          0|
    |tmp_110_2_reg_5839                       |   32|    0|   32|          0|
    |tmp_110_3_reg_5849                       |   32|    0|   32|          0|
    |tmp_111_1_reg_5798                       |   32|    0|   32|          0|
    |tmp_111_2_reg_5869                       |   32|    0|   32|          0|
    |tmp_111_3_reg_5879                       |   32|    0|   32|          0|
    |tmp_111_reg_4696                         |    7|    0|    8|          1|
    |tmp_112_1_reg_5889                       |   32|    0|   32|          0|
    |tmp_112_2_reg_5909                       |   32|    0|   32|          0|
    |tmp_112_3_reg_5919                       |   32|    0|   32|          0|
    |tmp_113_1_reg_5929                       |   32|    0|   32|          0|
    |tmp_113_2_reg_5949                       |   32|    0|   32|          0|
    |tmp_113_3_reg_5959                       |   32|    0|   32|          0|
    |tmp_114_1_reg_5969                       |   32|    0|   32|          0|
    |tmp_114_reg_4701                         |  128|    0|  128|          0|
    |tmp_115_1_reg_6011                       |   32|    0|   32|          0|
    |tmp_115_2_reg_6031                       |   32|    0|   32|          0|
    |tmp_115_3_reg_6041                       |   32|    0|   32|          0|
    |tmp_116_1_reg_5990                       |   32|    0|   32|          0|
    |tmp_116_2_reg_6061                       |   32|    0|   32|          0|
    |tmp_116_3_reg_6071                       |   32|    0|   32|          0|
    |tmp_117_1_reg_6081                       |   32|    0|   32|          0|
    |tmp_117_2_reg_6101                       |   32|    0|   32|          0|
    |tmp_117_3_reg_6111                       |   32|    0|   32|          0|
    |tmp_117_reg_4871                         |   32|    0|   32|          0|
    |tmp_128_reg_4876                         |    7|    0|    8|          1|
    |tmp_131_reg_4881                         |  128|    0|  128|          0|
    |tmp_134_reg_4922                         |   32|    0|   32|          0|
    |tmp_145_reg_4886                         |    7|    0|    8|          1|
    |tmp_148_reg_4891                         |  128|    0|  128|          0|
    |tmp_151_reg_4927                         |   32|    0|   32|          0|
    |tmp_17_reg_4956                          |   32|    0|   32|          0|
    |tmp_18_reg_4993                          |   32|    0|   32|          0|
    |tmp_19_reg_5042                          |   32|    0|   32|          0|
    |tmp_23_reg_4896                          |   32|    0|   32|          0|
    |tmp_26_reg_4706                          |   32|    0|   32|          0|
    |tmp_29_1_1_mid2_reg_4532                 |    1|    0|    1|          0|
    |tmp_29_reg_4901                          |   32|    0|   32|          0|
    |tmp_2_mid2_reg_4462                      |    1|    0|    1|          0|
    |tmp_32_reg_4906                          |   32|    0|   32|          0|
    |tmp_33_reg_4998                          |   32|    0|   32|          0|
    |tmp_34_reg_5123                          |   32|    0|   32|          0|
    |tmp_35_reg_5363                          |   32|    0|   32|          0|
    |tmp_36_reg_5403                          |   32|    0|   32|          0|
    |tmp_37_reg_5445                          |   32|    0|   32|          0|
    |tmp_38_reg_5408                          |   32|    0|   32|          0|
    |tmp_39_reg_5515                          |   32|    0|   32|          0|
    |tmp_40_reg_5555                          |   32|    0|   32|          0|
    |tmp_41_3_3_mid1_reg_4484                 |    1|    0|    1|          0|
    |tmp_41_3_3_reg_4418                      |    1|    0|    1|          0|
    |tmp_41_reg_5595                          |   32|    0|   32|          0|
    |tmp_42_reg_5637                          |   32|    0|   32|          0|
    |tmp_43_reg_5600                          |   32|    0|   32|          0|
    |tmp_44_reg_5707                          |   32|    0|   32|          0|
    |tmp_45_reg_5747                          |   32|    0|   32|          0|
    |tmp_46_reg_5787                          |   32|    0|   32|          0|
    |tmp_47_reg_5829                          |   32|    0|   32|          0|
    |tmp_48_reg_5792                          |   32|    0|   32|          0|
    |tmp_49_reg_5899                          |   32|    0|   32|          0|
    |tmp_50_reg_5939                          |   32|    0|   32|          0|
    |tmp_51_reg_5979                          |   32|    0|   32|          0|
    |tmp_52_reg_6021                          |   32|    0|   32|          0|
    |tmp_53_reg_5984                          |   32|    0|   32|          0|
    |tmp_54_reg_6091                          |   32|    0|   32|          0|
    |tmp_57_reg_4474                          |    3|    0|    3|          0|
    |tmp_62_reg_4501                          |    1|    0|    1|          0|
    |tmp_63_reg_4505                          |    1|    0|    1|          0|
    |tmp_67_reg_4689                          |    1|    0|    1|          0|
    |tmp_93_1_reg_4951                        |   32|    0|   32|          0|
    |tmp_93_2_reg_4961                        |   32|    0|   32|          0|
    |tmp_93_3_reg_4966                        |   32|    0|   32|          0|
    |tmp_94_1_reg_4983                        |   32|    0|   32|          0|
    |tmp_94_reg_4861                          |    7|    0|    8|          1|
    |tmp_95_1_reg_5032                        |   32|    0|   32|          0|
    |tmp_95_2_reg_5052                        |   32|    0|   32|          0|
    |tmp_95_3_reg_5062                        |   32|    0|   32|          0|
    |tmp_96_1_reg_5004                        |   32|    0|   32|          0|
    |tmp_96_2_reg_5088                        |   32|    0|   32|          0|
    |tmp_96_3_reg_5098                        |   32|    0|   32|          0|
    |tmp_97_1_reg_5113                        |   32|    0|   32|          0|
    |tmp_97_2_reg_5133                        |   32|    0|   32|          0|
    |tmp_97_3_reg_5143                        |   32|    0|   32|          0|
    |tmp_97_reg_4866                          |  128|    0|  128|          0|
    |tmp_98_1_reg_5353                        |   32|    0|   32|          0|
    |tmp_98_2_reg_5373                        |   32|    0|   32|          0|
    |tmp_98_3_reg_5383                        |   32|    0|   32|          0|
    |tmp_99_1_reg_5393                        |   32|    0|   32|          0|
    |tmp_V_fu_154                             |  128|    0|  128|          0|
    |tmp_reg_4621                             |    2|    0|    2|          0|
    |win_0_2_V_fu_166                         |  128|    0|  128|          0|
    |win_0_3_V_fu_162                         |  128|    0|  128|          0|
    |win_1_1_V_1_reg_4630                     |  128|    0|  128|          0|
    |win_1_2_V_1_reg_4636                     |  128|    0|  128|          0|
    |win_1_2_V_fu_186                         |  128|    0|  128|          0|
    |win_1_3_V_fu_182                         |  128|    0|  128|          0|
    |win_2_2_V_fu_206                         |  128|    0|  128|          0|
    |win_2_3_V_fu_202                         |  128|    0|  128|          0|
    |win_3_1_V_1_reg_4641                     |  128|    0|  128|          0|
    |win_3_2_V_1_reg_4646                     |  128|    0|  128|          0|
    |win_3_2_V_fu_226                         |  128|    0|  128|          0|
    |win_3_3_V_fu_222                         |  128|    0|  128|          0|
    |win_4_2_V_1_reg_4656                     |  128|    0|  128|          0|
    |win_4_2_V_fu_246                         |  128|    0|  128|          0|
    |win_4_3_V_fu_242                         |  128|    0|  128|          0|
    |win_4_4_V_fu_150                         |  128|    0|  128|          0|
    |win_tmp_0_0_V_fu_174                     |  128|    0|  128|          0|
    |win_tmp_0_1_V_fu_170                     |  128|    0|  128|          0|
    |win_tmp_1_0_V_fu_194                     |  128|    0|  128|          0|
    |win_tmp_1_1_V_fu_190                     |  128|    0|  128|          0|
    |win_tmp_2_0_V_fu_214                     |  128|    0|  128|          0|
    |win_tmp_2_1_V_fu_210                     |  128|    0|  128|          0|
    |win_tmp_3_0_V_fu_234                     |  128|    0|  128|          0|
    |win_tmp_3_1_V_fu_230                     |  128|    0|  128|          0|
    |win_tmp_4_0_V_fu_254                     |  128|    0|  128|          0|
    |win_tmp_4_1_V_fu_250                     |  128|    0|  128|          0|
    |win_vect_0_0_1_fu_258                    |   32|    0|   32|          0|
    |win_vect_0_1_1_fu_262                    |   32|    0|   32|          0|
    |win_vect_0_1_1_loa_reg_4911              |   32|    0|   32|          0|
    |win_vect_0_2_1_fu_266                    |   32|    0|   32|          0|
    |win_vect_0_2_1_loa_reg_4937              |   32|    0|   32|          0|
    |win_vect_0_3_1_fu_270                    |   32|    0|   32|          0|
    |win_vect_0_3_1_loa_reg_4944              |   32|    0|   32|          0|
    |win_vect_0_4_1_fu_274                    |   32|    0|   32|          0|
    |win_vect_0_4_1_loa_reg_4971              |   32|    0|   32|          0|
    |win_vect_0_5_1_fu_278                    |   32|    0|   32|          0|
    |win_vect_0_5_1_loa_reg_5020              |   32|    0|   32|          0|
    |win_vect_0_6_1_fu_282                    |   32|    0|   32|          0|
    |win_vect_0_6_1_loa_reg_5067              |   32|    0|   32|          0|
    |win_vect_0_7_1_fu_286                    |   32|    0|   32|          0|
    |win_vect_1_0_1_fu_290                    |   32|    0|   32|          0|
    |win_vect_1_1_1_fu_294                    |   32|    0|   32|          0|
    |win_vect_1_1_1_loa_reg_5148              |   32|    0|   32|          0|
    |win_vect_1_2_1_fu_298                    |   32|    0|   32|          0|
    |win_vect_1_2_1_loa_reg_5191              |   32|    0|   32|          0|
    |win_vect_1_3_1_fu_302                    |   32|    0|   32|          0|
    |win_vect_1_3_1_loa_reg_5198              |   32|    0|   32|          0|
    |win_vect_1_4_1_fu_306                    |   32|    0|   32|          0|
    |win_vect_1_4_1_loa_reg_5205              |   32|    0|   32|          0|
    |win_vect_1_5_1_fu_310                    |   32|    0|   32|          0|
    |win_vect_1_5_1_loa_reg_5212              |   32|    0|   32|          0|
    |win_vect_1_6_1_fu_314                    |   32|    0|   32|          0|
    |win_vect_1_6_1_loa_reg_5219              |   32|    0|   32|          0|
    |win_vect_1_7_1_fu_318                    |   32|    0|   32|          0|
    |win_vect_1_7_1_loa_reg_5225              |   32|    0|   32|          0|
    |win_vect_2_0_1_fu_322                    |   32|    0|   32|          0|
    |win_vect_2_0_1_loa_reg_5230              |   32|    0|   32|          0|
    |win_vect_2_1_1_fu_326                    |   32|    0|   32|          0|
    |win_vect_2_1_1_loa_reg_5235              |   32|    0|   32|          0|
    |win_vect_2_2_1_fu_330                    |   32|    0|   32|          0|
    |win_vect_2_2_1_loa_reg_5241              |   32|    0|   32|          0|
    |win_vect_2_3_1_fu_334                    |   32|    0|   32|          0|
    |win_vect_2_3_1_loa_reg_5248              |   32|    0|   32|          0|
    |win_vect_2_4_1_fu_338                    |   32|    0|   32|          0|
    |win_vect_2_4_1_loa_reg_5255              |   32|    0|   32|          0|
    |win_vect_2_5_1_fu_342                    |   32|    0|   32|          0|
    |win_vect_2_5_1_loa_reg_5262              |   32|    0|   32|          0|
    |win_vect_2_6_1_fu_346                    |   32|    0|   32|          0|
    |win_vect_2_6_1_loa_reg_5269              |   32|    0|   32|          0|
    |win_vect_2_7_1_fu_350                    |   32|    0|   32|          0|
    |win_vect_2_7_1_loa_reg_5275              |   32|    0|   32|          0|
    |win_vect_3_0_1_fu_354                    |   32|    0|   32|          0|
    |win_vect_3_0_1_loa_reg_5280              |   32|    0|   32|          0|
    |win_vect_3_1_1_fu_358                    |   32|    0|   32|          0|
    |win_vect_3_1_1_loa_reg_5285              |   32|    0|   32|          0|
    |win_vect_3_2_1_fu_362                    |   32|    0|   32|          0|
    |win_vect_3_2_1_loa_reg_5291              |   32|    0|   32|          0|
    |win_vect_3_3_1_fu_366                    |   32|    0|   32|          0|
    |win_vect_3_3_1_loa_reg_5298              |   32|    0|   32|          0|
    |win_vect_3_4_1_fu_370                    |   32|    0|   32|          0|
    |win_vect_3_4_1_loa_reg_5305              |   32|    0|   32|          0|
    |win_vect_3_5_1_fu_374                    |   32|    0|   32|          0|
    |win_vect_3_5_1_loa_reg_5312              |   32|    0|   32|          0|
    |win_vect_3_6_1_fu_378                    |   32|    0|   32|          0|
    |win_vect_3_6_1_loa_reg_5319              |   32|    0|   32|          0|
    |win_vect_3_7_1_fu_382                    |   32|    0|   32|          0|
    |win_vect_3_7_1_loa_reg_5325              |   32|    0|   32|          0|
    |win_vect_4_0_1_fu_386                    |   32|    0|   32|          0|
    |win_vect_4_0_1_loa_reg_5330              |   32|    0|   32|          0|
    |win_vect_4_1_1_fu_390                    |   32|    0|   32|          0|
    |win_vect_4_1_1_loa_reg_5335              |   32|    0|   32|          0|
    |win_vect_4_2_1_fu_394                    |   32|    0|   32|          0|
    |win_vect_4_2_1_loa_reg_5341              |   32|    0|   32|          0|
    |win_vect_4_3_1_fu_238                    |   32|    0|   32|          0|
    |win_vect_4_3_1_loa_reg_5179              |   32|    0|   32|          0|
    |win_vect_4_4_1_fu_218                    |   32|    0|   32|          0|
    |win_vect_4_4_1_loa_reg_5172              |   32|    0|   32|          0|
    |win_vect_4_5_1_fu_198                    |   32|    0|   32|          0|
    |win_vect_4_5_1_loa_reg_5165              |   32|    0|   32|          0|
    |win_vect_4_6_1_fu_178                    |   32|    0|   32|          0|
    |win_vect_4_6_1_loa_reg_5159              |   32|    0|   32|          0|
    |win_vect_4_7_1_fu_158                    |   32|    0|   32|          0|
    |win_vect_4_7_1_loa_reg_5154              |   32|    0|   32|          0|
    |or_cond_reg_4626                         |   64|  128|    1|          0|
    |p_Result_1_0_1_reg_4791                  |   64|   32|   32|          0|
    |p_Result_1_0_2_reg_4796                  |   64|   32|   32|          0|
    |p_Result_1_0_3_reg_4801                  |   64|   32|   32|          0|
    |p_Result_1_0_4_reg_4806                  |   64|   32|   32|          0|
    |p_Result_1_1_1_reg_4816                  |   64|   32|   32|          0|
    |p_Result_1_1_2_reg_4821                  |   64|   32|   32|          0|
    |p_Result_1_1_3_reg_4826                  |   64|   32|   32|          0|
    |p_Result_1_1_4_reg_4831                  |   64|   32|   32|          0|
    |p_Result_1_1_reg_4811                    |   64|   32|   32|          0|
    |p_Result_1_2_1_reg_4841                  |   64|   32|   32|          0|
    |p_Result_1_2_2_reg_4846                  |   64|   32|   32|          0|
    |p_Result_1_2_3_reg_4851                  |   64|   32|   32|          0|
    |p_Result_1_2_4_reg_4856                  |   64|   32|   32|          0|
    |p_Result_1_2_reg_4836                    |   64|   32|   32|          0|
    |p_Result_2_1_reg_4716                    |   64|   32|   32|          0|
    |p_Result_2_2_reg_4721                    |   64|   32|   32|          0|
    |p_Result_2_3_reg_4726                    |   64|   32|   32|          0|
    |p_Result_2_4_reg_4731                    |   64|   32|   32|          0|
    |p_Result_344_1_reg_4741                  |   64|   32|   32|          0|
    |p_Result_344_2_reg_4746                  |   64|   32|   32|          0|
    |p_Result_344_3_reg_4751                  |   64|   32|   32|          0|
    |p_Result_344_4_reg_4756                  |   64|   32|   32|          0|
    |p_Result_4_1_reg_4766                    |   64|   32|   32|          0|
    |p_Result_4_2_reg_4771                    |   64|   32|   32|          0|
    |p_Result_4_3_reg_4776                    |   64|   32|   32|          0|
    |p_Result_4_4_reg_4781                    |   64|   32|   32|          0|
    |p_Result_4_reg_4761                      |   64|   32|   32|          0|
    |p_Result_s_reg_4786                      |   64|   32|   32|          0|
    |tmp_100_reg_4917                         |   64|   32|   32|          0|
    |tmp_101_1_reg_5414                       |   64|   32|   32|          0|
    |tmp_106_1_reg_5606                       |   64|   32|   32|          0|
    |tmp_111_1_reg_5798                       |   64|   32|   32|          0|
    |tmp_116_1_reg_5990                       |   64|   32|   32|          0|
    |tmp_117_reg_4871                         |   64|   32|   32|          0|
    |tmp_134_reg_4922                         |   64|   32|   32|          0|
    |tmp_151_reg_4927                         |   64|   32|   32|          0|
    |tmp_23_reg_4896                          |   64|   32|   32|          0|
    |tmp_26_reg_4706                          |   64|   32|   32|          0|
    |tmp_29_reg_4901                          |   64|   32|   32|          0|
    |tmp_32_reg_4906                          |   64|   32|   32|          0|
    |tmp_33_reg_4998                          |   64|   32|   32|          0|
    |tmp_38_reg_5408                          |   64|   32|   32|          0|
    |tmp_43_reg_5600                          |   64|   32|   32|          0|
    |tmp_48_reg_5792                          |   64|   32|   32|          0|
    |tmp_53_reg_5984                          |   64|   32|   32|          0|
    |tmp_62_reg_4501                          |   64|   32|    1|          0|
    |tmp_96_1_reg_5004                        |   64|   32|   32|          0|
    |win_vect_0_1_1_loa_reg_4911              |   64|   32|   32|          0|
    |win_vect_0_2_1_loa_reg_4937              |   64|   32|   32|          0|
    |win_vect_0_3_1_loa_reg_4944              |   64|   32|   32|          0|
    |win_vect_0_4_1_loa_reg_4971              |   64|   32|   32|          0|
    |win_vect_0_5_1_loa_reg_5020              |   64|   32|   32|          0|
    |win_vect_0_6_1_loa_reg_5067              |   64|   32|   32|          0|
    |win_vect_1_1_1_loa_reg_5148              |   64|   32|   32|          0|
    |win_vect_1_2_1_loa_reg_5191              |   64|   32|   32|          0|
    |win_vect_1_3_1_loa_reg_5198              |   64|   32|   32|          0|
    |win_vect_1_4_1_loa_reg_5205              |   64|   32|   32|          0|
    |win_vect_1_5_1_loa_reg_5212              |   64|   32|   32|          0|
    |win_vect_1_6_1_loa_reg_5219              |   64|   32|   32|          0|
    |win_vect_1_7_1_loa_reg_5225              |   64|   32|   32|          0|
    |win_vect_2_0_1_loa_reg_5230              |   64|   32|   32|          0|
    |win_vect_2_1_1_loa_reg_5235              |   64|   32|   32|          0|
    |win_vect_2_2_1_loa_reg_5241              |   64|   64|   32|          0|
    |win_vect_2_3_1_loa_reg_5248              |   64|   64|   32|          0|
    |win_vect_2_4_1_loa_reg_5255              |   64|   64|   32|          0|
    |win_vect_2_5_1_loa_reg_5262              |   64|   64|   32|          0|
    |win_vect_2_6_1_loa_reg_5269              |   64|   64|   32|          0|
    |win_vect_2_7_1_loa_reg_5275              |   64|   64|   32|          0|
    |win_vect_3_0_1_loa_reg_5280              |   64|   64|   32|          0|
    |win_vect_3_1_1_loa_reg_5285              |   64|   64|   32|          0|
    |win_vect_3_2_1_loa_reg_5291              |   64|   64|   32|          0|
    |win_vect_3_3_1_loa_reg_5298              |   64|   64|   32|          0|
    |win_vect_3_4_1_loa_reg_5305              |   64|   96|   32|          0|
    |win_vect_3_5_1_loa_reg_5312              |   64|   96|   32|          0|
    |win_vect_3_6_1_loa_reg_5319              |   64|   96|   32|          0|
    |win_vect_3_7_1_loa_reg_5325              |   64|   96|   32|          0|
    |win_vect_4_0_1_loa_reg_5330              |   64|   96|   32|          0|
    |win_vect_4_1_1_loa_reg_5335              |   64|  110|   32|          0|
    |win_vect_4_2_1_loa_reg_5341              |   64|  115|   32|          0|
    |win_vect_4_3_1_loa_reg_5179              |   64|  114|   32|          0|
    |win_vect_4_4_1_loa_reg_5172              |   64|  125|   32|          0|
    |win_vect_4_5_1_loa_reg_5165              |   64|  124|   32|          0|
    |win_vect_4_6_1_loa_reg_5159              |   64|  125|   32|          0|
    |win_vect_4_7_1_loa_reg_5154              |   64|  125|   32|          0|
    +-----------------------------------------+-----+-----+-----+-----------+
    |Total                                    |19792| 4070|17026|         16|
    +-----------------------------------------+-----+-----+-----+-----------+



================================================================
== Interface
================================================================
* Summary: 
+------------------+-----+-----+------------+--------------+--------------+
|     RTL Ports    | Dir | Bits|  Protocol  | Source Object|    C Type    |
+------------------+-----+-----+------------+--------------+--------------+
|ap_clk            |  in |    1| ap_ctrl_hs | processVECTF | return value |
|ap_rst            |  in |    1| ap_ctrl_hs | processVECTF | return value |
|ap_start          |  in |    1| ap_ctrl_hs | processVECTF | return value |
|ap_done           | out |    1| ap_ctrl_hs | processVECTF | return value |
|ap_idle           | out |    1| ap_ctrl_hs | processVECTF | return value |
|ap_ready          | out |    1| ap_ctrl_hs | processVECTF | return value |
|in_s_V_V_dout     |  in |  128|   ap_fifo  |   in_s_V_V   |    pointer   |
|in_s_V_V_empty_n  |  in |    1|   ap_fifo  |   in_s_V_V   |    pointer   |
|in_s_V_V_read     | out |    1|   ap_fifo  |   in_s_V_V   |    pointer   |
|out_s_V_V_din     | out |  128|   ap_fifo  |   out_s_V_V  |    pointer   |
|out_s_V_V_full_n  |  in |    1|   ap_fifo  |   out_s_V_V  |    pointer   |
|out_s_V_V_write   | out |    1|   ap_fifo  |   out_s_V_V  |    pointer   |
+------------------+-----+-----+------------+--------------+--------------+

