Copyright 1986-2017 Xilinx, Inc. All Rights Reserved.
------------------------------------------------------------------------------------
| Tool Version : Vivado v.2017.2 (lin64) Build 1909853 Thu Jun 15 18:39:10 MDT 2017
| Date         : Sat Apr 14 19:50:25 2018
| Host         : codesign89 running 64-bit Ubuntu 14.04.5 LTS
| Command      : report_timing_summary -file ./report/hipaccRun_timing_routed.rpt
| Design       : hipaccRun
| Device       : 7z020-clg484
| Speed File   : -1  PRODUCTION 1.11 2014-09-11
------------------------------------------------------------------------------------

Timing Summary Report

------------------------------------------------------------------------------------------------
| Timer Settings
| --------------
------------------------------------------------------------------------------------------------

  Enable Multi Corner Analysis               :  Yes
  Enable Pessimism Removal                   :  Yes
  Pessimism Removal Resolution               :  Nearest Common Node
  Enable Input Delay Default Clock           :  No
  Enable Preset / Clear Arcs                 :  No
  Disable Flight Delays                      :  No
  Ignore I/O Paths                           :  No
  Timing Early Launch at Borrowing Latches   :  false

  Corner  Analyze    Analyze    
  Name    Max Paths  Min Paths  
  ------  ---------  ---------  
  Slow    Yes        Yes        
  Fast    Yes        Yes        



check_timing report

Table of Contents
-----------------
1. checking no_clock
2. checking constant_clock
3. checking pulse_width_clock
4. checking unconstrained_internal_endpoints
5. checking no_input_delay
6. checking no_output_delay
7. checking multiple_clock
8. checking generated_clocks
9. checking loops
10. checking partial_input_delay
11. checking partial_output_delay
12. checking latch_loops

1. checking no_clock
--------------------
 There are 0 register/latch pins with no clock.


2. checking constant_clock
--------------------------
 There are 0 register/latch pins with constant_clock.


3. checking pulse_width_clock
-----------------------------
 There are 0 register/latch pins which need pulse_width check


4. checking unconstrained_internal_endpoints
--------------------------------------------
 There are 0 pins that are not constrained for maximum delay.

 There are 0 pins that are not constrained for maximum delay due to constant clock.


5. checking no_input_delay
--------------------------
 There are 132 input ports with no input delay specified. (HIGH)

 There are 0 input ports with no input delay but user has a false path constraint.


6. checking no_output_delay
---------------------------
 There are 133 ports with no output delay specified. (HIGH)

 There are 0 ports with no output delay but user has a false path constraint

 There are 0 ports with no output delay but with a timing clock defined on it or propagating through it


7. checking multiple_clock
--------------------------
 There are 0 register/latch pins with multiple clocks.


8. checking generated_clocks
----------------------------
 There are 0 generated clocks that are not connected to a clock source.


9. checking loops
-----------------
 There are 0 combinational loops in the design.


10. checking partial_input_delay
--------------------------------
 There are 0 input ports with partial input delay specified.


11. checking partial_output_delay
---------------------------------
 There are 0 ports with partial output delay specified.


12. checking latch_loops
------------------------
 There are 0 combinational latch loops in the design through latch input



------------------------------------------------------------------------------------------------
| Design Timing Summary
| ---------------------
------------------------------------------------------------------------------------------------

    WNS(ns)      TNS(ns)  TNS Failing Endpoints  TNS Total Endpoints      WHS(ns)      THS(ns)  THS Failing Endpoints  THS Total Endpoints     WPWS(ns)     TPWS(ns)  TPWS Failing Endpoints  TPWS Total Endpoints  
    -------      -------  ---------------------  -------------------      -------      -------  ---------------------  -------------------     --------     --------  ----------------------  --------------------  
      1.205        0.000                      0                10846        0.041        0.000                      0                10846        4.020        0.000                       0                  4199  


All user specified timing constraints are met.


------------------------------------------------------------------------------------------------
| Clock Summary
| -------------
------------------------------------------------------------------------------------------------

Clock   Waveform(ns)       Period(ns)      Frequency(MHz)
-----   ------------       ----------      --------------
ap_clk  {0.000 5.000}      10.000          100.000         


------------------------------------------------------------------------------------------------
| Intra Clock Table
| -----------------
------------------------------------------------------------------------------------------------

Clock             WNS(ns)      TNS(ns)  TNS Failing Endpoints  TNS Total Endpoints      WHS(ns)      THS(ns)  THS Failing Endpoints  THS Total Endpoints     WPWS(ns)     TPWS(ns)  TPWS Failing Endpoints  TPWS Total Endpoints  
-----             -------      -------  ---------------------  -------------------      -------      -------  ---------------------  -------------------     --------     --------  ----------------------  --------------------  
ap_clk              1.205        0.000                      0                10846        0.041        0.000                      0                10846        4.020        0.000                       0                  4199  


------------------------------------------------------------------------------------------------
| Inter Clock Table
| -----------------
------------------------------------------------------------------------------------------------

From Clock    To Clock          WNS(ns)      TNS(ns)  TNS Failing Endpoints  TNS Total Endpoints      WHS(ns)      THS(ns)  THS Failing Endpoints  THS Total Endpoints  
----------    --------          -------      -------  ---------------------  -------------------      -------      -------  ---------------------  -------------------  


------------------------------------------------------------------------------------------------
| Other Path Groups Table
| -----------------------
------------------------------------------------------------------------------------------------

Path Group    From Clock    To Clock          WNS(ns)      TNS(ns)  TNS Failing Endpoints  TNS Total Endpoints      WHS(ns)      THS(ns)  THS Failing Endpoints  THS Total Endpoints  
----------    ----------    --------          -------      -------  ---------------------  -------------------      -------      -------  ---------------------  -------------------  


------------------------------------------------------------------------------------------------
| Timing Details
| --------------
------------------------------------------------------------------------------------------------


---------------------------------------------------------------------------------------------------
From Clock:  ap_clk
  To Clock:  ap_clk

Setup :            0  Failing Endpoints,  Worst Slack        1.205ns,  Total Violation        0.000ns
Hold  :            0  Failing Endpoints,  Worst Slack        0.041ns,  Total Violation        0.000ns
PW    :            0  Failing Endpoints,  Worst Slack        4.020ns,  Total Violation        0.000ns
---------------------------------------------------------------------------------------------------


Max Delay Paths
--------------------------------------------------------------------------------------
Slack (MET) :             1.205ns  (required time - arrival time)
  Source:                 ccGaussianFilterGKer_U0/grp_processVECT_fu_18/tmp22_i_2_reg_2703_reg[1]/C
                            (rising edge-triggered cell FDRE clocked by ap_clk  {rise@0.000ns fall@5.000ns period=10.000ns})
  Destination:            ccGaussianFilterGKer_U0/grp_processVECT_fu_18/hipaccRun_mul_32sibs_U18/hipaccRun_mul_32sibs_MulnS_3_U/p_reg[12]/D
                            (rising edge-triggered cell FDRE clocked by ap_clk  {rise@0.000ns fall@5.000ns period=10.000ns})
  Path Group:             ap_clk
  Path Type:              Setup (Max at Slow Process Corner)
  Requirement:            10.000ns  (ap_clk rise@10.000ns - ap_clk rise@0.000ns)
  Data Path Delay:        8.533ns  (logic 4.297ns (50.358%)  route 4.236ns (49.642%))
  Logic Levels:           1  (DSP48E1=1)
  Clock Path Skew:        -0.122ns (DCD - SCD + CPR)
    Destination Clock Delay (DCD):    1.535ns = ( 11.535 - 10.000 ) 
    Source Clock Delay      (SCD):    1.657ns
    Clock Pessimism Removal (CPR):    0.000ns
  Clock Uncertainty:      0.035ns  ((TSJ^2 + TIJ^2)^1/2 + DJ) / 2 + PE
    Total System Jitter     (TSJ):    0.071ns
    Total Input Jitter      (TIJ):    0.000ns
    Discrete Jitter          (DJ):    0.000ns
    Phase Error              (PE):    0.000ns

    Location             Delay type                Incr(ns)  Path(ns)    Netlist Resource(s)
  -------------------------------------------------------------------    -------------------
                         (clock ap_clk rise edge)     0.000     0.000 r  
                                                      0.000     0.000 r  ap_clk (IN)
                         net (fo=4198, unset)         1.657     1.657    ccGaussianFilterGKer_U0/grp_processVECT_fu_18/ap_clk
    SLICE_X51Y48         FDRE                                         r  ccGaussianFilterGKer_U0/grp_processVECT_fu_18/tmp22_i_2_reg_2703_reg[1]/C
  -------------------------------------------------------------------    -------------------
    SLICE_X51Y48         FDRE (Prop_fdre_C_Q)         0.456     2.113 r  ccGaussianFilterGKer_U0/grp_processVECT_fu_18/tmp22_i_2_reg_2703_reg[1]/Q
                         net (fo=1, routed)           1.814     3.927    ccGaussianFilterGKer_U0/grp_processVECT_fu_18/hipaccRun_mul_32sibs_U18/hipaccRun_mul_32sibs_MulnS_3_U/Q[1]
    DSP48_X3Y20          DSP48E1 (Prop_dsp48e1_A[1]_P[12])
                                                      3.841     7.768 r  ccGaussianFilterGKer_U0/grp_processVECT_fu_18/hipaccRun_mul_32sibs_U18/hipaccRun_mul_32sibs_MulnS_3_U/tmp_product/P[12]
                         net (fo=1, routed)           2.422    10.190    ccGaussianFilterGKer_U0/grp_processVECT_fu_18/hipaccRun_mul_32sibs_U18/hipaccRun_mul_32sibs_MulnS_3_U/tmp_product_n_93
    SLICE_X64Y64         FDRE                                         r  ccGaussianFilterGKer_U0/grp_processVECT_fu_18/hipaccRun_mul_32sibs_U18/hipaccRun_mul_32sibs_MulnS_3_U/p_reg[12]/D
  -------------------------------------------------------------------    -------------------

                         (clock ap_clk rise edge)    10.000    10.000 r  
                                                      0.000    10.000 r  ap_clk (IN)
                         net (fo=4198, unset)         1.535    11.535    ccGaussianFilterGKer_U0/grp_processVECT_fu_18/hipaccRun_mul_32sibs_U18/hipaccRun_mul_32sibs_MulnS_3_U/ap_clk
    SLICE_X64Y64         FDRE                                         r  ccGaussianFilterGKer_U0/grp_processVECT_fu_18/hipaccRun_mul_32sibs_U18/hipaccRun_mul_32sibs_MulnS_3_U/p_reg[12]/C
                         clock pessimism              0.000    11.535    
                         clock uncertainty           -0.035    11.500    
    SLICE_X64Y64         FDRE (Setup_fdre_C_D)       -0.105    11.395    ccGaussianFilterGKer_U0/grp_processVECT_fu_18/hipaccRun_mul_32sibs_U18/hipaccRun_mul_32sibs_MulnS_3_U/p_reg[12]
  -------------------------------------------------------------------
                         required time                         11.395    
                         arrival time                         -10.190    
  -------------------------------------------------------------------
                         slack                                  1.205    





Min Delay Paths
--------------------------------------------------------------------------------------
Slack (MET) :             0.041ns  (arrival time - required time)
  Source:                 ccGaussianFilterGKer_U0/grp_processVECT_fu_18/win_vect_3_7_1_fu_138_reg[25]/C
                            (rising edge-triggered cell FDRE clocked by ap_clk  {rise@0.000ns fall@5.000ns period=10.000ns})
  Destination:            ccGaussianFilterGKer_U0/grp_processVECT_fu_18/win_vect_3_3_1_fu_314_reg[25]/D
                            (rising edge-triggered cell FDRE clocked by ap_clk  {rise@0.000ns fall@5.000ns period=10.000ns})
  Path Group:             ap_clk
  Path Type:              Hold (Min at Fast Process Corner)
  Requirement:            0.000ns  (ap_clk rise@0.000ns - ap_clk rise@0.000ns)
  Data Path Delay:        0.300ns  (logic 0.128ns (42.619%)  route 0.172ns (57.381%))
  Logic Levels:           0  
  Clock Path Skew:        0.261ns (DCD - SCD - CPR)
    Destination Clock Delay (DCD):    0.818ns
    Source Clock Delay      (SCD):    0.552ns
    Clock Pessimism Removal (CPR):    0.005ns

    Location             Delay type                Incr(ns)  Path(ns)    Netlist Resource(s)
  -------------------------------------------------------------------    -------------------
                         (clock ap_clk rise edge)     0.000     0.000 r  
                                                      0.000     0.000 r  ap_clk (IN)
                         net (fo=4198, unset)         0.552     0.552    ccGaussianFilterGKer_U0/grp_processVECT_fu_18/ap_clk
    SLICE_X48Y60         FDRE                                         r  ccGaussianFilterGKer_U0/grp_processVECT_fu_18/win_vect_3_7_1_fu_138_reg[25]/C
  -------------------------------------------------------------------    -------------------
    SLICE_X48Y60         FDRE (Prop_fdre_C_Q)         0.128     0.680 r  ccGaussianFilterGKer_U0/grp_processVECT_fu_18/win_vect_3_7_1_fu_138_reg[25]/Q
                         net (fo=3, routed)           0.172     0.852    ccGaussianFilterGKer_U0/grp_processVECT_fu_18/win_vect_3_7_1_fu_138[25]
    SLICE_X50Y59         FDRE                                         r  ccGaussianFilterGKer_U0/grp_processVECT_fu_18/win_vect_3_3_1_fu_314_reg[25]/D
  -------------------------------------------------------------------    -------------------

                         (clock ap_clk rise edge)     0.000     0.000 r  
                                                      0.000     0.000 r  ap_clk (IN)
                         net (fo=4198, unset)         0.818     0.818    ccGaussianFilterGKer_U0/grp_processVECT_fu_18/ap_clk
    SLICE_X50Y59         FDRE                                         r  ccGaussianFilterGKer_U0/grp_processVECT_fu_18/win_vect_3_3_1_fu_314_reg[25]/C
                         clock pessimism             -0.005     0.813    
    SLICE_X50Y59         FDRE (Hold_fdre_C_D)        -0.002     0.811    ccGaussianFilterGKer_U0/grp_processVECT_fu_18/win_vect_3_3_1_fu_314_reg[25]
  -------------------------------------------------------------------
                         required time                         -0.811    
                         arrival time                           0.852    
  -------------------------------------------------------------------
                         slack                                  0.041    





Pulse Width Checks
--------------------------------------------------------------------------------------
Clock Name:         ap_clk
Waveform(ns):       { 0.000 5.000 }
Period(ns):         10.000
Sources:            { ap_clk }

Check Type        Corner  Lib Pin             Reference Pin  Required(ns)  Actual(ns)  Slack(ns)  Location      Pin
Min Period        n/a     RAMB36E1/CLKARDCLK  n/a            2.944         10.000      7.056      RAMB36_X2Y10  ccGaussianFilterGKer_U0/grp_processVECT_fu_18/lineBuff_0_V_U/processVECT_lineBbkb_ram_U/ram_reg_0/CLKARDCLK
Low Pulse Width   Fast    SRL16E/CLK          n/a            0.980         5.000       4.020      SLICE_X38Y53  ccGaussianFilterGKer_U0/grp_processVECT_fu_18/ap_enable_reg_pp0_iter4_reg_srl2___ccGaussianFilterGKer_U0_grp_processVECT_fu_18_ap_enable_reg_pp0_iter4_reg_r/CLK
High Pulse Width  Slow    SRL16E/CLK          n/a            0.980         5.000       4.020      SLICE_X54Y53  ccGaussianFilterGKer_U0/grp_processVECT_fu_18/win_2_2_V_fu_174_reg[72]_srl2/CLK



