Copyright 1986-2017 Xilinx, Inc. All Rights Reserved.
------------------------------------------------------------------------------------
| Tool Version : Vivado v.2017.2 (lin64) Build 1909853 Thu Jun 15 18:39:10 MDT 2017
| Date         : Sat Apr 14 22:02:03 2018
| Host         : codesign89 running 64-bit Ubuntu 14.04.5 LTS
| Command      : report_timing_summary -file ./report/hipaccRun_timing_routed.rpt
| Design       : hipaccRun
| Device       : 7z100-ffg900
| Speed File   : -1  PRODUCTION 1.11 2014-09-11
------------------------------------------------------------------------------------

Timing Summary Report

------------------------------------------------------------------------------------------------
| Timer Settings
| --------------
------------------------------------------------------------------------------------------------

  Enable Multi Corner Analysis               :  Yes
  Enable Pessimism Removal                   :  Yes
  Pessimism Removal Resolution               :  Nearest Common Node
  Enable Input Delay Default Clock           :  No
  Enable Preset / Clear Arcs                 :  No
  Disable Flight Delays                      :  No
  Ignore I/O Paths                           :  No
  Timing Early Launch at Borrowing Latches   :  false

  Corner  Analyze    Analyze    
  Name    Max Paths  Min Paths  
  ------  ---------  ---------  
  Slow    Yes        Yes        
  Fast    Yes        Yes        



check_timing report

Table of Contents
-----------------
1. checking no_clock
2. checking constant_clock
3. checking pulse_width_clock
4. checking unconstrained_internal_endpoints
5. checking no_input_delay
6. checking no_output_delay
7. checking multiple_clock
8. checking generated_clocks
9. checking loops
10. checking partial_input_delay
11. checking partial_output_delay
12. checking latch_loops

1. checking no_clock
--------------------
 There are 0 register/latch pins with no clock.


2. checking constant_clock
--------------------------
 There are 0 register/latch pins with constant_clock.


3. checking pulse_width_clock
-----------------------------
 There are 0 register/latch pins which need pulse_width check


4. checking unconstrained_internal_endpoints
--------------------------------------------
 There are 0 pins that are not constrained for maximum delay.

 There are 0 pins that are not constrained for maximum delay due to constant clock.


5. checking no_input_delay
--------------------------
 There are 516 input ports with no input delay specified. (HIGH)

 There are 0 input ports with no input delay but user has a false path constraint.


6. checking no_output_delay
---------------------------
 There are 517 ports with no output delay specified. (HIGH)

 There are 0 ports with no output delay but user has a false path constraint

 There are 0 ports with no output delay but with a timing clock defined on it or propagating through it


7. checking multiple_clock
--------------------------
 There are 0 register/latch pins with multiple clocks.


8. checking generated_clocks
----------------------------
 There are 0 generated clocks that are not connected to a clock source.


9. checking loops
-----------------
 There are 0 combinational loops in the design.


10. checking partial_input_delay
--------------------------------
 There are 0 input ports with partial input delay specified.


11. checking partial_output_delay
---------------------------------
 There are 0 ports with partial output delay specified.


12. checking latch_loops
------------------------
 There are 0 combinational latch loops in the design through latch input



------------------------------------------------------------------------------------------------
| Design Timing Summary
| ---------------------
------------------------------------------------------------------------------------------------

    WNS(ns)      TNS(ns)  TNS Failing Endpoints  TNS Total Endpoints      WHS(ns)      THS(ns)  THS Failing Endpoints  THS Total Endpoints     WPWS(ns)     TPWS(ns)  TPWS Failing Endpoints  TPWS Total Endpoints  
    -------      -------  ---------------------  -------------------      -------      -------  ---------------------  -------------------     --------     --------  ----------------------  --------------------  
      0.217        0.000                      0               484413        0.026        0.000                      0               484413        2.550        0.000                       0                201530  


All user specified timing constraints are met.


------------------------------------------------------------------------------------------------
| Clock Summary
| -------------
------------------------------------------------------------------------------------------------

Clock   Waveform(ns)         Period(ns)      Frequency(MHz)
-----   ------------         ----------      --------------
ap_clk  {0.000 3.330}        6.660           150.150         


------------------------------------------------------------------------------------------------
| Intra Clock Table
| -----------------
------------------------------------------------------------------------------------------------

Clock             WNS(ns)      TNS(ns)  TNS Failing Endpoints  TNS Total Endpoints      WHS(ns)      THS(ns)  THS Failing Endpoints  THS Total Endpoints     WPWS(ns)     TPWS(ns)  TPWS Failing Endpoints  TPWS Total Endpoints  
-----             -------      -------  ---------------------  -------------------      -------      -------  ---------------------  -------------------     --------     --------  ----------------------  --------------------  
ap_clk              0.217        0.000                      0               484413        0.026        0.000                      0               484413        2.550        0.000                       0                201530  


------------------------------------------------------------------------------------------------
| Inter Clock Table
| -----------------
------------------------------------------------------------------------------------------------

From Clock    To Clock          WNS(ns)      TNS(ns)  TNS Failing Endpoints  TNS Total Endpoints      WHS(ns)      THS(ns)  THS Failing Endpoints  THS Total Endpoints  
----------    --------          -------      -------  ---------------------  -------------------      -------      -------  ---------------------  -------------------  


------------------------------------------------------------------------------------------------
| Other Path Groups Table
| -----------------------
------------------------------------------------------------------------------------------------

Path Group    From Clock    To Clock          WNS(ns)      TNS(ns)  TNS Failing Endpoints  TNS Total Endpoints      WHS(ns)      THS(ns)  THS Failing Endpoints  THS Total Endpoints  
----------    ----------    --------          -------      -------  ---------------------  -------------------      -------      -------  ---------------------  -------------------  


------------------------------------------------------------------------------------------------
| Timing Details
| --------------
------------------------------------------------------------------------------------------------


---------------------------------------------------------------------------------------------------
From Clock:  ap_clk
  To Clock:  ap_clk

Setup :            0  Failing Endpoints,  Worst Slack        0.217ns,  Total Violation        0.000ns
Hold  :            0  Failing Endpoints,  Worst Slack        0.026ns,  Total Violation        0.000ns
PW    :            0  Failing Endpoints,  Worst Slack        2.550ns,  Total Violation        0.000ns
---------------------------------------------------------------------------------------------------


Max Delay Paths
--------------------------------------------------------------------------------------
Slack (MET) :             0.217ns  (required time - arrival time)
  Source:                 ccGaussianFilterGKer_U0/grp_processVECTF_fu_18/hipaccRun_fmul_32g8j_U470/din0_buf1_reg[15]/C
                            (rising edge-triggered cell FDRE clocked by ap_clk  {rise@0.000ns fall@3.330ns period=6.660ns})
  Destination:            ccGaussianFilterGKer_U0/grp_processVECTF_fu_18/hipaccRun_fmul_32g8j_U470/hipaccRun_ap_fmul_2_max_dsp_32_u/U0/i_synth/MULT.OP/MULT/DSP48E1_SPD_SGL_VARIANT.FIX_MULT/DSP1/DSP/A[15]
                            (rising edge-triggered cell DSP48E1 clocked by ap_clk  {rise@0.000ns fall@3.330ns period=6.660ns})
  Path Group:             ap_clk
  Path Type:              Setup (Max at Slow Process Corner)
  Requirement:            6.660ns  (ap_clk rise@6.660ns - ap_clk rise@0.000ns)
  Data Path Delay:        2.564ns  (logic 0.246ns (9.593%)  route 2.318ns (90.407%))
  Logic Levels:           0  
  Clock Path Skew:        -0.254ns (DCD - SCD + CPR)
    Destination Clock Delay (DCD):    1.427ns = ( 8.087 - 6.660 ) 
    Source Clock Delay      (SCD):    1.681ns
    Clock Pessimism Removal (CPR):    0.000ns
  Clock Uncertainty:      0.035ns  ((TSJ^2 + TIJ^2)^1/2 + DJ) / 2 + PE
    Total System Jitter     (TSJ):    0.071ns
    Total Input Jitter      (TIJ):    0.000ns
    Discrete Jitter          (DJ):    0.000ns
    Phase Error              (PE):    0.000ns

    Location             Delay type                Incr(ns)  Path(ns)    Netlist Resource(s)
  -------------------------------------------------------------------    -------------------
                         (clock ap_clk rise edge)     0.000     0.000 r  
                                                      0.000     0.000 r  ap_clk (IN)
                         net (fo=202469, unset)       1.681     1.681    ccGaussianFilterGKer_U0/grp_processVECTF_fu_18/hipaccRun_fmul_32g8j_U470/ap_clk
    SLICE_X61Y91         FDRE                                         r  ccGaussianFilterGKer_U0/grp_processVECTF_fu_18/hipaccRun_fmul_32g8j_U470/din0_buf1_reg[15]/C
  -------------------------------------------------------------------    -------------------
    SLICE_X61Y91         FDRE (Prop_fdre_C_Q)         0.246     1.927 r  ccGaussianFilterGKer_U0/grp_processVECTF_fu_18/hipaccRun_fmul_32g8j_U470/din0_buf1_reg[15]/Q
                         net (fo=2, routed)           2.318     4.245    ccGaussianFilterGKer_U0/grp_processVECTF_fu_18/hipaccRun_fmul_32g8j_U470/hipaccRun_ap_fmul_2_max_dsp_32_u/U0/i_synth/MULT.OP/MULT/DSP48E1_SPD_SGL_VARIANT.FIX_MULT/DSP1/s_axis_a_tdata[15]
    DSP48_X3Y73          DSP48E1                                      r  ccGaussianFilterGKer_U0/grp_processVECTF_fu_18/hipaccRun_fmul_32g8j_U470/hipaccRun_ap_fmul_2_max_dsp_32_u/U0/i_synth/MULT.OP/MULT/DSP48E1_SPD_SGL_VARIANT.FIX_MULT/DSP1/DSP/A[15]
  -------------------------------------------------------------------    -------------------

                         (clock ap_clk rise edge)     6.660     6.660 r  
                                                      0.000     6.660 r  ap_clk (IN)
                         net (fo=202469, unset)       1.427     8.087    ccGaussianFilterGKer_U0/grp_processVECTF_fu_18/hipaccRun_fmul_32g8j_U470/hipaccRun_ap_fmul_2_max_dsp_32_u/U0/i_synth/MULT.OP/MULT/DSP48E1_SPD_SGL_VARIANT.FIX_MULT/DSP1/aclk
    DSP48_X3Y73          DSP48E1                                      r  ccGaussianFilterGKer_U0/grp_processVECTF_fu_18/hipaccRun_fmul_32g8j_U470/hipaccRun_ap_fmul_2_max_dsp_32_u/U0/i_synth/MULT.OP/MULT/DSP48E1_SPD_SGL_VARIANT.FIX_MULT/DSP1/DSP/CLK
                         clock pessimism              0.000     8.087    
                         clock uncertainty           -0.035     8.052    
    DSP48_X3Y73          DSP48E1 (Setup_dsp48e1_CLK_A[15])
                                                     -3.590     4.462    ccGaussianFilterGKer_U0/grp_processVECTF_fu_18/hipaccRun_fmul_32g8j_U470/hipaccRun_ap_fmul_2_max_dsp_32_u/U0/i_synth/MULT.OP/MULT/DSP48E1_SPD_SGL_VARIANT.FIX_MULT/DSP1/DSP
  -------------------------------------------------------------------
                         required time                          4.462    
                         arrival time                          -4.245    
  -------------------------------------------------------------------
                         slack                                  0.217    





Min Delay Paths
--------------------------------------------------------------------------------------
Slack (MET) :             0.026ns  (arrival time - required time)
  Source:                 ccGaussianFilterGKer_U0/grp_processVECTF_fu_18/win_1_2_V_fu_238_reg[428]/C
                            (rising edge-triggered cell FDRE clocked by ap_clk  {rise@0.000ns fall@3.330ns period=6.660ns})
  Destination:            ccGaussianFilterGKer_U0/grp_processVECTF_fu_18/win_1_2_V_1_reg_8944_reg[428]/D
                            (rising edge-triggered cell FDRE clocked by ap_clk  {rise@0.000ns fall@3.330ns period=6.660ns})
  Path Group:             ap_clk
  Path Type:              Hold (Min at Fast Process Corner)
  Requirement:            0.000ns  (ap_clk rise@0.000ns - ap_clk rise@0.000ns)
  Data Path Delay:        0.320ns  (logic 0.130ns (40.675%)  route 0.190ns (59.325%))
  Logic Levels:           1  (LUT3=1)
  Clock Path Skew:        0.219ns (DCD - SCD - CPR)
    Destination Clock Delay (DCD):    0.753ns
    Source Clock Delay      (SCD):    0.534ns
    Clock Pessimism Removal (CPR):    -0.000ns

    Location             Delay type                Incr(ns)  Path(ns)    Netlist Resource(s)
  -------------------------------------------------------------------    -------------------
                         (clock ap_clk rise edge)     0.000     0.000 r  
                                                      0.000     0.000 r  ap_clk (IN)
                         net (fo=202469, unset)       0.534     0.534    ccGaussianFilterGKer_U0/grp_processVECTF_fu_18/ap_clk
    SLICE_X91Y150        FDRE                                         r  ccGaussianFilterGKer_U0/grp_processVECTF_fu_18/win_1_2_V_fu_238_reg[428]/C
  -------------------------------------------------------------------    -------------------
    SLICE_X91Y150        FDRE (Prop_fdre_C_Q)         0.100     0.634 r  ccGaussianFilterGKer_U0/grp_processVECTF_fu_18/win_1_2_V_fu_238_reg[428]/Q
                         net (fo=2, routed)           0.190     0.824    ccGaussianFilterGKer_U0/grp_processVECTF_fu_18/win_1_2_V_fu_238[428]
    SLICE_X91Y149        LUT3 (Prop_lut3_I0_O)        0.030     0.854 r  ccGaussianFilterGKer_U0/grp_processVECTF_fu_18/win_1_2_V_1_reg_8944[428]_i_1/O
                         net (fo=1, routed)           0.000     0.854    ccGaussianFilterGKer_U0/grp_processVECTF_fu_18/win_1_2_V_1_fu_4688_p3[428]
    SLICE_X91Y149        FDRE                                         r  ccGaussianFilterGKer_U0/grp_processVECTF_fu_18/win_1_2_V_1_reg_8944_reg[428]/D
  -------------------------------------------------------------------    -------------------

                         (clock ap_clk rise edge)     0.000     0.000 r  
                                                      0.000     0.000 r  ap_clk (IN)
                         net (fo=202469, unset)       0.753     0.753    ccGaussianFilterGKer_U0/grp_processVECTF_fu_18/ap_clk
    SLICE_X91Y149        FDRE                                         r  ccGaussianFilterGKer_U0/grp_processVECTF_fu_18/win_1_2_V_1_reg_8944_reg[428]/C
                         clock pessimism              0.000     0.753    
    SLICE_X91Y149        FDRE (Hold_fdre_C_D)         0.075     0.828    ccGaussianFilterGKer_U0/grp_processVECTF_fu_18/win_1_2_V_1_reg_8944_reg[428]
  -------------------------------------------------------------------
                         required time                         -0.828    
                         arrival time                           0.854    
  -------------------------------------------------------------------
                         slack                                  0.026    





Pulse Width Checks
--------------------------------------------------------------------------------------
Clock Name:         ap_clk
Waveform(ns):       { 0.000 3.330 }
Period(ns):         6.660
Sources:            { ap_clk }

Check Type        Corner  Lib Pin             Reference Pin  Required(ns)  Actual(ns)  Slack(ns)  Location        Pin
Min Period        n/a     RAMB36E1/CLKARDCLK  n/a            2.495         6.660       4.165      RAMB36_X5Y33    ccGaussianFilterGKer_U0/grp_processVECTF_fu_18/lineBuff_0_V_U/processVECTF_linebkb_ram_U/ram_reg_0/CLKARDCLK
Low Pulse Width   Slow    SRLC32E/CLK         n/a            0.780         3.330       2.550      SLICE_X154Y226  ccGaussianFilterGKer_U0/grp_processVECTF_fu_18/ap_reg_pp0_iter107_win_vect_4_2_1_loa_reg_10225_reg[24]_srl32/CLK
High Pulse Width  Slow    SRL16E/CLK          n/a            0.780         3.330       2.550      SLICE_X190Y190  ccGaussianFilterGKer_U0/grp_processVECTF_fu_18/ap_reg_pp0_iter100_win_vect_2_3_1_loa_reg_9999_reg[16]_srl9/CLK



