Copyright 1986-2017 Xilinx, Inc. All Rights Reserved.
------------------------------------------------------------------------------------
| Tool Version : Vivado v.2017.2 (lin64) Build 1909853 Thu Jun 15 18:39:10 MDT 2017
| Date         : Sat Apr 14 21:20:52 2018
| Host         : codesign89 running 64-bit Ubuntu 14.04.5 LTS
| Command      : report_timing -file ./report/hipaccRun_timing_synth.rpt
| Design       : hipaccRun
| Device       : 7z100-ffg900
| Speed File   : -1  PRODUCTION 1.11 2014-09-11
------------------------------------------------------------------------------------

Timing Report

Slack (MET) :             0.822ns  (required time - arrival time)
  Source:                 ccGaussianFilterGKer_U0/grp_processVECTF_fu_18/ap_reg_pp0_iter1_exitcond_flatten_reg_8584_reg[0]/C
                            (rising edge-triggered cell FDRE clocked by ap_clk  {rise@0.000ns fall@3.330ns period=6.660ns})
  Destination:            ccGaussianFilterGKer_U0/grp_processVECTF_fu_18/hipaccRun_fadd_32fYi_U1/hipaccRun_ap_fadd_6_full_dsp_32_u/U0/i_synth/ADDSUB_OP.ADDSUB/SPEED_OP.DSP.OP/DSP48E1_BODY.ALIGN_ADD/DSP2/DSP/CECARRYIN
                            (rising edge-triggered cell DSP48E1 clocked by ap_clk  {rise@0.000ns fall@3.330ns period=6.660ns})
  Path Group:             ap_clk
  Path Type:              Setup (Max at Slow Process Corner)
  Requirement:            6.660ns  (ap_clk rise@6.660ns - ap_clk rise@0.000ns)
  Data Path Delay:        5.206ns  (logic 0.456ns (8.759%)  route 4.750ns (91.241%))
  Logic Levels:           3  (LUT2=2 LUT6=1)
  Clock Path Skew:        -0.034ns (DCD - SCD + CPR)
    Destination Clock Delay (DCD):    0.638ns = ( 7.298 - 6.660 ) 
    Source Clock Delay      (SCD):    0.672ns
    Clock Pessimism Removal (CPR):    0.000ns
  Clock Uncertainty:      0.035ns  ((TSJ^2 + TIJ^2)^1/2 + DJ) / 2 + PE
    Total System Jitter     (TSJ):    0.071ns
    Total Input Jitter      (TIJ):    0.000ns
    Discrete Jitter          (DJ):    0.000ns
    Phase Error              (PE):    0.000ns

    Location             Delay type                Incr(ns)  Path(ns)    Netlist Resource(s)
  -------------------------------------------------------------------    -------------------
                         (clock ap_clk rise edge)     0.000     0.000 r  
                                                      0.000     0.000 r  ap_clk (IN)
                         net (fo=205823, unset)       0.672     0.672    ccGaussianFilterGKer_U0/grp_processVECTF_fu_18/ap_clk
                         FDRE                                         r  ccGaussianFilterGKer_U0/grp_processVECTF_fu_18/ap_reg_pp0_iter1_exitcond_flatten_reg_8584_reg[0]/C
  -------------------------------------------------------------------    -------------------
                         FDRE (Prop_fdre_C_Q)         0.197     0.869 r  ccGaussianFilterGKer_U0/grp_processVECTF_fu_18/ap_reg_pp0_iter1_exitcond_flatten_reg_8584_reg[0]/Q
                         net (fo=10, unplaced)        0.393     1.262    ccGaussianFilterGKer_U0/grp_processVECTF_fu_18/lineBuff_0_V_U/processVECTF_linebkb_ram_U/ap_reg_pp0_iter1_exitcond_flatten_reg_8584_reg[0]
                         LUT2 (Prop_lut2_I0_O)        0.153     1.415 f  ccGaussianFilterGKer_U0/grp_processVECTF_fu_18/lineBuff_0_V_U/processVECTF_linebkb_ram_U/ap_reg_pp0_iter213_p_tmp0_25_12_reg_13728[0]_i_2/O
                         net (fo=1, unplaced)         0.340     1.755    ccGaussianFilterGKer_U0/grp_processVECTF_fu_18/lineBuff_0_V_U/processVECTF_linebkb_ram_U/ap_reg_pp0_iter213_p_tmp0_25_12_reg_13728[0]_i_2_n_0
                         LUT6 (Prop_lut6_I5_O)        0.053     1.808 r  ccGaussianFilterGKer_U0/grp_processVECTF_fu_18/lineBuff_0_V_U/processVECTF_linebkb_ram_U/ap_reg_pp0_iter213_p_tmp0_25_12_reg_13728[0]_i_1/O
                         net (fo=28151, unplaced)     0.480     2.288    ccGaussianFilterGKer_U0/grp_processVECTF_fu_18/hipaccRun_lshr_51jbC_U685/ap_block_pp0_stage0_flag0001101115_in
                         LUT2 (Prop_lut2_I0_O)        0.053     2.341 r  ccGaussianFilterGKer_U0/grp_processVECTF_fu_18/hipaccRun_lshr_51jbC_U685/din1_cast_array[0][6]_i_1/O
                         net (fo=147333, unplaced)    3.537     5.878    ccGaussianFilterGKer_U0/grp_processVECTF_fu_18/hipaccRun_fadd_32fYi_U1/hipaccRun_ap_fadd_6_full_dsp_32_u/U0/i_synth/ADDSUB_OP.ADDSUB/SPEED_OP.DSP.OP/DSP48E1_BODY.ALIGN_ADD/DSP2/aclken
                         DSP48E1                                      r  ccGaussianFilterGKer_U0/grp_processVECTF_fu_18/hipaccRun_fadd_32fYi_U1/hipaccRun_ap_fadd_6_full_dsp_32_u/U0/i_synth/ADDSUB_OP.ADDSUB/SPEED_OP.DSP.OP/DSP48E1_BODY.ALIGN_ADD/DSP2/DSP/CECARRYIN
  -------------------------------------------------------------------    -------------------

                         (clock ap_clk rise edge)     6.660     6.660 r  
                                                      0.000     6.660 r  ap_clk (IN)
                         net (fo=205823, unset)       0.638     7.298    ccGaussianFilterGKer_U0/grp_processVECTF_fu_18/hipaccRun_fadd_32fYi_U1/hipaccRun_ap_fadd_6_full_dsp_32_u/U0/i_synth/ADDSUB_OP.ADDSUB/SPEED_OP.DSP.OP/DSP48E1_BODY.ALIGN_ADD/DSP2/aclk
                         DSP48E1                                      r  ccGaussianFilterGKer_U0/grp_processVECTF_fu_18/hipaccRun_fadd_32fYi_U1/hipaccRun_ap_fadd_6_full_dsp_32_u/U0/i_synth/ADDSUB_OP.ADDSUB/SPEED_OP.DSP.OP/DSP48E1_BODY.ALIGN_ADD/DSP2/DSP/CLK
                         clock pessimism              0.000     7.298    
                         clock uncertainty           -0.035     7.263    
                         DSP48E1 (Setup_dsp48e1_CLK_CECARRYIN)
                                                     -0.563     6.700    ccGaussianFilterGKer_U0/grp_processVECTF_fu_18/hipaccRun_fadd_32fYi_U1/hipaccRun_ap_fadd_6_full_dsp_32_u/U0/i_synth/ADDSUB_OP.ADDSUB/SPEED_OP.DSP.OP/DSP48E1_BODY.ALIGN_ADD/DSP2/DSP
  -------------------------------------------------------------------
                         required time                          6.700    
                         arrival time                          -5.878    
  -------------------------------------------------------------------
                         slack                                  0.822    




